#-----------------------------------------------------------
# Vivado v2021.1 (64-bit)
# SW Build 3247384 on Thu Jun 10 19:36:33 MDT 2021
# IP Build 3246043 on Fri Jun 11 00:30:35 MDT 2021
# Start of session at: Mon Aug 15 19:51:17 2022
# Process ID: 22328
# Current directory: D:/xvp/project_1.xpr/project_1
# Command line: vivado.exe -gui_launcher_event rodinguilauncherevent24448 D:\xvp\project_1.xpr\project_1\project_1.xpr
# Log file: D:/xvp/project_1.xpr/project_1/vivado.log
# Journal file: D:/xvp/project_1.xpr/project_1\vivado.jou
#-----------------------------------------------------------
start_gui
open_project D:/xvp/project_1.xpr/project_1/project_1.xpr
Scanning sources...
Finished scanning sources
INFO: [IP_Flow 19-234] Refreshing IP repositories
INFO: [IP_Flow 19-1704] No user IP repositories specified
INFO: [IP_Flow 19-2313] Loaded Vivado IP repository 'D:/Xilinx/Vivado/2021.1/data/ip'.
open_project: Time (s): cpu = 00:00:16 ; elapsed = 00:00:22 . Memory (MB): peak = 1238.176 ; gain = 0.000
update_compile_order -fileset sources_1
launch_simulation
Command: launch_simulation 
INFO: [Vivado 12-12493] Simulation top is 'top_tb'
INFO: [Vivado 12-5698] Checking validity of IPs in the design for the 'XSim' simulator...
INFO: [Runs 36-567] Checking/generating simulation output products for IPs/BDs (if any)...
INFO: [Vivado 12-5682] Launching behavioral simulation in 'D:/xvp/project_1.xpr/project_1/project_1.sim/sim_1/behav/xsim'
INFO: [Vivado 12-4795] Using compiled simulation libraries for IPs
INFO: [SIM-utils-51] Simulation object is 'sim_1'
INFO: [SIM-utils-72] Using boost library from 'D:/Xilinx/Vivado/2021.1/tps/boost_1_72_0'
INFO: [USF-XSim-7] Finding pre-compiled libraries...
INFO: [USF-XSim-11] File 'D:/Xilinx/Vivado/2021.1/data/xsim/xsim.ini' copied to run dir:'D:/xvp/project_1.xpr/project_1/project_1.sim/sim_1/behav/xsim'
INFO: [SIM-utils-54] Inspecting design source files for 'top_tb' in fileset 'sim_1'...
INFO: [SIM-utils-43] Exported 'D:/xvp/project_1.xpr/project_1/project_1.sim/sim_1/behav/xsim/data_memory.mem'
INFO: [SIM-utils-43] Exported 'D:/xvp/project_1.xpr/project_1/project_1.sim/sim_1/behav/xsim/instruction_memory.mem'
INFO: [USF-XSim-97] Finding global include files...
INFO: [USF-XSim-98] Fetching design files from 'sim_1'...
INFO: [USF-XSim-2] XSim::Compile design
INFO: [USF-XSim-61] Executing 'COMPILE and ANALYZE' step in 'D:/xvp/project_1.xpr/project_1/project_1.sim/sim_1/behav/xsim'
"xvlog --incr --relax -L uvm -prj top_tb_vlog.prj"
"xvhdl --incr --relax -prj top_tb_vhdl.prj"
run_program: Time (s): cpu = 00:00:01 ; elapsed = 00:00:06 . Memory (MB): peak = 1238.176 ; gain = 0.000
INFO: [USF-XSim-69] 'compile' step finished in '6' seconds
INFO: [USF-XSim-3] XSim::Elaborate design
INFO: [USF-XSim-61] Executing 'ELABORATE' step in 'D:/xvp/project_1.xpr/project_1/project_1.sim/sim_1/behav/xsim'
"xelab -wto 29d5efb214844846ada3d02260d9030c --incr --debug typical --relax --mt 2 -L xil_defaultlib -L xbip_utils_v3_0_10 -L c_reg_fd_v12_0_6 -L xbip_dsp48_wrapper_v3_0_4 -L xbip_pipe_v3_0_6 -L xbip_dsp48_addsub_v3_0_6 -L xbip_addsub_v3_0_6 -L c_addsub_v12_0_14 -L c_gate_bit_v12_0_6 -L xbip_counter_v3_0_6 -L c_counter_binary_v12_0_14 -L uvm -L unisims_ver -L unimacro_ver -L secureip -L xpm --snapshot top_tb_behav xil_defaultlib.top_tb xil_defaultlib.glbl -log elaborate.log"
Vivado Simulator v2021.1
Copyright 1986-1999, 2001-2021 Xilinx, Inc. All Rights Reserved.
Running: D:/Xilinx/Vivado/2021.1/bin/unwrapped/win64.o/xelab.exe -wto 29d5efb214844846ada3d02260d9030c --incr --debug typical --relax --mt 2 -L xil_defaultlib -L xbip_utils_v3_0_10 -L c_reg_fd_v12_0_6 -L xbip_dsp48_wrapper_v3_0_4 -L xbip_pipe_v3_0_6 -L xbip_dsp48_addsub_v3_0_6 -L xbip_addsub_v3_0_6 -L c_addsub_v12_0_14 -L c_gate_bit_v12_0_6 -L xbip_counter_v3_0_6 -L c_counter_binary_v12_0_14 -L uvm -L unisims_ver -L unimacro_ver -L secureip -L xpm --snapshot top_tb_behav xil_defaultlib.top_tb xil_defaultlib.glbl -log elaborate.log 
Using 2 slave threads.
Starting static elaboration
Pass Through NonSizing Optimizer
WARNING: [VRFC 10-3823] variable 'rst' might have multiple concurrent drivers [D:/xvp/project_1.xpr/project_1/project_1.srcs/sim_1/new/top_tb.sv:236]
Completed static elaboration
INFO: [XSIM 43-4323] No Change in HDL. Linking previously generated obj files to create kernel
run_program: Time (s): cpu = 00:00:01 ; elapsed = 00:00:08 . Memory (MB): peak = 1238.176 ; gain = 0.000
INFO: [USF-XSim-69] 'elaborate' step finished in '9' seconds
INFO: [USF-XSim-4] XSim::Simulate design
INFO: [USF-XSim-61] Executing 'SIMULATE' step in 'D:/xvp/project_1.xpr/project_1/project_1.sim/sim_1/behav/xsim'
INFO: [USF-XSim-98] *** Running xsim
   with args "top_tb_behav -key {Behavioral:sim_1:Functional:top_tb} -tclbatch {top_tb.tcl} -view {D:/xvp/project_1.xpr/project_1/project_1.srcs/sim_1/imports/ring_oscillator/ro_sensor_tb_behav.wcfg} -log {simulate.log}"
INFO: [USF-XSim-8] Loading simulator feature
Time resolution is 1 ps
open_wave_config D:/xvp/project_1.xpr/project_1/project_1.srcs/sim_1/imports/ring_oscillator/ro_sensor_tb_behav.wcfg
source top_tb.tcl
# set curr_wave [current_wave_config]
# if { [string length $curr_wave] == 0 } {
#   if { [llength [get_objects]] > 0} {
#     add_wave /
#     set_property needs_save false [current_wave_config]
#   } else {
#      send_msg_id Add_Wave-1 WARNING "No top level signals found. Simulator will start without a wave window. If you want to open a wave window go to 'File->New Waveform Configuration' or type 'create_wave_config' in the TCL console."
#   }
# }
# run 1000ns
WARNING: Too many words specified in data file instruction_memory.mem
WARNING: Too many words specified in data file data_memory.mem
INFO: [USF-XSim-96] XSim completed. Design snapshot 'top_tb_behav' loaded.
INFO: [USF-XSim-97] XSim simulation ran for 1000ns
launch_simulation: Time (s): cpu = 00:00:12 ; elapsed = 00:00:24 . Memory (MB): peak = 1240.453 ; gain = 2.277
run all
Tests completed.
$stop called at time : 10065 ns : File "D:/xvp/project_1.xpr/project_1/project_1.srcs/sim_1/new/top_tb.sv" Line 263
run all
run: Time (s): cpu = 00:00:03 ; elapsed = 00:00:06 . Memory (MB): peak = 1248.691 ; gain = 8.238
open_hw_manager
INFO: [Labtools 27-2285] Connecting to hw_server url TCP:localhost:3121
INFO: [Labtools 27-2222] Launching hw_server...
INFO: [Labtools 27-2221] Launch Output:

****** Xilinx hw_server v2021.1
  **** Build date : Jun 10 2021 at 20:17:23
    ** Copyright 1986-2021 Xilinx, Inc. All Rights Reserved.


INFO: [Labtools 27-3415] Connecting to cs_server url TCP:localhost:3042
INFO: [Labtools 27-3417] Launching cs_server...
INFO: [Labtools 27-2221] Launch Output:


******** Xilinx cs_server v2021.1
  ****** Build date   : May 26 2021-13:32:33
    **** Build number : 2021.1.1622050353
      ** Copyright 2017-2022 Xilinx, Inc. All Rights Reserved.



connect_hw_server: Time (s): cpu = 00:00:00 ; elapsed = 00:00:08 . Memory (MB): peak = 1260.695 ; gain = 0.000
disconnect_hw_server: Time (s): cpu = 00:00:05 ; elapsed = 00:00:05 . Memory (MB): peak = 3005.184 ; gain = 1744.363
connect_hw_server -url localhost:3121 -allow_non_jtag
INFO: [Labtools 27-2285] Connecting to hw_server url TCP:localhost:3121
INFO: [Labtools 27-3415] Connecting to cs_server url TCP:localhost:3042
INFO: [Labtools 27-3414] Connected to existing cs_server.
current_hw_target [get_hw_targets */xilinx_tcf/Digilent/210249B072DF]
set_property PARAM.FREQUENCY 125000 [get_hw_targets */xilinx_tcf/Digilent/210249B072DF]
open_hw_target
INFO: [Labtoolstcl 44-466] Opening hw_target localhost:3121/xilinx_tcf/Digilent/210249B072DF
current_hw_device [get_hw_devices xc7a100t_0]
refresh_hw_device -update_hw_probes false [lindex [get_hw_devices xc7a100t_0] 0]
INFO: [Labtools 27-1435] Device xc7a100t (JTAG device index = 0) is not programmed (DONE status = 0).
launch_runs impl_1 -to_step write_bitstream -jobs 4
INFO: [Vivado 12-4149] The synthesis checkpoint for IP 'D:/xvp/project_1.xpr/project_1/project_1.srcs/sources_1/ip/c_counter_binary_0/c_counter_binary_0.xci' is already up-to-date
[Mon Aug 15 20:03:01 2022] Launched impl_1...
Run output will be captured here: D:/xvp/project_1.xpr/project_1/project_1.runs/impl_1/runme.log
set_property PROBES.FILE {D:/xvp/project_1.xpr/project_1/project_1.runs/impl_1/top.ltx} [get_hw_devices xc7a100t_0]
set_property FULL_PROBES.FILE {D:/xvp/project_1.xpr/project_1/project_1.runs/impl_1/top.ltx} [get_hw_devices xc7a100t_0]
set_property PROGRAM.FILE {D:/xvp/project_1.xpr/project_1/project_1.runs/impl_1/top.bit} [get_hw_devices xc7a100t_0]
program_hw_devices [get_hw_devices xc7a100t_0]
INFO: [Labtools 27-3164] End of startup status: HIGH
program_hw_devices: Time (s): cpu = 00:04:10 ; elapsed = 00:04:07 . Memory (MB): peak = 3431.211 ; gain = 6.500
refresh_hw_device [lindex [get_hw_devices xc7a100t_0] 0]
INFO: [Labtools 27-2302] Device xc7a100t (JTAG device index = 0) is programmed with a design that has 1 ILA core(s).
INFO: [Labtools 27-2302] Device xc7a100t (JTAG device index = 0) is programmed with a design that has 1 VIO core(s).
refresh_hw_device: Time (s): cpu = 00:00:03 ; elapsed = 00:00:05 . Memory (MB): peak = 3431.211 ; gain = 0.000
display_hw_ila_data [ get_hw_ila_data hw_ila_data_1 -of_objects [get_hw_ilas -of_objects [get_hw_devices xc7a100t_0] -filter {CELL_NAME=~"ila"}]]
add_wave -into {hw_ila_data_1.wcfg} -radix hex { {debug_1} }
run_hw_ila [get_hw_ilas -of_objects [get_hw_devices xc7a100t_0] -filter {CELL_NAME=~"ila"}] -trigger_now
INFO: [Labtools 27-1964] The ILA core 'hw_ila_1' trigger was armed at 2022-Aug-15 20:12:07
wait_on_hw_ila [get_hw_ilas -of_objects [get_hw_devices xc7a100t_0] -filter {CELL_NAME=~"ila"}]
display_hw_ila_data [upload_hw_ila_data [get_hw_ilas -of_objects [get_hw_devices xc7a100t_0] -filter {CELL_NAME=~"ila"}]]
INFO: [Labtools 27-1966] The ILA core 'hw_ila_1' triggered at 2022-Aug-15 20:12:07
INFO: [Labtools 27-3304] ILA Waveform data saved to file D:/xvp/project_1.xpr/project_1/project_1.hw/backup/hw_ila_data_1.ila. Use Tcl command 'read_hw_ila_data' or Vivado File->Import->Import ILA Data menu item to import the previously saved data.
run_hw_ila [get_hw_ilas -of_objects [get_hw_devices xc7a100t_0] -filter {CELL_NAME=~"ila"}] -trigger_now
INFO: [Labtools 27-1964] The ILA core 'hw_ila_1' trigger was armed at 2022-Aug-15 20:18:53
wait_on_hw_ila [get_hw_ilas -of_objects [get_hw_devices xc7a100t_0] -filter {CELL_NAME=~"ila"}]
display_hw_ila_data [upload_hw_ila_data [get_hw_ilas -of_objects [get_hw_devices xc7a100t_0] -filter {CELL_NAME=~"ila"}]]
INFO: [Labtools 27-1966] The ILA core 'hw_ila_1' triggered at 2022-Aug-15 20:18:53
INFO: [Labtools 27-3304] ILA Waveform data saved to file D:/xvp/project_1.xpr/project_1/project_1.hw/backup/hw_ila_data_1.ila. Use Tcl command 'read_hw_ila_data' or Vivado File->Import->Import ILA Data menu item to import the previously saved data.
save_wave_config {D:/xvp/project_1.xpr/project_1/project_1.hw/hw_1/wave/hw_ila_data_1/hw_ila_data_1.wcfg}
close_hw_manager
open_hw_manager
INFO: [Labtools 27-2285] Connecting to hw_server url TCP:localhost:3121
INFO: [Labtools 27-2222] Launching hw_server...
INFO: [Labtools 27-2221] Launch Output:

****** Xilinx hw_server v2021.1
  **** Build date : Jun 10 2021 at 20:17:23
    ** Copyright 1986-2021 Xilinx, Inc. All Rights Reserved.


INFO: [Labtools 27-3415] Connecting to cs_server url TCP:localhost:3042
INFO: [Labtools 27-3417] Launching cs_server...
INFO: [Labtools 27-2221] Launch Output:


******** Xilinx cs_server v2021.1
  ****** Build date   : May 26 2021-13:32:33
    **** Build number : 2021.1.1622050353
      ** Copyright 2017-2022 Xilinx, Inc. All Rights Reserved.



connect_hw_server: Time (s): cpu = 00:00:00 ; elapsed = 00:00:07 . Memory (MB): peak = 3458.516 ; gain = 0.000
connect_hw_server -url localhost:3121 -allow_non_jtag
INFO: [Labtools 27-2285] Connecting to hw_server url TCP:localhost:3121
INFO: [Labtools 27-3415] Connecting to cs_server url TCP:localhost:3042
INFO: [Labtools 27-3414] Connected to existing cs_server.
current_hw_target [get_hw_targets */xilinx_tcf/Digilent/210249B072DF]
set_property PARAM.FREQUENCY 2000000 [get_hw_targets */xilinx_tcf/Digilent/210249B072DF]
open_hw_target
INFO: [Labtoolstcl 44-466] Opening hw_target localhost:3121/xilinx_tcf/Digilent/210249B072DF
set_property PROGRAM.FILE {D:/xvp/project_1.xpr/project_1/project_1.runs/impl_1/top.bit} [get_hw_devices xc7a100t_0]
set_property PROBES.FILE {D:/xvp/project_1.xpr/project_1/project_1.runs/impl_1/top.ltx} [get_hw_devices xc7a100t_0]
set_property FULL_PROBES.FILE {D:/xvp/project_1.xpr/project_1/project_1.runs/impl_1/top.ltx} [get_hw_devices xc7a100t_0]
current_hw_device [get_hw_devices xc7a100t_0]
refresh_hw_device [lindex [get_hw_devices xc7a100t_0] 0]
INFO: [Labtools 27-2302] Device xc7a100t (JTAG device index = 0) is programmed with a design that has 1 ILA core(s).
INFO: [Labtools 27-2302] Device xc7a100t (JTAG device index = 0) is programmed with a design that has 1 VIO core(s).
display_hw_ila_data [ get_hw_ila_data hw_ila_data_1 -of_objects [get_hw_ilas -of_objects [get_hw_devices xc7a100t_0] -filter {CELL_NAME=~"ila"}]]
run_hw_ila [get_hw_ilas -of_objects [get_hw_devices xc7a100t_0] -filter {CELL_NAME=~"ila"}] -trigger_now
INFO: [Labtools 27-1964] The ILA core 'hw_ila_1' trigger was armed at 2022-Aug-15 21:13:16
wait_on_hw_ila [get_hw_ilas -of_objects [get_hw_devices xc7a100t_0] -filter {CELL_NAME=~"ila"}]
display_hw_ila_data [upload_hw_ila_data [get_hw_ilas -of_objects [get_hw_devices xc7a100t_0] -filter {CELL_NAME=~"ila"}]]
INFO: [Labtools 27-1966] The ILA core 'hw_ila_1' triggered at 2022-Aug-15 21:13:16
INFO: [Labtools 27-3304] ILA Waveform data saved to file D:/xvp/project_1.xpr/project_1/project_1.hw/backup/hw_ila_data_1.ila. Use Tcl command 'read_hw_ila_data' or Vivado File->Import->Import ILA Data menu item to import the previously saved data.
set_property OUTPUT_VALUE 1 [get_hw_probes rst -of_objects [get_hw_vios -of_objects [get_hw_devices xc7a100t_0] -filter {CELL_NAME=~"vio"}]]
commit_hw_vio [get_hw_probes {rst} -of_objects [get_hw_vios -of_objects [get_hw_devices xc7a100t_0] -filter {CELL_NAME=~"vio"}]]
run_hw_ila [get_hw_ilas -of_objects [get_hw_devices xc7a100t_0] -filter {CELL_NAME=~"ila"}] -trigger_now
INFO: [Labtools 27-1964] The ILA core 'hw_ila_1' trigger was armed at 2022-Aug-15 21:14:53
wait_on_hw_ila [get_hw_ilas -of_objects [get_hw_devices xc7a100t_0] -filter {CELL_NAME=~"ila"}]
display_hw_ila_data [upload_hw_ila_data [get_hw_ilas -of_objects [get_hw_devices xc7a100t_0] -filter {CELL_NAME=~"ila"}]]
INFO: [Labtools 27-1966] The ILA core 'hw_ila_1' triggered at 2022-Aug-15 21:14:53
INFO: [Labtools 27-3304] ILA Waveform data saved to file D:/xvp/project_1.xpr/project_1/project_1.hw/backup/hw_ila_data_1.ila. Use Tcl command 'read_hw_ila_data' or Vivado File->Import->Import ILA Data menu item to import the previously saved data.
run_hw_ila [get_hw_ilas -of_objects [get_hw_devices xc7a100t_0] -filter {CELL_NAME=~"ila"}] -trigger_now
INFO: [Labtools 27-1964] The ILA core 'hw_ila_1' trigger was armed at 2022-Aug-15 21:16:14
wait_on_hw_ila [get_hw_ilas -of_objects [get_hw_devices xc7a100t_0] -filter {CELL_NAME=~"ila"}]
display_hw_ila_data [upload_hw_ila_data [get_hw_ilas -of_objects [get_hw_devices xc7a100t_0] -filter {CELL_NAME=~"ila"}]]
INFO: [Labtools 27-1966] The ILA core 'hw_ila_1' triggered at 2022-Aug-15 21:16:14
INFO: [Labtools 27-3304] ILA Waveform data saved to file D:/xvp/project_1.xpr/project_1/project_1.hw/backup/hw_ila_data_1.ila. Use Tcl command 'read_hw_ila_data' or Vivado File->Import->Import ILA Data menu item to import the previously saved data.
run_hw_ila [get_hw_ilas -of_objects [get_hw_devices xc7a100t_0] -filter {CELL_NAME=~"ila"}]
INFO: [Labtools 27-1964] The ILA core 'hw_ila_1' trigger was armed at 2022-Aug-15 21:16:18
wait_on_hw_ila [get_hw_ilas -of_objects [get_hw_devices xc7a100t_0] -filter {CELL_NAME=~"ila"}]
display_hw_ila_data [upload_hw_ila_data [get_hw_ilas -of_objects [get_hw_devices xc7a100t_0] -filter {CELL_NAME=~"ila"}]]
INFO: [Labtools 27-1966] The ILA core 'hw_ila_1' triggered at 2022-Aug-15 21:16:18
INFO: [Labtools 27-3304] ILA Waveform data saved to file D:/xvp/project_1.xpr/project_1/project_1.hw/backup/hw_ila_data_1.ila. Use Tcl command 'read_hw_ila_data' or Vivado File->Import->Import ILA Data menu item to import the previously saved data.
add_wave -into {hw_ila_data_1.wcfg} -radix hex { {debug_1} }
run_hw_ila [get_hw_ilas -of_objects [get_hw_devices xc7a100t_0] -filter {CELL_NAME=~"ila"}] -trigger_now
INFO: [Labtools 27-1964] The ILA core 'hw_ila_1' trigger was armed at 2022-Aug-15 21:16:52
wait_on_hw_ila [get_hw_ilas -of_objects [get_hw_devices xc7a100t_0] -filter {CELL_NAME=~"ila"}]
display_hw_ila_data [upload_hw_ila_data [get_hw_ilas -of_objects [get_hw_devices xc7a100t_0] -filter {CELL_NAME=~"ila"}]]
INFO: [Labtools 27-1966] The ILA core 'hw_ila_1' triggered at 2022-Aug-15 21:16:52
INFO: [Labtools 27-3304] ILA Waveform data saved to file D:/xvp/project_1.xpr/project_1/project_1.hw/backup/hw_ila_data_1.ila. Use Tcl command 'read_hw_ila_data' or Vivado File->Import->Import ILA Data menu item to import the previously saved data.
run_hw_ila [get_hw_ilas -of_objects [get_hw_devices xc7a100t_0] -filter {CELL_NAME=~"ila"}] -trigger_now
INFO: [Labtools 27-1964] The ILA core 'hw_ila_1' trigger was armed at 2022-Aug-15 21:22:43
wait_on_hw_ila [get_hw_ilas -of_objects [get_hw_devices xc7a100t_0] -filter {CELL_NAME=~"ila"}]
display_hw_ila_data [upload_hw_ila_data [get_hw_ilas -of_objects [get_hw_devices xc7a100t_0] -filter {CELL_NAME=~"ila"}]]
INFO: [Labtools 27-1966] The ILA core 'hw_ila_1' triggered at 2022-Aug-15 21:22:43
INFO: [Labtools 27-3304] ILA Waveform data saved to file D:/xvp/project_1.xpr/project_1/project_1.hw/backup/hw_ila_data_1.ila. Use Tcl command 'read_hw_ila_data' or Vivado File->Import->Import ILA Data menu item to import the previously saved data.
run_hw_ila [get_hw_ilas -of_objects [get_hw_devices xc7a100t_0] -filter {CELL_NAME=~"ila"}] -trigger_now
INFO: [Labtools 27-1964] The ILA core 'hw_ila_1' trigger was armed at 2022-Aug-15 21:22:47
wait_on_hw_ila [get_hw_ilas -of_objects [get_hw_devices xc7a100t_0] -filter {CELL_NAME=~"ila"}]
display_hw_ila_data [upload_hw_ila_data [get_hw_ilas -of_objects [get_hw_devices xc7a100t_0] -filter {CELL_NAME=~"ila"}]]
INFO: [Labtools 27-1966] The ILA core 'hw_ila_1' triggered at 2022-Aug-15 21:22:47
INFO: [Labtools 27-3304] ILA Waveform data saved to file D:/xvp/project_1.xpr/project_1/project_1.hw/backup/hw_ila_data_1.ila. Use Tcl command 'read_hw_ila_data' or Vivado File->Import->Import ILA Data menu item to import the previously saved data.
set_property OUTPUT_VALUE 0 [get_hw_probes rst -of_objects [get_hw_vios -of_objects [get_hw_devices xc7a100t_0] -filter {CELL_NAME=~"vio"}]]
commit_hw_vio [get_hw_probes {rst} -of_objects [get_hw_vios -of_objects [get_hw_devices xc7a100t_0] -filter {CELL_NAME=~"vio"}]]
run_hw_ila [get_hw_ilas -of_objects [get_hw_devices xc7a100t_0] -filter {CELL_NAME=~"ila"}] -trigger_now
INFO: [Labtools 27-1964] The ILA core 'hw_ila_1' trigger was armed at 2022-Aug-15 21:23:06
wait_on_hw_ila [get_hw_ilas -of_objects [get_hw_devices xc7a100t_0] -filter {CELL_NAME=~"ila"}]
display_hw_ila_data [upload_hw_ila_data [get_hw_ilas -of_objects [get_hw_devices xc7a100t_0] -filter {CELL_NAME=~"ila"}]]
INFO: [Labtools 27-1966] The ILA core 'hw_ila_1' triggered at 2022-Aug-15 21:23:07
INFO: [Labtools 27-3304] ILA Waveform data saved to file D:/xvp/project_1.xpr/project_1/project_1.hw/backup/hw_ila_data_1.ila. Use Tcl command 'read_hw_ila_data' or Vivado File->Import->Import ILA Data menu item to import the previously saved data.
set_property OUTPUT_VALUE 1 [get_hw_probes rst -of_objects [get_hw_vios -of_objects [get_hw_devices xc7a100t_0] -filter {CELL_NAME=~"vio"}]]
commit_hw_vio [get_hw_probes {rst} -of_objects [get_hw_vios -of_objects [get_hw_devices xc7a100t_0] -filter {CELL_NAME=~"vio"}]]
set_property OUTPUT_VALUE 0 [get_hw_probes en -of_objects [get_hw_vios -of_objects [get_hw_devices xc7a100t_0] -filter {CELL_NAME=~"vio"}]]
commit_hw_vio [get_hw_probes {en} -of_objects [get_hw_vios -of_objects [get_hw_devices xc7a100t_0] -filter {CELL_NAME=~"vio"}]]
run_hw_ila [get_hw_ilas -of_objects [get_hw_devices xc7a100t_0] -filter {CELL_NAME=~"ila"}] -trigger_now
INFO: [Labtools 27-1964] The ILA core 'hw_ila_1' trigger was armed at 2022-Aug-15 21:24:27
wait_on_hw_ila [get_hw_ilas -of_objects [get_hw_devices xc7a100t_0] -filter {CELL_NAME=~"ila"}]
display_hw_ila_data [upload_hw_ila_data [get_hw_ilas -of_objects [get_hw_devices xc7a100t_0] -filter {CELL_NAME=~"ila"}]]
INFO: [Labtools 27-1966] The ILA core 'hw_ila_1' triggered at 2022-Aug-15 21:24:27
INFO: [Labtools 27-3304] ILA Waveform data saved to file D:/xvp/project_1.xpr/project_1/project_1.hw/backup/hw_ila_data_1.ila. Use Tcl command 'read_hw_ila_data' or Vivado File->Import->Import ILA Data menu item to import the previously saved data.
set_property OUTPUT_VALUE 1 [get_hw_probes en -of_objects [get_hw_vios -of_objects [get_hw_devices xc7a100t_0] -filter {CELL_NAME=~"vio"}]]
commit_hw_vio [get_hw_probes {en} -of_objects [get_hw_vios -of_objects [get_hw_devices xc7a100t_0] -filter {CELL_NAME=~"vio"}]]
run_hw_ila [get_hw_ilas -of_objects [get_hw_devices xc7a100t_0] -filter {CELL_NAME=~"ila"}] -trigger_now
INFO: [Labtools 27-1964] The ILA core 'hw_ila_1' trigger was armed at 2022-Aug-15 21:24:39
wait_on_hw_ila [get_hw_ilas -of_objects [get_hw_devices xc7a100t_0] -filter {CELL_NAME=~"ila"}]
display_hw_ila_data [upload_hw_ila_data [get_hw_ilas -of_objects [get_hw_devices xc7a100t_0] -filter {CELL_NAME=~"ila"}]]
INFO: [Labtools 27-1966] The ILA core 'hw_ila_1' triggered at 2022-Aug-15 21:24:39
INFO: [Labtools 27-3304] ILA Waveform data saved to file D:/xvp/project_1.xpr/project_1/project_1.hw/backup/hw_ila_data_1.ila. Use Tcl command 'read_hw_ila_data' or Vivado File->Import->Import ILA Data menu item to import the previously saved data.
run_hw_ila [get_hw_ilas -of_objects [get_hw_devices xc7a100t_0] -filter {CELL_NAME=~"ila"}] -trigger_now
INFO: [Labtools 27-1964] The ILA core 'hw_ila_1' trigger was armed at 2022-Aug-15 21:25:33
wait_on_hw_ila [get_hw_ilas -of_objects [get_hw_devices xc7a100t_0] -filter {CELL_NAME=~"ila"}]
display_hw_ila_data [upload_hw_ila_data [get_hw_ilas -of_objects [get_hw_devices xc7a100t_0] -filter {CELL_NAME=~"ila"}]]
INFO: [Labtools 27-1966] The ILA core 'hw_ila_1' triggered at 2022-Aug-15 21:25:33
INFO: [Labtools 27-3304] ILA Waveform data saved to file D:/xvp/project_1.xpr/project_1/project_1.hw/backup/hw_ila_data_1.ila. Use Tcl command 'read_hw_ila_data' or Vivado File->Import->Import ILA Data menu item to import the previously saved data.
set_property OUTPUT_VALUE 0 [get_hw_probes en -of_objects [get_hw_vios -of_objects [get_hw_devices xc7a100t_0] -filter {CELL_NAME=~"vio"}]]
commit_hw_vio [get_hw_probes {en} -of_objects [get_hw_vios -of_objects [get_hw_devices xc7a100t_0] -filter {CELL_NAME=~"vio"}]]
set_property OUTPUT_VALUE 1 [get_hw_probes en -of_objects [get_hw_vios -of_objects [get_hw_devices xc7a100t_0] -filter {CELL_NAME=~"vio"}]]
commit_hw_vio [get_hw_probes {en} -of_objects [get_hw_vios -of_objects [get_hw_devices xc7a100t_0] -filter {CELL_NAME=~"vio"}]]
run_hw_ila [get_hw_ilas -of_objects [get_hw_devices xc7a100t_0] -filter {CELL_NAME=~"ila"}] -trigger_now
INFO: [Labtools 27-1964] The ILA core 'hw_ila_1' trigger was armed at 2022-Aug-15 21:26:32
wait_on_hw_ila [get_hw_ilas -of_objects [get_hw_devices xc7a100t_0] -filter {CELL_NAME=~"ila"}]
display_hw_ila_data [upload_hw_ila_data [get_hw_ilas -of_objects [get_hw_devices xc7a100t_0] -filter {CELL_NAME=~"ila"}]]
INFO: [Labtools 27-1966] The ILA core 'hw_ila_1' triggered at 2022-Aug-15 21:26:32
INFO: [Labtools 27-3304] ILA Waveform data saved to file D:/xvp/project_1.xpr/project_1/project_1.hw/backup/hw_ila_data_1.ila. Use Tcl command 'read_hw_ila_data' or Vivado File->Import->Import ILA Data menu item to import the previously saved data.
set_property OUTPUT_VALUE 0 [get_hw_probes rst -of_objects [get_hw_vios -of_objects [get_hw_devices xc7a100t_0] -filter {CELL_NAME=~"vio"}]]
commit_hw_vio [get_hw_probes {rst} -of_objects [get_hw_vios -of_objects [get_hw_devices xc7a100t_0] -filter {CELL_NAME=~"vio"}]]
run_hw_ila [get_hw_ilas -of_objects [get_hw_devices xc7a100t_0] -filter {CELL_NAME=~"ila"}] -trigger_now
INFO: [Labtools 27-1964] The ILA core 'hw_ila_1' trigger was armed at 2022-Aug-15 21:27:17
wait_on_hw_ila [get_hw_ilas -of_objects [get_hw_devices xc7a100t_0] -filter {CELL_NAME=~"ila"}]
display_hw_ila_data [upload_hw_ila_data [get_hw_ilas -of_objects [get_hw_devices xc7a100t_0] -filter {CELL_NAME=~"ila"}]]
INFO: [Labtools 27-1966] The ILA core 'hw_ila_1' triggered at 2022-Aug-15 21:27:17
INFO: [Labtools 27-3304] ILA Waveform data saved to file D:/xvp/project_1.xpr/project_1/project_1.hw/backup/hw_ila_data_1.ila. Use Tcl command 'read_hw_ila_data' or Vivado File->Import->Import ILA Data menu item to import the previously saved data.
run_hw_ila [get_hw_ilas -of_objects [get_hw_devices xc7a100t_0] -filter {CELL_NAME=~"ila"}] -trigger_now
INFO: [Labtools 27-1964] The ILA core 'hw_ila_1' trigger was armed at 2022-Aug-15 21:27:20
wait_on_hw_ila [get_hw_ilas -of_objects [get_hw_devices xc7a100t_0] -filter {CELL_NAME=~"ila"}]
display_hw_ila_data [upload_hw_ila_data [get_hw_ilas -of_objects [get_hw_devices xc7a100t_0] -filter {CELL_NAME=~"ila"}]]
INFO: [Labtools 27-1966] The ILA core 'hw_ila_1' triggered at 2022-Aug-15 21:27:20
INFO: [Labtools 27-3304] ILA Waveform data saved to file D:/xvp/project_1.xpr/project_1/project_1.hw/backup/hw_ila_data_1.ila. Use Tcl command 'read_hw_ila_data' or Vivado File->Import->Import ILA Data menu item to import the previously saved data.
set_property OUTPUT_VALUE 0 [get_hw_probes en -of_objects [get_hw_vios -of_objects [get_hw_devices xc7a100t_0] -filter {CELL_NAME=~"vio"}]]
commit_hw_vio [get_hw_probes {en} -of_objects [get_hw_vios -of_objects [get_hw_devices xc7a100t_0] -filter {CELL_NAME=~"vio"}]]
set_property OUTPUT_VALUE 1 [get_hw_probes rst -of_objects [get_hw_vios -of_objects [get_hw_devices xc7a100t_0] -filter {CELL_NAME=~"vio"}]]
commit_hw_vio [get_hw_probes {rst} -of_objects [get_hw_vios -of_objects [get_hw_devices xc7a100t_0] -filter {CELL_NAME=~"vio"}]]
run_hw_ila [get_hw_ilas -of_objects [get_hw_devices xc7a100t_0] -filter {CELL_NAME=~"ila"}] -trigger_now
INFO: [Labtools 27-1964] The ILA core 'hw_ila_1' trigger was armed at 2022-Aug-15 21:27:57
wait_on_hw_ila [get_hw_ilas -of_objects [get_hw_devices xc7a100t_0] -filter {CELL_NAME=~"ila"}]
display_hw_ila_data [upload_hw_ila_data [get_hw_ilas -of_objects [get_hw_devices xc7a100t_0] -filter {CELL_NAME=~"ila"}]]
INFO: [Labtools 27-1966] The ILA core 'hw_ila_1' triggered at 2022-Aug-15 21:27:57
INFO: [Labtools 27-3304] ILA Waveform data saved to file D:/xvp/project_1.xpr/project_1/project_1.hw/backup/hw_ila_data_1.ila. Use Tcl command 'read_hw_ila_data' or Vivado File->Import->Import ILA Data menu item to import the previously saved data.
startgroup 
set_property CONTROL.DATA_DEPTH 64 [get_hw_ilas -of_objects [get_hw_devices xc7a100t_0] -filter {CELL_NAME=~"ila"}]
set_property CONTROL.TRIGGER_POSITION 63 [get_hw_ilas -of_objects [get_hw_devices xc7a100t_0] -filter {CELL_NAME=~"ila"}]
set_property CONTROL.WINDOW_COUNT 10 [get_hw_ilas -of_objects [get_hw_devices xc7a100t_0] -filter {CELL_NAME=~"ila"}]
endgroup
run_hw_ila [get_hw_ilas -of_objects [get_hw_devices xc7a100t_0] -filter {CELL_NAME=~"ila"}] -trigger_now
INFO: [Labtools 27-1964] The ILA core 'hw_ila_1' trigger was armed at 2022-Aug-15 21:29:05
wait_on_hw_ila [get_hw_ilas -of_objects [get_hw_devices xc7a100t_0] -filter {CELL_NAME=~"ila"}]
display_hw_ila_data [upload_hw_ila_data [get_hw_ilas -of_objects [get_hw_devices xc7a100t_0] -filter {CELL_NAME=~"ila"}]]
INFO: [Labtools 27-2214] The ILA core 'hw_ila_1' triggered in the last of '10' windows, at 2022-Aug-15 21:29:05.
INFO: [Labtools 27-3304] ILA Waveform data saved to file D:/xvp/project_1.xpr/project_1/project_1.hw/backup/hw_ila_data_1.ila. Use Tcl command 'read_hw_ila_data' or Vivado File->Import->Import ILA Data menu item to import the previously saved data.
set_property OUTPUT_VALUE 1 [get_hw_probes en -of_objects [get_hw_vios -of_objects [get_hw_devices xc7a100t_0] -filter {CELL_NAME=~"vio"}]]
commit_hw_vio [get_hw_probes {en} -of_objects [get_hw_vios -of_objects [get_hw_devices xc7a100t_0] -filter {CELL_NAME=~"vio"}]]
run_hw_ila [get_hw_ilas -of_objects [get_hw_devices xc7a100t_0] -filter {CELL_NAME=~"ila"}] -trigger_now
INFO: [Labtools 27-1964] The ILA core 'hw_ila_1' trigger was armed at 2022-Aug-15 21:29:27
wait_on_hw_ila [get_hw_ilas -of_objects [get_hw_devices xc7a100t_0] -filter {CELL_NAME=~"ila"}]
display_hw_ila_data [upload_hw_ila_data [get_hw_ilas -of_objects [get_hw_devices xc7a100t_0] -filter {CELL_NAME=~"ila"}]]
INFO: [Labtools 27-2214] The ILA core 'hw_ila_1' triggered in the last of '10' windows, at 2022-Aug-15 21:29:27.
INFO: [Labtools 27-3304] ILA Waveform data saved to file D:/xvp/project_1.xpr/project_1/project_1.hw/backup/hw_ila_data_1.ila. Use Tcl command 'read_hw_ila_data' or Vivado File->Import->Import ILA Data menu item to import the previously saved data.
set_property OUTPUT_VALUE 0 [get_hw_probes rst -of_objects [get_hw_vios -of_objects [get_hw_devices xc7a100t_0] -filter {CELL_NAME=~"vio"}]]
commit_hw_vio [get_hw_probes {rst} -of_objects [get_hw_vios -of_objects [get_hw_devices xc7a100t_0] -filter {CELL_NAME=~"vio"}]]
run_hw_ila [get_hw_ilas -of_objects [get_hw_devices xc7a100t_0] -filter {CELL_NAME=~"ila"}] -trigger_now
INFO: [Labtools 27-1964] The ILA core 'hw_ila_1' trigger was armed at 2022-Aug-15 21:29:44
wait_on_hw_ila [get_hw_ilas -of_objects [get_hw_devices xc7a100t_0] -filter {CELL_NAME=~"ila"}]
display_hw_ila_data [upload_hw_ila_data [get_hw_ilas -of_objects [get_hw_devices xc7a100t_0] -filter {CELL_NAME=~"ila"}]]
INFO: [Labtools 27-2214] The ILA core 'hw_ila_1' triggered in the last of '10' windows, at 2022-Aug-15 21:29:44.
INFO: [Labtools 27-3304] ILA Waveform data saved to file D:/xvp/project_1.xpr/project_1/project_1.hw/backup/hw_ila_data_1.ila. Use Tcl command 'read_hw_ila_data' or Vivado File->Import->Import ILA Data menu item to import the previously saved data.
set_property OUTPUT_VALUE 1 [get_hw_probes rst -of_objects [get_hw_vios -of_objects [get_hw_devices xc7a100t_0] -filter {CELL_NAME=~"vio"}]]
commit_hw_vio [get_hw_probes {rst} -of_objects [get_hw_vios -of_objects [get_hw_devices xc7a100t_0] -filter {CELL_NAME=~"vio"}]]
set_property OUTPUT_VALUE 0 [get_hw_probes en -of_objects [get_hw_vios -of_objects [get_hw_devices xc7a100t_0] -filter {CELL_NAME=~"vio"}]]
commit_hw_vio [get_hw_probes {en} -of_objects [get_hw_vios -of_objects [get_hw_devices xc7a100t_0] -filter {CELL_NAME=~"vio"}]]
set_property OUTPUT_VALUE 1 [get_hw_probes en -of_objects [get_hw_vios -of_objects [get_hw_devices xc7a100t_0] -filter {CELL_NAME=~"vio"}]]
commit_hw_vio [get_hw_probes {en} -of_objects [get_hw_vios -of_objects [get_hw_devices xc7a100t_0] -filter {CELL_NAME=~"vio"}]]
startgroup 
set_property CONTROL.DATA_DEPTH 1024 [get_hw_ilas -of_objects [get_hw_devices xc7a100t_0] -filter {CELL_NAME=~"ila"}]
set_property CONTROL.WINDOW_COUNT 1 [get_hw_ilas -of_objects [get_hw_devices xc7a100t_0] -filter {CELL_NAME=~"ila"}]
endgroup
run_hw_ila [get_hw_ilas -of_objects [get_hw_devices xc7a100t_0] -filter {CELL_NAME=~"ila"}] -trigger_now
INFO: [Labtools 27-1964] The ILA core 'hw_ila_1' trigger was armed at 2022-Aug-15 21:32:49
wait_on_hw_ila [get_hw_ilas -of_objects [get_hw_devices xc7a100t_0] -filter {CELL_NAME=~"ila"}]
display_hw_ila_data [upload_hw_ila_data [get_hw_ilas -of_objects [get_hw_devices xc7a100t_0] -filter {CELL_NAME=~"ila"}]]
INFO: [Labtools 27-1966] The ILA core 'hw_ila_1' triggered at 2022-Aug-15 21:32:49
INFO: [Labtools 27-3304] ILA Waveform data saved to file D:/xvp/project_1.xpr/project_1/project_1.hw/backup/hw_ila_data_1.ila. Use Tcl command 'read_hw_ila_data' or Vivado File->Import->Import ILA Data menu item to import the previously saved data.
set_property CONTROL.TRIGGER_POSITION 512 [get_hw_ilas -of_objects [get_hw_devices xc7a100t_0] -filter {CELL_NAME=~"ila"}]
run_hw_ila [get_hw_ilas -of_objects [get_hw_devices xc7a100t_0] -filter {CELL_NAME=~"ila"}] -trigger_now
INFO: [Labtools 27-1964] The ILA core 'hw_ila_1' trigger was armed at 2022-Aug-15 21:33:07
wait_on_hw_ila [get_hw_ilas -of_objects [get_hw_devices xc7a100t_0] -filter {CELL_NAME=~"ila"}]
display_hw_ila_data [upload_hw_ila_data [get_hw_ilas -of_objects [get_hw_devices xc7a100t_0] -filter {CELL_NAME=~"ila"}]]
INFO: [Labtools 27-1966] The ILA core 'hw_ila_1' triggered at 2022-Aug-15 21:33:07
INFO: [Labtools 27-3304] ILA Waveform data saved to file D:/xvp/project_1.xpr/project_1/project_1.hw/backup/hw_ila_data_1.ila. Use Tcl command 'read_hw_ila_data' or Vivado File->Import->Import ILA Data menu item to import the previously saved data.
ERROR: [Xicom 50-38] xicom: Unable to connect to debug core(s) on the target device. Check cable connectivity and that the target board is powered up then use the disconnect_hw_server and connect_hw_server to re-initialize the hardware target. Use open_hw_target to re-register the hardware device.
ERROR: [Labtoolstcl 44-513] HW Target shutdown. Closing target: localhost:3121/xilinx_tcf/Digilent/210249B072DF
close_sim
INFO: [Simtcl 6-16] Simulation closed
exit
INFO: [Common 17-206] Exiting Vivado at Mon Aug 15 22:45:57 2022...
