Vivado Simulator v2021.1
Copyright 1986-1999, 2001-2021 Xilinx, Inc. All Rights Reserved.
Running: D:/Xilinx/Vivado/2021.1/bin/unwrapped/win64.o/xelab.exe -wto 29d5efb214844846ada3d02260d9030c --incr --debug typical --relax --mt 2 --maxdelay -L xil_defaultlib -L uvm -L simprims_ver -L secureip --snapshot top_tb_time_synth -transport_int_delays -pulse_r 0 -pulse_int_r 0 -pulse_e 0 -pulse_int_e 0 xil_defaultlib.top_tb xil_defaultlib.glbl -log elaborate.log 
Using 2 slave threads.
Starting static elaboration
Pass Through NonSizing Optimizer
WARNING: [VRFC 10-2861] module 'add_pipe' does not have a parameter named width [D:/xvp/project_1.xpr/project_1/project_1.srcs/sources_1/new/add_tree_new.sv:100]
WARNING: [VRFC 10-2861] module 'ff' does not have a parameter named width [D:/xvp/project_1.xpr/project_1/project_1.srcs/sources_1/new/add_tree_new.sv:110]
WARNING: [VRFC 10-2861] module 'ff' does not have a parameter named width [D:/xvp/project_1.xpr/project_1/project_1.srcs/sources_1/new/add_tree_new.sv:117]
WARNING: [VRFC 10-2861] module 'ff' does not have a parameter named width [D:/xvp/project_1.xpr/project_1/project_1.srcs/sources_1/new/add_tree_new.sv:124]
WARNING: [VRFC 10-2861] module 'ff' does not have a parameter named width [D:/xvp/project_1.xpr/project_1/project_1.srcs/sources_1/new/add_tree_new.sv:131]
WARNING: [VRFC 10-2861] module 'add_pipe' does not have a parameter named width [D:/xvp/project_1.xpr/project_1/project_1.srcs/sources_1/new/add_tree_new.sv:55]
WARNING: [VRFC 10-2861] module 'add_pipe' does not have a parameter named width [D:/xvp/project_1.xpr/project_1/project_1.srcs/sources_1/new/add_tree_new.sv:71]
WARNING: [VRFC 10-2861] module 'add_pipe' does not have a parameter named width [D:/xvp/project_1.xpr/project_1/project_1.srcs/sources_1/new/add_tree_new.sv:87]
WARNING: [VRFC 10-3091] actual bit length 1 differs from formal bit length 20 for port 'ff_input' [D:/xvp/project_1.xpr/project_1/project_1.srcs/sources_1/new/add_tree_new.sv:114]
WARNING: [VRFC 10-3091] actual bit length 1 differs from formal bit length 20 for port 'ff_output' [D:/xvp/project_1.xpr/project_1/project_1.srcs/sources_1/new/add_tree_new.sv:115]
WARNING: [VRFC 10-3091] actual bit length 1 differs from formal bit length 20 for port 'ff_input' [D:/xvp/project_1.xpr/project_1/project_1.srcs/sources_1/new/add_tree_new.sv:121]
WARNING: [VRFC 10-3091] actual bit length 1 differs from formal bit length 20 for port 'ff_output' [D:/xvp/project_1.xpr/project_1/project_1.srcs/sources_1/new/add_tree_new.sv:122]
WARNING: [VRFC 10-3091] actual bit length 1 differs from formal bit length 20 for port 'ff_input' [D:/xvp/project_1.xpr/project_1/project_1.srcs/sources_1/new/add_tree_new.sv:128]
WARNING: [VRFC 10-3091] actual bit length 1 differs from formal bit length 20 for port 'ff_output' [D:/xvp/project_1.xpr/project_1/project_1.srcs/sources_1/new/add_tree_new.sv:129]
WARNING: [VRFC 10-3091] actual bit length 1 differs from formal bit length 20 for port 'ff_input' [D:/xvp/project_1.xpr/project_1/project_1.srcs/sources_1/new/add_tree_new.sv:135]
WARNING: [VRFC 10-3091] actual bit length 1 differs from formal bit length 20 for port 'ff_output' [D:/xvp/project_1.xpr/project_1/project_1.srcs/sources_1/new/add_tree_new.sv:136]
WARNING: [VRFC 10-5021] port 'sl_iport0' is not connected on this instance [D:/xvp/project_1.xpr/project_1/project_1.srcs/sim_1/new/top_tb.sv:76]
WARNING: [VRFC 10-5021] port 'sl_iport0' is not connected on this instance [D:/xvp/project_1.xpr/project_1/project_1.srcs/sim_1/new/top_tb.sv:95]
WARNING: [VRFC 10-3823] variable 'rst_process' might have multiple concurrent drivers [D:/xvp/project_1.xpr/project_1/project_1.srcs/sim_1/new/top_tb.sv:146]
Completed static elaboration
Starting simulation data flow analysis
WARNING: [XSIM 43-4100] "D:/xvp/project_1.xpr/project_1/project_1.srcs/sim_1/new/top_tb.sv" Line 48. Module top_tb has a timescale but at least one module in design doesn't have timescale.
WARNING: [XSIM 43-4100] "D:/xvp/project_1.xpr/project_1/project_1.srcs/sources_1/new/top_risc.sv" Line 24. Module top_risc has a timescale but at least one module in design doesn't have timescale.
WARNING: [XSIM 43-4100] "D:/xvp/project_1.xpr/project_1/project_1.srcs/sources_1/imports/components/control_unit/control_unit.sv" Line 3. Module control_unit has a timescale but at least one module in design doesn't have timescale.
WARNING: [XSIM 43-4100] "D:/xvp/project_1.xpr/project_1/project_1.srcs/sources_1/imports/components/program_counter/program_counter.sv" Line 3. Module program_counter has a timescale but at least one module in design doesn't have timescale.
WARNING: [XSIM 43-4100] "D:/xvp/project_1.xpr/project_1/project_1.srcs/sources_1/imports/components/instruction_memory/instruction_memory.sv" Line 3. Module instruction_memory has a timescale but at least one module in design doesn't have timescale.
WARNING: [XSIM 43-4100] "D:/xvp/project_1.xpr/project_1/project_1.srcs/sources_1/imports/components/register_file/register_file.sv" Line 3. Module register_file has a timescale but at least one module in design doesn't have timescale.
WARNING: [XSIM 43-4100] "D:/xvp/project_1.xpr/project_1/project_1.srcs/sources_1/imports/components/imm_generator/imm_generator.sv" Line 3. Module imm_generator has a timescale but at least one module in design doesn't have timescale.
WARNING: [XSIM 43-4100] "D:/xvp/project_1.xpr/project_1/project_1.srcs/sources_1/imports/components/data_memory/data_memory.sv" Line 3. Module data_memory has a timescale but at least one module in design doesn't have timescale.
WARNING: [XSIM 43-4100] "D:/xvp/project_1.xpr/project_1/project_1.srcs/sources_1/new/sensor_adder.sv" Line 44. Module sensor_adder_default has a timescale but at least one module in design doesn't have timescale.
WARNING: [XSIM 43-4100] "D:/xvp/project_1.xpr/project_1/project_1.srcs/sources_1/new/ro_sensor.v" Line 23. Module ro_sensor has a timescale but at least one module in design doesn't have timescale.
WARNING: [XSIM 43-4100] "D:/xvp/project_1.xpr/project_1/project_1.srcs/sources_1/imports/ring_oscillator/ring_oscillator.v" Line 20. Module ring_oscillator_default has a timescale but at least one module in design doesn't have timescale.
WARNING: [XSIM 43-4100] "D:/xvp/project_1.xpr/project_1/project_1.srcs/sources_1/new/async_up_counter.v" Line 1. Module async_up_counter has a timescale but at least one module in design doesn't have timescale.
WARNING: [XSIM 43-4100] "D:/xvp/project_1.xpr/project_1/project_1.sim/sim_1/synth/timing/xsim/top_tb_time_synth.v" Line 32309. Module c_counter_binary_0 has a timescale but at least one module in design doesn't have timescale.
WARNING: [XSIM 43-4100] "D:/xvp/project_1.xpr/project_1/project_1.sim/sim_1/synth/timing/xsim/top_tb_time_synth.v" Line 349860. Module c_counter_binary_0_c_counter_binary_v12_0_14 has a timescale but at least one module in design doesn't have timescale.
WARNING: [XSIM 43-4100] "/wrk/ci/prod/2021.1/rdi_builds/continuous/2021_06_10_3247384/data/verilog/src/unisims/GND.v" Line 24. Module GND has a timescale but at least one module in design doesn't have timescale.
WARNING: [XSIM 43-4100] "D:/xvp/project_1.xpr/project_1/project_1.sim/sim_1/synth/timing/xsim/top_tb_time_synth.v" Line 349860. Module c_counter_binary_0_c_counter_binary_v12_0_14_viv has a timescale but at least one module in design doesn't have timescale.
WARNING: [XSIM 43-4100] "/wrk/ci/prod/2021.1/rdi_builds/continuous/2021_06_10_3247384/data/verilog/src/unisims/GND.v" Line 24. Module GND has a timescale but at least one module in design doesn't have timescale.
WARNING: [XSIM 43-4100] "D:/xvp/project_1.xpr/project_1/project_1.sim/sim_1/synth/timing/xsim/top_tb_time_synth.v" Line 349860. Module c_counter_binary_0_c_counter_binary_v12_0_14_legacy has a timescale but at least one module in design doesn't have timescale.
WARNING: [XSIM 43-4100] "D:/xvp/project_1.xpr/project_1/project_1.sim/sim_1/synth/timing/xsim/top_tb_time_synth.v" Line 349860. Module c_counter_binary_0_c_addsub_v12_0_14_legacy has a timescale but at least one module in design doesn't have timescale.
WARNING: [XSIM 43-4100] "D:/xvp/project_1.xpr/project_1/project_1.sim/sim_1/synth/timing/xsim/top_tb_time_synth.v" Line 294097. Module c_counter_binary_0_c_addsub_v12_0_14_fabric_legacy has a timescale but at least one module in design doesn't have timescale.
WARNING: [XSIM 43-4100] "D:/xvp/project_1.xpr/project_1/project_1.sim/sim_1/synth/timing/xsim/top_tb_time_synth.v" Line 349860. Module c_counter_binary_0_c_addsub_v12_0_14_lut6_legacy has a timescale but at least one module in design doesn't have timescale.
WARNING: [XSIM 43-4100] "D:/xvp/project_1.xpr/project_1/project_1.sim/sim_1/synth/timing/xsim/top_tb_time_synth.v" Line 349860. Module c_counter_binary_0_c_reg_fd_v12_0_6_viv has a timescale but at least one module in design doesn't have timescale.
WARNING: [XSIM 43-4100] "/wrk/ci/prod/2021.1/rdi_builds/continuous/2021_06_10_3247384/data/verilog/src/unisims/FDRE.v" Line 27. Module FDRE_default has a timescale but at least one module in design doesn't have timescale.
WARNING: [XSIM 43-4100] "/wrk/ci/prod/2021.1/rdi_builds/continuous/2021_06_10_3247384/data/verilog/src/unisims/FDRE.v" Line 27. Module FDRE_default has a timescale but at least one module in design doesn't have timescale.
WARNING: [XSIM 43-4100] "/wrk/ci/prod/2021.1/rdi_builds/continuous/2021_06_10_3247384/data/verilog/src/unisims/FDRE.v" Line 27. Module FDRE_default has a timescale but at least one module in design doesn't have timescale.
WARNING: [XSIM 43-4100] "/wrk/ci/prod/2021.1/rdi_builds/continuous/2021_06_10_3247384/data/verilog/src/unisims/FDRE.v" Line 27. Module FDRE_default has a timescale but at least one module in design doesn't have timescale.
WARNING: [XSIM 43-4100] "/wrk/ci/prod/2021.1/rdi_builds/continuous/2021_06_10_3247384/data/verilog/src/unisims/FDRE.v" Line 27. Module FDRE_default has a timescale but at least one module in design doesn't have timescale.
WARNING: [XSIM 43-4100] "/wrk/ci/prod/2021.1/rdi_builds/continuous/2021_06_10_3247384/data/verilog/src/unisims/FDRE.v" Line 27. Module FDRE_default has a timescale but at least one module in design doesn't have timescale.
WARNING: [XSIM 43-4100] "/wrk/ci/prod/2021.1/rdi_builds/continuous/2021_06_10_3247384/data/verilog/src/unisims/FDRE.v" Line 27. Module FDRE_default has a timescale but at least one module in design doesn't have timescale.
WARNING: [XSIM 43-4100] "/wrk/ci/prod/2021.1/rdi_builds/continuous/2021_06_10_3247384/data/verilog/src/unisims/FDRE.v" Line 27. Module FDRE_default has a timescale but at least one module in design doesn't have timescale.
WARNING: [XSIM 43-4100] "/wrk/ci/prod/2021.1/rdi_builds/continuous/2021_06_10_3247384/data/verilog/src/unisims/FDRE.v" Line 27. Module FDRE_default has a timescale but at least one module in design doesn't have timescale.
WARNING: [XSIM 43-4100] "/wrk/ci/prod/2021.1/rdi_builds/continuous/2021_06_10_3247384/data/verilog/src/unisims/FDRE.v" Line 27. Module FDRE_default has a timescale but at least one module in design doesn't have timescale.
WARNING: [XSIM 43-4100] "/wrk/ci/prod/2021.1/rdi_builds/continuous/2021_06_10_3247384/data/verilog/src/unisims/FDRE.v" Line 27. Module FDRE_default has a timescale but at least one module in design doesn't have timescale.
WARNING: [XSIM 43-4100] "/wrk/ci/prod/2021.1/rdi_builds/continuous/2021_06_10_3247384/data/verilog/src/unisims/FDRE.v" Line 27. Module FDRE_default has a timescale but at least one module in design doesn't have timescale.
WARNING: [XSIM 43-4100] "/wrk/ci/prod/2021.1/rdi_builds/continuous/2021_06_10_3247384/data/verilog/src/unisims/FDRE.v" Line 27. Module FDRE_default has a timescale but at least one module in design doesn't have timescale.
WARNING: [XSIM 43-4100] "/wrk/ci/prod/2021.1/rdi_builds/continuous/2021_06_10_3247384/data/verilog/src/unisims/FDRE.v" Line 27. Module FDRE_default has a timescale but at least one module in design doesn't have timescale.
WARNING: [XSIM 43-4100] "/wrk/ci/prod/2021.1/rdi_builds/continuous/2021_06_10_3247384/data/verilog/src/unisims/FDRE.v" Line 27. Module FDRE_default has a timescale but at least one module in design doesn't have timescale.
WARNING: [XSIM 43-4100] "/wrk/ci/prod/2021.1/rdi_builds/continuous/2021_06_10_3247384/data/verilog/src/unisims/FDRE.v" Line 27. Module FDRE_default has a timescale but at least one module in design doesn't have timescale.
WARNING: [XSIM 43-4100] "/wrk/ci/prod/2021.1/rdi_builds/continuous/2021_06_10_3247384/data/verilog/src/unisims/LUT1.v" Line 27. Module LUT1 has a timescale but at least one module in design doesn't have timescale.
WARNING: [XSIM 43-4100] "/wrk/ci/prod/2021.1/rdi_builds/continuous/2021_06_10_3247384/data/verilog/src/unisims/LUT1.v" Line 62. Module x_lut1_mux2 has a timescale but at least one module in design doesn't have timescale.
WARNING: [XSIM 43-4100] "/wrk/ci/prod/2021.1/rdi_builds/continuous/2021_06_10_3247384/data/verilog/src/unisims/CARRY4.v" Line 32. Module CARRY4 has a timescale but at least one module in design doesn't have timescale.
WARNING: [XSIM 43-4100] "/wrk/ci/prod/2021.1/rdi_builds/continuous/2021_06_10_3247384/data/verilog/src/unisims/CARRY4.v" Line 32. Module CARRY4 has a timescale but at least one module in design doesn't have timescale.
WARNING: [XSIM 43-4100] "/wrk/ci/prod/2021.1/rdi_builds/continuous/2021_06_10_3247384/data/verilog/src/unisims/CARRY4.v" Line 32. Module CARRY4 has a timescale but at least one module in design doesn't have timescale.
WARNING: [XSIM 43-4100] "/wrk/ci/prod/2021.1/rdi_builds/continuous/2021_06_10_3247384/data/verilog/src/unisims/CARRY4.v" Line 32. Module CARRY4 has a timescale but at least one module in design doesn't have timescale.
WARNING: [XSIM 43-4100] "D:/xvp/project_1.xpr/project_1/project_1.srcs/sources_1/new/ro_sensor.v" Line 23. Module ro_sensor has a timescale but at least one module in design doesn't have timescale.
WARNING: [XSIM 43-4100] "D:/xvp/project_1.xpr/project_1/project_1.srcs/sources_1/imports/ring_oscillator/ring_oscillator.v" Line 20. Module ring_oscillator_default has a timescale but at least one module in design doesn't have timescale.
WARNING: [XSIM 43-4100] "D:/xvp/project_1.xpr/project_1/project_1.srcs/sources_1/new/async_up_counter.v" Line 1. Module async_up_counter has a timescale but at least one module in design doesn't have timescale.
WARNING: [XSIM 43-4100] "D:/xvp/project_1.xpr/project_1/project_1.sim/sim_1/synth/timing/xsim/top_tb_time_synth.v" Line 32309. Module c_counter_binary_0 has a timescale but at least one module in design doesn't have timescale.
WARNING: [XSIM 43-4100] "D:/xvp/project_1.xpr/project_1/project_1.sim/sim_1/synth/timing/xsim/top_tb_time_synth.v" Line 349860. Module c_counter_binary_0_c_counter_binary_v12_0_14 has a timescale but at least one module in design doesn't have timescale.
WARNING: [XSIM 43-4100] "/wrk/ci/prod/2021.1/rdi_builds/continuous/2021_06_10_3247384/data/verilog/src/unisims/GND.v" Line 24. Module GND has a timescale but at least one module in design doesn't have timescale.
INFO: [Common 17-14] Message 'XSIM 43-4100' appears 50 times and further instances of the messages will be disabled. Use the Tcl command set_msg_config to change the current settings.
Completed simulation data flow analysis
Time Resolution for simulation is 1ps
Compiling package xil_defaultlib.common_pkg
Compiling module xil_defaultlib.control_unit
Compiling module xil_defaultlib.program_counter
Compiling module xil_defaultlib.instruction_memory
Compiling module xil_defaultlib.register_file
Compiling module xil_defaultlib.imm_generator
Compiling module xil_defaultlib.ALU_control
Compiling module xil_defaultlib.ALU
Compiling module xil_defaultlib.data_memory
Compiling module xil_defaultlib.top_risc
Compiling module xil_defaultlib.ring_oscillator_default
Compiling module xil_defaultlib.async_up_counter
Compiling module simprims_ver.GND
Compiling module simprims_ver.FDRE_default
Compiling module simprims_ver.x_lut1_mux2
Compiling module simprims_ver.LUT1
Compiling module simprims_ver.CARRY4
Compiling module xil_defaultlib.c_counter_binary_0
Compiling module xil_defaultlib.ro_sensor
Compiling module xil_defaultlib.bit_extension
Compiling module simprims_ver.x_lut2_mux4
Compiling module simprims_ver.LUT2
Compiling module xil_defaultlib.add
Compiling module simprims_ver.FDCE_default
Compiling module xil_defaultlib.ff_2
Compiling module xil_defaultlib.add_pipe_2
Compiling module xil_defaultlib.ff
Compiling module xil_defaultlib.add_pipe
Compiling module xil_defaultlib.add_tree_new_default
Compiling module xil_defaultlib.sensor_adder_default
Compiling module simprims_ver.FDRE(XON="FALSE")
Compiling module simprims_ver.LUT6
Compiling module simprims_ver.x_lut3_mux8
Compiling module simprims_ver.LUT3
Compiling module simprims_ver.MUXF7
Compiling module simprims_ver.RB36_INTERNAL_VLOG(DOA_REG=1,DOB...
Compiling module simprims_ver.RAMB36E1(DOA_REG=1,DOB_REG=1,REA...
Compiling module simprims_ver.RB36_INTERNAL_VLOG(DOA_REG=1,DOB...
Compiling module simprims_ver.RAMB36E1(DOA_REG=1,DOB_REG=1,RAM...
Compiling module simprims_ver.RB36_INTERNAL_VLOG(DOA_REG=1,DOB...
Compiling module simprims_ver.RAMB36E1(DOA_REG=1,DOB_REG=1,RAM...
Compiling module simprims_ver.SRL16E_default
Compiling module simprims_ver.LUT4
Compiling module simprims_ver.SRLC32E_default
Compiling module simprims_ver.SRLC16E_default
Compiling module simprims_ver.LUT5
Compiling module simprims_ver.FDSE_default
Compiling module xil_defaultlib.ila_0
Compiling module xil_defaultlib.AES_Comp_MixColumns
Compiling module xil_defaultlib.AES_Comp_MixColumns__3
Compiling module xil_defaultlib.AES_Comp_MixColumns__2
Compiling module xil_defaultlib.AES_Comp_MixColumns__1
Compiling module xil_defaultlib.AES_Comp_GFinvComp__16
Compiling module xil_defaultlib.AES_Comp_SboxComp__16
Compiling module xil_defaultlib.AES_Comp_GFinvComp__17
Compiling module xil_defaultlib.AES_Comp_SboxComp__17
Compiling module xil_defaultlib.AES_Comp_GFinvComp__18
Compiling module xil_defaultlib.AES_Comp_SboxComp__18
Compiling module xil_defaultlib.AES_Comp_GFinvComp__19
Compiling module xil_defaultlib.AES_Comp_SboxComp__19
Compiling module xil_defaultlib.AES_Comp_SubBytesComp__4
Compiling module xil_defaultlib.AES_Comp_GFinvComp__12
Compiling module xil_defaultlib.AES_Comp_SboxComp__12
Compiling module xil_defaultlib.AES_Comp_GFinvComp__13
Compiling module xil_defaultlib.AES_Comp_SboxComp__13
Compiling module xil_defaultlib.AES_Comp_GFinvComp__14
Compiling module xil_defaultlib.AES_Comp_SboxComp__14
Compiling module xil_defaultlib.AES_Comp_GFinvComp__15
Compiling module xil_defaultlib.AES_Comp_SboxComp__15
Compiling module xil_defaultlib.AES_Comp_SubBytesComp__3
Compiling module xil_defaultlib.AES_Comp_GFinvComp__8
Compiling module xil_defaultlib.AES_Comp_SboxComp__8
Compiling module xil_defaultlib.AES_Comp_GFinvComp__9
Compiling module xil_defaultlib.AES_Comp_SboxComp__9
Compiling module xil_defaultlib.AES_Comp_GFinvComp__10
Compiling module xil_defaultlib.AES_Comp_SboxComp__10
Compiling module xil_defaultlib.AES_Comp_GFinvComp__11
Compiling module xil_defaultlib.AES_Comp_SboxComp__11
Compiling module xil_defaultlib.AES_Comp_SubBytesComp__2
Compiling module xil_defaultlib.AES_Comp_GFinvComp__4
Compiling module xil_defaultlib.AES_Comp_SboxComp__4
Compiling module xil_defaultlib.AES_Comp_GFinvComp__5
Compiling module xil_defaultlib.AES_Comp_SboxComp__5
Compiling module xil_defaultlib.AES_Comp_GFinvComp__6
Compiling module xil_defaultlib.AES_Comp_SboxComp__6
Compiling module xil_defaultlib.AES_Comp_GFinvComp__7
Compiling module xil_defaultlib.AES_Comp_SboxComp__7
Compiling module xil_defaultlib.AES_Comp_SubBytesComp__1
Compiling module xil_defaultlib.AES_Comp_GFinvComp
Compiling module xil_defaultlib.AES_Comp_SboxComp
Compiling module xil_defaultlib.AES_Comp_GFinvComp__3
Compiling module xil_defaultlib.AES_Comp_SboxComp__3
Compiling module xil_defaultlib.AES_Comp_GFinvComp__2
Compiling module xil_defaultlib.AES_Comp_SboxComp__2
Compiling module xil_defaultlib.AES_Comp_GFinvComp__1
Compiling module xil_defaultlib.AES_Comp_SboxComp__1
Compiling module xil_defaultlib.AES_Comp_SubBytesComp
Compiling module xil_defaultlib.AES_Comp_EncCore
Compiling module xil_defaultlib.AES_Comp_ENC
Compiling module xil_defaultlib.AES_top
Compiling module xil_defaultlib.vio_0_vio_v3_0_20_decoder
Compiling module xil_defaultlib.vio_0
Compiling module xil_defaultlib.top_tb
Built simulation snapshot top_tb_time_synth
