#
# A fatal error has been detected by the Java Runtime Environment:
#
#  EXCEPTION_UNCAUGHT_CXX_EXCEPTION (0xe06d7363) at pc=0x00007ff8b2014fd9, pid=1484, tid=13944
#
# JRE version: OpenJDK Runtime Environment (11.0.2+9) (build 11.0.2+9)
# Java VM: OpenJDK 64-Bit Server VM (11.0.2+9, mixed mode, tiered, compressed oops, g1 gc, windows-amd64)
# Problematic frame:
# C  [KERNELBASE.dll+0x34fd9]
#
# No core dump will be written. Minidumps are not enabled by default on client versions of Windows
#
# If you would like to submit a bug report, please visit:
#   http://bugreport.java.com/bugreport/crash.jsp
#

---------------  S U M M A R Y ------------

Command Line: -Dsun.java2d.pmoffscreen=false -Dhttps.protocols=TLSv1,TLSv1.1,TLSv1.2 -Dsun.java2d.xrender=false -Dsun.java2d.d3d=false -Dsun.awt.nopixfmt=true -Dsun.java2d.dpiaware=true -Dsun.java2d.uiScale.enabled=false -Xverify:none -Dswing.aatext=true -XX:-UsePerfData -Djdk.map.althashing.threshold=512 -XX:StringTableSize=4072 --add-opens=java.base/java.nio=ALL-UNNAMED --add-opens=java.desktop/sun.swing=ALL-UNNAMED --add-opens=java.desktop/javax.swing=ALL-UNNAMED --add-opens=java.desktop/javax.swing.tree=ALL-UNNAMED --add-opens=java.desktop/javax.swing.plaf.basic=ALL-UNNAMED --add-opens=java.desktop/javax.swing.plaf.synth=ALL-UNNAMED --add-opens=java.desktop/com.sun.awt=ALL-UNNAMED -XX:NewSize=60m -XX:MaxNewSize=60m -Xms256m -Xmx3072m -Xss5m 

Host: 11th Gen Intel(R) Core(TM) i5-11300H @ 3.10GHz, 8 cores, 15G,  Windows 10 , 64 bit Build 19041 (10.0.19041.1889)
Time: Thu Sep 22 04:02:58 2022 Eastern Daylight Time elapsed time: 3515 seconds (0d 0h 58m 35s)

---------------  T H R E A D  ---------------

Current thread (0x0000025996c7b800):  JavaThread "C2 CompilerThread0" daemon [_thread_in_native, id=13944, stack(0x00000092e0200000,0x00000092e0300000)]


Current CompileTask:
C2:3515395 29722   !   4       com.jidesoft.editor.LazyLoadDocument::a (1008 bytes)

Stack: [0x00000092e0200000,0x00000092e0300000],  sp=0x00000092e02fb6a0,  free space=1005k
Native frames: (J=compiled Java code, j=interpreted, Vv=VM code, C=native code)
C  [KERNELBASE.dll+0x34fd9]
C  [VCRUNTIME140.dll+0x64c0]
C  [librdi_common.dll+0x6d93b6]
C  [MSVCP140.dll+0x128d1]
C  [ucrtbase.dll+0x6c87c]
C  [ucrtbase.dll+0x51e19]
V  [jvm.dll+0x6279ab]
V  [jvm.dll+0xc215f]
V  [jvm.dll+0xc271c]
V  [jvm.dll+0x36cc02]
V  [jvm.dll+0x339b13]
V  [jvm.dll+0x338eea]
V  [jvm.dll+0x2189c5]
V  [jvm.dll+0x217b6a]
V  [jvm.dll+0x194370]
V  [jvm.dll+0x226b3f]
V  [jvm.dll+0x225148]
V  [jvm.dll+0x73774d]
V  [jvm.dll+0x633942]
C  [ucrtbase.dll+0x21bb2]
C  [KERNEL32.DLL+0x17034]
C  [ntdll.dll+0x526a1]


siginfo: EXCEPTION_UNCAUGHT_CXX_EXCEPTION (0xe06d7363), ExceptionInformation=0x0000000019930520 0x00000092e02fb800 0x00007ff86fb14898 0x00007ff86ecc0000 


Register to memory mapping:

RIP=0x00007ff8b2014fd9 KERNELBASE.dll
RAX=0x0000000000004895 is an unknown value
RBX=0x00007ff86fb14898 librdi_common.dll
RCX=0x0000025996c7b800 is a thread
RDX=0x0000025a19959bf0 points into unknown readable memory: 00 00 00 00 00 00 00 00
RSP=0x00000092e02fb6a0 is pointing into the stack for thread: 0x0000025996c7b800
RBP=0x00000092e02fb930 is pointing into the stack for thread: 0x0000025996c7b800
RSI=0x00000092e02fb800 is pointing into the stack for thread: 0x0000025996c7b800
RDI=0x0000000019930520 is an unknown value
R8 =0x0000025a19964678 points into unknown readable memory: 00 00 00 00 00 00 00 00
R9 =0x000002598d1b0150 points into unknown readable memory: e0 82 18 19 5a 02 00 00
R10=0x00007ff86e5067f5 jvm.dll
R11=0x0000000000000300 is an unknown value
R12=0x0000000000001a48 is an unknown value
R13=0x00000259d9a77de0 points into unknown readable memory: 50 9b a5 6e f8 7f 00 00
R14=0x000000000000000c is an unknown value
R15=0x0000000000001a48 is an unknown value


Registers:
RAX=0x0000000000004895, RBX=0x00007ff86fb14898, RCX=0x0000025996c7b800, RDX=0x0000025a19959bf0
RSP=0x00000092e02fb6a0, RBP=0x00000092e02fb930, RSI=0x00000092e02fb800, RDI=0x0000000019930520
R8 =0x0000025a19964678, R9 =0x000002598d1b0150, R10=0x00007ff86e5067f5, R11=0x0000000000000300
R12=0x0000000000001a48, R13=0x00000259d9a77de0, R14=0x000000000000000c, R15=0x0000000000001a48
RIP=0x00007ff8b2014fd9, EFLAGS=0x0000000000000206

Top of Stack: (sp=0x00000092e02fb6a0)
0x00000092e02fb6a0:   0000000000000000 00007ff86fb14898
0x00000092e02fb6b0:   00000092e02fb800 000002598d1b0000
0x00000092e02fb6c0:   00000001e06d7363 0000000000000000
0x00000092e02fb6d0:   00007ff8b2014fd9 00007ff800000004
0x00000092e02fb6e0:   0000000019930520 00000092e02fb800
0x00000092e02fb6f0:   00007ff86fb14898 00007ff86ecc0000
0x00000092e02fb700:   00000259d9a77de0 0000000000001a48
0x00000092e02fb710:   00000092e02fb800 00000092e02fb930
0x00000092e02fb720:   00000092e02fb7a0 00007ff8b46c4a5f
0x00000092e02fb730:   0000000019930520 0000000000000000
0x00000092e02fb740:   0000000000001a48 000000000000000c
0x00000092e02fb750:   00007ff86feb8000 00007ff86ecc0000
0x00000092e02fb760:   0000e743fb98137b 00007ff8b46b47b1
0x00000092e02fb770:   00007ff86fb14898 00007ff8944264c0
0x00000092e02fb780:   00000092e02fb930 0000000000000000
0x00000092e02fb790:   0000000000000000 0000000000106d58 

Instructions: (pc=0x00007ff8b2014fd9)
0x00007ff8b2014fb9:   8b d1 44 0f 47 c0 44 89 44 24 38 49 c1 e0 03 e8
0x00007ff8b2014fc9:   0a 1e 06 00 48 8d 4c 24 20 48 ff 15 d7 e6 18 00
0x00007ff8b2014fd9:   0f 1f 44 00 00 48 8b 8c 24 c0 00 00 00 48 33 cc
0x00007ff8b2014fe9:   e8 52 96 05 00 48 81 c4 d8 00 00 00 c3 cc 83 64 


Stack slot to memory mapping:
stack at sp + 0 slots: 0x0 is NULL
stack at sp + 1 slots: 0x00007ff86fb14898 librdi_common.dll
stack at sp + 2 slots: 0x00000092e02fb800 is pointing into the stack for thread: 0x0000025996c7b800
stack at sp + 3 slots: 0x000002598d1b0000 points into unknown readable memory: 00 00 00 00 00 00 00 00
stack at sp + 4 slots: 0x00000001e06d7363 is an unknown value
stack at sp + 5 slots: 0x0 is NULL
stack at sp + 6 slots: 0x00007ff8b2014fd9 KERNELBASE.dll
stack at sp + 7 slots: 0x00007ff800000004 is an unknown value


---------------  P R O C E S S  ---------------

Threads class SMR info:
_java_thread_list=0x0000025a1519c130, length=51, elements={
0x00000259967da800, 0x00000259b0138800, 0x00000259d5746800, 0x0000025996c79800,
0x0000025996c7a000, 0x0000025996c7b800, 0x00000259d5956000, 0x00000259d4ae3000,
0x00000259b1464000, 0x00000259b1443800, 0x00000259b3b3e000, 0x00000259d189d800,
0x00000259bcf80800, 0x00000259be93f800, 0x00000259bf242000, 0x00000259bf476800,
0x00000259bf477000, 0x00000259bd0d4000, 0x00000259bceaf000, 0x00000259bceb0000,
0x00000259bceac800, 0x00000259bceac000, 0x00000259bceb1000, 0x00000259c3ac9800,
0x00000259c3ac4800, 0x00000259c3acb000, 0x00000259c3acd800, 0x00000259c3ad1800,
0x00000259c3ad3800, 0x00000259c3ad2800, 0x00000259c3ace800, 0x00000259bceab000,
0x00000259d7b33000, 0x00000259d7b34000, 0x00000259d7b30000, 0x00000259d7b39800,
0x00000259d7b35800, 0x00000259d7b30800, 0x00000259ee939000, 0x00000259ee93c800,
0x00000259ee936800, 0x00000259ee938000, 0x00000259ee941000, 0x00000259ee93e000,
0x00000259ee942000, 0x00000259c3ac5800, 0x00000259c3acc000, 0x00000259c3ac6000,
0x00000259c3acf000, 0x00000259c3ac7000, 0x00000259c3ad0000
}

Java Threads: ( => current thread )
  0x00000259967da800 JavaThread "main" [_thread_blocked, id=13248, stack(0x00000092de700000,0x00000092de800000)]
  0x00000259b0138800 JavaThread "Reference Handler" daemon [_thread_blocked, id=13124, stack(0x00000092dee00000,0x00000092df300000)]
  0x00000259d5746800 JavaThread "Finalizer" daemon [_thread_blocked, id=14008, stack(0x00000092df300000,0x00000092df800000)]
  0x0000025996c79800 JavaThread "Signal Dispatcher" daemon [_thread_blocked, id=4952, stack(0x00000092df800000,0x00000092dfd00000)]
  0x0000025996c7a000 JavaThread "Attach Listener" daemon [_thread_blocked, id=6580, stack(0x00000092dfd00000,0x00000092e0200000)]
=>0x0000025996c7b800 JavaThread "C2 CompilerThread0" daemon [_thread_in_native, id=13944, stack(0x00000092e0200000,0x00000092e0300000)]
  0x00000259d5956000 JavaThread "C1 CompilerThread0" daemon [_thread_blocked, id=16272, stack(0x00000092e0300000,0x00000092e0400000)]
  0x00000259d4ae3000 JavaThread "Sweeper thread" daemon [_thread_blocked, id=2936, stack(0x00000092e0400000,0x00000092e0900000)]
  0x00000259b1464000 JavaThread "Common-Cleaner" daemon [_thread_blocked, id=15228, stack(0x00000092e0900000,0x00000092e0e00000)]
  0x00000259b1443800 JavaThread "Service Thread" daemon [_thread_blocked, id=18032, stack(0x00000092e0e00000,0x00000092e1300000)]
  0x00000259b3b3e000 JavaThread "Java2D Disposer" daemon [_thread_blocked, id=17696, stack(0x00000092e1400000,0x00000092e1900000)]
  0x00000259d189d800 JavaThread "AWT-Shutdown" [_thread_blocked, id=9144, stack(0x00000092e1900000,0x00000092e1e00000)]
  0x00000259bcf80800 JavaThread "AWT-Windows" daemon [_thread_in_native, id=13304, stack(0x00000092e1e00000,0x00000092e2300000)]
  0x00000259be93f800 JavaThread "TimerQueue" daemon [_thread_blocked, id=3376, stack(0x00000092e2b00000,0x00000092e3000000)]
  0x00000259bf242000 JavaThread "AWT-EventQueue-0" [_thread_in_Java, id=7296, stack(0x00000092e3500000,0x00000092e3a00000)]
  0x00000259bf476800 JavaThread "Thread-1" [_thread_in_native, id=8248, stack(0x00000092dd100000,0x00000092de500000)]
  0x00000259bf477000 JavaThread "Process Messages Thread" [_thread_blocked, id=12576, stack(0x00000092e3f00000,0x00000092e4400000)]
  0x00000259bd0d4000 JavaThread "Batik CleanerThread" daemon [_thread_blocked, id=15084, stack(0x00000092e3a00000,0x00000092e3f00000)]
  0x00000259bceaf000 JavaThread "SyntheticaCleanerThread" daemon [_thread_blocked, id=2312, stack(0x00000092e4c00000,0x00000092e5100000)]
  0x00000259bceb0000 JavaThread "Monitor HEventQueue Thread" [_thread_blocked, id=13020, stack(0x00000092e5400000,0x00000092e5900000)]
  0x00000259bceac800 JavaThread "SyntheticaAnimation 50" daemon [_thread_blocked, id=17636, stack(0x00000092e5900000,0x00000092e5e00000)]
  0x00000259bceac000 JavaThread "SyntheticaAnimation 25" daemon [_thread_blocked, id=8136, stack(0x00000092e5e00000,0x00000092e6300000)]
  0x00000259bceb1000 JavaThread "Swing-Shell" daemon [_thread_blocked, id=7704, stack(0x00000092e6400000,0x00000092e6900000)]
  0x00000259c3ac9800 JavaThread "SyntheticaAnimation 70" daemon [_thread_blocked, id=9072, stack(0x00000092e4700000,0x00000092e4c00000)]
  0x00000259c3ac4800 JavaThread "Refresh Filesets Swing Worker Thread" [_thread_blocked, id=12984, stack(0x00000092e6900000,0x00000092e6e00000)]
  0x00000259c3acb000 JavaThread "Thread-19" [_thread_blocked, id=13164, stack(0x00000092e6e00000,0x00000092e7300000)]
  0x00000259c3acd800 JavaThread "hw_ila_monitor" [_thread_blocked, id=16752, stack(0x00000092e8700000,0x00000092e8c00000)]
  0x00000259c3ad1800 JavaThread "pool-3-thread-1" [_thread_blocked, id=7480, stack(0x00000092e9600000,0x00000092e9b00000)]
  0x00000259c3ad3800 JavaThread "pool-4-thread-1" [_thread_blocked, id=9360, stack(0x00000092e9b00000,0x00000092ea000000)]
  0x00000259c3ad2800 JavaThread "pool-5-thread-1" [_thread_blocked, id=7324, stack(0x00000092ea000000,0x00000092ea500000)]
  0x00000259c3ace800 JavaThread "pool-6-thread-1" [_thread_blocked, id=16768, stack(0x00000092ea500000,0x00000092eaa00000)]
  0x00000259bceab000 JavaThread "Update Runs Swing Worker Thread" [_thread_blocked, id=11068, stack(0x00000092eaf00000,0x00000092eb400000)]
  0x00000259d7b33000 JavaThread "pool-8-thread-1" [_thread_blocked, id=3592, stack(0x00000092ec000000,0x00000092ec500000)]
  0x00000259d7b34000 JavaThread "EMF Reference Cleaner" daemon [_thread_blocked, id=1980, stack(0x00000092ec800000,0x00000092ecd00000)]
  0x00000259d7b30000 JavaThread "pool-9-thread-1" [_thread_blocked, id=84, stack(0x00000092e7d00000,0x00000092e8200000)]
  0x00000259d7b39800 JavaThread "SyntheticaAnimation 50" daemon [_thread_blocked, id=10920, stack(0x00000092ed200000,0x00000092ed700000)]
  0x00000259d7b35800 JavaThread "Timer-1" [_thread_blocked, id=11204, stack(0x00000092ed700000,0x00000092edc00000)]
  0x00000259d7b30800 JavaThread "Monitor File Timestamp Swing Worker Thread" [_thread_blocked, id=17924, stack(0x00000092edc00000,0x00000092ee100000)]
  0x00000259ee939000 JavaThread "Timer-4" [_thread_blocked, id=3312, stack(0x00000092ef000000,0x00000092ef500000)]
  0x00000259ee93c800 JavaThread "Monitor File Timestamp Swing Worker Thread" [_thread_blocked, id=6240, stack(0x00000092ef500000,0x00000092efa00000)]
  0x00000259ee936800 JavaThread "ForkJoinPool.commonPool-worker-13" daemon [_thread_blocked, id=6556, stack(0x00000092efa00000,0x00000092eff00000)]
  0x00000259ee938000 JavaThread "OutputGobbler" daemon [_thread_in_native, id=9088, stack(0x00000092e8c00000,0x00000092e9100000)]
  0x00000259ee941000 JavaThread "ErrorGobbler" daemon [_thread_in_native, id=9980, stack(0x00000092e9100000,0x00000092e9600000)]
  0x00000259ee93e000 JavaThread "Watchdog Thread for com.sigasi.lsp.server.BootstrappedLspServer" daemon [_thread_blocked, id=3304, stack(0x00000092e7800000,0x00000092e7d00000)]
  0x00000259ee942000 JavaThread "Life support thread" daemon [_thread_blocked, id=3584, stack(0x00000092eb900000,0x00000092ebe00000)]
  0x00000259c3ac5800 JavaThread "Timer-5" [_thread_blocked, id=10732, stack(0x00000092e8200000,0x00000092e8700000)]
  0x00000259c3acc000 JavaThread "Monitor File Timestamp Swing Worker Thread" [_thread_blocked, id=1716, stack(0x00000092eb400000,0x00000092eb900000)]
  0x00000259c3ac6000 JavaThread "pool-15-thread-1" [_thread_in_vm, id=11504, stack(0x00000092ecd00000,0x00000092ed200000)]
  0x00000259c3acf000 JavaThread "Thread-3764" [_thread_in_vm, id=9336, stack(0x00000092ee600000,0x00000092eeb00000)]
  0x00000259c3ac7000 JavaThread "Image Fetcher 0" daemon [_thread_blocked, id=10660, stack(0x00000092ee100000,0x00000092ee600000)]
  0x00000259c3ad0000 JavaThread "C2 CompilerThread1" daemon [_thread_in_native, id=9568, stack(0x00000092dcf00000,0x00000092dd000000)]

Other Threads:
  0x00000259d59fa800 VMThread "VM Thread" [stack: 0x00000092ded00000,0x00000092dee00000] [id=1728]
  0x00000259b1446800 WatcherThread [stack: 0x00000092e1300000,0x00000092e1400000] [id=14112]
  0x00000259d3646800 GCTaskThread "GC Thread#0" [stack: 0x00000092de800000,0x00000092de900000] [id=13292]
  0x00000259bd4e6800 GCTaskThread "GC Thread#1" [stack: 0x00000092e2500000,0x00000092e2600000] [id=5132]
  0x00000259be2ec000 GCTaskThread "GC Thread#2" [stack: 0x00000092e2600000,0x00000092e2700000] [id=13132]
  0x00000259be41b800 GCTaskThread "GC Thread#3" [stack: 0x00000092e2700000,0x00000092e2800000] [id=11220]
  0x00000259be615800 GCTaskThread "GC Thread#4" [stack: 0x00000092e2800000,0x00000092e2900000] [id=9412]
  0x00000259be80f800 GCTaskThread "GC Thread#5" [stack: 0x00000092e2900000,0x00000092e2a00000] [id=8456]
  0x00000259bf240800 GCTaskThread "GC Thread#6" [stack: 0x00000092e4400000,0x00000092e4500000] [id=11156]
  0x00000259bebe9000 GCTaskThread "GC Thread#7" [stack: 0x00000092e4500000,0x00000092e4600000] [id=6192]
  0x0000025990419800 ConcurrentGCThread "G1 Main Marker" [stack: 0x00000092de900000,0x00000092dea00000] [id=12424]
  0x00000259b4797800 ConcurrentGCThread "G1 Conc#0" [stack: 0x00000092dea00000,0x00000092deb00000] [id=15496]
  0x00000259bebe9800 ConcurrentGCThread "G1 Conc#1" [stack: 0x00000092e4600000,0x00000092e4700000] [id=1480]
  0x00000259d4a4b000 ConcurrentGCThread "G1 Refine#0" [stack: 0x00000092deb00000,0x00000092dec00000] [id=11648]
  0x00000259be6c5800 ConcurrentGCThread "G1 Refine#1" [stack: 0x00000092e2a00000,0x00000092e2b00000] [id=7880]
  0x00000259c1c7e800 ConcurrentGCThread "G1 Refine#2" [stack: 0x00000092e6300000,0x00000092e6400000] [id=15600]
  0x00000259b168d800 ConcurrentGCThread "G1 Young RemSet Sampling" [stack: 0x00000092dec00000,0x00000092ded00000] [id=18256]

Threads with active compile tasks:
C2 CompilerThread029722   !   4       com.jidesoft.editor.LazyLoadDocument::a (1008 bytes)
C2 CompilerThread129747   !   4       com.jidesoft.editor.CodeEditor::getIntegerOffsetToX (1606 bytes)

VM state:not at safepoint (normal execution)

VM Mutex/Monitor currently owned by a thread: None

Heap address: 0x0000000740000000, size: 3072 MB, Compressed Oops mode: Zero based, Oop shift amount: 3
Narrow klass base: 0x0000000800000000, Narrow klass shift: 0
Compressed class space size: 1073741824 Address: 0x0000000800000000

Heap:
 garbage-first heap   total 265216K, used 228619K [0x0000000740000000, 0x0000000800000000)
  region size 1024K, 44 young (45056K), 2 survivors (2048K)
 Metaspace       used 121755K, capacity 123683K, committed 126792K, reserved 1159168K
  class space    used 16209K, capacity 17026K, committed 18048K, reserved 1048576K
Heap Regions: E=young(eden), S=young(survivor), O=old, HS=humongous(starts), HC=humongous(continues), CS=collection set, F=free, A=archive, TAMS=top-at-mark-start (previous, next)
|   0|0x0000000740000000, 0x0000000740100000, 0x0000000740100000|100%|HS|  |TAMS 0x0000000740100000, 0x0000000740000000| Complete 
|   1|0x0000000740100000, 0x0000000740200000, 0x0000000740200000|100%|HC|  |TAMS 0x0000000740200000, 0x0000000740100000| Complete 
|   2|0x0000000740200000, 0x0000000740300000, 0x0000000740300000|100%|HS|  |TAMS 0x0000000740300000, 0x0000000740200000| Complete 
|   3|0x0000000740300000, 0x0000000740400000, 0x0000000740400000|100%|HS|  |TAMS 0x0000000740400000, 0x0000000740300000| Complete 
|   4|0x0000000740400000, 0x0000000740500000, 0x0000000740500000|100%| O|  |TAMS 0x0000000740500000, 0x0000000740400000| Untracked 
|   5|0x0000000740500000, 0x00000007405ffe08, 0x0000000740600000| 99%| O|  |TAMS 0x00000007405ffe08, 0x0000000740500000| Untracked 
|   6|0x0000000740600000, 0x00000007406ffff0, 0x0000000740700000| 99%| O|  |TAMS 0x00000007406ffff0, 0x0000000740600000| Untracked 
|   7|0x0000000740700000, 0x00000007407fffe8, 0x0000000740800000| 99%| O|  |TAMS 0x00000007407fffe8, 0x0000000740700000| Untracked 
|   8|0x0000000740800000, 0x00000007408ffff8, 0x0000000740900000| 99%| O|  |TAMS 0x00000007408ffff8, 0x0000000740800000| Untracked 
|   9|0x0000000740900000, 0x0000000740a00000, 0x0000000740a00000|100%| O|  |TAMS 0x0000000740a00000, 0x0000000740900000| Untracked 
|  10|0x0000000740a00000, 0x0000000740b00000, 0x0000000740b00000|100%| O|  |TAMS 0x0000000740b00000, 0x0000000740a00000| Untracked 
|  11|0x0000000740b00000, 0x0000000740bffff8, 0x0000000740c00000| 99%| O|  |TAMS 0x0000000740bffff8, 0x0000000740b00000| Untracked 
|  12|0x0000000740c00000, 0x0000000740d00000, 0x0000000740d00000|100%| O|  |TAMS 0x0000000740d00000, 0x0000000740c00000| Untracked 
|  13|0x0000000740d00000, 0x0000000740deba50, 0x0000000740e00000| 92%| O|  |TAMS 0x0000000740deba50, 0x0000000740d00000| Untracked 
|  14|0x0000000740e00000, 0x0000000740effff8, 0x0000000740f00000| 99%| O|  |TAMS 0x0000000740effff8, 0x0000000740e00000| Untracked 
|  15|0x0000000740f00000, 0x0000000740fffff8, 0x0000000741000000| 99%| O|  |TAMS 0x0000000740fffff8, 0x0000000740f00000| Untracked 
|  16|0x0000000741000000, 0x00000007410ffff8, 0x0000000741100000| 99%| O|  |TAMS 0x00000007410ffff8, 0x0000000741000000| Untracked 
|  17|0x0000000741100000, 0x0000000741200000, 0x0000000741200000|100%| O|  |TAMS 0x0000000741200000, 0x0000000741100000| Untracked 
|  18|0x0000000741200000, 0x00000007412fffe8, 0x0000000741300000| 99%| O|  |TAMS 0x00000007412fffe8, 0x0000000741200000| Untracked 
|  19|0x0000000741300000, 0x00000007413ffff0, 0x0000000741400000| 99%| O|  |TAMS 0x00000007413ffff0, 0x0000000741300000| Untracked 
|  20|0x0000000741400000, 0x00000007414fffe8, 0x0000000741500000| 99%| O|  |TAMS 0x00000007414fffe8, 0x0000000741400000| Untracked 
|  21|0x0000000741500000, 0x0000000741600000, 0x0000000741600000|100%| O|  |TAMS 0x0000000741600000, 0x0000000741500000| Untracked 
|  22|0x0000000741600000, 0x0000000741700000, 0x0000000741700000|100%| O|  |TAMS 0x0000000741700000, 0x0000000741600000| Untracked 
|  23|0x0000000741700000, 0x00000007417ffff8, 0x0000000741800000| 99%| O|  |TAMS 0x00000007417ffff8, 0x0000000741700000| Untracked 
|  24|0x0000000741800000, 0x00000007418fffc0, 0x0000000741900000| 99%| O|  |TAMS 0x00000007418fffc0, 0x0000000741800000| Untracked 
|  25|0x0000000741900000, 0x00000007419fffe0, 0x0000000741a00000| 99%| O|  |TAMS 0x00000007419fffe0, 0x0000000741900000| Untracked 
|  26|0x0000000741a00000, 0x0000000741affff8, 0x0000000741b00000| 99%| O|  |TAMS 0x0000000741affff8, 0x0000000741a00000| Untracked 
|  27|0x0000000741b00000, 0x0000000741bffff8, 0x0000000741c00000| 99%| O|  |TAMS 0x0000000741bffff8, 0x0000000741b00000| Untracked 
|  28|0x0000000741c00000, 0x0000000741cffff0, 0x0000000741d00000| 99%| O|  |TAMS 0x0000000741cffff0, 0x0000000741c00000| Untracked 
|  29|0x0000000741d00000, 0x0000000741dffff8, 0x0000000741e00000| 99%| O|  |TAMS 0x0000000741dffff8, 0x0000000741d00000| Untracked 
|  30|0x0000000741e00000, 0x0000000741effff8, 0x0000000741f00000| 99%| O|  |TAMS 0x0000000741effff8, 0x0000000741e00000| Untracked 
|  31|0x0000000741f00000, 0x0000000741ffffe8, 0x0000000742000000| 99%| O|  |TAMS 0x0000000741ffffe8, 0x0000000741f00000| Untracked 
|  32|0x0000000742000000, 0x00000007420fffe8, 0x0000000742100000| 99%| O|  |TAMS 0x00000007420fffe8, 0x0000000742000000| Untracked 
|  33|0x0000000742100000, 0x0000000742200000, 0x0000000742200000|100%| O|  |TAMS 0x0000000742200000, 0x0000000742100000| Untracked 
|  34|0x0000000742200000, 0x00000007422ffff0, 0x0000000742300000| 99%| O|  |TAMS 0x00000007422ffff0, 0x0000000742200000| Untracked 
|  35|0x0000000742300000, 0x0000000742400000, 0x0000000742400000|100%| O|  |TAMS 0x0000000742400000, 0x0000000742300000| Untracked 
|  36|0x0000000742400000, 0x00000007424fffd8, 0x0000000742500000| 99%| O|  |TAMS 0x00000007424fffd8, 0x0000000742400000| Untracked 
|  37|0x0000000742500000, 0x00000007425ffff8, 0x0000000742600000| 99%| O|  |TAMS 0x00000007425ffff8, 0x0000000742500000| Untracked 
|  38|0x0000000742600000, 0x00000007426fffe8, 0x0000000742700000| 99%| O|  |TAMS 0x00000007426fffe8, 0x0000000742600000| Untracked 
|  39|0x0000000742700000, 0x00000007427fffe8, 0x0000000742800000| 99%| O|  |TAMS 0x00000007427fffe8, 0x0000000742700000| Untracked 
|  40|0x0000000742800000, 0x00000007428ffff0, 0x0000000742900000| 99%| O|  |TAMS 0x00000007428ffff0, 0x0000000742800000| Untracked 
|  41|0x0000000742900000, 0x00000007429ffff8, 0x0000000742a00000| 99%| O|  |TAMS 0x00000007429ffff8, 0x0000000742900000| Untracked 
|  42|0x0000000742a00000, 0x0000000742affcd8, 0x0000000742b00000| 99%| O|  |TAMS 0x0000000742affcd8, 0x0000000742a00000| Untracked 
|  43|0x0000000742b00000, 0x0000000742bffc38, 0x0000000742c00000| 99%| O|  |TAMS 0x0000000742bffc38, 0x0000000742b00000| Untracked 
|  44|0x0000000742c00000, 0x0000000742cf9b18, 0x0000000742d00000| 97%| O|  |TAMS 0x0000000742cf9b18, 0x0000000742c00000| Untracked 
|  45|0x0000000742d00000, 0x0000000742dffff8, 0x0000000742e00000| 99%| O|  |TAMS 0x0000000742dffff8, 0x0000000742d00000| Untracked 
|  46|0x0000000742e00000, 0x0000000742f00000, 0x0000000742f00000|100%| O|  |TAMS 0x0000000742f00000, 0x0000000742e00000| Untracked 
|  47|0x0000000742f00000, 0x0000000743000000, 0x0000000743000000|100%| O|  |TAMS 0x0000000743000000, 0x0000000742f00000| Untracked 
|  48|0x0000000743000000, 0x0000000743100000, 0x0000000743100000|100%|HS|  |TAMS 0x0000000743100000, 0x0000000743000000| Complete 
|  49|0x0000000743100000, 0x0000000743200000, 0x0000000743200000|100%|HC|  |TAMS 0x0000000743200000, 0x0000000743100000| Complete 
|  50|0x0000000743200000, 0x0000000743300000, 0x0000000743300000|100%|HC|  |TAMS 0x0000000743300000, 0x0000000743200000| Complete 
|  51|0x0000000743300000, 0x0000000743400000, 0x0000000743400000|100%|HC|  |TAMS 0x0000000743400000, 0x0000000743300000| Complete 
|  52|0x0000000743400000, 0x0000000743500000, 0x0000000743500000|100%|HC|  |TAMS 0x0000000743500000, 0x0000000743400000| Complete 
|  53|0x0000000743500000, 0x0000000743600000, 0x0000000743600000|100%|HC|  |TAMS 0x0000000743600000, 0x0000000743500000| Complete 
|  54|0x0000000743600000, 0x0000000743700000, 0x0000000743700000|100%|HC|  |TAMS 0x0000000743700000, 0x0000000743600000| Complete 
|  55|0x0000000743700000, 0x0000000743800000, 0x0000000743800000|100%|HC|  |TAMS 0x0000000743800000, 0x0000000743700000| Complete 
|  56|0x0000000743800000, 0x00000007438ffff8, 0x0000000743900000| 99%| O|  |TAMS 0x00000007438ffff8, 0x0000000743800000| Untracked 
|  57|0x0000000743900000, 0x0000000743a00000, 0x0000000743a00000|100%| O|  |TAMS 0x0000000743a00000, 0x0000000743900000| Untracked 
|  58|0x0000000743a00000, 0x0000000743affff0, 0x0000000743b00000| 99%| O|  |TAMS 0x0000000743affff0, 0x0000000743a00000| Untracked 
|  59|0x0000000743b00000, 0x0000000743bffff0, 0x0000000743c00000| 99%| O|  |TAMS 0x0000000743bffff0, 0x0000000743b00000| Untracked 
|  60|0x0000000743c00000, 0x0000000743cffff8, 0x0000000743d00000| 99%| O|  |TAMS 0x0000000743cffff8, 0x0000000743c00000| Untracked 
|  61|0x0000000743d00000, 0x0000000743dffff8, 0x0000000743e00000| 99%| O|  |TAMS 0x0000000743dffff8, 0x0000000743d00000| Untracked 
|  62|0x0000000743e00000, 0x0000000743effff0, 0x0000000743f00000| 99%| O|  |TAMS 0x0000000743effff0, 0x0000000743e00000| Untracked 
|  63|0x0000000743f00000, 0x0000000744000000, 0x0000000744000000|100%| O|  |TAMS 0x0000000744000000, 0x0000000743f00000| Untracked 
|  64|0x0000000744000000, 0x00000007440ffff8, 0x0000000744100000| 99%| O|  |TAMS 0x00000007440ffff8, 0x0000000744000000| Untracked 
|  65|0x0000000744100000, 0x00000007441ffff0, 0x0000000744200000| 99%| O|  |TAMS 0x00000007441ffff0, 0x0000000744100000| Untracked 
|  66|0x0000000744200000, 0x0000000744300000, 0x0000000744300000|100%| O|  |TAMS 0x0000000744300000, 0x0000000744200000| Untracked 
|  67|0x0000000744300000, 0x00000007443ffff0, 0x0000000744400000| 99%| O|  |TAMS 0x00000007443ffff0, 0x0000000744300000| Untracked 
|  68|0x0000000744400000, 0x00000007444ffff0, 0x0000000744500000| 99%| O|  |TAMS 0x00000007444ffff0, 0x0000000744400000| Untracked 
|  69|0x0000000744500000, 0x00000007445ffff8, 0x0000000744600000| 99%| O|  |TAMS 0x00000007445ffff8, 0x0000000744500000| Untracked 
|  70|0x0000000744600000, 0x0000000744700000, 0x0000000744700000|100%| O|  |TAMS 0x0000000744700000, 0x0000000744600000| Untracked 
|  71|0x0000000744700000, 0x00000007447fff80, 0x0000000744800000| 99%| O|  |TAMS 0x00000007447fff80, 0x0000000744700000| Untracked 
|  72|0x0000000744800000, 0x00000007448ffe90, 0x0000000744900000| 99%| O|  |TAMS 0x00000007448ffe90, 0x0000000744800000| Untracked 
|  73|0x0000000744900000, 0x00000007449ffff8, 0x0000000744a00000| 99%| O|  |TAMS 0x00000007449ffff8, 0x0000000744900000| Untracked 
|  74|0x0000000744a00000, 0x0000000744b00000, 0x0000000744b00000|100%| O|  |TAMS 0x0000000744b00000, 0x0000000744a00000| Untracked 
|  75|0x0000000744b00000, 0x0000000744bfffa0, 0x0000000744c00000| 99%| O|  |TAMS 0x0000000744bfffa0, 0x0000000744b00000| Untracked 
|  76|0x0000000744c00000, 0x0000000744cffff8, 0x0000000744d00000| 99%| O|  |TAMS 0x0000000744cffff8, 0x0000000744c00000| Untracked 
|  77|0x0000000744d00000, 0x0000000744dffff0, 0x0000000744e00000| 99%| O|  |TAMS 0x0000000744dffff0, 0x0000000744d00000| Untracked 
|  78|0x0000000744e00000, 0x0000000744effff8, 0x0000000744f00000| 99%| O|  |TAMS 0x0000000744effff8, 0x0000000744e00000| Untracked 
|  79|0x0000000744f00000, 0x0000000744fffff8, 0x0000000745000000| 99%| O|  |TAMS 0x0000000744fffff8, 0x0000000744f00000| Untracked 
|  80|0x0000000745000000, 0x00000007450ffff0, 0x0000000745100000| 99%| O|  |TAMS 0x00000007450ffff0, 0x0000000745000000| Untracked 
|  81|0x0000000745100000, 0x00000007451fffa8, 0x0000000745200000| 99%| O|  |TAMS 0x00000007451fffa8, 0x0000000745100000| Untracked 
|  82|0x0000000745200000, 0x00000007452fffe8, 0x0000000745300000| 99%| O|  |TAMS 0x00000007452fffe8, 0x0000000745200000| Untracked 
|  83|0x0000000745300000, 0x00000007453fffd8, 0x0000000745400000| 99%| O|  |TAMS 0x00000007453fffd8, 0x0000000745300000| Untracked 
|  84|0x0000000745400000, 0x00000007454ffff0, 0x0000000745500000| 99%| O|  |TAMS 0x00000007454ffff0, 0x0000000745400000| Untracked 
|  85|0x0000000745500000, 0x00000007455fffd8, 0x0000000745600000| 99%| O|  |TAMS 0x00000007455fffd8, 0x0000000745500000| Untracked 
|  86|0x0000000745600000, 0x0000000745700000, 0x0000000745700000|100%| O|  |TAMS 0x0000000745700000, 0x0000000745600000| Untracked 
|  87|0x0000000745700000, 0x00000007457fffd0, 0x0000000745800000| 99%| O|  |TAMS 0x00000007457fffd0, 0x0000000745700000| Untracked 
|  88|0x0000000745800000, 0x00000007458ffff8, 0x0000000745900000| 99%| O|  |TAMS 0x00000007458ffff8, 0x0000000745800000| Untracked 
|  89|0x0000000745900000, 0x00000007459ffff8, 0x0000000745a00000| 99%| O|  |TAMS 0x00000007459ffff8, 0x0000000745900000| Untracked 
|  90|0x0000000745a00000, 0x0000000745afffd0, 0x0000000745b00000| 99%| O|  |TAMS 0x0000000745afffd0, 0x0000000745a00000| Untracked 
|  91|0x0000000745b00000, 0x0000000745c00000, 0x0000000745c00000|100%| O|  |TAMS 0x0000000745c00000, 0x0000000745b00000| Untracked 
|  92|0x0000000745c00000, 0x0000000745cffff0, 0x0000000745d00000| 99%| O|  |TAMS 0x0000000745cffff0, 0x0000000745c00000| Untracked 
|  93|0x0000000745d00000, 0x0000000745dfffe8, 0x0000000745e00000| 99%| O|  |TAMS 0x0000000745dfffe8, 0x0000000745d00000| Untracked 
|  94|0x0000000745e00000, 0x0000000745efffe0, 0x0000000745f00000| 99%| O|  |TAMS 0x0000000745efffe0, 0x0000000745e00000| Untracked 
|  95|0x0000000745f00000, 0x0000000745fffff8, 0x0000000746000000| 99%| O|  |TAMS 0x0000000745fffff8, 0x0000000745f00000| Untracked 
|  96|0x0000000746000000, 0x0000000746100000, 0x0000000746100000|100%| O|  |TAMS 0x0000000746100000, 0x0000000746000000| Untracked 
|  97|0x0000000746100000, 0x00000007461ffff8, 0x0000000746200000| 99%| O|  |TAMS 0x00000007461ffff8, 0x0000000746100000| Untracked 
|  98|0x0000000746200000, 0x0000000746300000, 0x0000000746300000|100%| O|  |TAMS 0x0000000746300000, 0x0000000746200000| Untracked 
|  99|0x0000000746300000, 0x00000007463ffff0, 0x0000000746400000| 99%| O|  |TAMS 0x00000007463ffff0, 0x0000000746300000| Untracked 
| 100|0x0000000746400000, 0x00000007464fff60, 0x0000000746500000| 99%| O|  |TAMS 0x00000007464fff60, 0x0000000746400000| Untracked 
| 101|0x0000000746500000, 0x00000007465ffff8, 0x0000000746600000| 99%| O|  |TAMS 0x00000007465ffff8, 0x0000000746500000| Untracked 
| 102|0x0000000746600000, 0x00000007466ffff8, 0x0000000746700000| 99%| O|  |TAMS 0x00000007466ffff8, 0x0000000746600000| Untracked 
| 103|0x0000000746700000, 0x00000007467ffff8, 0x0000000746800000| 99%| O|  |TAMS 0x00000007467ffff8, 0x0000000746700000| Untracked 
| 104|0x0000000746800000, 0x00000007468fffe8, 0x0000000746900000| 99%| O|  |TAMS 0x00000007468fffe8, 0x0000000746800000| Untracked 
| 105|0x0000000746900000, 0x0000000746a00000, 0x0000000746a00000|100%| O|  |TAMS 0x0000000746a00000, 0x0000000746900000| Untracked 
| 106|0x0000000746a00000, 0x0000000746b00000, 0x0000000746b00000|100%| O|  |TAMS 0x0000000746b00000, 0x0000000746a00000| Untracked 
| 107|0x0000000746b00000, 0x0000000746bffff0, 0x0000000746c00000| 99%| O|  |TAMS 0x0000000746bffff0, 0x0000000746b00000| Untracked 
| 108|0x0000000746c00000, 0x0000000746d00000, 0x0000000746d00000|100%| O|  |TAMS 0x0000000746d00000, 0x0000000746c00000| Untracked 
| 109|0x0000000746d00000, 0x0000000746dffff8, 0x0000000746e00000| 99%| O|  |TAMS 0x0000000746dffff8, 0x0000000746d00000| Untracked 
| 110|0x0000000746e00000, 0x0000000746f00000, 0x0000000746f00000|100%|HS|  |TAMS 0x0000000746f00000, 0x0000000746e00000| Complete 
| 111|0x0000000746f00000, 0x0000000746fffff0, 0x0000000747000000| 99%| O|  |TAMS 0x0000000746fffff0, 0x0000000746f00000| Untracked 
| 112|0x0000000747000000, 0x00000007470ffff8, 0x0000000747100000| 99%| O|  |TAMS 0x00000007470ffff8, 0x0000000747000000| Untracked 
| 113|0x0000000747100000, 0x0000000747200000, 0x0000000747200000|100%| O|  |TAMS 0x0000000747200000, 0x0000000747100000| Untracked 
| 114|0x0000000747200000, 0x00000007472fffe8, 0x0000000747300000| 99%| O|  |TAMS 0x00000007472fffe8, 0x0000000747200000| Untracked 
| 115|0x0000000747300000, 0x00000007473ff328, 0x0000000747400000| 99%| O|  |TAMS 0x00000007473ff328, 0x0000000747300000| Untracked 
| 116|0x0000000747400000, 0x00000007474fffe8, 0x0000000747500000| 99%| O|  |TAMS 0x00000007474fffe8, 0x0000000747400000| Untracked 
| 117|0x0000000747500000, 0x0000000747600000, 0x0000000747600000|100%| O|  |TAMS 0x0000000747600000, 0x0000000747500000| Untracked 
| 118|0x0000000747600000, 0x0000000747700000, 0x0000000747700000|100%| O|  |TAMS 0x0000000747700000, 0x0000000747600000| Untracked 
| 119|0x0000000747700000, 0x00000007477ffff8, 0x0000000747800000| 99%| O|  |TAMS 0x00000007477ffff8, 0x0000000747700000| Untracked 
| 120|0x0000000747800000, 0x00000007478ffff8, 0x0000000747900000| 99%| O|  |TAMS 0x00000007478ffff8, 0x0000000747800000| Untracked 
| 121|0x0000000747900000, 0x00000007479ffff8, 0x0000000747a00000| 99%| O|  |TAMS 0x00000007479ffff8, 0x0000000747900000| Untracked 
| 122|0x0000000747a00000, 0x0000000747affff0, 0x0000000747b00000| 99%| O|  |TAMS 0x0000000747affff0, 0x0000000747a00000| Untracked 
| 123|0x0000000747b00000, 0x0000000747bffff8, 0x0000000747c00000| 99%| O|  |TAMS 0x0000000747bffff8, 0x0000000747b00000| Untracked 
| 124|0x0000000747c00000, 0x0000000747cffd20, 0x0000000747d00000| 99%| O|  |TAMS 0x0000000747cffd20, 0x0000000747c00000| Untracked 
| 125|0x0000000747d00000, 0x0000000747dffff0, 0x0000000747e00000| 99%| O|  |TAMS 0x0000000747dffff0, 0x0000000747d00000| Untracked 
| 126|0x0000000747e00000, 0x0000000747effff8, 0x0000000747f00000| 99%| O|  |TAMS 0x0000000747effff8, 0x0000000747e00000| Untracked 
| 127|0x0000000747f00000, 0x0000000747fff1e0, 0x0000000748000000| 99%| O|  |TAMS 0x0000000747fff1e0, 0x0000000747f00000| Untracked 
| 128|0x0000000748000000, 0x00000007480fffa0, 0x0000000748100000| 99%| O|  |TAMS 0x00000007480fffa0, 0x0000000748000000| Untracked 
| 129|0x0000000748100000, 0x0000000748200000, 0x0000000748200000|100%| O|  |TAMS 0x0000000748200000, 0x0000000748100000| Untracked 
| 130|0x0000000748200000, 0x00000007482ffff8, 0x0000000748300000| 99%| O|  |TAMS 0x00000007482ffff8, 0x0000000748200000| Untracked 
| 131|0x0000000748300000, 0x00000007483ffff0, 0x0000000748400000| 99%| O|  |TAMS 0x00000007483ffff0, 0x0000000748300000| Untracked 
| 132|0x0000000748400000, 0x00000007484ffff8, 0x0000000748500000| 99%| O|  |TAMS 0x00000007484ffff8, 0x0000000748400000| Untracked 
| 133|0x0000000748500000, 0x00000007485ffff0, 0x0000000748600000| 99%| O|  |TAMS 0x00000007485ffff0, 0x0000000748500000| Untracked 
| 134|0x0000000748600000, 0x0000000748700000, 0x0000000748700000|100%| O|  |TAMS 0x0000000748700000, 0x0000000748600000| Untracked 
| 135|0x0000000748700000, 0x00000007487fffb8, 0x0000000748800000| 99%| O|  |TAMS 0x00000007487fffb8, 0x0000000748700000| Untracked 
| 136|0x0000000748800000, 0x00000007488fffe0, 0x0000000748900000| 99%| O|  |TAMS 0x00000007488fffe0, 0x0000000748800000| Untracked 
| 137|0x0000000748900000, 0x00000007489ffff8, 0x0000000748a00000| 99%| O|  |TAMS 0x00000007489ffff8, 0x0000000748900000| Untracked 
| 138|0x0000000748a00000, 0x0000000748afffe8, 0x0000000748b00000| 99%| O|  |TAMS 0x0000000748afffe8, 0x0000000748a00000| Untracked 
| 139|0x0000000748b00000, 0x0000000748bfffe8, 0x0000000748c00000| 99%| O|  |TAMS 0x0000000748bfffe8, 0x0000000748b00000| Untracked 
| 140|0x0000000748c00000, 0x0000000748d00000, 0x0000000748d00000|100%|HS|  |TAMS 0x0000000748d00000, 0x0000000748c00000| Complete 
| 141|0x0000000748d00000, 0x0000000748dea7f0, 0x0000000748e00000| 91%| O|  |TAMS 0x0000000748dea7f0, 0x0000000748d00000| Untracked 
| 142|0x0000000748e00000, 0x0000000748ef9398, 0x0000000748f00000| 97%| O|  |TAMS 0x0000000748ef9398, 0x0000000748e00000| Untracked 
| 143|0x0000000748f00000, 0x0000000749000000, 0x0000000749000000|100%|HS|  |TAMS 0x0000000749000000, 0x0000000748f00000| Untracked 
| 144|0x0000000749000000, 0x00000007490a3990, 0x0000000749100000| 63%| O|  |TAMS 0x00000007490a3990, 0x0000000749000000| Untracked 
| 145|0x0000000749100000, 0x00000007491fc2d0, 0x0000000749200000| 98%| O|  |TAMS 0x00000007491fc2d0, 0x0000000749100000| Untracked 
| 146|0x0000000749200000, 0x0000000749207db8, 0x0000000749300000|  3%| O|  |TAMS 0x0000000749207db8, 0x0000000749200000| Untracked 
| 147|0x0000000749300000, 0x0000000749400000, 0x0000000749400000|100%|HS|  |TAMS 0x0000000749400000, 0x0000000749300000| Complete 
| 148|0x0000000749400000, 0x0000000749500000, 0x0000000749500000|100%| O|  |TAMS 0x0000000749500000, 0x0000000749400000| Untracked 
| 149|0x0000000749500000, 0x0000000749600000, 0x0000000749600000|100%|HS|  |TAMS 0x0000000749600000, 0x0000000749500000| Complete 
| 150|0x0000000749600000, 0x0000000749700000, 0x0000000749700000|100%|HC|  |TAMS 0x0000000749700000, 0x0000000749600000| Complete 
| 151|0x0000000749700000, 0x0000000749800000, 0x0000000749800000|100%| O|  |TAMS 0x0000000749800000, 0x0000000749700000| Untracked 
| 152|0x0000000749800000, 0x0000000749807390, 0x0000000749900000|  2%| O|  |TAMS 0x0000000749807390, 0x0000000749800000| Untracked 
| 153|0x0000000749900000, 0x0000000749a00000, 0x0000000749a00000|100%|HS|  |TAMS 0x0000000749a00000, 0x0000000749900000| Complete 
| 154|0x0000000749a00000, 0x0000000749b00000, 0x0000000749b00000|100%|HS|  |TAMS 0x0000000749b00000, 0x0000000749a00000| Complete 
| 155|0x0000000749b00000, 0x0000000749c00000, 0x0000000749c00000|100%| O|  |TAMS 0x0000000749c00000, 0x0000000749b00000| Untracked 
| 156|0x0000000749c00000, 0x0000000749d00000, 0x0000000749d00000|100%|HS|  |TAMS 0x0000000749d00000, 0x0000000749c00000| Complete 
| 157|0x0000000749d00000, 0x0000000749e00000, 0x0000000749e00000|100%|HC|  |TAMS 0x0000000749e00000, 0x0000000749d00000| Complete 
| 158|0x0000000749e00000, 0x0000000749f00000, 0x0000000749f00000|100%|HS|  |TAMS 0x0000000749f00000, 0x0000000749e00000| Complete 
| 159|0x0000000749f00000, 0x000000074a000000, 0x000000074a000000|100%|HC|  |TAMS 0x000000074a000000, 0x0000000749f00000| Complete 
| 160|0x000000074a000000, 0x000000074a100000, 0x000000074a100000|100%| O|  |TAMS 0x000000074a100000, 0x000000074a000000| Untracked 
| 161|0x000000074a100000, 0x000000074a200000, 0x000000074a200000|100%| O|  |TAMS 0x000000074a200000, 0x000000074a100000| Untracked 
| 162|0x000000074a200000, 0x000000074a300000, 0x000000074a300000|100%|HS|  |TAMS 0x000000074a300000, 0x000000074a200000| Complete 
| 163|0x000000074a300000, 0x000000074a400000, 0x000000074a400000|100%|HC|  |TAMS 0x000000074a400000, 0x000000074a300000| Complete 
| 164|0x000000074a400000, 0x000000074a500000, 0x000000074a500000|100%| O|  |TAMS 0x000000074a500000, 0x000000074a400000| Untracked 
| 165|0x000000074a500000, 0x000000074a600000, 0x000000074a600000|100%| O|  |TAMS 0x000000074a600000, 0x000000074a500000| Untracked 
| 166|0x000000074a600000, 0x000000074a65f000, 0x000000074a700000| 37%| O|  |TAMS 0x000000074a65f000, 0x000000074a600000| Untracked 
| 167|0x000000074a700000, 0x000000074a800000, 0x000000074a800000|100%|HS|  |TAMS 0x000000074a800000, 0x000000074a700000| Complete 
| 168|0x000000074a800000, 0x000000074a900000, 0x000000074a900000|100%|HC|  |TAMS 0x000000074a900000, 0x000000074a800000| Complete 
| 169|0x000000074a900000, 0x000000074aa00000, 0x000000074aa00000|100%|HS|  |TAMS 0x000000074a900000, 0x000000074a900000| Complete 
| 170|0x000000074aa00000, 0x000000074ab00000, 0x000000074ab00000|100%|HS|  |TAMS 0x000000074aa00000, 0x000000074aa00000| Complete 
| 171|0x000000074ab00000, 0x000000074ac00000, 0x000000074ac00000|100%|HS|  |TAMS 0x000000074ab00000, 0x000000074ab00000| Complete 
| 172|0x000000074ac00000, 0x000000074ad00000, 0x000000074ad00000|100%|HS|  |TAMS 0x000000074ad00000, 0x000000074ac00000| Complete 
| 173|0x000000074ad00000, 0x000000074ae00000, 0x000000074ae00000|100%|HC|  |TAMS 0x000000074ae00000, 0x000000074ad00000| Complete 
| 174|0x000000074ae00000, 0x000000074af00000, 0x000000074af00000|100%|HS|  |TAMS 0x000000074ae00000, 0x000000074ae00000| Complete 
| 175|0x000000074af00000, 0x000000074b000000, 0x000000074b000000|100%|HC|  |TAMS 0x000000074af00000, 0x000000074af00000| Complete 
| 176|0x000000074b000000, 0x000000074b100000, 0x000000074b100000|100%|HS|  |TAMS 0x000000074b000000, 0x000000074b000000| Complete 
| 177|0x000000074b100000, 0x000000074b200000, 0x000000074b200000|100%|HS|  |TAMS 0x000000074b200000, 0x000000074b100000| Complete 
| 178|0x000000074b200000, 0x000000074b300000, 0x000000074b300000|100%|HC|  |TAMS 0x000000074b300000, 0x000000074b200000| Complete 
| 179|0x000000074b300000, 0x000000074b400000, 0x000000074b400000|100%|HS|  |TAMS 0x000000074b300000, 0x000000074b300000| Complete 
| 180|0x000000074b400000, 0x000000074b500000, 0x000000074b500000|100%| O|  |TAMS 0x000000074b500000, 0x000000074b400000| Untracked 
| 181|0x000000074b500000, 0x000000074b600000, 0x000000074b600000|100%| O|  |TAMS 0x000000074b600000, 0x000000074b500000| Untracked 
| 182|0x000000074b600000, 0x000000074b700000, 0x000000074b700000|100%|HS|  |TAMS 0x000000074b600000, 0x000000074b600000| Complete 
| 183|0x000000074b700000, 0x000000074b800000, 0x000000074b800000|100%|HC|  |TAMS 0x000000074b700000, 0x000000074b700000| Complete 
| 184|0x000000074b800000, 0x000000074b900000, 0x000000074b900000|100%|HS|  |TAMS 0x000000074b800000, 0x000000074b800000| Complete 
| 185|0x000000074b900000, 0x000000074b900000, 0x000000074ba00000|  0%| F|  |TAMS 0x000000074b900000, 0x000000074b900000| Untracked 
| 186|0x000000074ba00000, 0x000000074ba00000, 0x000000074bb00000|  0%| F|  |TAMS 0x000000074ba00000, 0x000000074ba00000| Untracked 
| 187|0x000000074bb00000, 0x000000074bb00000, 0x000000074bc00000|  0%| F|  |TAMS 0x000000074bb00000, 0x000000074bb00000| Untracked 
| 188|0x000000074bc00000, 0x000000074bc00000, 0x000000074bd00000|  0%| F|  |TAMS 0x000000074bc00000, 0x000000074bc00000| Untracked 
| 189|0x000000074bd00000, 0x000000074bd00000, 0x000000074be00000|  0%| F|  |TAMS 0x000000074bd00000, 0x000000074bd00000| Untracked 
| 190|0x000000074be00000, 0x000000074be00000, 0x000000074bf00000|  0%| F|  |TAMS 0x000000074be00000, 0x000000074be00000| Untracked 
| 191|0x000000074bf00000, 0x000000074bf00000, 0x000000074c000000|  0%| F|  |TAMS 0x000000074bf00000, 0x000000074bf00000| Untracked 
| 192|0x000000074c000000, 0x000000074c000000, 0x000000074c100000|  0%| F|  |TAMS 0x000000074c000000, 0x000000074c000000| Untracked 
| 193|0x000000074c100000, 0x000000074c100000, 0x000000074c200000|  0%| F|  |TAMS 0x000000074c100000, 0x000000074c100000| Untracked 
| 194|0x000000074c200000, 0x000000074c200000, 0x000000074c300000|  0%| F|  |TAMS 0x000000074c200000, 0x000000074c200000| Untracked 
| 195|0x000000074c300000, 0x000000074c300000, 0x000000074c400000|  0%| F|  |TAMS 0x000000074c300000, 0x000000074c300000| Untracked 
| 196|0x000000074c400000, 0x000000074c400000, 0x000000074c500000|  0%| F|  |TAMS 0x000000074c400000, 0x000000074c400000| Untracked 
| 197|0x000000074c500000, 0x000000074c500000, 0x000000074c600000|  0%| F|  |TAMS 0x000000074c500000, 0x000000074c500000| Untracked 
| 198|0x000000074c600000, 0x000000074c600000, 0x000000074c700000|  0%| F|  |TAMS 0x000000074c600000, 0x000000074c600000| Untracked 
| 199|0x000000074c700000, 0x000000074c700000, 0x000000074c800000|  0%| F|  |TAMS 0x000000074c700000, 0x000000074c700000| Untracked 
| 200|0x000000074c800000, 0x000000074c800000, 0x000000074c900000|  0%| F|  |TAMS 0x000000074c800000, 0x000000074c800000| Untracked 
| 201|0x000000074c900000, 0x000000074c900000, 0x000000074ca00000|  0%| F|  |TAMS 0x000000074c900000, 0x000000074c900000| Untracked 
| 202|0x000000074ca00000, 0x000000074ca00000, 0x000000074cb00000|  0%| F|  |TAMS 0x000000074ca00000, 0x000000074ca00000| Untracked 
| 203|0x000000074cb00000, 0x000000074cb00000, 0x000000074cc00000|  0%| F|  |TAMS 0x000000074cb00000, 0x000000074cb00000| Untracked 
| 204|0x000000074cc00000, 0x000000074cc00000, 0x000000074cd00000|  0%| F|  |TAMS 0x000000074cc00000, 0x000000074cc00000| Untracked 
| 205|0x000000074cd00000, 0x000000074cd00000, 0x000000074ce00000|  0%| F|  |TAMS 0x000000074cd00000, 0x000000074cd00000| Untracked 
| 206|0x000000074ce00000, 0x000000074ce00000, 0x000000074cf00000|  0%| F|  |TAMS 0x000000074ce00000, 0x000000074ce00000| Untracked 
| 207|0x000000074cf00000, 0x000000074cf00000, 0x000000074d000000|  0%| F|  |TAMS 0x000000074cf00000, 0x000000074cf00000| Untracked 
| 208|0x000000074d000000, 0x000000074d000000, 0x000000074d100000|  0%| F|  |TAMS 0x000000074d000000, 0x000000074d000000| Untracked 
| 209|0x000000074d100000, 0x000000074d100000, 0x000000074d200000|  0%| F|  |TAMS 0x000000074d100000, 0x000000074d100000| Untracked 
| 210|0x000000074d200000, 0x000000074d200000, 0x000000074d300000|  0%| F|  |TAMS 0x000000074d200000, 0x000000074d200000| Untracked 
| 211|0x000000074d300000, 0x000000074d300000, 0x000000074d400000|  0%| F|  |TAMS 0x000000074d300000, 0x000000074d300000| Untracked 
| 212|0x000000074d400000, 0x000000074d400000, 0x000000074d500000|  0%| F|  |TAMS 0x000000074d400000, 0x000000074d400000| Untracked 
| 213|0x000000074d500000, 0x000000074d560c20, 0x000000074d600000| 37%| E|  |TAMS 0x000000074d500000, 0x000000074d500000| Complete 
| 214|0x000000074d600000, 0x000000074d700000, 0x000000074d700000|100%| E|CS|TAMS 0x000000074d600000, 0x000000074d600000| Complete 
| 215|0x000000074d700000, 0x000000074d800000, 0x000000074d800000|100%| E|CS|TAMS 0x000000074d700000, 0x000000074d700000| Complete 
| 216|0x000000074d800000, 0x000000074d900000, 0x000000074d900000|100%| E|CS|TAMS 0x000000074d800000, 0x000000074d800000| Complete 
| 217|0x000000074d900000, 0x000000074da00000, 0x000000074da00000|100%| E|CS|TAMS 0x000000074d900000, 0x000000074d900000| Complete 
| 218|0x000000074da00000, 0x000000074db00000, 0x000000074db00000|100%| E|CS|TAMS 0x000000074da00000, 0x000000074da00000| Complete 
| 219|0x000000074db00000, 0x000000074dc00000, 0x000000074dc00000|100%| E|CS|TAMS 0x000000074db00000, 0x000000074db00000| Complete 
| 220|0x000000074dc00000, 0x000000074dd00000, 0x000000074dd00000|100%| E|CS|TAMS 0x000000074dc00000, 0x000000074dc00000| Complete 
| 221|0x000000074dd00000, 0x000000074de00000, 0x000000074de00000|100%| E|CS|TAMS 0x000000074dd00000, 0x000000074dd00000| Complete 
| 222|0x000000074de00000, 0x000000074df00000, 0x000000074df00000|100%| E|CS|TAMS 0x000000074de00000, 0x000000074de00000| Complete 
| 223|0x000000074df00000, 0x000000074e000000, 0x000000074e000000|100%| E|CS|TAMS 0x000000074df00000, 0x000000074df00000| Complete 
| 224|0x000000074e000000, 0x000000074e100000, 0x000000074e100000|100%| E|CS|TAMS 0x000000074e000000, 0x000000074e000000| Complete 
| 225|0x000000074e100000, 0x000000074e200000, 0x000000074e200000|100%| E|CS|TAMS 0x000000074e100000, 0x000000074e100000| Complete 
| 226|0x000000074e200000, 0x000000074e300000, 0x000000074e300000|100%| E|CS|TAMS 0x000000074e200000, 0x000000074e200000| Complete 
| 227|0x000000074e300000, 0x000000074e400000, 0x000000074e400000|100%| E|CS|TAMS 0x000000074e300000, 0x000000074e300000| Complete 
| 228|0x000000074e400000, 0x000000074e500000, 0x000000074e500000|100%| E|CS|TAMS 0x000000074e400000, 0x000000074e400000| Complete 
| 229|0x000000074e500000, 0x000000074e600000, 0x000000074e600000|100%| E|CS|TAMS 0x000000074e500000, 0x000000074e500000| Complete 
| 230|0x000000074e600000, 0x000000074e700000, 0x000000074e700000|100%| E|CS|TAMS 0x000000074e600000, 0x000000074e600000| Complete 
| 231|0x000000074e700000, 0x000000074e800000, 0x000000074e800000|100%| E|CS|TAMS 0x000000074e700000, 0x000000074e700000| Complete 
| 232|0x000000074e800000, 0x000000074e900000, 0x000000074e900000|100%| E|CS|TAMS 0x000000074e800000, 0x000000074e800000| Complete 
| 233|0x000000074e900000, 0x000000074ea00000, 0x000000074ea00000|100%| E|CS|TAMS 0x000000074e900000, 0x000000074e900000| Complete 
| 234|0x000000074ea00000, 0x000000074eb00000, 0x000000074eb00000|100%| E|CS|TAMS 0x000000074ea00000, 0x000000074ea00000| Complete 
| 235|0x000000074eb00000, 0x000000074ec00000, 0x000000074ec00000|100%| E|CS|TAMS 0x000000074eb00000, 0x000000074eb00000| Complete 
| 236|0x000000074ec00000, 0x000000074ed00000, 0x000000074ed00000|100%| E|CS|TAMS 0x000000074ec00000, 0x000000074ec00000| Complete 
| 237|0x000000074ed00000, 0x000000074ee00000, 0x000000074ee00000|100%| E|CS|TAMS 0x000000074ed00000, 0x000000074ed00000| Complete 
| 238|0x000000074ee00000, 0x000000074ef00000, 0x000000074ef00000|100%| E|CS|TAMS 0x000000074ee00000, 0x000000074ee00000| Complete 
| 239|0x000000074ef00000, 0x000000074f000000, 0x000000074f000000|100%| E|CS|TAMS 0x000000074ef00000, 0x000000074ef00000| Complete 
| 240|0x000000074f000000, 0x000000074f100000, 0x000000074f100000|100%| E|CS|TAMS 0x000000074f000000, 0x000000074f000000| Complete 
| 241|0x000000074f100000, 0x000000074f16eda8, 0x000000074f200000| 43%| S|CS|TAMS 0x000000074f100000, 0x000000074f100000| Complete 
| 242|0x000000074f200000, 0x000000074f300000, 0x000000074f300000|100%| S|CS|TAMS 0x000000074f200000, 0x000000074f200000| Complete 
| 243|0x000000074f300000, 0x000000074f400000, 0x000000074f400000|100%| E|CS|TAMS 0x000000074f300000, 0x000000074f300000| Complete 
| 244|0x000000074f400000, 0x000000074f500000, 0x000000074f500000|100%| E|CS|TAMS 0x000000074f400000, 0x000000074f400000| Complete 
| 245|0x000000074f500000, 0x000000074f600000, 0x000000074f600000|100%| E|CS|TAMS 0x000000074f500000, 0x000000074f500000| Complete 
| 246|0x000000074f600000, 0x000000074f700000, 0x000000074f700000|100%| E|  |TAMS 0x000000074f600000, 0x000000074f600000| Complete 
| 247|0x000000074f700000, 0x000000074f800000, 0x000000074f800000|100%| E|CS|TAMS 0x000000074f700000, 0x000000074f700000| Complete 
| 248|0x000000074f800000, 0x000000074f900000, 0x000000074f900000|100%| E|CS|TAMS 0x000000074f800000, 0x000000074f800000| Complete 
| 249|0x000000074f900000, 0x000000074fa00000, 0x000000074fa00000|100%| E|CS|TAMS 0x000000074f900000, 0x000000074f900000| Complete 
| 250|0x000000074fa00000, 0x000000074fb00000, 0x000000074fb00000|100%| E|CS|TAMS 0x000000074fa00000, 0x000000074fa00000| Complete 
| 251|0x000000074fb00000, 0x000000074fc00000, 0x000000074fc00000|100%| E|CS|TAMS 0x000000074fb00000, 0x000000074fb00000| Complete 
| 252|0x000000074fc00000, 0x000000074fd00000, 0x000000074fd00000|100%| E|CS|TAMS 0x000000074fc00000, 0x000000074fc00000| Complete 
| 253|0x000000074fd00000, 0x000000074fe00000, 0x000000074fe00000|100%| E|CS|TAMS 0x000000074fd00000, 0x000000074fd00000| Complete 
| 254|0x000000074fe00000, 0x000000074ff00000, 0x000000074ff00000|100%| E|CS|TAMS 0x000000074fe00000, 0x000000074fe00000| Complete 
| 255|0x000000074ff00000, 0x0000000750000000, 0x0000000750000000|100%| E|CS|TAMS 0x000000074ff00000, 0x000000074ff00000| Complete 
| 256|0x0000000750000000, 0x0000000750100000, 0x0000000750100000|100%| E|CS|TAMS 0x0000000750000000, 0x0000000750000000| Complete 
| 257|0x0000000750100000, 0x0000000750200000, 0x0000000750200000|100%| E|CS|TAMS 0x0000000750100000, 0x0000000750100000| Complete 
| 258|0x0000000750200000, 0x0000000750300000, 0x0000000750300000|100%| E|CS|TAMS 0x0000000750200000, 0x0000000750200000| Complete 

Card table byte_map: [0x0000025994eb0000,0x00000259954b0000] _byte_map_base: 0x00000259914b0000

Marking Bits (Prev, Next): (CMBitMap*) 0x00000259b1ae0858, (CMBitMap*) 0x00000259b1ae0890
 Prev Bits: [0x00000259b4b10000, 0x00000259b7b10000)
 Next Bits: [0x00000259b7b10000, 0x00000259bab10000)

Polling page: 0x000002598ed20000

Metaspace:

Usage:
  Non-class:    104.16 MB capacity,   103.07 MB ( 99%) used,   825.43 KB ( <1%) free+waste,   285.63 KB ( <1%) overhead. 
      Class:     16.63 MB capacity,    15.83 MB ( 95%) used,   689.70 KB (  4%) free+waste,   126.81 KB ( <1%) overhead. 
       Both:    120.78 MB capacity,   118.90 MB ( 98%) used,     1.48 MB (  1%) free+waste,   412.44 KB ( <1%) overhead. 

Virtual space:
  Non-class space:      108.00 MB reserved,     106.20 MB ( 98%) committed 
      Class space:        1.00 GB reserved,      17.63 MB (  2%) committed 
             Both:        1.11 GB reserved,     123.82 MB ( 11%) committed 

Chunk freelists:
   Non-Class:  244.88 KB
       Class:  127.75 KB
        Both:  372.63 KB

CodeHeap 'non-profiled nmethods': size=120000Kb used=29091Kb max_used=29458Kb free=90908Kb
 bounds [0x00000259a8820000, 0x00000259aa4f0000, 0x00000259afd50000]
CodeHeap 'profiled nmethods': size=120000Kb used=51605Kb max_used=53014Kb free=68394Kb
 bounds [0x00000259a12f0000, 0x00000259a4720000, 0x00000259a8820000]
CodeHeap 'non-nmethods': size=5760Kb used=1760Kb max_used=1817Kb free=3999Kb
 bounds [0x00000259a0d50000, 0x00000259a0fc0000, 0x00000259a12f0000]
 total_blobs=43493 nmethods=22409 adapters=1255
 compilation: enabled
              stopped_count=0, restarted_count=0
 full_count=0

Compilation events (10 events):
Event: 3515.231 Thread 0x00000259d5956000 nmethod 29734 0x00000259a1eaca90 code [0x00000259a1eacc40, 0x00000259a1eacdd0]
Event: 3515.232 Thread 0x00000259d5956000 29735       3       com.jidesoft.editor.LazyLoadDocument::a (22 bytes)
Event: 3515.232 Thread 0x00000259d5956000 nmethod 29735 0x00000259a1ec5c10 code [0x00000259a1ec5de0, 0x00000259a1ec6038]
Event: 3515.233 Thread 0x00000259d5956000 29736       3       com.jidesoft.editor.LazyLoadDocument::getText (116 bytes)
Event: 3515.233 Thread 0x00000259c3ad0000 nmethod 29723% 0x00000259a9bc2c90 code [0x00000259a9bc2f00, 0x00000259a9bc3c70]
Event: 3515.233 Thread 0x00000259c3ad0000 29717   !   4       com.jidesoft.editor.LazyLoadDocument::a (490 bytes)
Event: 3515.233 Thread 0x00000259c3ad0000 

Event: 3515.233 Thread 0x00000259c3ad0000 29718   !   4       com.jidesoft.editor.LazyLoadDocument::b (363 bytes)
Event: 3515.233 Thread 0x00000259c3ad0000 

Event: 3515.234 Thread 0x00000259d5956000 nmethod 29736 0x00000259a21f1d10 code [0x00000259a21f1f60, 0x00000259a21f29e0]

GC Heap History (10 events):
Event: 3440.522 GC heap before
{Heap before GC invocations=681 (full 52):
 garbage-first heap   total 265216K, used 180981K [0x0000000740000000, 0x0000000800000000)
  region size 1024K, 27 young (27648K), 0 survivors (0K)
 Metaspace       used 121663K, capacity 123605K, committed 126792K, reserved 1159168K
  class space    used 16203K, capacity 17021K, committed 18048K, reserved 1048576K
}
Event: 3440.665 GC heap after
{Heap after GC invocations=682 (full 53):
 garbage-first heap   total 265216K, used 154068K [0x0000000740000000, 0x0000000800000000)
  region size 1024K, 0 young (0K), 0 survivors (0K)
 Metaspace       used 121663K, capacity 123605K, committed 126792K, reserved 1159168K
  class space    used 16203K, capacity 17021K, committed 18048K, reserved 1048576K
}
Event: 3470.278 GC heap before
{Heap before GC invocations=682 (full 53):
 garbage-first heap   total 265216K, used 180692K [0x0000000740000000, 0x0000000800000000)
  region size 1024K, 27 young (27648K), 0 survivors (0K)
 Metaspace       used 121664K, capacity 123605K, committed 126792K, reserved 1159168K
  class space    used 16203K, capacity 17021K, committed 18048K, reserved 1048576K
}
Event: 3470.395 GC heap after
{Heap after GC invocations=683 (full 54):
 garbage-first heap   total 265216K, used 154066K [0x0000000740000000, 0x0000000800000000)
  region size 1024K, 0 young (0K), 0 survivors (0K)
 Metaspace       used 121664K, capacity 123605K, committed 126792K, reserved 1159168K
  class space    used 16203K, capacity 17021K, committed 18048K, reserved 1048576K
}
Event: 3500.337 GC heap before
{Heap before GC invocations=683 (full 54):
 garbage-first heap   total 265216K, used 180690K [0x0000000740000000, 0x0000000800000000)
  region size 1024K, 27 young (27648K), 0 survivors (0K)
 Metaspace       used 121664K, capacity 123605K, committed 126792K, reserved 1159168K
  class space    used 16203K, capacity 17021K, committed 18048K, reserved 1048576K
}
Event: 3500.434 GC heap after
{Heap after GC invocations=684 (full 55):
 garbage-first heap   total 265216K, used 154067K [0x0000000740000000, 0x0000000800000000)
  region size 1024K, 0 young (0K), 0 survivors (0K)
 Metaspace       used 121664K, capacity 123605K, committed 126792K, reserved 1159168K
  class space    used 16203K, capacity 17021K, committed 18048K, reserved 1048576K
}
Event: 3515.002 GC heap before
{Heap before GC invocations=684 (full 55):
 garbage-first heap   total 265216K, used 180691K [0x0000000740000000, 0x0000000800000000)
  region size 1024K, 28 young (28672K), 0 survivors (0K)
 Metaspace       used 121761K, capacity 123735K, committed 126792K, reserved 1159168K
  class space    used 16216K, capacity 17043K, committed 18048K, reserved 1048576K
}
Event: 3515.010 GC heap after
{Heap after GC invocations=685 (full 55):
 garbage-first heap   total 265216K, used 158378K [0x0000000740000000, 0x0000000800000000)
  region size 1024K, 5 young (5120K), 5 survivors (5120K)
 Metaspace       used 121761K, capacity 123735K, committed 126792K, reserved 1159168K
  class space    used 16216K, capacity 17043K, committed 18048K, reserved 1048576K
}
Event: 3515.212 GC heap before
{Heap before GC invocations=685 (full 55):
 garbage-first heap   total 265216K, used 241322K [0x0000000740000000, 0x0000000800000000)
  region size 1024K, 60 young (61440K), 5 survivors (5120K)
 Metaspace       used 121746K, capacity 123683K, committed 126792K, reserved 1159168K
  class space    used 16209K, capacity 17026K, committed 18048K, reserved 1048576K
}
Event: 3515.220 GC heap after
{Heap after GC invocations=686 (full 55):
 garbage-first heap   total 265216K, used 175930K [0x0000000740000000, 0x0000000800000000)
  region size 1024K, 8 young (8192K), 8 survivors (8192K)
 Metaspace       used 121746K, capacity 123683K, committed 126792K, reserved 1159168K
  class space    used 16209K, capacity 17026K, committed 18048K, reserved 1048576K
}

Deoptimization events (10 events):
Event: 3515.140 Thread 0x00000259bf242000 Uncommon trap: reason=class_check action=maybe_recompile pc=0x00000259aa135e58 method=com.jidesoft.editor.CodeEditor.offsetToModelPosition(I)Lcom/jidesoft/editor/caret/CaretPosition; @ 28 c2
Event: 3515.140 Thread 0x00000259bf242000 Uncommon trap: reason=class_check action=maybe_recompile pc=0x00000259aa40f3d0 method=com.jidesoft.editor.CodeEditor.getVisualLineCount()I @ 17 c2
Event: 3515.143 Thread 0x00000259bf242000 Uncommon trap: reason=unstable_if action=reinterpret pc=0x00000259a993fc34 method=com.jidesoft.swing.JideBoxLayout.layoutContainer(Ljava/awt/Container;)V @ 60 c2
Event: 3515.169 Thread 0x00000259c3ac7000 Uncommon trap: reason=bimorphic_or_optimized_type_check action=maybe_recompile pc=0x00000259a9612994 method=javax.swing.text.AbstractDocument.fireChangedUpdate(Ljavax/swing/event/DocumentEvent;)V @ 39 c2
Event: 3515.175 Thread 0x00000259bf242000 Uncommon trap: reason=speculate_class_check action=maybe_recompile pc=0x00000259aa0c3a18 method=com.jidesoft.margin.AbstractMargin.getPreferredSize()Ljava/awt/Dimension; @ 19 c2
Event: 3515.176 Thread 0x00000259bf242000 Uncommon trap: reason=class_check action=maybe_recompile pc=0x00000259a97d701c method=com.jidesoft.editor.CodeEditor.getText(IILjavax/swing/text/Segment;)V @ 11 c2
Event: 3515.176 Thread 0x00000259bf242000 Uncommon trap: reason=class_check action=maybe_recompile pc=0x00000259a97d701c method=com.jidesoft.editor.CodeEditor.getText(IILjavax/swing/text/Segment;)V @ 11 c2
Event: 3515.176 Thread 0x00000259bf242000 Uncommon trap: reason=class_check action=maybe_recompile pc=0x00000259a97d701c method=com.jidesoft.editor.CodeEditor.getText(IILjavax/swing/text/Segment;)V @ 11 c2
Event: 3515.176 Thread 0x00000259bf242000 Uncommon trap: reason=class_check action=maybe_recompile pc=0x00000259a97d6074 method=com.jidesoft.editor.CodeEditor.getText(IILjavax/swing/text/Segment;)V @ 11 c2
Event: 3515.227 Thread 0x00000259c3acf000 Uncommon trap: reason=unstable_if action=reinterpret pc=0x00000259a9cde3ec method=ui.views.U.a.bM.markTokensImpl(BLjavax/swing/text/Segment;I)B @ 72 c2

Classes redefined (0 events):
No events

Internal exceptions (10 events):
Event: 3464.029 Thread 0x00000259bf242000 Exception <a 'java/io/FileNotFoundException'{0x000000074efe05a8}> (0x000000074efe05a8) thrown at [t:/workspace/open/src/hotspot/share/prims/jni.cpp, line 615]
Event: 3469.029 Thread 0x00000259bf242000 Exception <a 'java/io/FileNotFoundException'{0x000000074ea92488}> (0x000000074ea92488) thrown at [t:/workspace/open/src/hotspot/share/prims/jni.cpp, line 615]
Event: 3474.031 Thread 0x00000259bf242000 Exception <a 'java/io/FileNotFoundException'{0x000000074ff50a98}> (0x000000074ff50a98) thrown at [t:/workspace/open/src/hotspot/share/prims/jni.cpp, line 615]
Event: 3479.032 Thread 0x00000259bf242000 Exception <a 'java/io/FileNotFoundException'{0x000000074fb8ac40}> (0x000000074fb8ac40) thrown at [t:/workspace/open/src/hotspot/share/prims/jni.cpp, line 615]
Event: 3484.032 Thread 0x00000259bf242000 Exception <a 'java/io/FileNotFoundException'{0x000000074f7bed10}> (0x000000074f7bed10) thrown at [t:/workspace/open/src/hotspot/share/prims/jni.cpp, line 615]
Event: 3489.034 Thread 0x00000259bf242000 Exception <a 'java/io/FileNotFoundException'{0x000000074f27d730}> (0x000000074f27d730) thrown at [t:/workspace/open/src/hotspot/share/prims/jni.cpp, line 615]
Event: 3494.036 Thread 0x00000259bf242000 Exception <a 'java/io/FileNotFoundException'{0x000000074eeaca80}> (0x000000074eeaca80) thrown at [t:/workspace/open/src/hotspot/share/prims/jni.cpp, line 615]
Event: 3499.037 Thread 0x00000259bf242000 Exception <a 'java/io/FileNotFoundException'{0x000000074ead1cd0}> (0x000000074ead1cd0) thrown at [t:/workspace/open/src/hotspot/share/prims/jni.cpp, line 615]
Event: 3504.050 Thread 0x00000259bf242000 Exception <a 'java/io/FileNotFoundException'{0x000000074ff4fd78}> (0x000000074ff4fd78) thrown at [t:/workspace/open/src/hotspot/share/prims/jni.cpp, line 615]
Event: 3509.051 Thread 0x00000259bf242000 Exception <a 'java/io/FileNotFoundException'{0x000000074fb88ae8}> (0x000000074fb88ae8) thrown at [t:/workspace/open/src/hotspot/share/prims/jni.cpp, line 615]

Events (10 events):
Event: 3515.204 Executing VM operation: ICBufferFull done
Event: 3515.211 Executing VM operation: G1CollectForAllocation
Event: 3515.220 Executing VM operation: G1CollectForAllocation done
Event: 3515.225 Executing VM operation: RevokeBias
Event: 3515.226 Executing VM operation: RevokeBias done
Event: 3515.227 Thread 0x00000259c3acf000 Uncommon trap: trap_request=0xffffff4d fr.pc=0x00000259a9cde3ec relative=0x000000000000136c
Event: 3515.227 Thread 0x00000259c3acf000 DEOPT PACKING pc=0x00000259a9cde3ec sp=0x00000092eeaff200
Event: 3515.227 Thread 0x00000259c3acf000 DEOPT UNPACKING pc=0x00000259a0d5802f sp=0x00000092eeaff198 mode 2
Event: 3515.234 Executing VM operation: ICBufferFull
Event: 3515.234 Executing VM operation: ICBufferFull done


Dynamic libraries:
0x00007ff67a9c0000 - 0x00007ff67a9f1000 	D:\Xilinx\Vivado\2021.1\bin\unwrapped\win64.o\vivado.exe
0x00007ff8b4690000 - 0x00007ff8b4888000 	C:\windows\SYSTEM32\ntdll.dll
0x00007ff8b3330000 - 0x00007ff8b33ed000 	C:\windows\System32\KERNEL32.DLL
0x00007ff8b1fe0000 - 0x00007ff8b22ae000 	C:\windows\System32\KERNELBASE.dll
0x00007ff8b2330000 - 0x00007ff8b2430000 	C:\windows\System32\ucrtbase.dll
0x00007ff84c4c0000 - 0x00007ff84c54e000 	C:\windows\SYSTEM32\MSVCP140.dll
0x00007ff894420000 - 0x00007ff89443b000 	C:\windows\SYSTEM32\VCRUNTIME140.dll
0x00007ff84fce0000 - 0x00007ff84fcec000 	C:\windows\SYSTEM32\VCRUNTIME140_1.dll
0x00007ff8ac2f0000 - 0x00007ff8ac308000 	D:\Xilinx\Vivado\2021.1\lib\win64.o\librdi_commonmain.dll
0x00007ff8ace70000 - 0x00007ff8ace79000 	D:\Xilinx\Vivado\2021.1\lib\win64.o\librdi_commonversion.dll
0x00007ff8aa600000 - 0x00007ff8aa621000 	D:\Xilinx\Vivado\2021.1\lib\win64.o\libboost_filesystem.dll
0x00007ff891660000 - 0x00007ff8917fc000 	D:\Xilinx\Vivado\2021.1\lib\win64.o\librdi_commonxillic.dll
0x00007ff8b2870000 - 0x00007ff8b291e000 	C:\windows\System32\ADVAPI32.dll
0x00007ff8b3130000 - 0x00007ff8b32d0000 	C:\windows\System32\USER32.dll
0x00007ff8b4110000 - 0x00007ff8b41ae000 	C:\windows\System32\msvcrt.dll
0x00007ff8b22b0000 - 0x00007ff8b22d2000 	C:\windows\System32\win32u.dll
0x00007ff8b3090000 - 0x00007ff8b312c000 	C:\windows\System32\sechost.dll
0x00007ff8b3700000 - 0x00007ff8b372a000 	C:\windows\System32\GDI32.dll
0x00007ff8b3730000 - 0x00007ff8b3855000 	C:\windows\System32\RPCRT4.dll
0x00007ff8b2530000 - 0x00007ff8b263b000 	C:\windows\System32\gdi32full.dll
0x00007ff8b1f10000 - 0x00007ff8b1fad000 	C:\windows\System32\msvcp_win.dll
0x00007ff8b3e00000 - 0x00007ff8b3e6b000 	C:\windows\System32\WS2_32.dll
0x00007ff8b1fb0000 - 0x00007ff8b1fd7000 	C:\windows\System32\bcrypt.dll
0x000000006f0d0000 - 0x000000006f1fb000 	D:\Xilinx\Vivado\2021.1\lib\win64.o\tcl85t.dll
0x00007ff88a3b0000 - 0x00007ff88a6c6000 	D:\Xilinx\Vivado\2021.1\lib\win64.o\libXil_lmgr11.dll
0x00007ff8b2700000 - 0x00007ff8b27da000 	C:\windows\System32\COMDLG32.dll
0x00007ff8b42c0000 - 0x00007ff8b4614000 	C:\windows\System32\combase.dll
0x00007ff8b4210000 - 0x00007ff8b42bd000 	C:\windows\System32\shcore.dll
0x00007ff8b3400000 - 0x00007ff8b3455000 	C:\windows\System32\SHLWAPI.dll
0x00007ff8b2940000 - 0x00007ff8b3083000 	C:\windows\System32\SHELL32.dll
0x00007ff8b3460000 - 0x00007ff8b352d000 	C:\windows\System32\OLEAUT32.dll
0x00007ff8b3cd0000 - 0x00007ff8b3dfa000 	C:\windows\System32\ole32.dll
0x00007ff8b24c0000 - 0x00007ff8b2529000 	C:\windows\System32\WINTRUST.dll
0x00007ff8b1db0000 - 0x00007ff8b1f06000 	C:\windows\System32\CRYPT32.dll
0x00007ff88a290000 - 0x00007ff88a3a4000 	D:\Xilinx\Vivado\2021.1\lib\win64.o\libboost_regex.dll
0x00007ff86ff70000 - 0x00007ff870f11200 	D:\Xilinx\Vivado\2021.1\lib\win64.o\libisl_iostreams.dll
0x00007ff895c20000 - 0x00007ff895c39000 	C:\windows\SYSTEM32\NETAPI32.dll
0x00007ff895d00000 - 0x00007ff895db0000 	C:\windows\WinSxS\amd64_microsoft.windows.common-controls_6595b64144ccf1df_5.82.19041.1110_none_792d1c772443f647\COMCTL32.dll
0x00007ff890a20000 - 0x00007ff890a29000 	C:\windows\SYSTEM32\WSOCK32.dll
0x00007ff8aaaa0000 - 0x00007ff8aaabd000 	C:\windows\SYSTEM32\dhcpcsvc.DLL
0x00007ff8b1c70000 - 0x00007ff8b1c9e000 	C:\windows\SYSTEM32\USERENV.dll
0x00007ff8aaf50000 - 0x00007ff8aaf61000 	D:\Xilinx\Vivado\2021.1\lib\win64.o\libboost_date_time.dll
0x00007ff8aa5d0000 - 0x00007ff8aa5e8000 	D:\Xilinx\Vivado\2021.1\lib\win64.o\libboost_iostreams.dll
0x00007ff86ecc0000 - 0x00007ff86ff6a000 	D:\Xilinx\Vivado\2021.1\lib\win64.o\librdi_common.dll
0x00007ff896b90000 - 0x00007ff896baa000 	D:\Xilinx\Vivado\2021.1\lib\win64.o\pthreadVC2.dll
0x00007ff891c70000 - 0x00007ff891c91000 	D:\Xilinx\Vivado\2021.1\lib\win64.o\librdizlib.dll
0x00007ff8901a0000 - 0x00007ff8901bc000 	D:\Xilinx\Vivado\2021.1\lib\win64.o\libboost_thread.dll
0x00007ff88d1d0000 - 0x00007ff88d1f4000 	D:\Xilinx\Vivado\2021.1\lib\win64.o\libisl_iosutils.dll
0x00007ff87c230000 - 0x00007ff87c59e000 	D:\Xilinx\Vivado\2021.1\lib\win64.o\libCOIN-all.dll
0x00007ff88d150000 - 0x00007ff88d1c9000 	D:\Xilinx\Vivado\2021.1\lib\win64.o\libboost_program_options.dll
0x00007ff8ac730000 - 0x00007ff8ac73c000 	D:\Xilinx\Vivado\2021.1\lib\win64.o\libboost_xilinx.dll
0x00007ff88cf70000 - 0x00007ff88cf9a000 	D:\Xilinx\Vivado\2021.1\lib\win64.o\libisl_sysinfo.dll
0x00007ff886b50000 - 0x00007ff886bf5000 	D:\Xilinx\Vivado\2021.1\lib\win64.o\libhdxml.dll
0x00007ff88cee0000 - 0x00007ff88cf62000 	D:\Xilinx\Vivado\2021.1\lib\win64.o\libhdlpsolve.dll
0x00007ff894a80000 - 0x00007ff894f56000 	C:\windows\SYSTEM32\WININET.dll
0x00007ff8ac600000 - 0x00007ff8ac70a000 	C:\windows\SYSTEM32\WINHTTP.dll
0x00007ff8972e0000 - 0x00007ff8974cc000 	C:\windows\SYSTEM32\urlmon.dll
0x00007ff88cdd0000 - 0x00007ff88cdec000 	D:\Xilinx\Vivado\2021.1\lib\win64.o\librdiconfig.dll
0x00007ff88a250000 - 0x00007ff88a281000 	C:\windows\SYSTEM32\VCOMP140.DLL
0x00007ff89cc10000 - 0x00007ff89cec1000 	C:\windows\SYSTEM32\iertutil.dll
0x00007ff8972b0000 - 0x00007ff8972d8000 	C:\windows\SYSTEM32\srvcli.dll
0x00007ff8b1370000 - 0x00007ff8b137c000 	C:\windows\SYSTEM32\netutils.dll
0x00007ff888ed0000 - 0x00007ff888f35000 	D:\Xilinx\Vivado\2021.1\lib\win64.o\liblmx6.0.dll
0x00007ff8695b0000 - 0x00007ff86b4c7000 	D:\Xilinx\Vivado\2021.1\lib\win64.o\gurobi90.dll
0x00007ff8b41b0000 - 0x00007ff8b4206000 	C:\windows\System32\WLDAP32.dll
0x00007ff8b33f0000 - 0x00007ff8b33f8000 	C:\windows\System32\Normaliz.dll
0x0000000012000000 - 0x0000000012270000 	D:\Xilinx\Vivado\2021.1\lib\win64.o\xerces-c_3_1.dll
0x00007ff8b1570000 - 0x00007ff8b15da000 	C:\windows\SYSTEM32\MSWSOCK.DLL
0x00007ff8b4620000 - 0x00007ff8b4650000 	C:\windows\System32\IMM32.DLL
0x00007ff8b19a0000 - 0x00007ff8b19b2000 	C:\windows\SYSTEM32\MSASN1.dll
0x00007ff8b0630000 - 0x00007ff8b0642000 	C:\windows\SYSTEM32\kernel.appcore.dll
0x00007ff879ff0000 - 0x00007ff87a523000 	D:\Xilinx\Vivado\2021.1\lib\win64.o\librdi_commontasks.dll
0x00007ff8aaa10000 - 0x00007ff8aaa1a000 	C:\windows\SYSTEM32\VERSION.dll
0x00007ff86e190000 - 0x00007ff86ecb3000 	D:\Xilinx\Vivado\2021.1\tps\win64\jre11.0.2\bin\server\jvm.dll
0x00007ff8b40a0000 - 0x00007ff8b40a8000 	C:\windows\System32\PSAPI.DLL
0x00007ff89d400000 - 0x00007ff89d427000 	C:\windows\SYSTEM32\WINMM.dll
0x00007ff86de70000 - 0x00007ff86e190000 	D:\Xilinx\Vivado\2021.1\lib\win64.o\librdi_sio.dll
0x00007ff8b1210000 - 0x00007ff8b124b000 	C:\windows\SYSTEM32\IPHLPAPI.DLL
0x00007ff8afe80000 - 0x00007ff8b0615000 	C:\windows\SYSTEM32\windows.storage.dll
0x00007ff8b1810000 - 0x00007ff8b1840000 	C:\windows\SYSTEM32\Wldp.dll
0x00007ff866a20000 - 0x00007ff8695b0000 	D:\Xilinx\Vivado\2021.1\lib\win64.o\librdi_tcltasks.dll
0x00007ff886ad0000 - 0x00007ff886b4e000 	D:\Xilinx\Vivado\2021.1\lib\win64.o\librdi_boarddep.dll
0x00007ff866550000 - 0x00007ff866a20000 	D:\Xilinx\Vivado\2021.1\lib\win64.o\librdi_bitstream.dll
0x00007ff87c070000 - 0x00007ff87c228000 	D:\Xilinx\Vivado\2021.1\lib\win64.o\librdi_board.dll
0x00007ff8869d0000 - 0x00007ff886ac7000 	D:\Xilinx\Vivado\2021.1\lib\win64.o\librdi_chipscope.dll
0x00007ff86dc70000 - 0x00007ff86de66000 	D:\Xilinx\Vivado\2021.1\lib\win64.o\librdi_chipscopeimpl.dll
0x00007ff873030000 - 0x00007ff87318f000 	D:\Xilinx\Vivado\2021.1\lib\win64.o\librdi_containers.dll
0x00007ff823840000 - 0x00007ff82565c000 	D:\Xilinx\Vivado\2021.1\lib\win64.o\librdi_designutils.dll
0x00007ff864970000 - 0x00007ff865090000 	D:\Xilinx\Vivado\2021.1\lib\win64.o\librdi_coregenipxact.dll
0x00007ff85a640000 - 0x00007ff85a9a1000 	D:\Xilinx\Vivado\2021.1\lib\win64.o\librdi_dlyest.dll
0x00007ff8231b0000 - 0x00007ff823835000 	D:\Xilinx\Vivado\2021.1\lib\win64.o\librdi_drc.dll
0x00007ff882e80000 - 0x00007ff882f35000 	D:\Xilinx\Vivado\2021.1\lib\win64.o\librdi_dsp.dll
0x00007ff821300000 - 0x00007ff8231a4000 	D:\Xilinx\Vivado\2021.1\lib\win64.o\librdi_constraints.dll
0x00007ff820780000 - 0x00007ff820aa7000 	D:\Xilinx\Vivado\2021.1\lib\win64.o\librdi_guitools.dll
0x00007ff820c80000 - 0x00007ff8212fb000 	D:\Xilinx\Vivado\2021.1\lib\win64.o\librdi_filemgmt.dll
0x00007ff87d870000 - 0x00007ff87d8d9000 	D:\Xilinx\Vivado\2021.1\lib\win64.o\librdi_hdf.dll
0x00007ff85a3b0000 - 0x00007ff85a637000 	D:\Xilinx\Vivado\2021.1\lib\win64.o\librdi_hip_devdesign.dll
0x00007ff86db20000 - 0x00007ff86dc67000 	D:\Xilinx\Vivado\2021.1\lib\win64.o\librdi_hip_perf_analysis.dll
0x00007ff879ee0000 - 0x00007ff879feb000 	D:\Xilinx\Vivado\2021.1\lib\win64.o\librdi_ipconfig_readwrite.dll
0x00007ff81f0f0000 - 0x00007ff82077a000 	D:\Xilinx\Vivado\2021.1\lib\win64.o\librdi_implflow.dll
0x00007fffe4230000 - 0x00007fffffff0000 	D:\Xilinx\Vivado\2021.1\lib\win64.o\librdi_device.dll
0x00007ff87d7f0000 - 0x00007ff87d863000 	D:\Xilinx\Vivado\2021.1\lib\win64.o\librdi_memoryarray.dll
0x00007ff81eaa0000 - 0x00007ff81f0ee000 	D:\Xilinx\Vivado\2021.1\lib\win64.o\librdi_memdata.dll
0x00007ff81e360000 - 0x00007ff81ea98000 	D:\Xilinx\Vivado\2021.1\lib\win64.o\librdi_netlist.dll
0x00007ff87c000000 - 0x00007ff87c070000 	D:\Xilinx\Vivado\2021.1\lib\win64.o\librdi_noc_frameworks.dll
0x00007ff8837d0000 - 0x00007ff883826000 	D:\Xilinx\Vivado\2021.1\lib\win64.o\librdi_pfi.dll
0x00007ff81be60000 - 0x00007ff81e35b000 	D:\Xilinx\Vivado\2021.1\lib\win64.o\librdi_mig.dll
0x00007ff81b5c0000 - 0x00007ff81be5c000 	D:\Xilinx\Vivado\2021.1\lib\win64.o\librdi_power.dll
0x00007ff81b200000 - 0x00007ff81b5b1000 	D:\Xilinx\Vivado\2021.1\lib\win64.o\librdi_platform.dll
0x00007ff818cf0000 - 0x00007ff81b1f9000 	D:\Xilinx\Vivado\2021.1\lib\win64.o\librdi_coregen.dll
0x00007ff818620000 - 0x00007ff818cf0000 	D:\Xilinx\Vivado\2021.1\lib\win64.o\librdi_project.dll
0x00007ff817ef0000 - 0x00007ff818619000 	D:\Xilinx\Vivado\2021.1\lib\win64.o\librdi_psta.dll
0x00007ff817650000 - 0x00007ff817ee5000 	D:\Xilinx\Vivado\2021.1\lib\win64.o\librdi_rsb.dll
0x00007ff8143e0000 - 0x00007ff817645000 	D:\Xilinx\Vivado\2021.1\lib\win64.o\librdi_place.dll
0x00007ff878ba0000 - 0x00007ff878cb5000 	D:\Xilinx\Vivado\2021.1\lib\win64.o\librdi_runsbase.dll
0x00007ff844a80000 - 0x00007ff844cf8000 	D:\Xilinx\Vivado\2021.1\lib\win64.o\librdi_simdata.dll
0x00007ff813ea0000 - 0x00007ff8143d1000 	D:\Xilinx\Vivado\2021.1\lib\win64.o\librdi_runs.dll
0x00007ff879d90000 - 0x00007ff879e37000 	D:\Xilinx\Vivado\2021.1\lib\win64.o\librdi_xhubtasks.dll
0x00007ff813370000 - 0x00007ff813e96000 	D:\Xilinx\Vivado\2021.1\lib\win64.o\librdi_cdoutil.dll
0x00007ff86cc10000 - 0x00007ff86cd24000 	D:\Xilinx\Vivado\2021.1\lib\win64.o\librdi_xhub.dll
0x00007ff8122c0000 - 0x00007ff81336c000 	D:\Xilinx\Vivado\2021.1\lib\win64.o\librdi_timing.dll
0x00007ff8120d0000 - 0x00007ff8122b5000 	D:\Xilinx\Vivado\2021.1\lib\win64.o\librdi_advchipscopeimpl.dll
0x00007ff889700000 - 0x00007ff889744000 	D:\Xilinx\Vivado\2021.1\lib\win64.o\libboost_serialization.dll
0x00007ff811b80000 - 0x00007ff8120c2000 	D:\Xilinx\Vivado\2021.1\lib\win64.o\librdi_xdm.dll
0x00007ff811840000 - 0x00007ff811b73000 	D:\Xilinx\Vivado\2021.1\lib\win64.o\librdi_hip_config.dll
0x00007ff811230000 - 0x00007ff811831000 	D:\Xilinx\Vivado\2021.1\lib\win64.o\librdi_wavedata.dll
0x00007ff871210000 - 0x00007ff87129d000 	D:\Xilinx\Vivado\2021.1\lib\win64.o\treelite_runtime.dll
0x00007ff882e30000 - 0x00007ff882e78000 	D:\Xilinx\Vivado\2021.1\lib\win64.o\librdi_wavedata_SimpleApi.dll

dbghelp: loaded successfully - version: 4.0.5 - missing functions: none
symbol engine: initialized successfully - sym options: 0x614 - pdb path: .;D:\Xilinx\Vivado\2021.1\bin\unwrapped\win64.o;C:\windows\SYSTEM32;D:\Xilinx\Vivado\2021.1\lib\win64.o;C:\windows\WinSxS\amd64_microsoft.windows.common-controls_6595b64144ccf1df_5.82.19041.1110_none_792d1c772443f647;D:\Xilinx\Vivado\2021.1\tps\win64\jre11.0.2\bin\server;D:\Xilinx\Vivado\2021.1\tps\win64\python-3.8.3;D:\Xilinx\Vivado\2021.1\tps\win64\jre11.0.2\bin;C:\windows\WinSxS\amd64_microsoft.windows.common-controls_6595b64144ccf1df_6.0.19041.1110_none_60b5254171f9507e;C:\ProgramData\Microsoft\Windows Defender\Platform\4.18.2207.7-0

VM Arguments:
jvm_args: -Dsun.java2d.pmoffscreen=false -Dhttps.protocols=TLSv1,TLSv1.1,TLSv1.2 -Dsun.java2d.xrender=false -Dsun.java2d.d3d=false -Dsun.awt.nopixfmt=true -Dsun.java2d.dpiaware=true -Dsun.java2d.uiScale.enabled=false -Xverify:none -Dswing.aatext=true -XX:-UsePerfData -Djdk.map.althashing.threshold=512 -XX:StringTableSize=4072 --add-opens=java.base/java.nio=ALL-UNNAMED --add-opens=java.desktop/sun.swing=ALL-UNNAMED --add-opens=java.desktop/javax.swing=ALL-UNNAMED --add-opens=java.desktop/javax.swing.tree=ALL-UNNAMED --add-opens=java.desktop/javax.swing.plaf.basic=ALL-UNNAMED --add-opens=java.desktop/javax.swing.plaf.synth=ALL-UNNAMED --add-opens=java.desktop/com.sun.awt=ALL-UNNAMED -XX:NewSize=60m -XX:MaxNewSize=60m -Xms256m -Xmx3072m -Xss5m 
java_command: <unknown>
java_class_path (initial): D:/Xilinx/Vivado/2021.1\lib\classes\alloy.jar;D:/Xilinx/Vivado/2021.1\lib\classes\autoesl-models.jar;D:/Xilinx/Vivado/2021.1\lib\classes\autopilot.scelaborator.jar;D:/Xilinx/Vivado/2021.1\lib\classes\autopilot.sourceprocessor.jar;D:/Xilinx/Vivado/2021.1\lib\classes\autopilot.tbprocessor.jar;D:/Xilinx/Vivado/2021.1\lib\classes\batik-anim.jar;D:/Xilinx/Vivado/2021.1\lib\classes\batik-awt-util.jar;D:/Xilinx/Vivado/2021.1\lib\classes\batik-bridge.jar;D:/Xilinx/Vivado/2021.1\lib\classes\batik-codec.jar;D:/Xilinx/Vivado/2021.1\lib\classes\batik-css.jar;D:/Xilinx/Vivado/2021.1\lib\classes\batik-dom.jar;D:/Xilinx/Vivado/2021.1\lib\classes\batik-ext.jar;D:/Xilinx/Vivado/2021.1\lib\classes\batik-gui-util.jar;D:/Xilinx/Vivado/2021.1\lib\classes\batik-gvt.jar;D:/Xilinx/Vivado/2021.1\lib\classes\batik-parser.jar;D:/Xilinx/Vivado/2021.1\lib\classes\batik-script.jar;D:/Xilinx/Vivado/2021.1\lib\classes\batik-svg-dom.jar;D:/Xilinx/Vivado/2021.1\lib\classes\batik-svggen.jar;D:/Xilinx/Vivado/2021.1\lib\classes\batik-swing.jar;D:/Xilinx/Vivado/2021.1\lib\classes\batik-transcoder.jar;D:/Xilinx/Vivado/2021.1\lib\classes\batik-util.jar;D:/Xilinx/Vivado/2021.1\lib\classes\batik-xml.jar;D:/Xilinx/Vivado/2021.1\lib\classes\com.google.gson_2.8.2.v20180104-1110.jar;D:/Xilinx/Vivado/2021.1\lib\classes\com.google.guava_27.1.0.v20190517-1946.jar;D:/Xilinx/Vivado/2021.1\lib\classes\com.ibm.icu_4.4.2.v20110208.jar;D:/Xilinx/Vivado/2021.1\lib\classes\com.sigasi.hdt.connection_4.11.0.202105170810.jar;D:/Xilinx/Vivado/2021.1\lib\classes\com.sigasi.hdt.epl_4.11.0.202105170810.jar;D:/Xilinx/Vivado/2021.1\lib\classes\com.sigasi.hdt.project_4.11.0.202105170810.jar;D:/Xilinx/Vivado/2021.1\lib\classes\com.sigasi.hdt.readonlyfilesystem_4.11.0.202105170810.jar;D:/Xilinx/Vivado/2021.1\lib\classes\com.sigasi.hdt.shared_4.11.0.202105170810.jar;D:/Xilinx/Vivado/2021.1\lib\classes\com.sigasi.lcm_4.11.0.202105170810.jar;D:/Xilinx/Vivado/2021.1\lib\classes\com.sigasi.sdk.client_4.11.0.20
Launcher Type: generic

[Global flags]
     bool BytecodeVerificationLocal                = false                                     {product} {command line}
     bool BytecodeVerificationRemote               = false                                     {product} {command line}
     intx CICompilerCount                          = 4                                         {product} {ergonomic}
     uint ConcGCThreads                            = 2                                         {product} {ergonomic}
     uint G1ConcRefinementThreads                  = 8                                         {product} {ergonomic}
   size_t G1HeapRegionSize                         = 1048576                                   {product} {ergonomic}
    uintx GCDrainStackTargetSize                   = 64                                        {product} {ergonomic}
   size_t InitialHeapSize                          = 268435456                                 {product} {command line}
   size_t MarkStackSize                            = 4194304                                   {product} {ergonomic}
   size_t MaxHeapSize                              = 3221225472                                {product} {command line}
   size_t MaxNewSize                               = 62914560                                  {product} {command line}
   size_t MinHeapDeltaBytes                        = 1048576                                   {product} {ergonomic}
   size_t NewSize                                  = 62914560                                  {product} {command line}
    uintx NonNMethodCodeHeapSize                   = 5835340                                {pd product} {ergonomic}
    uintx NonProfiledCodeHeapSize                  = 122911450                              {pd product} {ergonomic}
    uintx ProfiledCodeHeapSize                     = 122911450                              {pd product} {ergonomic}
    uintx ReservedCodeCacheSize                    = 251658240                              {pd product} {ergonomic}
     bool SegmentedCodeCache                       = true                                      {product} {ergonomic}
    uintx StringTableSize                          = 4072                                      {product} {command line}
     intx ThreadStackSize                          = 5120                                   {pd product} {command line}
     bool UseCompressedClassPointers               = true                                 {lp64_product} {ergonomic}
     bool UseCompressedOops                        = true                                 {lp64_product} {ergonomic}
     bool UseG1GC                                  = true                                      {product} {ergonomic}
     bool UseLargePagesIndividualAllocation        = false                                  {pd product} {ergonomic}
     bool UsePerfData                              = false                                     {product} {command line}

Logging:
Log output configuration:
 #0: stdout all=warning uptime,level,tags
 #1: stderr all=off uptime,level,tags

Environment Variables:
PATH=D:/Xilinx/Vivado/2021.1\gnuwin\bin;D:/Xilinx/Vivado/2021.1\gnu\microblaze\nt\bin;D:/Xilinx/Vivado/2021.1/bin;D:/Xilinx/Vivado/2021.1/tps/win64/javafx-sdk-11.0.2/lib;D:/Xilinx/Vivado/2021.1/tps/win64/javafx-sdk-11.0.2/bin;D:/Xilinx/Vivado/2021.1/lib/win64.o;D:/Xilinx/Vivado/2021.1/tps/win64/jre11.0.2/bin/server;D:/Xilinx/Vivado/2021.1/tps/win64/jre11.0.2/bin;D:/Xilinx/Vitis/2021.1/bin;D:/Xilinx/Vivado/2021.1/ids_lite/ISE/bin/nt64;D:/Xilinx/Vivado/2021.1/ids_lite/ISE/lib/nt64;D:/Xilinx/Vitis_HLS/2021.1/bin;C:\Program Files (x86)\VMware\VMware Player\bin\;C:\windows\system32;C:\windows;C:\windows\System32\Wbem;C:\windows\System32\WindowsPowerShell\v1.0\;C:\windows\System32\OpenSSH\;C:\Program Files (x86)\NVIDIA Corporation\PhysX\Common;C:\Program Files\NVIDIA Corporation\NVIDIA NvDLISR;C:\Program Files\PuTTY\;C:\Program Files\Git\cmd;D:\Vivado\2022.1\bin\;D:\Vitis\2022.1\bin\;D:\Vitis_HLS\2022.1\bin\;C:\Users\tangi\AppData\Local\Microsoft\WindowsApps;;D:/Xilinx/Vivado/2021.1\tps\mingw\6.2.0\win64.o\nt\bin;D:/Xilinx/Vivado/2021.1\tps\mingw\6.2.0\win64.o\nt\libexec\gcc\x86_64-w64-mingw32\6.2.0;D:/Xilinx/Vivado/2021.1\tps\win64\python-3.8.3;D:/Xilinx/Vivado/2021.1\tps\win64\python-3.8.3\bin;D:/Xilinx/Vivado/2021.1\tps\win64\python-3.8.3\lib;D:/Xilinx/Vivado/2021.1\tps\win64\python-3.8.3\lib\site-packages
USERNAME=tangi
OS=Windows_NT
PROCESSOR_IDENTIFIER=Intel64 Family 6 Model 140 Stepping 1, GenuineIntel



---------------  S Y S T E M  ---------------

OS: Windows 10 , 64 bit Build 19041 (10.0.19041.1889)

CPU:total 8 (initial active 8) (4 cores per cpu, 2 threads per core) family 6 model 140 stepping 1, cmov, cx8, fxsr, mmx, sse, sse2, sse3, ssse3, sse4.1, sse4.2, popcnt, avx, avx2, aes, clmul, erms, 3dnowpref, lzcnt, ht, tsc, tscinvbit, bmi1, bmi2, adx, evex, sha, fma

Memory: 4k page, system-wide physical 16129M (944M free)
TotalPageFile size 46550M (AvailPageFile size 2M)
current process WorkingSet (physical memory assigned to process): 2325M, peak: 2325M
current process commit charge ("private bytes"): 2339M, peak: 2365M

vm_info: OpenJDK 64-Bit Server VM (11.0.2+9) for windows-amd64 JRE (11.0.2+9), built on Jan 18 2019 05:23:22 by "mach5one" with MS VC++ 15.5 (VS2017)

END.
