INFO: [VRFC 10-2263] Analyzing Verilog file "D:/xvp/project_1.xpr/project_1/project_1.sim/sim_1/synth/timing/xsim/top_tb_time_synth.v" into library xil_defaultlib
INFO: [VRFC 10-311] analyzing module dbg_hub_CV
INFO: [VRFC 10-311] analyzing module AES_Comp_ENC
INFO: [VRFC 10-311] analyzing module AES_Comp_EncCore
INFO: [VRFC 10-311] analyzing module AES_Comp_GFinvComp
INFO: [VRFC 10-311] analyzing module AES_Comp_GFinvComp__1
INFO: [VRFC 10-311] analyzing module AES_Comp_GFinvComp__10
INFO: [VRFC 10-311] analyzing module AES_Comp_GFinvComp__11
INFO: [VRFC 10-311] analyzing module AES_Comp_GFinvComp__12
INFO: [VRFC 10-311] analyzing module AES_Comp_GFinvComp__13
INFO: [VRFC 10-311] analyzing module AES_Comp_GFinvComp__14
INFO: [VRFC 10-311] analyzing module AES_Comp_GFinvComp__15
INFO: [VRFC 10-311] analyzing module AES_Comp_GFinvComp__16
INFO: [VRFC 10-311] analyzing module AES_Comp_GFinvComp__17
INFO: [VRFC 10-311] analyzing module AES_Comp_GFinvComp__18
INFO: [VRFC 10-311] analyzing module AES_Comp_GFinvComp__19
INFO: [VRFC 10-311] analyzing module AES_Comp_GFinvComp__2
INFO: [VRFC 10-311] analyzing module AES_Comp_GFinvComp__3
INFO: [VRFC 10-311] analyzing module AES_Comp_GFinvComp__4
INFO: [VRFC 10-311] analyzing module AES_Comp_GFinvComp__5
INFO: [VRFC 10-311] analyzing module AES_Comp_GFinvComp__6
INFO: [VRFC 10-311] analyzing module AES_Comp_GFinvComp__7
INFO: [VRFC 10-311] analyzing module AES_Comp_GFinvComp__8
INFO: [VRFC 10-311] analyzing module AES_Comp_GFinvComp__9
INFO: [VRFC 10-311] analyzing module AES_Comp_MixColumns
INFO: [VRFC 10-311] analyzing module AES_Comp_MixColumns__1
INFO: [VRFC 10-311] analyzing module AES_Comp_MixColumns__2
INFO: [VRFC 10-311] analyzing module AES_Comp_MixColumns__3
INFO: [VRFC 10-311] analyzing module AES_Comp_SboxComp
INFO: [VRFC 10-311] analyzing module AES_Comp_SboxComp__1
INFO: [VRFC 10-311] analyzing module AES_Comp_SboxComp__10
INFO: [VRFC 10-311] analyzing module AES_Comp_SboxComp__11
INFO: [VRFC 10-311] analyzing module AES_Comp_SboxComp__12
INFO: [VRFC 10-311] analyzing module AES_Comp_SboxComp__13
INFO: [VRFC 10-311] analyzing module AES_Comp_SboxComp__14
INFO: [VRFC 10-311] analyzing module AES_Comp_SboxComp__15
INFO: [VRFC 10-311] analyzing module AES_Comp_SboxComp__16
INFO: [VRFC 10-311] analyzing module AES_Comp_SboxComp__17
INFO: [VRFC 10-311] analyzing module AES_Comp_SboxComp__18
INFO: [VRFC 10-311] analyzing module AES_Comp_SboxComp__19
INFO: [VRFC 10-311] analyzing module AES_Comp_SboxComp__2
INFO: [VRFC 10-311] analyzing module AES_Comp_SboxComp__3
INFO: [VRFC 10-311] analyzing module AES_Comp_SboxComp__4
INFO: [VRFC 10-311] analyzing module AES_Comp_SboxComp__5
INFO: [VRFC 10-311] analyzing module AES_Comp_SboxComp__6
INFO: [VRFC 10-311] analyzing module AES_Comp_SboxComp__7
INFO: [VRFC 10-311] analyzing module AES_Comp_SboxComp__8
INFO: [VRFC 10-311] analyzing module AES_Comp_SboxComp__9
INFO: [VRFC 10-311] analyzing module AES_Comp_SubBytesComp
INFO: [VRFC 10-311] analyzing module AES_Comp_SubBytesComp__1
INFO: [VRFC 10-311] analyzing module AES_Comp_SubBytesComp__2
INFO: [VRFC 10-311] analyzing module AES_Comp_SubBytesComp__3
INFO: [VRFC 10-311] analyzing module AES_Comp_SubBytesComp__4
INFO: [VRFC 10-311] analyzing module AES_top
INFO: [VRFC 10-311] analyzing module ALU
INFO: [VRFC 10-311] analyzing module ALU_control
INFO: [VRFC 10-311] analyzing module add
INFO: [VRFC 10-311] analyzing module add__1
INFO: [VRFC 10-311] analyzing module add__10
INFO: [VRFC 10-311] analyzing module add__11
INFO: [VRFC 10-311] analyzing module add__12
INFO: [VRFC 10-311] analyzing module add__13
INFO: [VRFC 10-311] analyzing module add__14
INFO: [VRFC 10-311] analyzing module add__2
INFO: [VRFC 10-311] analyzing module add__3
INFO: [VRFC 10-311] analyzing module add__4
INFO: [VRFC 10-311] analyzing module add__5
INFO: [VRFC 10-311] analyzing module add__6
INFO: [VRFC 10-311] analyzing module add__7
INFO: [VRFC 10-311] analyzing module add__8
INFO: [VRFC 10-311] analyzing module add__9
INFO: [VRFC 10-311] analyzing module add_pipe
INFO: [VRFC 10-311] analyzing module add_pipe__1
INFO: [VRFC 10-311] analyzing module add_pipe__10
INFO: [VRFC 10-311] analyzing module add_pipe__11
INFO: [VRFC 10-311] analyzing module add_pipe__12
INFO: [VRFC 10-311] analyzing module add_pipe__13
INFO: [VRFC 10-311] analyzing module add_pipe__14
INFO: [VRFC 10-311] analyzing module add_pipe__2
INFO: [VRFC 10-311] analyzing module add_pipe__3
INFO: [VRFC 10-311] analyzing module add_pipe__4
INFO: [VRFC 10-311] analyzing module add_pipe__5
INFO: [VRFC 10-311] analyzing module add_pipe__6
INFO: [VRFC 10-311] analyzing module add_pipe__7
INFO: [VRFC 10-311] analyzing module add_pipe__8
INFO: [VRFC 10-311] analyzing module add_pipe__9
INFO: [VRFC 10-311] analyzing module add_tree_new
INFO: [VRFC 10-311] analyzing module async_up_counter
INFO: [VRFC 10-311] analyzing module async_up_counter__16
INFO: [VRFC 10-311] analyzing module async_up_counter__17
INFO: [VRFC 10-311] analyzing module async_up_counter__18
INFO: [VRFC 10-311] analyzing module async_up_counter__19
INFO: [VRFC 10-311] analyzing module async_up_counter__20
INFO: [VRFC 10-311] analyzing module async_up_counter__21
INFO: [VRFC 10-311] analyzing module async_up_counter__22
INFO: [VRFC 10-311] analyzing module async_up_counter__23
INFO: [VRFC 10-311] analyzing module async_up_counter__24
INFO: [VRFC 10-311] analyzing module async_up_counter__25
INFO: [VRFC 10-311] analyzing module async_up_counter__26
INFO: [VRFC 10-311] analyzing module async_up_counter__27
INFO: [VRFC 10-311] analyzing module async_up_counter__28
INFO: [VRFC 10-311] analyzing module async_up_counter__29
INFO: [VRFC 10-311] analyzing module async_up_counter__30
INFO: [VRFC 10-311] analyzing module bit_extension
INFO: [VRFC 10-311] analyzing module bit_extension__1
INFO: [VRFC 10-311] analyzing module bit_extension__10
INFO: [VRFC 10-311] analyzing module bit_extension__11
INFO: [VRFC 10-311] analyzing module bit_extension__12
INFO: [VRFC 10-311] analyzing module bit_extension__13
INFO: [VRFC 10-311] analyzing module bit_extension__14
INFO: [VRFC 10-311] analyzing module bit_extension__15
INFO: [VRFC 10-311] analyzing module bit_extension__2
INFO: [VRFC 10-311] analyzing module bit_extension__3
INFO: [VRFC 10-311] analyzing module bit_extension__4
INFO: [VRFC 10-311] analyzing module bit_extension__5
INFO: [VRFC 10-311] analyzing module bit_extension__6
INFO: [VRFC 10-311] analyzing module bit_extension__7
INFO: [VRFC 10-311] analyzing module bit_extension__8
INFO: [VRFC 10-311] analyzing module bit_extension__9
INFO: [VRFC 10-311] analyzing module c_counter_binary_0
INFO: [VRFC 10-311] analyzing module c_counter_binary_0_HD104
INFO: [VRFC 10-311] analyzing module c_counter_binary_0_HD112
INFO: [VRFC 10-311] analyzing module c_counter_binary_0_HD120
INFO: [VRFC 10-311] analyzing module c_counter_binary_0_HD128
INFO: [VRFC 10-311] analyzing module c_counter_binary_0_HD16
INFO: [VRFC 10-311] analyzing module c_counter_binary_0_HD24
INFO: [VRFC 10-311] analyzing module c_counter_binary_0_HD32
INFO: [VRFC 10-311] analyzing module c_counter_binary_0_HD40
INFO: [VRFC 10-311] analyzing module c_counter_binary_0_HD48
INFO: [VRFC 10-311] analyzing module c_counter_binary_0_HD56
INFO: [VRFC 10-311] analyzing module c_counter_binary_0_HD64
INFO: [VRFC 10-311] analyzing module c_counter_binary_0_HD72
INFO: [VRFC 10-311] analyzing module c_counter_binary_0_HD80
INFO: [VRFC 10-311] analyzing module c_counter_binary_0_HD88
INFO: [VRFC 10-311] analyzing module c_counter_binary_0_HD96
INFO: [VRFC 10-311] analyzing module control_unit
INFO: [VRFC 10-311] analyzing module data_memory
INFO: [VRFC 10-311] analyzing module ff
INFO: [VRFC 10-311] analyzing module ff__1
INFO: [VRFC 10-311] analyzing module ff__10
INFO: [VRFC 10-311] analyzing module ff__11
INFO: [VRFC 10-311] analyzing module ff__12
INFO: [VRFC 10-311] analyzing module ff__13
INFO: [VRFC 10-311] analyzing module ff__14
INFO: [VRFC 10-311] analyzing module ff__2
INFO: [VRFC 10-311] analyzing module ff__3
INFO: [VRFC 10-311] analyzing module ff__4
INFO: [VRFC 10-311] analyzing module ff__5
INFO: [VRFC 10-311] analyzing module ff__6
INFO: [VRFC 10-311] analyzing module ff__7
INFO: [VRFC 10-311] analyzing module ff__8
INFO: [VRFC 10-311] analyzing module ff__9
INFO: [VRFC 10-311] analyzing module ila_0
INFO: [VRFC 10-311] analyzing module imm_generator
INFO: [VRFC 10-311] analyzing module instruction_memory
INFO: [VRFC 10-311] analyzing module program_counter
INFO: [VRFC 10-311] analyzing module register_file
INFO: [VRFC 10-311] analyzing module ring_oscillator
INFO: [VRFC 10-311] analyzing module ring_oscillator__16
INFO: [VRFC 10-311] analyzing module ring_oscillator__17
INFO: [VRFC 10-311] analyzing module ring_oscillator__18
INFO: [VRFC 10-311] analyzing module ring_oscillator__19
INFO: [VRFC 10-311] analyzing module ring_oscillator__20
INFO: [VRFC 10-311] analyzing module ring_oscillator__21
INFO: [VRFC 10-311] analyzing module ring_oscillator__22
INFO: [VRFC 10-311] analyzing module ring_oscillator__23
INFO: [VRFC 10-311] analyzing module ring_oscillator__24
INFO: [VRFC 10-311] analyzing module ring_oscillator__25
INFO: [VRFC 10-311] analyzing module ring_oscillator__26
INFO: [VRFC 10-311] analyzing module ring_oscillator__27
INFO: [VRFC 10-311] analyzing module ring_oscillator__28
INFO: [VRFC 10-311] analyzing module ring_oscillator__29
INFO: [VRFC 10-311] analyzing module ring_oscillator__30
INFO: [VRFC 10-311] analyzing module ro_sensor
INFO: [VRFC 10-311] analyzing module ro_sensor__xdcDup__1
INFO: [VRFC 10-311] analyzing module ro_sensor__xdcDup__10
INFO: [VRFC 10-311] analyzing module ro_sensor__xdcDup__11
INFO: [VRFC 10-311] analyzing module ro_sensor__xdcDup__12
INFO: [VRFC 10-311] analyzing module ro_sensor__xdcDup__13
INFO: [VRFC 10-311] analyzing module ro_sensor__xdcDup__14
INFO: [VRFC 10-311] analyzing module ro_sensor__xdcDup__15
INFO: [VRFC 10-311] analyzing module ro_sensor__xdcDup__2
INFO: [VRFC 10-311] analyzing module ro_sensor__xdcDup__3
INFO: [VRFC 10-311] analyzing module ro_sensor__xdcDup__4
INFO: [VRFC 10-311] analyzing module ro_sensor__xdcDup__5
INFO: [VRFC 10-311] analyzing module ro_sensor__xdcDup__6
INFO: [VRFC 10-311] analyzing module ro_sensor__xdcDup__7
INFO: [VRFC 10-311] analyzing module ro_sensor__xdcDup__8
INFO: [VRFC 10-311] analyzing module ro_sensor__xdcDup__9
INFO: [VRFC 10-311] analyzing module sensor_adder
INFO: [VRFC 10-311] analyzing module top
INFO: [VRFC 10-311] analyzing module top_risc
INFO: [VRFC 10-311] analyzing module vio_0
INFO: [VRFC 10-311] analyzing module CFGLUT5_UNIQ_BASE_
INFO: [VRFC 10-311] analyzing module CFGLUT5_HD136
INFO: [VRFC 10-311] analyzing module CFGLUT5_HD137
INFO: [VRFC 10-311] analyzing module CFGLUT5_HD138
INFO: [VRFC 10-311] analyzing module CFGLUT5_HD139
INFO: [VRFC 10-311] analyzing module CFGLUT5_HD140
INFO: [VRFC 10-311] analyzing module CFGLUT5_HD141
INFO: [VRFC 10-311] analyzing module CFGLUT5_HD142
INFO: [VRFC 10-311] analyzing module CFGLUT5_HD143
INFO: [VRFC 10-311] analyzing module CFGLUT5_HD144
INFO: [VRFC 10-311] analyzing module CFGLUT5_HD145
INFO: [VRFC 10-311] analyzing module CFGLUT5_HD146
INFO: [VRFC 10-311] analyzing module CFGLUT5_HD147
INFO: [VRFC 10-311] analyzing module CFGLUT5_HD148
INFO: [VRFC 10-311] analyzing module CFGLUT5_HD149
INFO: [VRFC 10-311] analyzing module CFGLUT5_HD150
INFO: [VRFC 10-311] analyzing module CFGLUT5_HD151
INFO: [VRFC 10-311] analyzing module CFGLUT5_HD152
INFO: [VRFC 10-311] analyzing module CFGLUT5_HD153
INFO: [VRFC 10-311] analyzing module CFGLUT5_HD154
INFO: [VRFC 10-311] analyzing module CFGLUT5_HD155
INFO: [VRFC 10-311] analyzing module CFGLUT5_HD156
INFO: [VRFC 10-311] analyzing module CFGLUT5_HD157
INFO: [VRFC 10-311] analyzing module CFGLUT5_HD158
INFO: [VRFC 10-311] analyzing module CFGLUT5_HD159
INFO: [VRFC 10-311] analyzing module CFGLUT5_HD160
INFO: [VRFC 10-311] analyzing module CFGLUT5_HD161
INFO: [VRFC 10-311] analyzing module CFGLUT5_HD162
INFO: [VRFC 10-311] analyzing module CFGLUT5_HD163
INFO: [VRFC 10-311] analyzing module CFGLUT5_HD164
INFO: [VRFC 10-311] analyzing module CFGLUT5_HD165
INFO: [VRFC 10-311] analyzing module CFGLUT5_HD166
INFO: [VRFC 10-311] analyzing module CFGLUT5_HD167
INFO: [VRFC 10-311] analyzing module CFGLUT5_HD168
INFO: [VRFC 10-311] analyzing module CFGLUT5_HD169
INFO: [VRFC 10-311] analyzing module CFGLUT5_HD170
INFO: [VRFC 10-311] analyzing module CFGLUT5_HD171
INFO: [VRFC 10-311] analyzing module CFGLUT5_HD172
INFO: [VRFC 10-311] analyzing module CFGLUT5_HD173
INFO: [VRFC 10-311] analyzing module CFGLUT5_HD174
INFO: [VRFC 10-311] analyzing module CFGLUT5_HD175
INFO: [VRFC 10-311] analyzing module CFGLUT5_HD176
INFO: [VRFC 10-311] analyzing module CFGLUT5_HD177
INFO: [VRFC 10-311] analyzing module CFGLUT5_HD178
INFO: [VRFC 10-311] analyzing module CFGLUT5_HD179
INFO: [VRFC 10-311] analyzing module CFGLUT5_HD180
INFO: [VRFC 10-311] analyzing module CFGLUT5_HD181
INFO: [VRFC 10-311] analyzing module CFGLUT5_HD182
INFO: [VRFC 10-311] analyzing module CFGLUT5_HD183
INFO: [VRFC 10-311] analyzing module CFGLUT5_HD184
INFO: [VRFC 10-311] analyzing module CFGLUT5_HD185
INFO: [VRFC 10-311] analyzing module CFGLUT5_HD186
INFO: [VRFC 10-311] analyzing module CFGLUT5_HD187
INFO: [VRFC 10-311] analyzing module CFGLUT5_HD188
INFO: [VRFC 10-311] analyzing module CFGLUT5_HD189
INFO: [VRFC 10-311] analyzing module CFGLUT5_HD190
INFO: [VRFC 10-311] analyzing module CFGLUT5_HD191
INFO: [VRFC 10-311] analyzing module CFGLUT5_HD192
INFO: [VRFC 10-311] analyzing module CFGLUT5_HD193
INFO: [VRFC 10-311] analyzing module CFGLUT5_HD194
INFO: [VRFC 10-311] analyzing module ila_0_ila_v6_2_11_ila
INFO: [VRFC 10-311] analyzing module ila_0_ila_v6_2_11_ila_cap_addrgen
INFO: [VRFC 10-311] analyzing module ila_0_ila_v6_2_11_ila_cap_ctrl_legacy
INFO: [VRFC 10-311] analyzing module ila_0_ila_v6_2_11_ila_cap_sample_counter
INFO: [VRFC 10-311] analyzing module ila_0_ila_v6_2_11_ila_cap_window_counter
INFO: [VRFC 10-311] analyzing module ila_0_ila_v6_2_11_ila_core
INFO: [VRFC 10-311] analyzing module ila_0_ila_v6_2_11_ila_register
INFO: [VRFC 10-311] analyzing module ila_0_ila_v6_2_11_ila_reset_ctrl
INFO: [VRFC 10-311] analyzing module ila_0_ila_v6_2_11_ila_trace_memory
INFO: [VRFC 10-311] analyzing module ila_0_ila_v6_2_11_ila_trig_match
INFO: [VRFC 10-311] analyzing module ila_0_ila_v6_2_11_ila_trigger
INFO: [VRFC 10-311] analyzing module ila_0_ltlib_v1_0_0_all_typeA
INFO: [VRFC 10-311] analyzing module ila_0_ltlib_v1_0_0_all_typeA__parameterized0
INFO: [VRFC 10-311] analyzing module ila_0_ltlib_v1_0_0_all_typeA__parameterized1
INFO: [VRFC 10-311] analyzing module ila_0_ltlib_v1_0_0_all_typeA__parameterized2
INFO: [VRFC 10-311] analyzing module ila_0_ltlib_v1_0_0_all_typeA__parameterized2_31
INFO: [VRFC 10-311] analyzing module ila_0_ltlib_v1_0_0_all_typeA__parameterized2_40
INFO: [VRFC 10-311] analyzing module ila_0_ltlib_v1_0_0_all_typeA_slice
INFO: [VRFC 10-311] analyzing module ila_0_ltlib_v1_0_0_all_typeA_slice_2
INFO: [VRFC 10-311] analyzing module ila_0_ltlib_v1_0_0_all_typeA_slice_3
INFO: [VRFC 10-311] analyzing module ila_0_ltlib_v1_0_0_all_typeA_slice__parameterized0
INFO: [VRFC 10-311] analyzing module ila_0_ltlib_v1_0_0_all_typeA_slice__parameterized0_0
INFO: [VRFC 10-311] analyzing module ila_0_ltlib_v1_0_0_all_typeA_slice__parameterized0_1
INFO: [VRFC 10-311] analyzing module ila_0_ltlib_v1_0_0_all_typeA_slice__parameterized1
INFO: [VRFC 10-311] analyzing module ila_0_ltlib_v1_0_0_all_typeA_slice__parameterized1_29
INFO: [VRFC 10-311] analyzing module ila_0_ltlib_v1_0_0_all_typeA_slice__parameterized1_32
INFO: [VRFC 10-311] analyzing module ila_0_ltlib_v1_0_0_all_typeA_slice__parameterized1_33
INFO: [VRFC 10-311] analyzing module ila_0_ltlib_v1_0_0_all_typeA_slice__parameterized1_41
INFO: [VRFC 10-311] analyzing module ila_0_ltlib_v1_0_0_all_typeA_slice__parameterized1_42
INFO: [VRFC 10-311] analyzing module ila_0_ltlib_v1_0_0_all_typeA_slice__parameterized2
INFO: [VRFC 10-311] analyzing module ila_0_ltlib_v1_0_0_all_typeA_slice__parameterized2_34
INFO: [VRFC 10-311] analyzing module ila_0_ltlib_v1_0_0_all_typeA_slice__parameterized2_43
INFO: [VRFC 10-311] analyzing module ila_0_ltlib_v1_0_0_allx_typeA
INFO: [VRFC 10-311] analyzing module ila_0_ltlib_v1_0_0_allx_typeA__parameterized0
INFO: [VRFC 10-311] analyzing module ila_0_ltlib_v1_0_0_allx_typeA__parameterized1
INFO: [VRFC 10-311] analyzing module ila_0_ltlib_v1_0_0_allx_typeA_nodelay
INFO: [VRFC 10-311] analyzing module ila_0_ltlib_v1_0_0_allx_typeA_nodelay_30
INFO: [VRFC 10-311] analyzing module ila_0_ltlib_v1_0_0_allx_typeA_nodelay_39
INFO: [VRFC 10-311] analyzing module ila_0_ltlib_v1_0_0_async_edge_xfer
INFO: [VRFC 10-311] analyzing module ila_0_ltlib_v1_0_0_async_edge_xfer_4
INFO: [VRFC 10-311] analyzing module ila_0_ltlib_v1_0_0_async_edge_xfer_5
INFO: [VRFC 10-311] analyzing module ila_0_ltlib_v1_0_0_async_edge_xfer_6
INFO: [VRFC 10-311] analyzing module ila_0_ltlib_v1_0_0_cfglut4
INFO: [VRFC 10-311] analyzing module ila_0_ltlib_v1_0_0_cfglut4_35
INFO: [VRFC 10-311] analyzing module ila_0_ltlib_v1_0_0_cfglut5
INFO: [VRFC 10-311] analyzing module ila_0_ltlib_v1_0_0_cfglut5_27
INFO: [VRFC 10-311] analyzing module ila_0_ltlib_v1_0_0_cfglut5_36
INFO: [VRFC 10-311] analyzing module ila_0_ltlib_v1_0_0_cfglut6
INFO: [VRFC 10-311] analyzing module ila_0_ltlib_v1_0_0_cfglut6_37
INFO: [VRFC 10-311] analyzing module ila_0_ltlib_v1_0_0_cfglut6__parameterized0
INFO: [VRFC 10-311] analyzing module ila_0_ltlib_v1_0_0_cfglut7
INFO: [VRFC 10-311] analyzing module ila_0_ltlib_v1_0_0_cfglut7_26
INFO: [VRFC 10-311] analyzing module ila_0_ltlib_v1_0_0_generic_memrd
INFO: [VRFC 10-311] analyzing module ila_0_ltlib_v1_0_0_match
INFO: [VRFC 10-311] analyzing module ila_0_ltlib_v1_0_0_match__parameterized0
INFO: [VRFC 10-311] analyzing module ila_0_ltlib_v1_0_0_match__parameterized1
INFO: [VRFC 10-311] analyzing module ila_0_ltlib_v1_0_0_match_nodelay
INFO: [VRFC 10-311] analyzing module ila_0_ltlib_v1_0_0_match_nodelay_28
INFO: [VRFC 10-311] analyzing module ila_0_ltlib_v1_0_0_match_nodelay_38
INFO: [VRFC 10-311] analyzing module ila_0_ltlib_v1_0_0_rising_edge_detection
INFO: [VRFC 10-311] analyzing module ila_0_ltlib_v1_0_0_rising_edge_detection_7
INFO: [VRFC 10-311] analyzing module ila_0_xsdbs_v1_0_2_reg__parameterized13
INFO: [VRFC 10-311] analyzing module ila_0_xsdbs_v1_0_2_reg__parameterized14
INFO: [VRFC 10-311] analyzing module ila_0_xsdbs_v1_0_2_reg__parameterized15
INFO: [VRFC 10-311] analyzing module ila_0_xsdbs_v1_0_2_reg__parameterized16
INFO: [VRFC 10-311] analyzing module ila_0_xsdbs_v1_0_2_reg__parameterized17
INFO: [VRFC 10-311] analyzing module ila_0_xsdbs_v1_0_2_reg__parameterized28
INFO: [VRFC 10-311] analyzing module ila_0_xsdbs_v1_0_2_reg__parameterized29
INFO: [VRFC 10-311] analyzing module ila_0_xsdbs_v1_0_2_reg__parameterized30
INFO: [VRFC 10-311] analyzing module ila_0_xsdbs_v1_0_2_reg__parameterized31
INFO: [VRFC 10-311] analyzing module ila_0_xsdbs_v1_0_2_reg__parameterized32
INFO: [VRFC 10-311] analyzing module ila_0_xsdbs_v1_0_2_reg__parameterized33
INFO: [VRFC 10-311] analyzing module ila_0_xsdbs_v1_0_2_reg__parameterized34
INFO: [VRFC 10-311] analyzing module ila_0_xsdbs_v1_0_2_reg__parameterized35
INFO: [VRFC 10-311] analyzing module ila_0_xsdbs_v1_0_2_reg__parameterized36
INFO: [VRFC 10-311] analyzing module ila_0_xsdbs_v1_0_2_reg__parameterized37
INFO: [VRFC 10-311] analyzing module ila_0_xsdbs_v1_0_2_reg__parameterized38
INFO: [VRFC 10-311] analyzing module ila_0_xsdbs_v1_0_2_reg__parameterized39
INFO: [VRFC 10-311] analyzing module ila_0_xsdbs_v1_0_2_reg__parameterized41
INFO: [VRFC 10-311] analyzing module ila_0_xsdbs_v1_0_2_reg__parameterized43
INFO: [VRFC 10-311] analyzing module ila_0_xsdbs_v1_0_2_reg__parameterized46
INFO: [VRFC 10-311] analyzing module ila_0_xsdbs_v1_0_2_reg_ctl
INFO: [VRFC 10-311] analyzing module ila_0_xsdbs_v1_0_2_reg_ctl_12
INFO: [VRFC 10-311] analyzing module ila_0_xsdbs_v1_0_2_reg_ctl_13
INFO: [VRFC 10-311] analyzing module ila_0_xsdbs_v1_0_2_reg_ctl_14
INFO: [VRFC 10-311] analyzing module ila_0_xsdbs_v1_0_2_reg_ctl_15
INFO: [VRFC 10-311] analyzing module ila_0_xsdbs_v1_0_2_reg_ctl_18
INFO: [VRFC 10-311] analyzing module ila_0_xsdbs_v1_0_2_reg_ctl_20
INFO: [VRFC 10-311] analyzing module ila_0_xsdbs_v1_0_2_reg_ctl_21
INFO: [VRFC 10-311] analyzing module ila_0_xsdbs_v1_0_2_reg_ctl_22
INFO: [VRFC 10-311] analyzing module ila_0_xsdbs_v1_0_2_reg_ctl_23
INFO: [VRFC 10-311] analyzing module ila_0_xsdbs_v1_0_2_reg_ctl_24
INFO: [VRFC 10-311] analyzing module ila_0_xsdbs_v1_0_2_reg_ctl__parameterized0
INFO: [VRFC 10-311] analyzing module ila_0_xsdbs_v1_0_2_reg_ctl__parameterized1
INFO: [VRFC 10-311] analyzing module ila_0_xsdbs_v1_0_2_reg_ctl__parameterized1_16
INFO: [VRFC 10-311] analyzing module ila_0_xsdbs_v1_0_2_reg_ctl__parameterized1_19
INFO: [VRFC 10-311] analyzing module ila_0_xsdbs_v1_0_2_reg_p2s
INFO: [VRFC 10-311] analyzing module ila_0_xsdbs_v1_0_2_reg_p2s__parameterized0
INFO: [VRFC 10-311] analyzing module ila_0_xsdbs_v1_0_2_reg_p2s__parameterized1
INFO: [VRFC 10-311] analyzing module ila_0_xsdbs_v1_0_2_reg_p2s__parameterized2
INFO: [VRFC 10-311] analyzing module ila_0_xsdbs_v1_0_2_reg_stat
INFO: [VRFC 10-311] analyzing module ila_0_xsdbs_v1_0_2_reg_stat_10
INFO: [VRFC 10-311] analyzing module ila_0_xsdbs_v1_0_2_reg_stat_11
INFO: [VRFC 10-311] analyzing module ila_0_xsdbs_v1_0_2_reg_stat_17
INFO: [VRFC 10-311] analyzing module ila_0_xsdbs_v1_0_2_reg_stat_25
INFO: [VRFC 10-311] analyzing module ila_0_xsdbs_v1_0_2_reg_stat_8
INFO: [VRFC 10-311] analyzing module ila_0_xsdbs_v1_0_2_reg_stat_9
INFO: [VRFC 10-311] analyzing module ila_0_xsdbs_v1_0_2_reg_stream
INFO: [VRFC 10-311] analyzing module ila_0_xsdbs_v1_0_2_reg_stream__parameterized0
INFO: [VRFC 10-311] analyzing module ila_0_xsdbs_v1_0_2_xsdbs
INFO: [VRFC 10-311] analyzing module vio_0_vio_v3_0_20_probe_in_one
INFO: [VRFC 10-311] analyzing module vio_0_vio_v3_0_20_probe_out_all
INFO: [VRFC 10-311] analyzing module vio_0_vio_v3_0_20_probe_out_one
INFO: [VRFC 10-311] analyzing module vio_0_vio_v3_0_20_probe_out_one_0
INFO: [VRFC 10-311] analyzing module vio_0_vio_v3_0_20_probe_out_one_1
INFO: [VRFC 10-311] analyzing module vio_0_vio_v3_0_20_probe_out_one__parameterized0
INFO: [VRFC 10-311] analyzing module vio_0_vio_v3_0_20_probe_width
INFO: [VRFC 10-311] analyzing module vio_0_vio_v3_0_20_vio
INFO: [VRFC 10-311] analyzing module vio_0_xsdbs_v1_0_2_xsdbs
INFO: [VRFC 10-311] analyzing module vio_0_vio_v3_0_20_decoder
INFO: [VRFC 10-311] analyzing module ila_0_blk_mem_gen_v8_4_4
INFO: [VRFC 10-311] analyzing module ila_0_blk_mem_gen_v8_4_4_bindec
INFO: [VRFC 10-311] analyzing module ila_0_blk_mem_gen_v8_4_4_blk_mem_gen_generic_cstr
INFO: [VRFC 10-311] analyzing module ila_0_blk_mem_gen_v8_4_4_blk_mem_gen_mux__parameterized0
INFO: [VRFC 10-311] analyzing module ila_0_blk_mem_gen_v8_4_4_blk_mem_gen_prim_width
INFO: [VRFC 10-311] analyzing module ila_0_blk_mem_gen_v8_4_4_blk_mem_gen_prim_width__parameterized0
INFO: [VRFC 10-311] analyzing module ila_0_blk_mem_gen_v8_4_4_blk_mem_gen_prim_width__parameterized1
INFO: [VRFC 10-311] analyzing module ila_0_blk_mem_gen_v8_4_4_blk_mem_gen_prim_width__parameterized10
INFO: [VRFC 10-311] analyzing module ila_0_blk_mem_gen_v8_4_4_blk_mem_gen_prim_width__parameterized100
INFO: [VRFC 10-311] analyzing module ila_0_blk_mem_gen_v8_4_4_blk_mem_gen_prim_width__parameterized101
INFO: [VRFC 10-311] analyzing module ila_0_blk_mem_gen_v8_4_4_blk_mem_gen_prim_width__parameterized102
INFO: [VRFC 10-311] analyzing module ila_0_blk_mem_gen_v8_4_4_blk_mem_gen_prim_width__parameterized103
INFO: [VRFC 10-311] analyzing module ila_0_blk_mem_gen_v8_4_4_blk_mem_gen_prim_width__parameterized104
INFO: [VRFC 10-311] analyzing module ila_0_blk_mem_gen_v8_4_4_blk_mem_gen_prim_width__parameterized105
INFO: [VRFC 10-311] analyzing module ila_0_blk_mem_gen_v8_4_4_blk_mem_gen_prim_width__parameterized106
INFO: [VRFC 10-311] analyzing module ila_0_blk_mem_gen_v8_4_4_blk_mem_gen_prim_width__parameterized107
INFO: [VRFC 10-311] analyzing module ila_0_blk_mem_gen_v8_4_4_blk_mem_gen_prim_width__parameterized108
INFO: [VRFC 10-311] analyzing module ila_0_blk_mem_gen_v8_4_4_blk_mem_gen_prim_width__parameterized109
INFO: [VRFC 10-311] analyzing module ila_0_blk_mem_gen_v8_4_4_blk_mem_gen_prim_width__parameterized11
INFO: [VRFC 10-311] analyzing module ila_0_blk_mem_gen_v8_4_4_blk_mem_gen_prim_width__parameterized110
INFO: [VRFC 10-311] analyzing module ila_0_blk_mem_gen_v8_4_4_blk_mem_gen_prim_width__parameterized111
INFO: [VRFC 10-311] analyzing module ila_0_blk_mem_gen_v8_4_4_blk_mem_gen_prim_width__parameterized112
INFO: [VRFC 10-311] analyzing module ila_0_blk_mem_gen_v8_4_4_blk_mem_gen_prim_width__parameterized113
INFO: [VRFC 10-311] analyzing module ila_0_blk_mem_gen_v8_4_4_blk_mem_gen_prim_width__parameterized114
INFO: [VRFC 10-311] analyzing module ila_0_blk_mem_gen_v8_4_4_blk_mem_gen_prim_width__parameterized115
INFO: [VRFC 10-311] analyzing module ila_0_blk_mem_gen_v8_4_4_blk_mem_gen_prim_width__parameterized116
INFO: [VRFC 10-311] analyzing module ila_0_blk_mem_gen_v8_4_4_blk_mem_gen_prim_width__parameterized117
INFO: [VRFC 10-311] analyzing module ila_0_blk_mem_gen_v8_4_4_blk_mem_gen_prim_width__parameterized118
INFO: [VRFC 10-311] analyzing module ila_0_blk_mem_gen_v8_4_4_blk_mem_gen_prim_width__parameterized119
INFO: [VRFC 10-311] analyzing module ila_0_blk_mem_gen_v8_4_4_blk_mem_gen_prim_width__parameterized12
INFO: [VRFC 10-311] analyzing module ila_0_blk_mem_gen_v8_4_4_blk_mem_gen_prim_width__parameterized120
INFO: [VRFC 10-311] analyzing module ila_0_blk_mem_gen_v8_4_4_blk_mem_gen_prim_width__parameterized121
INFO: [VRFC 10-311] analyzing module ila_0_blk_mem_gen_v8_4_4_blk_mem_gen_prim_width__parameterized122
INFO: [VRFC 10-311] analyzing module ila_0_blk_mem_gen_v8_4_4_blk_mem_gen_prim_width__parameterized123
INFO: [VRFC 10-311] analyzing module ila_0_blk_mem_gen_v8_4_4_blk_mem_gen_prim_width__parameterized124
INFO: [VRFC 10-311] analyzing module ila_0_blk_mem_gen_v8_4_4_blk_mem_gen_prim_width__parameterized125
INFO: [VRFC 10-311] analyzing module ila_0_blk_mem_gen_v8_4_4_blk_mem_gen_prim_width__parameterized126
INFO: [VRFC 10-311] analyzing module ila_0_blk_mem_gen_v8_4_4_blk_mem_gen_prim_width__parameterized127
INFO: [VRFC 10-311] analyzing module ila_0_blk_mem_gen_v8_4_4_blk_mem_gen_prim_width__parameterized128
INFO: [VRFC 10-311] analyzing module ila_0_blk_mem_gen_v8_4_4_blk_mem_gen_prim_width__parameterized13
INFO: [VRFC 10-311] analyzing module ila_0_blk_mem_gen_v8_4_4_blk_mem_gen_prim_width__parameterized14
INFO: [VRFC 10-311] analyzing module ila_0_blk_mem_gen_v8_4_4_blk_mem_gen_prim_width__parameterized15
INFO: [VRFC 10-311] analyzing module ila_0_blk_mem_gen_v8_4_4_blk_mem_gen_prim_width__parameterized16
INFO: [VRFC 10-311] analyzing module ila_0_blk_mem_gen_v8_4_4_blk_mem_gen_prim_width__parameterized17
INFO: [VRFC 10-311] analyzing module ila_0_blk_mem_gen_v8_4_4_blk_mem_gen_prim_width__parameterized18
INFO: [VRFC 10-311] analyzing module ila_0_blk_mem_gen_v8_4_4_blk_mem_gen_prim_width__parameterized19
INFO: [VRFC 10-311] analyzing module ila_0_blk_mem_gen_v8_4_4_blk_mem_gen_prim_width__parameterized2
INFO: [VRFC 10-311] analyzing module ila_0_blk_mem_gen_v8_4_4_blk_mem_gen_prim_width__parameterized20
INFO: [VRFC 10-311] analyzing module ila_0_blk_mem_gen_v8_4_4_blk_mem_gen_prim_width__parameterized21
INFO: [VRFC 10-311] analyzing module ila_0_blk_mem_gen_v8_4_4_blk_mem_gen_prim_width__parameterized22
INFO: [VRFC 10-311] analyzing module ila_0_blk_mem_gen_v8_4_4_blk_mem_gen_prim_width__parameterized23
INFO: [VRFC 10-311] analyzing module ila_0_blk_mem_gen_v8_4_4_blk_mem_gen_prim_width__parameterized24
INFO: [VRFC 10-311] analyzing module ila_0_blk_mem_gen_v8_4_4_blk_mem_gen_prim_width__parameterized25
INFO: [VRFC 10-311] analyzing module ila_0_blk_mem_gen_v8_4_4_blk_mem_gen_prim_width__parameterized26
INFO: [VRFC 10-311] analyzing module ila_0_blk_mem_gen_v8_4_4_blk_mem_gen_prim_width__parameterized27
INFO: [VRFC 10-311] analyzing module ila_0_blk_mem_gen_v8_4_4_blk_mem_gen_prim_width__parameterized28
INFO: [VRFC 10-311] analyzing module ila_0_blk_mem_gen_v8_4_4_blk_mem_gen_prim_width__parameterized29
INFO: [VRFC 10-311] analyzing module ila_0_blk_mem_gen_v8_4_4_blk_mem_gen_prim_width__parameterized3
INFO: [VRFC 10-311] analyzing module ila_0_blk_mem_gen_v8_4_4_blk_mem_gen_prim_width__parameterized30
INFO: [VRFC 10-311] analyzing module ila_0_blk_mem_gen_v8_4_4_blk_mem_gen_prim_width__parameterized31
INFO: [VRFC 10-311] analyzing module ila_0_blk_mem_gen_v8_4_4_blk_mem_gen_prim_width__parameterized32
INFO: [VRFC 10-311] analyzing module ila_0_blk_mem_gen_v8_4_4_blk_mem_gen_prim_width__parameterized33
INFO: [VRFC 10-311] analyzing module ila_0_blk_mem_gen_v8_4_4_blk_mem_gen_prim_width__parameterized34
INFO: [VRFC 10-311] analyzing module ila_0_blk_mem_gen_v8_4_4_blk_mem_gen_prim_width__parameterized35
INFO: [VRFC 10-311] analyzing module ila_0_blk_mem_gen_v8_4_4_blk_mem_gen_prim_width__parameterized36
INFO: [VRFC 10-311] analyzing module ila_0_blk_mem_gen_v8_4_4_blk_mem_gen_prim_width__parameterized37
INFO: [VRFC 10-311] analyzing module ila_0_blk_mem_gen_v8_4_4_blk_mem_gen_prim_width__parameterized38
INFO: [VRFC 10-311] analyzing module ila_0_blk_mem_gen_v8_4_4_blk_mem_gen_prim_width__parameterized39
INFO: [VRFC 10-311] analyzing module ila_0_blk_mem_gen_v8_4_4_blk_mem_gen_prim_width__parameterized4
INFO: [VRFC 10-311] analyzing module ila_0_blk_mem_gen_v8_4_4_blk_mem_gen_prim_width__parameterized40
INFO: [VRFC 10-311] analyzing module ila_0_blk_mem_gen_v8_4_4_blk_mem_gen_prim_width__parameterized41
INFO: [VRFC 10-311] analyzing module ila_0_blk_mem_gen_v8_4_4_blk_mem_gen_prim_width__parameterized42
INFO: [VRFC 10-311] analyzing module ila_0_blk_mem_gen_v8_4_4_blk_mem_gen_prim_width__parameterized43
INFO: [VRFC 10-311] analyzing module ila_0_blk_mem_gen_v8_4_4_blk_mem_gen_prim_width__parameterized44
INFO: [VRFC 10-311] analyzing module ila_0_blk_mem_gen_v8_4_4_blk_mem_gen_prim_width__parameterized45
INFO: [VRFC 10-311] analyzing module ila_0_blk_mem_gen_v8_4_4_blk_mem_gen_prim_width__parameterized46
INFO: [VRFC 10-311] analyzing module ila_0_blk_mem_gen_v8_4_4_blk_mem_gen_prim_width__parameterized47
INFO: [VRFC 10-311] analyzing module ila_0_blk_mem_gen_v8_4_4_blk_mem_gen_prim_width__parameterized48
INFO: [VRFC 10-311] analyzing module ila_0_blk_mem_gen_v8_4_4_blk_mem_gen_prim_width__parameterized49
INFO: [VRFC 10-311] analyzing module ila_0_blk_mem_gen_v8_4_4_blk_mem_gen_prim_width__parameterized5
INFO: [VRFC 10-311] analyzing module ila_0_blk_mem_gen_v8_4_4_blk_mem_gen_prim_width__parameterized50
INFO: [VRFC 10-311] analyzing module ila_0_blk_mem_gen_v8_4_4_blk_mem_gen_prim_width__parameterized51
INFO: [VRFC 10-311] analyzing module ila_0_blk_mem_gen_v8_4_4_blk_mem_gen_prim_width__parameterized52
INFO: [VRFC 10-311] analyzing module ila_0_blk_mem_gen_v8_4_4_blk_mem_gen_prim_width__parameterized53
INFO: [VRFC 10-311] analyzing module ila_0_blk_mem_gen_v8_4_4_blk_mem_gen_prim_width__parameterized54
INFO: [VRFC 10-311] analyzing module ila_0_blk_mem_gen_v8_4_4_blk_mem_gen_prim_width__parameterized55
INFO: [VRFC 10-311] analyzing module ila_0_blk_mem_gen_v8_4_4_blk_mem_gen_prim_width__parameterized56
INFO: [VRFC 10-311] analyzing module ila_0_blk_mem_gen_v8_4_4_blk_mem_gen_prim_width__parameterized57
INFO: [VRFC 10-311] analyzing module ila_0_blk_mem_gen_v8_4_4_blk_mem_gen_prim_width__parameterized58
INFO: [VRFC 10-311] analyzing module ila_0_blk_mem_gen_v8_4_4_blk_mem_gen_prim_width__parameterized59
INFO: [VRFC 10-311] analyzing module ila_0_blk_mem_gen_v8_4_4_blk_mem_gen_prim_width__parameterized6
INFO: [VRFC 10-311] analyzing module ila_0_blk_mem_gen_v8_4_4_blk_mem_gen_prim_width__parameterized60
INFO: [VRFC 10-311] analyzing module ila_0_blk_mem_gen_v8_4_4_blk_mem_gen_prim_width__parameterized61
INFO: [VRFC 10-311] analyzing module ila_0_blk_mem_gen_v8_4_4_blk_mem_gen_prim_width__parameterized62
INFO: [VRFC 10-311] analyzing module ila_0_blk_mem_gen_v8_4_4_blk_mem_gen_prim_width__parameterized63
INFO: [VRFC 10-311] analyzing module ila_0_blk_mem_gen_v8_4_4_blk_mem_gen_prim_width__parameterized64
INFO: [VRFC 10-311] analyzing module ila_0_blk_mem_gen_v8_4_4_blk_mem_gen_prim_width__parameterized65
INFO: [VRFC 10-311] analyzing module ila_0_blk_mem_gen_v8_4_4_blk_mem_gen_prim_width__parameterized66
INFO: [VRFC 10-311] analyzing module ila_0_blk_mem_gen_v8_4_4_blk_mem_gen_prim_width__parameterized67
INFO: [VRFC 10-311] analyzing module ila_0_blk_mem_gen_v8_4_4_blk_mem_gen_prim_width__parameterized68
INFO: [VRFC 10-311] analyzing module ila_0_blk_mem_gen_v8_4_4_blk_mem_gen_prim_width__parameterized69
INFO: [VRFC 10-311] analyzing module ila_0_blk_mem_gen_v8_4_4_blk_mem_gen_prim_width__parameterized7
INFO: [VRFC 10-311] analyzing module ila_0_blk_mem_gen_v8_4_4_blk_mem_gen_prim_width__parameterized70
INFO: [VRFC 10-311] analyzing module ila_0_blk_mem_gen_v8_4_4_blk_mem_gen_prim_width__parameterized71
INFO: [VRFC 10-311] analyzing module ila_0_blk_mem_gen_v8_4_4_blk_mem_gen_prim_width__parameterized72
INFO: [VRFC 10-311] analyzing module ila_0_blk_mem_gen_v8_4_4_blk_mem_gen_prim_width__parameterized73
INFO: [VRFC 10-311] analyzing module ila_0_blk_mem_gen_v8_4_4_blk_mem_gen_prim_width__parameterized74
INFO: [VRFC 10-311] analyzing module ila_0_blk_mem_gen_v8_4_4_blk_mem_gen_prim_width__parameterized75
INFO: [VRFC 10-311] analyzing module ila_0_blk_mem_gen_v8_4_4_blk_mem_gen_prim_width__parameterized76
INFO: [VRFC 10-311] analyzing module ila_0_blk_mem_gen_v8_4_4_blk_mem_gen_prim_width__parameterized77
INFO: [VRFC 10-311] analyzing module ila_0_blk_mem_gen_v8_4_4_blk_mem_gen_prim_width__parameterized78
INFO: [VRFC 10-311] analyzing module ila_0_blk_mem_gen_v8_4_4_blk_mem_gen_prim_width__parameterized79
INFO: [VRFC 10-311] analyzing module ila_0_blk_mem_gen_v8_4_4_blk_mem_gen_prim_width__parameterized8
INFO: [VRFC 10-311] analyzing module ila_0_blk_mem_gen_v8_4_4_blk_mem_gen_prim_width__parameterized80
INFO: [VRFC 10-311] analyzing module ila_0_blk_mem_gen_v8_4_4_blk_mem_gen_prim_width__parameterized81
INFO: [VRFC 10-311] analyzing module ila_0_blk_mem_gen_v8_4_4_blk_mem_gen_prim_width__parameterized82
INFO: [VRFC 10-311] analyzing module ila_0_blk_mem_gen_v8_4_4_blk_mem_gen_prim_width__parameterized83
INFO: [VRFC 10-311] analyzing module ila_0_blk_mem_gen_v8_4_4_blk_mem_gen_prim_width__parameterized84
INFO: [VRFC 10-311] analyzing module ila_0_blk_mem_gen_v8_4_4_blk_mem_gen_prim_width__parameterized85
INFO: [VRFC 10-311] analyzing module ila_0_blk_mem_gen_v8_4_4_blk_mem_gen_prim_width__parameterized86
INFO: [VRFC 10-311] analyzing module ila_0_blk_mem_gen_v8_4_4_blk_mem_gen_prim_width__parameterized87
INFO: [VRFC 10-311] analyzing module ila_0_blk_mem_gen_v8_4_4_blk_mem_gen_prim_width__parameterized88
INFO: [VRFC 10-311] analyzing module ila_0_blk_mem_gen_v8_4_4_blk_mem_gen_prim_width__parameterized89
INFO: [VRFC 10-311] analyzing module ila_0_blk_mem_gen_v8_4_4_blk_mem_gen_prim_width__parameterized9
INFO: [VRFC 10-311] analyzing module ila_0_blk_mem_gen_v8_4_4_blk_mem_gen_prim_width__parameterized90
INFO: [VRFC 10-311] analyzing module ila_0_blk_mem_gen_v8_4_4_blk_mem_gen_prim_width__parameterized91
INFO: [VRFC 10-311] analyzing module ila_0_blk_mem_gen_v8_4_4_blk_mem_gen_prim_width__parameterized92
INFO: [VRFC 10-311] analyzing module ila_0_blk_mem_gen_v8_4_4_blk_mem_gen_prim_width__parameterized93
INFO: [VRFC 10-311] analyzing module ila_0_blk_mem_gen_v8_4_4_blk_mem_gen_prim_width__parameterized94
INFO: [VRFC 10-311] analyzing module ila_0_blk_mem_gen_v8_4_4_blk_mem_gen_prim_width__parameterized95
INFO: [VRFC 10-311] analyzing module ila_0_blk_mem_gen_v8_4_4_blk_mem_gen_prim_width__parameterized96
INFO: [VRFC 10-311] analyzing module ila_0_blk_mem_gen_v8_4_4_blk_mem_gen_prim_width__parameterized97
INFO: [VRFC 10-311] analyzing module ila_0_blk_mem_gen_v8_4_4_blk_mem_gen_prim_width__parameterized98
INFO: [VRFC 10-311] analyzing module ila_0_blk_mem_gen_v8_4_4_blk_mem_gen_prim_width__parameterized99
INFO: [VRFC 10-311] analyzing module ila_0_blk_mem_gen_v8_4_4_blk_mem_gen_prim_wrapper
INFO: [VRFC 10-311] analyzing module ila_0_blk_mem_gen_v8_4_4_blk_mem_gen_prim_wrapper__parameterized0
INFO: [VRFC 10-311] analyzing module ila_0_blk_mem_gen_v8_4_4_blk_mem_gen_prim_wrapper__parameterized1
INFO: [VRFC 10-311] analyzing module ila_0_blk_mem_gen_v8_4_4_blk_mem_gen_prim_wrapper__parameterized10
INFO: [VRFC 10-311] analyzing module ila_0_blk_mem_gen_v8_4_4_blk_mem_gen_prim_wrapper__parameterized100
INFO: [VRFC 10-311] analyzing module ila_0_blk_mem_gen_v8_4_4_blk_mem_gen_prim_wrapper__parameterized101
INFO: [VRFC 10-311] analyzing module ila_0_blk_mem_gen_v8_4_4_blk_mem_gen_prim_wrapper__parameterized102
INFO: [VRFC 10-311] analyzing module ila_0_blk_mem_gen_v8_4_4_blk_mem_gen_prim_wrapper__parameterized103
INFO: [VRFC 10-311] analyzing module ila_0_blk_mem_gen_v8_4_4_blk_mem_gen_prim_wrapper__parameterized104
INFO: [VRFC 10-311] analyzing module ila_0_blk_mem_gen_v8_4_4_blk_mem_gen_prim_wrapper__parameterized105
INFO: [VRFC 10-311] analyzing module ila_0_blk_mem_gen_v8_4_4_blk_mem_gen_prim_wrapper__parameterized106
INFO: [VRFC 10-311] analyzing module ila_0_blk_mem_gen_v8_4_4_blk_mem_gen_prim_wrapper__parameterized107
INFO: [VRFC 10-311] analyzing module ila_0_blk_mem_gen_v8_4_4_blk_mem_gen_prim_wrapper__parameterized108
INFO: [VRFC 10-311] analyzing module ila_0_blk_mem_gen_v8_4_4_blk_mem_gen_prim_wrapper__parameterized109
INFO: [VRFC 10-311] analyzing module ila_0_blk_mem_gen_v8_4_4_blk_mem_gen_prim_wrapper__parameterized11
INFO: [VRFC 10-311] analyzing module ila_0_blk_mem_gen_v8_4_4_blk_mem_gen_prim_wrapper__parameterized110
INFO: [VRFC 10-311] analyzing module ila_0_blk_mem_gen_v8_4_4_blk_mem_gen_prim_wrapper__parameterized111
INFO: [VRFC 10-311] analyzing module ila_0_blk_mem_gen_v8_4_4_blk_mem_gen_prim_wrapper__parameterized112
INFO: [VRFC 10-311] analyzing module ila_0_blk_mem_gen_v8_4_4_blk_mem_gen_prim_wrapper__parameterized113
INFO: [VRFC 10-311] analyzing module ila_0_blk_mem_gen_v8_4_4_blk_mem_gen_prim_wrapper__parameterized114
INFO: [VRFC 10-311] analyzing module ila_0_blk_mem_gen_v8_4_4_blk_mem_gen_prim_wrapper__parameterized115
INFO: [VRFC 10-311] analyzing module ila_0_blk_mem_gen_v8_4_4_blk_mem_gen_prim_wrapper__parameterized116
INFO: [VRFC 10-311] analyzing module ila_0_blk_mem_gen_v8_4_4_blk_mem_gen_prim_wrapper__parameterized117
INFO: [VRFC 10-311] analyzing module ila_0_blk_mem_gen_v8_4_4_blk_mem_gen_prim_wrapper__parameterized118
INFO: [VRFC 10-311] analyzing module ila_0_blk_mem_gen_v8_4_4_blk_mem_gen_prim_wrapper__parameterized119
INFO: [VRFC 10-311] analyzing module ila_0_blk_mem_gen_v8_4_4_blk_mem_gen_prim_wrapper__parameterized12
INFO: [VRFC 10-311] analyzing module ila_0_blk_mem_gen_v8_4_4_blk_mem_gen_prim_wrapper__parameterized120
INFO: [VRFC 10-311] analyzing module ila_0_blk_mem_gen_v8_4_4_blk_mem_gen_prim_wrapper__parameterized121
INFO: [VRFC 10-311] analyzing module ila_0_blk_mem_gen_v8_4_4_blk_mem_gen_prim_wrapper__parameterized122
INFO: [VRFC 10-311] analyzing module ila_0_blk_mem_gen_v8_4_4_blk_mem_gen_prim_wrapper__parameterized123
INFO: [VRFC 10-311] analyzing module ila_0_blk_mem_gen_v8_4_4_blk_mem_gen_prim_wrapper__parameterized124
INFO: [VRFC 10-311] analyzing module ila_0_blk_mem_gen_v8_4_4_blk_mem_gen_prim_wrapper__parameterized125
INFO: [VRFC 10-311] analyzing module ila_0_blk_mem_gen_v8_4_4_blk_mem_gen_prim_wrapper__parameterized126
INFO: [VRFC 10-311] analyzing module ila_0_blk_mem_gen_v8_4_4_blk_mem_gen_prim_wrapper__parameterized127
INFO: [VRFC 10-311] analyzing module ila_0_blk_mem_gen_v8_4_4_blk_mem_gen_prim_wrapper__parameterized128
INFO: [VRFC 10-311] analyzing module ila_0_blk_mem_gen_v8_4_4_blk_mem_gen_prim_wrapper__parameterized13
INFO: [VRFC 10-311] analyzing module ila_0_blk_mem_gen_v8_4_4_blk_mem_gen_prim_wrapper__parameterized14
INFO: [VRFC 10-311] analyzing module ila_0_blk_mem_gen_v8_4_4_blk_mem_gen_prim_wrapper__parameterized15
INFO: [VRFC 10-311] analyzing module ila_0_blk_mem_gen_v8_4_4_blk_mem_gen_prim_wrapper__parameterized16
INFO: [VRFC 10-311] analyzing module ila_0_blk_mem_gen_v8_4_4_blk_mem_gen_prim_wrapper__parameterized17
INFO: [VRFC 10-311] analyzing module ila_0_blk_mem_gen_v8_4_4_blk_mem_gen_prim_wrapper__parameterized18
INFO: [VRFC 10-311] analyzing module ila_0_blk_mem_gen_v8_4_4_blk_mem_gen_prim_wrapper__parameterized19
INFO: [VRFC 10-311] analyzing module ila_0_blk_mem_gen_v8_4_4_blk_mem_gen_prim_wrapper__parameterized2
INFO: [VRFC 10-311] analyzing module ila_0_blk_mem_gen_v8_4_4_blk_mem_gen_prim_wrapper__parameterized20
INFO: [VRFC 10-311] analyzing module ila_0_blk_mem_gen_v8_4_4_blk_mem_gen_prim_wrapper__parameterized21
INFO: [VRFC 10-311] analyzing module ila_0_blk_mem_gen_v8_4_4_blk_mem_gen_prim_wrapper__parameterized22
INFO: [VRFC 10-311] analyzing module ila_0_blk_mem_gen_v8_4_4_blk_mem_gen_prim_wrapper__parameterized23
INFO: [VRFC 10-311] analyzing module ila_0_blk_mem_gen_v8_4_4_blk_mem_gen_prim_wrapper__parameterized24
INFO: [VRFC 10-311] analyzing module ila_0_blk_mem_gen_v8_4_4_blk_mem_gen_prim_wrapper__parameterized25
INFO: [VRFC 10-311] analyzing module ila_0_blk_mem_gen_v8_4_4_blk_mem_gen_prim_wrapper__parameterized26
INFO: [VRFC 10-311] analyzing module ila_0_blk_mem_gen_v8_4_4_blk_mem_gen_prim_wrapper__parameterized27
INFO: [VRFC 10-311] analyzing module ila_0_blk_mem_gen_v8_4_4_blk_mem_gen_prim_wrapper__parameterized28
INFO: [VRFC 10-311] analyzing module ila_0_blk_mem_gen_v8_4_4_blk_mem_gen_prim_wrapper__parameterized29
INFO: [VRFC 10-311] analyzing module ila_0_blk_mem_gen_v8_4_4_blk_mem_gen_prim_wrapper__parameterized3
INFO: [VRFC 10-311] analyzing module ila_0_blk_mem_gen_v8_4_4_blk_mem_gen_prim_wrapper__parameterized30
INFO: [VRFC 10-311] analyzing module ila_0_blk_mem_gen_v8_4_4_blk_mem_gen_prim_wrapper__parameterized31
INFO: [VRFC 10-311] analyzing module ila_0_blk_mem_gen_v8_4_4_blk_mem_gen_prim_wrapper__parameterized32
INFO: [VRFC 10-311] analyzing module ila_0_blk_mem_gen_v8_4_4_blk_mem_gen_prim_wrapper__parameterized33
INFO: [VRFC 10-311] analyzing module ila_0_blk_mem_gen_v8_4_4_blk_mem_gen_prim_wrapper__parameterized34
INFO: [VRFC 10-311] analyzing module ila_0_blk_mem_gen_v8_4_4_blk_mem_gen_prim_wrapper__parameterized35
INFO: [VRFC 10-311] analyzing module ila_0_blk_mem_gen_v8_4_4_blk_mem_gen_prim_wrapper__parameterized36
INFO: [VRFC 10-311] analyzing module ila_0_blk_mem_gen_v8_4_4_blk_mem_gen_prim_wrapper__parameterized37
INFO: [VRFC 10-311] analyzing module ila_0_blk_mem_gen_v8_4_4_blk_mem_gen_prim_wrapper__parameterized38
INFO: [VRFC 10-311] analyzing module ila_0_blk_mem_gen_v8_4_4_blk_mem_gen_prim_wrapper__parameterized39
INFO: [VRFC 10-311] analyzing module ila_0_blk_mem_gen_v8_4_4_blk_mem_gen_prim_wrapper__parameterized4
INFO: [VRFC 10-311] analyzing module ila_0_blk_mem_gen_v8_4_4_blk_mem_gen_prim_wrapper__parameterized40
INFO: [VRFC 10-311] analyzing module ila_0_blk_mem_gen_v8_4_4_blk_mem_gen_prim_wrapper__parameterized41
INFO: [VRFC 10-311] analyzing module ila_0_blk_mem_gen_v8_4_4_blk_mem_gen_prim_wrapper__parameterized42
INFO: [VRFC 10-311] analyzing module ila_0_blk_mem_gen_v8_4_4_blk_mem_gen_prim_wrapper__parameterized43
INFO: [VRFC 10-311] analyzing module ila_0_blk_mem_gen_v8_4_4_blk_mem_gen_prim_wrapper__parameterized44
INFO: [VRFC 10-311] analyzing module ila_0_blk_mem_gen_v8_4_4_blk_mem_gen_prim_wrapper__parameterized45
INFO: [VRFC 10-311] analyzing module ila_0_blk_mem_gen_v8_4_4_blk_mem_gen_prim_wrapper__parameterized46
INFO: [VRFC 10-311] analyzing module ila_0_blk_mem_gen_v8_4_4_blk_mem_gen_prim_wrapper__parameterized47
INFO: [VRFC 10-311] analyzing module ila_0_blk_mem_gen_v8_4_4_blk_mem_gen_prim_wrapper__parameterized48
INFO: [VRFC 10-311] analyzing module ila_0_blk_mem_gen_v8_4_4_blk_mem_gen_prim_wrapper__parameterized49
INFO: [VRFC 10-311] analyzing module ila_0_blk_mem_gen_v8_4_4_blk_mem_gen_prim_wrapper__parameterized5
INFO: [VRFC 10-311] analyzing module ila_0_blk_mem_gen_v8_4_4_blk_mem_gen_prim_wrapper__parameterized50
INFO: [VRFC 10-311] analyzing module ila_0_blk_mem_gen_v8_4_4_blk_mem_gen_prim_wrapper__parameterized51
INFO: [VRFC 10-311] analyzing module ila_0_blk_mem_gen_v8_4_4_blk_mem_gen_prim_wrapper__parameterized52
INFO: [VRFC 10-311] analyzing module ila_0_blk_mem_gen_v8_4_4_blk_mem_gen_prim_wrapper__parameterized53
INFO: [VRFC 10-311] analyzing module ila_0_blk_mem_gen_v8_4_4_blk_mem_gen_prim_wrapper__parameterized54
INFO: [VRFC 10-311] analyzing module ila_0_blk_mem_gen_v8_4_4_blk_mem_gen_prim_wrapper__parameterized55
INFO: [VRFC 10-311] analyzing module ila_0_blk_mem_gen_v8_4_4_blk_mem_gen_prim_wrapper__parameterized56
INFO: [VRFC 10-311] analyzing module ila_0_blk_mem_gen_v8_4_4_blk_mem_gen_prim_wrapper__parameterized57
INFO: [VRFC 10-311] analyzing module ila_0_blk_mem_gen_v8_4_4_blk_mem_gen_prim_wrapper__parameterized58
INFO: [VRFC 10-311] analyzing module ila_0_blk_mem_gen_v8_4_4_blk_mem_gen_prim_wrapper__parameterized59
INFO: [VRFC 10-311] analyzing module ila_0_blk_mem_gen_v8_4_4_blk_mem_gen_prim_wrapper__parameterized6
INFO: [VRFC 10-311] analyzing module ila_0_blk_mem_gen_v8_4_4_blk_mem_gen_prim_wrapper__parameterized60
INFO: [VRFC 10-311] analyzing module ila_0_blk_mem_gen_v8_4_4_blk_mem_gen_prim_wrapper__parameterized61
INFO: [VRFC 10-311] analyzing module ila_0_blk_mem_gen_v8_4_4_blk_mem_gen_prim_wrapper__parameterized62
INFO: [VRFC 10-311] analyzing module ila_0_blk_mem_gen_v8_4_4_blk_mem_gen_prim_wrapper__parameterized63
INFO: [VRFC 10-311] analyzing module ila_0_blk_mem_gen_v8_4_4_blk_mem_gen_prim_wrapper__parameterized64
INFO: [VRFC 10-311] analyzing module ila_0_blk_mem_gen_v8_4_4_blk_mem_gen_prim_wrapper__parameterized65
INFO: [VRFC 10-311] analyzing module ila_0_blk_mem_gen_v8_4_4_blk_mem_gen_prim_wrapper__parameterized66
INFO: [VRFC 10-311] analyzing module ila_0_blk_mem_gen_v8_4_4_blk_mem_gen_prim_wrapper__parameterized67
INFO: [VRFC 10-311] analyzing module ila_0_blk_mem_gen_v8_4_4_blk_mem_gen_prim_wrapper__parameterized68
INFO: [VRFC 10-311] analyzing module ila_0_blk_mem_gen_v8_4_4_blk_mem_gen_prim_wrapper__parameterized69
INFO: [VRFC 10-311] analyzing module ila_0_blk_mem_gen_v8_4_4_blk_mem_gen_prim_wrapper__parameterized7
INFO: [VRFC 10-311] analyzing module ila_0_blk_mem_gen_v8_4_4_blk_mem_gen_prim_wrapper__parameterized70
INFO: [VRFC 10-311] analyzing module ila_0_blk_mem_gen_v8_4_4_blk_mem_gen_prim_wrapper__parameterized71
INFO: [VRFC 10-311] analyzing module ila_0_blk_mem_gen_v8_4_4_blk_mem_gen_prim_wrapper__parameterized72
INFO: [VRFC 10-311] analyzing module ila_0_blk_mem_gen_v8_4_4_blk_mem_gen_prim_wrapper__parameterized73
INFO: [VRFC 10-311] analyzing module ila_0_blk_mem_gen_v8_4_4_blk_mem_gen_prim_wrapper__parameterized74
INFO: [VRFC 10-311] analyzing module ila_0_blk_mem_gen_v8_4_4_blk_mem_gen_prim_wrapper__parameterized75
INFO: [VRFC 10-311] analyzing module ila_0_blk_mem_gen_v8_4_4_blk_mem_gen_prim_wrapper__parameterized76
INFO: [VRFC 10-311] analyzing module ila_0_blk_mem_gen_v8_4_4_blk_mem_gen_prim_wrapper__parameterized77
INFO: [VRFC 10-311] analyzing module ila_0_blk_mem_gen_v8_4_4_blk_mem_gen_prim_wrapper__parameterized78
INFO: [VRFC 10-311] analyzing module ila_0_blk_mem_gen_v8_4_4_blk_mem_gen_prim_wrapper__parameterized79
INFO: [VRFC 10-311] analyzing module ila_0_blk_mem_gen_v8_4_4_blk_mem_gen_prim_wrapper__parameterized8
INFO: [VRFC 10-311] analyzing module ila_0_blk_mem_gen_v8_4_4_blk_mem_gen_prim_wrapper__parameterized80
INFO: [VRFC 10-311] analyzing module ila_0_blk_mem_gen_v8_4_4_blk_mem_gen_prim_wrapper__parameterized81
INFO: [VRFC 10-311] analyzing module ila_0_blk_mem_gen_v8_4_4_blk_mem_gen_prim_wrapper__parameterized82
INFO: [VRFC 10-311] analyzing module ila_0_blk_mem_gen_v8_4_4_blk_mem_gen_prim_wrapper__parameterized83
INFO: [VRFC 10-311] analyzing module ila_0_blk_mem_gen_v8_4_4_blk_mem_gen_prim_wrapper__parameterized84
INFO: [VRFC 10-311] analyzing module ila_0_blk_mem_gen_v8_4_4_blk_mem_gen_prim_wrapper__parameterized85
INFO: [VRFC 10-311] analyzing module ila_0_blk_mem_gen_v8_4_4_blk_mem_gen_prim_wrapper__parameterized86
INFO: [VRFC 10-311] analyzing module ila_0_blk_mem_gen_v8_4_4_blk_mem_gen_prim_wrapper__parameterized87
INFO: [VRFC 10-311] analyzing module ila_0_blk_mem_gen_v8_4_4_blk_mem_gen_prim_wrapper__parameterized88
INFO: [VRFC 10-311] analyzing module ila_0_blk_mem_gen_v8_4_4_blk_mem_gen_prim_wrapper__parameterized89
INFO: [VRFC 10-311] analyzing module ila_0_blk_mem_gen_v8_4_4_blk_mem_gen_prim_wrapper__parameterized9
INFO: [VRFC 10-311] analyzing module ila_0_blk_mem_gen_v8_4_4_blk_mem_gen_prim_wrapper__parameterized90
INFO: [VRFC 10-311] analyzing module ila_0_blk_mem_gen_v8_4_4_blk_mem_gen_prim_wrapper__parameterized91
INFO: [VRFC 10-311] analyzing module ila_0_blk_mem_gen_v8_4_4_blk_mem_gen_prim_wrapper__parameterized92
INFO: [VRFC 10-311] analyzing module ila_0_blk_mem_gen_v8_4_4_blk_mem_gen_prim_wrapper__parameterized93
INFO: [VRFC 10-311] analyzing module ila_0_blk_mem_gen_v8_4_4_blk_mem_gen_prim_wrapper__parameterized94
INFO: [VRFC 10-311] analyzing module ila_0_blk_mem_gen_v8_4_4_blk_mem_gen_prim_wrapper__parameterized95
INFO: [VRFC 10-311] analyzing module ila_0_blk_mem_gen_v8_4_4_blk_mem_gen_prim_wrapper__parameterized96
INFO: [VRFC 10-311] analyzing module ila_0_blk_mem_gen_v8_4_4_blk_mem_gen_prim_wrapper__parameterized97
INFO: [VRFC 10-311] analyzing module ila_0_blk_mem_gen_v8_4_4_blk_mem_gen_prim_wrapper__parameterized98
INFO: [VRFC 10-311] analyzing module ila_0_blk_mem_gen_v8_4_4_blk_mem_gen_prim_wrapper__parameterized99
INFO: [VRFC 10-311] analyzing module ila_0_blk_mem_gen_v8_4_4_blk_mem_gen_top
INFO: [VRFC 10-311] analyzing module ila_0_blk_mem_gen_v8_4_4_synth
INFO: [VRFC 10-311] analyzing module c_counter_binary_0_c_addsub_v12_0_14_fabric_legacy
INFO: [VRFC 10-311] analyzing module c_counter_binary_0_c_addsub_v12_0_14_fabric_legacy_HD101
INFO: [VRFC 10-311] analyzing module c_counter_binary_0_c_addsub_v12_0_14_fabric_legacy_HD109
INFO: [VRFC 10-311] analyzing module c_counter_binary_0_c_addsub_v12_0_14_fabric_legacy_HD117
INFO: [VRFC 10-311] analyzing module c_counter_binary_0_c_addsub_v12_0_14_fabric_legacy_HD125
INFO: [VRFC 10-311] analyzing module c_counter_binary_0_c_addsub_v12_0_14_fabric_legacy_HD133
INFO: [VRFC 10-311] analyzing module c_counter_binary_0_c_addsub_v12_0_14_fabric_legacy_HD21
INFO: [VRFC 10-311] analyzing module c_counter_binary_0_c_addsub_v12_0_14_fabric_legacy_HD29
INFO: [VRFC 10-311] analyzing module c_counter_binary_0_c_addsub_v12_0_14_fabric_legacy_HD37
INFO: [VRFC 10-311] analyzing module c_counter_binary_0_c_addsub_v12_0_14_fabric_legacy_HD45
INFO: [VRFC 10-311] analyzing module c_counter_binary_0_c_addsub_v12_0_14_fabric_legacy_HD53
INFO: [VRFC 10-311] analyzing module c_counter_binary_0_c_addsub_v12_0_14_fabric_legacy_HD61
INFO: [VRFC 10-311] analyzing module c_counter_binary_0_c_addsub_v12_0_14_fabric_legacy_HD69
INFO: [VRFC 10-311] analyzing module c_counter_binary_0_c_addsub_v12_0_14_fabric_legacy_HD77
INFO: [VRFC 10-311] analyzing module c_counter_binary_0_c_addsub_v12_0_14_fabric_legacy_HD85
INFO: [VRFC 10-311] analyzing module c_counter_binary_0_c_addsub_v12_0_14_fabric_legacy_HD93
INFO: [VRFC 10-311] analyzing module c_counter_binary_0_c_addsub_v12_0_14_legacy
INFO: [VRFC 10-311] analyzing module c_counter_binary_0_c_addsub_v12_0_14_legacy_HD100
INFO: [VRFC 10-311] analyzing module c_counter_binary_0_c_addsub_v12_0_14_legacy_HD108
INFO: [VRFC 10-311] analyzing module c_counter_binary_0_c_addsub_v12_0_14_legacy_HD116
INFO: [VRFC 10-311] analyzing module c_counter_binary_0_c_addsub_v12_0_14_legacy_HD124
INFO: [VRFC 10-311] analyzing module c_counter_binary_0_c_addsub_v12_0_14_legacy_HD132
INFO: [VRFC 10-311] analyzing module c_counter_binary_0_c_addsub_v12_0_14_legacy_HD20
INFO: [VRFC 10-311] analyzing module c_counter_binary_0_c_addsub_v12_0_14_legacy_HD28
INFO: [VRFC 10-311] analyzing module c_counter_binary_0_c_addsub_v12_0_14_legacy_HD36
INFO: [VRFC 10-311] analyzing module c_counter_binary_0_c_addsub_v12_0_14_legacy_HD44
INFO: [VRFC 10-311] analyzing module c_counter_binary_0_c_addsub_v12_0_14_legacy_HD52
INFO: [VRFC 10-311] analyzing module c_counter_binary_0_c_addsub_v12_0_14_legacy_HD60
INFO: [VRFC 10-311] analyzing module c_counter_binary_0_c_addsub_v12_0_14_legacy_HD68
INFO: [VRFC 10-311] analyzing module c_counter_binary_0_c_addsub_v12_0_14_legacy_HD76
INFO: [VRFC 10-311] analyzing module c_counter_binary_0_c_addsub_v12_0_14_legacy_HD84
INFO: [VRFC 10-311] analyzing module c_counter_binary_0_c_addsub_v12_0_14_legacy_HD92
INFO: [VRFC 10-311] analyzing module c_counter_binary_0_c_addsub_v12_0_14_lut6_legacy
INFO: [VRFC 10-311] analyzing module c_counter_binary_0_c_addsub_v12_0_14_lut6_legacy_HD102
INFO: [VRFC 10-311] analyzing module c_counter_binary_0_c_addsub_v12_0_14_lut6_legacy_HD110
INFO: [VRFC 10-311] analyzing module c_counter_binary_0_c_addsub_v12_0_14_lut6_legacy_HD118
INFO: [VRFC 10-311] analyzing module c_counter_binary_0_c_addsub_v12_0_14_lut6_legacy_HD126
INFO: [VRFC 10-311] analyzing module c_counter_binary_0_c_addsub_v12_0_14_lut6_legacy_HD134
INFO: [VRFC 10-311] analyzing module c_counter_binary_0_c_addsub_v12_0_14_lut6_legacy_HD22
INFO: [VRFC 10-311] analyzing module c_counter_binary_0_c_addsub_v12_0_14_lut6_legacy_HD30
INFO: [VRFC 10-311] analyzing module c_counter_binary_0_c_addsub_v12_0_14_lut6_legacy_HD38
INFO: [VRFC 10-311] analyzing module c_counter_binary_0_c_addsub_v12_0_14_lut6_legacy_HD46
INFO: [VRFC 10-311] analyzing module c_counter_binary_0_c_addsub_v12_0_14_lut6_legacy_HD54
INFO: [VRFC 10-311] analyzing module c_counter_binary_0_c_addsub_v12_0_14_lut6_legacy_HD62
INFO: [VRFC 10-311] analyzing module c_counter_binary_0_c_addsub_v12_0_14_lut6_legacy_HD70
INFO: [VRFC 10-311] analyzing module c_counter_binary_0_c_addsub_v12_0_14_lut6_legacy_HD78
INFO: [VRFC 10-311] analyzing module c_counter_binary_0_c_addsub_v12_0_14_lut6_legacy_HD86
INFO: [VRFC 10-311] analyzing module c_counter_binary_0_c_addsub_v12_0_14_lut6_legacy_HD94
INFO: [VRFC 10-311] analyzing module c_counter_binary_0_c_counter_binary_v12_0_14
INFO: [VRFC 10-311] analyzing module c_counter_binary_0_c_counter_binary_v12_0_14_HD105
INFO: [VRFC 10-311] analyzing module c_counter_binary_0_c_counter_binary_v12_0_14_HD113
INFO: [VRFC 10-311] analyzing module c_counter_binary_0_c_counter_binary_v12_0_14_HD121
INFO: [VRFC 10-311] analyzing module c_counter_binary_0_c_counter_binary_v12_0_14_HD129
INFO: [VRFC 10-311] analyzing module c_counter_binary_0_c_counter_binary_v12_0_14_HD17
INFO: [VRFC 10-311] analyzing module c_counter_binary_0_c_counter_binary_v12_0_14_HD25
INFO: [VRFC 10-311] analyzing module c_counter_binary_0_c_counter_binary_v12_0_14_HD33
INFO: [VRFC 10-311] analyzing module c_counter_binary_0_c_counter_binary_v12_0_14_HD41
INFO: [VRFC 10-311] analyzing module c_counter_binary_0_c_counter_binary_v12_0_14_HD49
INFO: [VRFC 10-311] analyzing module c_counter_binary_0_c_counter_binary_v12_0_14_HD57
INFO: [VRFC 10-311] analyzing module c_counter_binary_0_c_counter_binary_v12_0_14_HD65
INFO: [VRFC 10-311] analyzing module c_counter_binary_0_c_counter_binary_v12_0_14_HD73
INFO: [VRFC 10-311] analyzing module c_counter_binary_0_c_counter_binary_v12_0_14_HD81
INFO: [VRFC 10-311] analyzing module c_counter_binary_0_c_counter_binary_v12_0_14_HD89
INFO: [VRFC 10-311] analyzing module c_counter_binary_0_c_counter_binary_v12_0_14_HD97
INFO: [VRFC 10-311] analyzing module c_counter_binary_0_c_counter_binary_v12_0_14_legacy
INFO: [VRFC 10-311] analyzing module c_counter_binary_0_c_counter_binary_v12_0_14_legacy_HD107
INFO: [VRFC 10-311] analyzing module c_counter_binary_0_c_counter_binary_v12_0_14_legacy_HD115
INFO: [VRFC 10-311] analyzing module c_counter_binary_0_c_counter_binary_v12_0_14_legacy_HD123
INFO: [VRFC 10-311] analyzing module c_counter_binary_0_c_counter_binary_v12_0_14_legacy_HD131
INFO: [VRFC 10-311] analyzing module c_counter_binary_0_c_counter_binary_v12_0_14_legacy_HD19
INFO: [VRFC 10-311] analyzing module c_counter_binary_0_c_counter_binary_v12_0_14_legacy_HD27
INFO: [VRFC 10-311] analyzing module c_counter_binary_0_c_counter_binary_v12_0_14_legacy_HD35
INFO: [VRFC 10-311] analyzing module c_counter_binary_0_c_counter_binary_v12_0_14_legacy_HD43
INFO: [VRFC 10-311] analyzing module c_counter_binary_0_c_counter_binary_v12_0_14_legacy_HD51
INFO: [VRFC 10-311] analyzing module c_counter_binary_0_c_counter_binary_v12_0_14_legacy_HD59
INFO: [VRFC 10-311] analyzing module c_counter_binary_0_c_counter_binary_v12_0_14_legacy_HD67
INFO: [VRFC 10-311] analyzing module c_counter_binary_0_c_counter_binary_v12_0_14_legacy_HD75
INFO: [VRFC 10-311] analyzing module c_counter_binary_0_c_counter_binary_v12_0_14_legacy_HD83
INFO: [VRFC 10-311] analyzing module c_counter_binary_0_c_counter_binary_v12_0_14_legacy_HD91
INFO: [VRFC 10-311] analyzing module c_counter_binary_0_c_counter_binary_v12_0_14_legacy_HD99
INFO: [VRFC 10-311] analyzing module c_counter_binary_0_c_counter_binary_v12_0_14_viv
INFO: [VRFC 10-311] analyzing module c_counter_binary_0_c_counter_binary_v12_0_14_viv_HD106
INFO: [VRFC 10-311] analyzing module c_counter_binary_0_c_counter_binary_v12_0_14_viv_HD114
INFO: [VRFC 10-311] analyzing module c_counter_binary_0_c_counter_binary_v12_0_14_viv_HD122
INFO: [VRFC 10-311] analyzing module c_counter_binary_0_c_counter_binary_v12_0_14_viv_HD130
INFO: [VRFC 10-311] analyzing module c_counter_binary_0_c_counter_binary_v12_0_14_viv_HD18
INFO: [VRFC 10-311] analyzing module c_counter_binary_0_c_counter_binary_v12_0_14_viv_HD26
INFO: [VRFC 10-311] analyzing module c_counter_binary_0_c_counter_binary_v12_0_14_viv_HD34
INFO: [VRFC 10-311] analyzing module c_counter_binary_0_c_counter_binary_v12_0_14_viv_HD42
INFO: [VRFC 10-311] analyzing module c_counter_binary_0_c_counter_binary_v12_0_14_viv_HD50
INFO: [VRFC 10-311] analyzing module c_counter_binary_0_c_counter_binary_v12_0_14_viv_HD58
INFO: [VRFC 10-311] analyzing module c_counter_binary_0_c_counter_binary_v12_0_14_viv_HD66
INFO: [VRFC 10-311] analyzing module c_counter_binary_0_c_counter_binary_v12_0_14_viv_HD74
INFO: [VRFC 10-311] analyzing module c_counter_binary_0_c_counter_binary_v12_0_14_viv_HD82
INFO: [VRFC 10-311] analyzing module c_counter_binary_0_c_counter_binary_v12_0_14_viv_HD90
INFO: [VRFC 10-311] analyzing module c_counter_binary_0_c_counter_binary_v12_0_14_viv_HD98
INFO: [VRFC 10-311] analyzing module c_counter_binary_0_c_reg_fd_v12_0_6_viv
INFO: [VRFC 10-311] analyzing module c_counter_binary_0_c_reg_fd_v12_0_6_viv_HD103
INFO: [VRFC 10-311] analyzing module c_counter_binary_0_c_reg_fd_v12_0_6_viv_HD111
INFO: [VRFC 10-311] analyzing module c_counter_binary_0_c_reg_fd_v12_0_6_viv_HD119
INFO: [VRFC 10-311] analyzing module c_counter_binary_0_c_reg_fd_v12_0_6_viv_HD127
INFO: [VRFC 10-311] analyzing module c_counter_binary_0_c_reg_fd_v12_0_6_viv_HD135
INFO: [VRFC 10-311] analyzing module c_counter_binary_0_c_reg_fd_v12_0_6_viv_HD23
INFO: [VRFC 10-311] analyzing module c_counter_binary_0_c_reg_fd_v12_0_6_viv_HD31
INFO: [VRFC 10-311] analyzing module c_counter_binary_0_c_reg_fd_v12_0_6_viv_HD39
INFO: [VRFC 10-311] analyzing module c_counter_binary_0_c_reg_fd_v12_0_6_viv_HD47
INFO: [VRFC 10-311] analyzing module c_counter_binary_0_c_reg_fd_v12_0_6_viv_HD55
INFO: [VRFC 10-311] analyzing module c_counter_binary_0_c_reg_fd_v12_0_6_viv_HD63
INFO: [VRFC 10-311] analyzing module c_counter_binary_0_c_reg_fd_v12_0_6_viv_HD71
INFO: [VRFC 10-311] analyzing module c_counter_binary_0_c_reg_fd_v12_0_6_viv_HD79
INFO: [VRFC 10-311] analyzing module c_counter_binary_0_c_reg_fd_v12_0_6_viv_HD87
INFO: [VRFC 10-311] analyzing module c_counter_binary_0_c_reg_fd_v12_0_6_viv_HD95
INFO: [VRFC 10-311] analyzing module glbl
INFO: [VRFC 10-2263] Analyzing Verilog file "D:/xvp/project_1.xpr/project_1/project_1.srcs/sources_1/new/async_up_counter.v" into library xil_defaultlib
INFO: [VRFC 10-311] analyzing module async_up_counter
WARNING: [VRFC 10-3609] overwriting previous definition of module 'async_up_counter' [D:/xvp/project_1.xpr/project_1/project_1.srcs/sources_1/new/async_up_counter.v:1]
INFO: [VRFC 10-2263] Analyzing Verilog file "D:/xvp/project_1.xpr/project_1/project_1.srcs/sources_1/imports/ring_oscillator/ring_oscillator.v" into library xil_defaultlib
INFO: [VRFC 10-311] analyzing module ring_oscillator
WARNING: [VRFC 10-3609] overwriting previous definition of module 'ring_oscillator' [D:/xvp/project_1.xpr/project_1/project_1.srcs/sources_1/imports/ring_oscillator/ring_oscillator.v:20]
INFO: [VRFC 10-2263] Analyzing Verilog file "D:/xvp/project_1.xpr/project_1/project_1.srcs/sources_1/new/ro_sensor.v" into library xil_defaultlib
INFO: [VRFC 10-311] analyzing module ro_sensor
WARNING: [VRFC 10-3609] overwriting previous definition of module 'ro_sensor' [D:/xvp/project_1.xpr/project_1/project_1.srcs/sources_1/new/ro_sensor.v:23]
INFO: [VRFC 10-2263] Analyzing SystemVerilog file "D:/xvp/project_1.xpr/project_1/project_1.srcs/sim_1/imports/components/common_pkg.sv" into library xil_defaultlib
INFO: [VRFC 10-2263] Analyzing SystemVerilog file "D:/xvp/project_1.xpr/project_1/project_1.srcs/sources_1/imports/components/common_pkg.sv" into library xil_defaultlib
WARNING: [VRFC 10-3264] design element 'common_pkg' is previously defined, ignoring this definition [D:/xvp/project_1.xpr/project_1/project_1.srcs/sources_1/imports/components/common_pkg.sv:1]
INFO: [VRFC 10-2263] Analyzing SystemVerilog file "D:/xvp/project_1.xpr/project_1/project_1.srcs/sources_1/imports/components/ALU/ALU.sv" into library xil_defaultlib
INFO: [VRFC 10-311] analyzing module ALU
WARNING: [VRFC 10-3609] overwriting previous definition of module 'ALU' [D:/xvp/project_1.xpr/project_1/project_1.srcs/sources_1/imports/components/ALU/ALU.sv:3]
INFO: [VRFC 10-2263] Analyzing SystemVerilog file "D:/xvp/project_1.xpr/project_1/project_1.srcs/sources_1/imports/components/ALU/ALU_control.sv" into library xil_defaultlib
INFO: [VRFC 10-311] analyzing module ALU_control
WARNING: [VRFC 10-3609] overwriting previous definition of module 'ALU_control' [D:/xvp/project_1.xpr/project_1/project_1.srcs/sources_1/imports/components/ALU/ALU_control.sv:3]
INFO: [VRFC 10-2263] Analyzing SystemVerilog file "D:/xvp/project_1.xpr/project_1/project_1.srcs/sources_1/new/add_tree_new.sv" into library xil_defaultlib
INFO: [VRFC 10-311] analyzing module add_tree_new
WARNING: [VRFC 10-3609] overwriting previous definition of module 'add_tree_new' [D:/xvp/project_1.xpr/project_1/project_1.srcs/sources_1/new/add_tree_new.sv:23]
INFO: [VRFC 10-2263] Analyzing SystemVerilog file "D:/xvp/project_1.xpr/project_1/project_1.srcs/sources_1/new/bit_extension.sv" into library xil_defaultlib
INFO: [VRFC 10-311] analyzing module bit_extension
WARNING: [VRFC 10-3609] overwriting previous definition of module 'bit_extension' [D:/xvp/project_1.xpr/project_1/project_1.srcs/sources_1/new/bit_extension.sv:23]
INFO: [VRFC 10-2263] Analyzing SystemVerilog file "D:/xvp/project_1.xpr/project_1/project_1.srcs/sources_1/imports/components/control_unit/control_unit.sv" into library xil_defaultlib
INFO: [VRFC 10-311] analyzing module control_unit
WARNING: [VRFC 10-3609] overwriting previous definition of module 'control_unit' [D:/xvp/project_1.xpr/project_1/project_1.srcs/sources_1/imports/components/control_unit/control_unit.sv:3]
INFO: [VRFC 10-2263] Analyzing SystemVerilog file "D:/xvp/project_1.xpr/project_1/project_1.srcs/sources_1/imports/components/data_memory/data_memory.sv" into library xil_defaultlib
INFO: [VRFC 10-311] analyzing module data_memory
WARNING: [VRFC 10-3609] overwriting previous definition of module 'data_memory' [D:/xvp/project_1.xpr/project_1/project_1.srcs/sources_1/imports/components/data_memory/data_memory.sv:3]
INFO: [VRFC 10-2263] Analyzing SystemVerilog file "D:/xvp/project_1.xpr/project_1/project_1.srcs/sources_1/imports/components/imm_generator/imm_generator.sv" into library xil_defaultlib
INFO: [VRFC 10-311] analyzing module imm_generator
WARNING: [VRFC 10-3609] overwriting previous definition of module 'imm_generator' [D:/xvp/project_1.xpr/project_1/project_1.srcs/sources_1/imports/components/imm_generator/imm_generator.sv:3]
INFO: [VRFC 10-2263] Analyzing SystemVerilog file "D:/xvp/project_1.xpr/project_1/project_1.srcs/sources_1/imports/components/instruction_memory/instruction_memory.sv" into library xil_defaultlib
INFO: [VRFC 10-311] analyzing module instruction_memory
WARNING: [VRFC 10-3609] overwriting previous definition of module 'instruction_memory' [D:/xvp/project_1.xpr/project_1/project_1.srcs/sources_1/imports/components/instruction_memory/instruction_memory.sv:3]
INFO: [VRFC 10-2263] Analyzing SystemVerilog file "D:/xvp/project_1.xpr/project_1/project_1.srcs/sources_1/imports/components/program_counter/program_counter.sv" into library xil_defaultlib
INFO: [VRFC 10-311] analyzing module program_counter
WARNING: [VRFC 10-3609] overwriting previous definition of module 'program_counter' [D:/xvp/project_1.xpr/project_1/project_1.srcs/sources_1/imports/components/program_counter/program_counter.sv:3]
INFO: [VRFC 10-2263] Analyzing SystemVerilog file "D:/xvp/project_1.xpr/project_1/project_1.srcs/sources_1/imports/components/register_file/register_file.sv" into library xil_defaultlib
INFO: [VRFC 10-311] analyzing module register_file
WARNING: [VRFC 10-3609] overwriting previous definition of module 'register_file' [D:/xvp/project_1.xpr/project_1/project_1.srcs/sources_1/imports/components/register_file/register_file.sv:3]
INFO: [VRFC 10-2263] Analyzing SystemVerilog file "D:/xvp/project_1.xpr/project_1/project_1.srcs/sources_1/new/sensor_adder.sv" into library xil_defaultlib
INFO: [VRFC 10-311] analyzing module sensor_adder
WARNING: [VRFC 10-3609] overwriting previous definition of module 'sensor_adder' [D:/xvp/project_1.xpr/project_1/project_1.srcs/sources_1/new/sensor_adder.sv:44]
INFO: [VRFC 10-2263] Analyzing SystemVerilog file "D:/xvp/project_1.xpr/project_1/project_1.srcs/sources_1/new/top_risc.sv" into library xil_defaultlib
INFO: [VRFC 10-311] analyzing module top_risc
WARNING: [VRFC 10-3609] overwriting previous definition of module 'top_risc' [D:/xvp/project_1.xpr/project_1/project_1.srcs/sources_1/new/top_risc.sv:24]
INFO: [VRFC 10-2263] Analyzing SystemVerilog file "D:/xvp/project_1.xpr/project_1/project_1.srcs/sim_1/new/top_tb.sv" into library xil_defaultlib
INFO: [VRFC 10-311] analyzing module top_tb
