INFO: [VRFC 10-2263] Analyzing Verilog file "D:/xvp/ip_repo/accelerator_1.0/vio_0/sim/vio_0.v" into library xil_defaultlib
INFO: [VRFC 10-311] analyzing module vio_0
INFO: [VRFC 10-2263] Analyzing Verilog file "D:/xvp/project_1.xpr/project_1/project_1.gen/ila_0/ip/ila_0/sim/ila_0.v" into library xil_defaultlib
INFO: [VRFC 10-311] analyzing module ila_0
INFO: [VRFC 10-2263] Analyzing Verilog file "D:/xvp/project_1.xpr/AES/AES_Comp_ENC.v" into library xil_defaultlib
INFO: [VRFC 10-311] analyzing module AES_Comp_ENC
INFO: [VRFC 10-2263] Analyzing Verilog file "D:/xvp/project_1.xpr/AES/AES_Comp_EncCore.v" into library xil_defaultlib
INFO: [VRFC 10-311] analyzing module AES_Comp_EncCore
INFO: [VRFC 10-2263] Analyzing Verilog file "D:/xvp/project_1.xpr/AES/AES_Comp_GFinvComp.v" into library xil_defaultlib
INFO: [VRFC 10-311] analyzing module AES_Comp_GFinvComp
INFO: [VRFC 10-2263] Analyzing Verilog file "D:/xvp/project_1.xpr/AES/AES_Comp_MixColumns.v" into library xil_defaultlib
INFO: [VRFC 10-311] analyzing module AES_Comp_MixColumns
INFO: [VRFC 10-2263] Analyzing Verilog file "D:/xvp/project_1.xpr/AES/AES_Comp_SboxComp.v" into library xil_defaultlib
INFO: [VRFC 10-311] analyzing module AES_Comp_SboxComp
INFO: [VRFC 10-2263] Analyzing Verilog file "D:/xvp/project_1.xpr/AES/AES_Comp_SubBytesComp.v" into library xil_defaultlib
INFO: [VRFC 10-311] analyzing module AES_Comp_SubBytesComp
INFO: [VRFC 10-2263] Analyzing Verilog file "D:/xvp/project_1.xpr/AES/AES_top.v" into library xil_defaultlib
INFO: [VRFC 10-311] analyzing module AES_top
INFO: [VRFC 10-2263] Analyzing Verilog file "D:/xvp/project_1.xpr/project_1/project_1.srcs/sources_1/new/async_up_counter.v" into library xil_defaultlib
INFO: [VRFC 10-311] analyzing module async_up_counter
INFO: [VRFC 10-2263] Analyzing Verilog file "D:/xvp/project_1.xpr/project_1/project_1.srcs/sources_1/imports/ring_oscillator/ring_oscillator.v" into library xil_defaultlib
INFO: [VRFC 10-311] analyzing module ring_oscillator
INFO: [VRFC 10-2263] Analyzing Verilog file "D:/xvp/project_1.xpr/project_1/project_1.srcs/sources_1/new/ro_sensor.v" into library xil_defaultlib
INFO: [VRFC 10-311] analyzing module ro_sensor
INFO: [VRFC 10-2263] Analyzing SystemVerilog file "D:/xvp/project_1.xpr/project_1/project_1.srcs/sim_1/imports/components/common_pkg.sv" into library xil_defaultlib
INFO: [VRFC 10-2263] Analyzing SystemVerilog file "D:/xvp/project_1.xpr/project_1/project_1.srcs/sources_1/imports/components/common_pkg.sv" into library xil_defaultlib
WARNING: [VRFC 10-3264] design element 'common_pkg' is previously defined, ignoring this definition [D:/xvp/project_1.xpr/project_1/project_1.srcs/sources_1/imports/components/common_pkg.sv:1]
INFO: [VRFC 10-2263] Analyzing SystemVerilog file "D:/xvp/project_1.xpr/project_1/project_1.srcs/sources_1/imports/components/ALU/ALU.sv" into library xil_defaultlib
INFO: [VRFC 10-311] analyzing module ALU
INFO: [VRFC 10-2263] Analyzing SystemVerilog file "D:/xvp/project_1.xpr/project_1/project_1.srcs/sources_1/imports/components/ALU/ALU_control.sv" into library xil_defaultlib
INFO: [VRFC 10-311] analyzing module ALU_control
INFO: [VRFC 10-2263] Analyzing SystemVerilog file "D:/xvp/project_1.xpr/project_1/project_1.srcs/sources_1/new/add_tree_new.sv" into library xil_defaultlib
INFO: [VRFC 10-311] analyzing module add_tree_new
INFO: [VRFC 10-2263] Analyzing SystemVerilog file "D:/xvp/project_1.xpr/project_1/project_1.srcs/sources_1/new/bit_extension.sv" into library xil_defaultlib
INFO: [VRFC 10-311] analyzing module bit_extension
INFO: [VRFC 10-2263] Analyzing SystemVerilog file "D:/xvp/project_1.xpr/project_1/project_1.srcs/sources_1/imports/components/control_unit/control_unit.sv" into library xil_defaultlib
INFO: [VRFC 10-311] analyzing module control_unit
INFO: [VRFC 10-2263] Analyzing SystemVerilog file "D:/xvp/project_1.xpr/project_1/project_1.srcs/sources_1/imports/components/data_memory/data_memory.sv" into library xil_defaultlib
INFO: [VRFC 10-311] analyzing module data_memory
INFO: [VRFC 10-2263] Analyzing SystemVerilog file "D:/xvp/project_1.xpr/project_1/project_1.srcs/sources_1/imports/components/imm_generator/imm_generator.sv" into library xil_defaultlib
INFO: [VRFC 10-311] analyzing module imm_generator
INFO: [VRFC 10-2263] Analyzing SystemVerilog file "D:/xvp/project_1.xpr/project_1/project_1.srcs/sources_1/imports/components/instruction_memory/instruction_memory.sv" into library xil_defaultlib
INFO: [VRFC 10-311] analyzing module instruction_memory
INFO: [VRFC 10-2263] Analyzing SystemVerilog file "D:/xvp/project_1.xpr/project_1/project_1.srcs/sources_1/imports/components/program_counter/program_counter.sv" into library xil_defaultlib
INFO: [VRFC 10-311] analyzing module program_counter
INFO: [VRFC 10-2263] Analyzing SystemVerilog file "D:/xvp/project_1.xpr/project_1/project_1.srcs/sources_1/imports/components/register_file/register_file.sv" into library xil_defaultlib
INFO: [VRFC 10-311] analyzing module register_file
INFO: [VRFC 10-2263] Analyzing SystemVerilog file "D:/xvp/project_1.xpr/project_1/project_1.srcs/sources_1/new/sensor_adder.sv" into library xil_defaultlib
INFO: [VRFC 10-311] analyzing module sensor_adder
INFO: [VRFC 10-2263] Analyzing SystemVerilog file "D:/xvp/project_1.xpr/project_1/project_1.srcs/sources_1/new/top_risc.sv" into library xil_defaultlib
INFO: [VRFC 10-311] analyzing module top_risc
INFO: [VRFC 10-2263] Analyzing SystemVerilog file "D:/xvp/project_1.xpr/project_1/project_1.srcs/sim_1/new/top_tb.sv" into library xil_defaultlib
INFO: [VRFC 10-311] analyzing module top_tb
