#
# A fatal error has been detected by the Java Runtime Environment:
#
#  EXCEPTION_UNCAUGHT_CXX_EXCEPTION (0xe06d7363) at pc=0x00007ff907bc4fd9, pid=14240, tid=15560
#
# JRE version: OpenJDK Runtime Environment (11.0.2+9) (build 11.0.2+9)
# Java VM: OpenJDK 64-Bit Server VM (11.0.2+9, mixed mode, tiered, compressed oops, g1 gc, windows-amd64)
# Problematic frame:
# C  [KERNELBASE.dll+0x34fd9]
#
# No core dump will be written. Minidumps are not enabled by default on client versions of Windows
#
# If you would like to submit a bug report, please visit:
#   http://bugreport.java.com/bugreport/crash.jsp
#

---------------  S U M M A R Y ------------

Command Line: -Dsun.java2d.pmoffscreen=false -Dhttps.protocols=TLSv1,TLSv1.1,TLSv1.2 -Dsun.java2d.xrender=false -Dsun.java2d.d3d=false -Dsun.awt.nopixfmt=true -Dsun.java2d.dpiaware=true -Dsun.java2d.uiScale.enabled=false -Xverify:none -Dswing.aatext=true -XX:-UsePerfData -Djdk.map.althashing.threshold=512 -XX:StringTableSize=4072 --add-opens=java.base/java.nio=ALL-UNNAMED --add-opens=java.desktop/sun.swing=ALL-UNNAMED --add-opens=java.desktop/javax.swing=ALL-UNNAMED --add-opens=java.desktop/javax.swing.tree=ALL-UNNAMED --add-opens=java.desktop/javax.swing.plaf.basic=ALL-UNNAMED --add-opens=java.desktop/javax.swing.plaf.synth=ALL-UNNAMED --add-opens=java.desktop/com.sun.awt=ALL-UNNAMED -XX:NewSize=60m -XX:MaxNewSize=60m -Xms256m -Xmx3072m -Xss5m 

Host: 11th Gen Intel(R) Core(TM) i5-11300H @ 3.10GHz, 8 cores, 15G,  Windows 10 , 64 bit Build 19041 (10.0.19041.1889)
Time: Thu Sep 22 14:19:32 2022 Eastern Daylight Time elapsed time: 3007 seconds (0d 0h 50m 7s)

---------------  T H R E A D  ---------------

Current thread (0x00000237ad10f000):  JavaThread "C2 CompilerThread1" daemon [_thread_in_native, id=15560, stack(0x00000066a6700000,0x00000066a6800000)]


Current CompileTask:
C2:3007434 29703   !   4       com.jidesoft.editor.LazyLoadDocument::a (1008 bytes)

Stack: [0x00000066a6700000,0x00000066a6800000],  sp=0x00000066a67fb720,  free space=1005k
Native frames: (J=compiled Java code, j=interpreted, Vv=VM code, C=native code)
C  [KERNELBASE.dll+0x34fd9]
C  [VCRUNTIME140.dll+0x64c0]
C  [librdi_common.dll+0x6d93b6]
C  [MSVCP140.dll+0x128d1]
C  [ucrtbase.dll+0x6c87c]
C  [ucrtbase.dll+0x51e19]
V  [jvm.dll+0x6279ab]
V  [jvm.dll+0xc215f]
V  [jvm.dll+0xc271c]
V  [jvm.dll+0x36cc02]
V  [jvm.dll+0x339b13]
V  [jvm.dll+0x338eea]
V  [jvm.dll+0x2189c5]
V  [jvm.dll+0x217b6a]
V  [jvm.dll+0x194370]
V  [jvm.dll+0x226b3f]
V  [jvm.dll+0x225148]
V  [jvm.dll+0x73774d]
V  [jvm.dll+0x633942]
C  [ucrtbase.dll+0x21bb2]
C  [KERNEL32.DLL+0x17034]
C  [ntdll.dll+0x526a1]


siginfo: EXCEPTION_UNCAUGHT_CXX_EXCEPTION (0xe06d7363), ExceptionInformation=0x0000000019930520 0x00000066a67fb880 0x00007ff8c1a74898 0x00007ff8c0c20000 


Register to memory mapping:

RIP=0x00007ff907bc4fd9 KERNELBASE.dll
RAX=0x000000000000010f is an unknown value
RBX=0x00007ff8c1a74898 librdi_common.dll
RCX=0x00000237ad10f000 is a thread
RDX=0x0000023800fe8d50 points into unknown readable memory: 00 00 00 00 00 00 00 00
RSP=0x00000066a67fb720 is pointing into the stack for thread: 0x00000237ad10f000
RBP=0x00000066a67fb9b0 is pointing into the stack for thread: 0x00000237ad10f000
RSI=0x00000066a67fb880 is pointing into the stack for thread: 0x00000237ad10f000
RDI=0x0000000019930520 is an unknown value
R8 =0x00000238174c8018 points into unknown readable memory: e7 3f 34 1e 63 44 9e 08
R9 =0x0 is NULL
R10=0x00007ff90a19df4c ntdll.dll
R11=0x0 is NULL
R12=0x0000000000001992 is an unknown value
R13=0x00000237a1b39250 points into unknown readable memory: 50 9b d3 8b f8 7f 00 00
R14=0x000000000000000c is an unknown value
R15=0x0000000000001992 is an unknown value


Registers:
RAX=0x000000000000010f, RBX=0x00007ff8c1a74898, RCX=0x00000237ad10f000, RDX=0x0000023800fe8d50
RSP=0x00000066a67fb720, RBP=0x00000066a67fb9b0, RSI=0x00000066a67fb880, RDI=0x0000000019930520
R8 =0x00000238174c8018, R9 =0x0000000000000000, R10=0x00007ff90a19df4c, R11=0x0000000000000000
R12=0x0000000000001992, R13=0x00000237a1b39250, R14=0x000000000000000c, R15=0x0000000000001992
RIP=0x00007ff907bc4fd9, EFLAGS=0x0000000000000202

Top of Stack: (sp=0x00000066a67fb720)
0x00000066a67fb720:   0000000000000000 00007ff8c1a74898
0x00000066a67fb730:   00000066a67fb880 00000237d7980000
0x00000066a67fb740:   00000001e06d7363 0000000000000000
0x00000066a67fb750:   00007ff907bc4fd9 00007ff800000004
0x00000066a67fb760:   0000000019930520 00000066a67fb880
0x00000066a67fb770:   00007ff8c1a74898 00007ff8c0c20000
0x00000066a67fb780:   00000237a1b39250 0000000000001992
0x00000066a67fb790:   00000066a67fb880 00000066a67fb9b0
0x00000066a67fb7a0:   00000066a67fb820 00007ff90a1a4a5f
0x00000066a67fb7b0:   0000000019930520 0000000000000000
0x00000066a67fb7c0:   0000000000001992 000000000000000c
0x00000066a67fb7d0:   00007ff8c1e18000 00007ff8c0c20000
0x00000066a67fb7e0:   0000d757fdaebf7d 00007ff90a1947b1
0x00000066a67fb7f0:   00007ff8c1a74898 00007ff8ea5064c0
0x00000066a67fb800:   00000066a67fb9b0 0000000000000000
0x00000066a67fb810:   0000000000000000 00000000000ffb98 

Instructions: (pc=0x00007ff907bc4fd9)
0x00007ff907bc4fb9:   8b d1 44 0f 47 c0 44 89 44 24 38 49 c1 e0 03 e8
0x00007ff907bc4fc9:   0a 1e 06 00 48 8d 4c 24 20 48 ff 15 d7 e6 18 00
0x00007ff907bc4fd9:   0f 1f 44 00 00 48 8b 8c 24 c0 00 00 00 48 33 cc
0x00007ff907bc4fe9:   e8 52 96 05 00 48 81 c4 d8 00 00 00 c3 cc 83 64 


Stack slot to memory mapping:
stack at sp + 0 slots: 0x0 is NULL
stack at sp + 1 slots: 0x00007ff8c1a74898 librdi_common.dll
stack at sp + 2 slots: 0x00000066a67fb880 is pointing into the stack for thread: 0x00000237ad10f000
stack at sp + 3 slots: 0x00000237d7980000 points into unknown readable memory: 00 00 00 00 00 00 00 00
stack at sp + 4 slots: 0x00000001e06d7363 is an unknown value
stack at sp + 5 slots: 0x0 is NULL
stack at sp + 6 slots: 0x00007ff907bc4fd9 KERNELBASE.dll
stack at sp + 7 slots: 0x00007ff800000004 is an unknown value


---------------  P R O C E S S  ---------------

Threads class SMR info:
_java_thread_list=0x00000237d11c9360, length=63, elements={
0x00000237e3a16800, 0x00000237e72cb800, 0x00000237df3cf800, 0x00000237df3d0000,
0x00000237de859800, 0x00000237de85e800, 0x00000237de864000, 0x00000237de885000,
0x00000237e84b1800, 0x00000237e84b3000, 0x00000237f9967800, 0x00000237dea06000,
0x00000237f9b10000, 0x00000237f9b2d000, 0x00000237fcdd3800, 0x00000237fcca6000,
0x00000237fc604000, 0x00000237fcaf6800, 0x00000237e72cd800, 0x00000237e72cf800,
0x00000237e72d4000, 0x00000237e72ce000, 0x0000023791abd800, 0x0000023791ac0800,
0x0000023791ac0000, 0x0000023791ac1800, 0x0000023791ac2800, 0x0000023791abc800,
0x0000023791ac7000, 0x0000023791ac6800, 0x0000023791ac5800, 0x0000023791ac8000,
0x0000023791aca800, 0x00000237e72d1800, 0x00000237a1eba800, 0x00000237a1ebc800,
0x00000237a1eb8800, 0x00000237a1ec2000, 0x00000237a1ec3800, 0x00000237a1ebf000,
0x00000237a1ec4800, 0x0000023791ac5000, 0x0000023791ac9000, 0x00000237a1eb9000,
0x00000237a1ec0800, 0x0000023791abc000, 0x0000023791ac3000, 0x0000023791abe800,
0x0000023791ac9800, 0x00000237a1ec7000, 0x00000237a1ec1800, 0x00000237ad10c800,
0x00000237ad110000, 0x00000237a1ebd000, 0x00000237a1ebf800, 0x00000237a1ebb800,
0x00000237a1eba000, 0x00000237a1ec5800, 0x00000237ad107000, 0x00000237ad10f000,
0x00000237c57a1800, 0x00000237c57a3000, 0x00000237c57a2800
}

Java Threads: ( => current thread )
  0x00000237e3a16800 JavaThread "main" [_thread_blocked, id=8508, stack(0x00000066a7f00000,0x00000066a8000000)]
  0x00000237e72cb800 JavaThread "Reference Handler" daemon [_thread_blocked, id=12744, stack(0x00000066a8600000,0x00000066a8b00000)]
  0x00000237df3cf800 JavaThread "Finalizer" daemon [_thread_blocked, id=11836, stack(0x00000066a8b00000,0x00000066a9000000)]
  0x00000237df3d0000 JavaThread "Signal Dispatcher" daemon [_thread_blocked, id=4084, stack(0x00000066a9000000,0x00000066a9500000)]
  0x00000237de859800 JavaThread "Attach Listener" daemon [_thread_blocked, id=8212, stack(0x00000066a9500000,0x00000066a9a00000)]
  0x00000237de85e800 JavaThread "C2 CompilerThread0" daemon [_thread_in_native, id=4744, stack(0x00000066a9a00000,0x00000066a9b00000)]
  0x00000237de864000 JavaThread "C1 CompilerThread0" daemon [_thread_blocked, id=9120, stack(0x00000066a9b00000,0x00000066a9c00000)]
  0x00000237de885000 JavaThread "Sweeper thread" daemon [_thread_blocked, id=8644, stack(0x00000066a9c00000,0x00000066aa100000)]
  0x00000237e84b1800 JavaThread "Common-Cleaner" daemon [_thread_blocked, id=16148, stack(0x00000066aa300000,0x00000066aa800000)]
  0x00000237e84b3000 JavaThread "Service Thread" daemon [_thread_blocked, id=18752, stack(0x00000066aa800000,0x00000066aad00000)]
  0x00000237f9967800 JavaThread "Java2D Disposer" daemon [_thread_blocked, id=3816, stack(0x00000066aae00000,0x00000066ab300000)]
  0x00000237dea06000 JavaThread "AWT-Windows" daemon [_thread_in_native, id=8060, stack(0x00000066ab800000,0x00000066abd00000)]
  0x00000237f9b10000 JavaThread "TimerQueue" daemon [_thread_blocked, id=17332, stack(0x00000066abf00000,0x00000066ac400000)]
  0x00000237f9b2d000 JavaThread "AWT-Shutdown" [_thread_blocked, id=13036, stack(0x00000066ac900000,0x00000066ace00000)]
  0x00000237fcdd3800 JavaThread "AWT-EventQueue-0" [_thread_in_Java, id=10936, stack(0x00000066ace00000,0x00000066ad300000)]
  0x00000237fcca6000 JavaThread "Thread-1" [_thread_in_native, id=8852, stack(0x00000066a6900000,0x00000066a7d00000)]
  0x00000237fc604000 JavaThread "Process Messages Thread" [_thread_blocked, id=9508, stack(0x00000066ada00000,0x00000066adf00000)]
  0x00000237fcaf6800 JavaThread "Batik CleanerThread" daemon [_thread_blocked, id=7712, stack(0x00000066ad300000,0x00000066ad800000)]
  0x00000237e72cd800 JavaThread "SyntheticaCleanerThread" daemon [_thread_blocked, id=9356, stack(0x00000066ae500000,0x00000066aea00000)]
  0x00000237e72cf800 JavaThread "Monitor HEventQueue Thread" [_thread_blocked, id=11404, stack(0x00000066aec00000,0x00000066af100000)]
  0x00000237e72d4000 JavaThread "SyntheticaAnimation 50" daemon [_thread_blocked, id=3004, stack(0x00000066af100000,0x00000066af600000)]
  0x00000237e72ce000 JavaThread "SyntheticaAnimation 25" daemon [_thread_blocked, id=11116, stack(0x00000066af700000,0x00000066afc00000)]
  0x0000023791abd800 JavaThread "Swing-Shell" daemon [_thread_blocked, id=19284, stack(0x00000066b0100000,0x00000066b0600000)]
  0x0000023791ac0800 JavaThread "SyntheticaAnimation 70" daemon [_thread_blocked, id=18784, stack(0x00000066afc00000,0x00000066b0100000)]
  0x0000023791ac0000 JavaThread "Refresh Filesets Swing Worker Thread" [_thread_blocked, id=12524, stack(0x00000066b0600000,0x00000066b0b00000)]
  0x0000023791ac1800 JavaThread "Thread-21" [_thread_blocked, id=19156, stack(0x00000066b0b00000,0x00000066b1000000)]
  0x0000023791ac2800 JavaThread "OutputGobbler" daemon [_thread_in_native, id=13944, stack(0x00000066b1000000,0x00000066b1500000)]
  0x0000023791abc800 JavaThread "ErrorGobbler" daemon [_thread_in_native, id=15024, stack(0x00000066b1500000,0x00000066b1a00000)]
  0x0000023791ac7000 JavaThread "hw_ila_monitor" [_thread_blocked, id=16168, stack(0x00000066b2400000,0x00000066b2900000)]
  0x0000023791ac6800 JavaThread "pool-3-thread-1" [_thread_blocked, id=12808, stack(0x00000066b3300000,0x00000066b3800000)]
  0x0000023791ac5800 JavaThread "pool-4-thread-1" [_thread_blocked, id=19224, stack(0x00000066b3800000,0x00000066b3d00000)]
  0x0000023791ac8000 JavaThread "pool-5-thread-1" [_thread_blocked, id=11572, stack(0x00000066b3d00000,0x00000066b4200000)]
  0x0000023791aca800 JavaThread "pool-6-thread-1" [_thread_blocked, id=19232, stack(0x00000066b4200000,0x00000066b4700000)]
  0x00000237e72d1800 JavaThread "Update Runs Swing Worker Thread" [_thread_blocked, id=10520, stack(0x00000066b4c00000,0x00000066b5100000)]
  0x00000237a1eba800 JavaThread "Watchdog Thread for com.sigasi.lsp.server.BootstrappedLspServer" daemon [_thread_blocked, id=19252, stack(0x00000066ac400000,0x00000066ac900000)]
  0x00000237a1ebc800 JavaThread "Life support thread" daemon [_thread_blocked, id=4104, stack(0x00000066b1f00000,0x00000066b2400000)]
  0x00000237a1eb8800 JavaThread "Protocol translation thread 0" [_thread_in_native, id=17988, stack(0x00000066b5100000,0x00000066b5600000)]
  0x00000237a1ec2000 JavaThread "pool-8-thread-1" [_thread_blocked, id=6344, stack(0x00000066b5600000,0x00000066b5b00000)]
  0x00000237a1ec3800 JavaThread "EMF Reference Cleaner" daemon [_thread_blocked, id=13908, stack(0x00000066b5b00000,0x00000066b6000000)]
  0x00000237a1ebf000 JavaThread "pool-9-thread-1" [_thread_blocked, id=18188, stack(0x00000066b4700000,0x00000066b4c00000)]
  0x00000237a1ec4800 JavaThread "SyntheticaAnimation 50" daemon [_thread_blocked, id=7724, stack(0x00000066b2b00000,0x00000066b3000000)]
  0x0000023791ac5000 JavaThread "Timer-1" [_thread_blocked, id=16592, stack(0x00000066b8800000,0x00000066b8d00000)]
  0x0000023791ac9000 JavaThread "Monitor File Timestamp Swing Worker Thread" [_thread_blocked, id=13660, stack(0x00000066b8d00000,0x00000066b9200000)]
  0x00000237a1eb9000 JavaThread "Timer-2" [_thread_blocked, id=1012, stack(0x00000066b7e00000,0x00000066b8300000)]
  0x00000237a1ec0800 JavaThread "Monitor File Timestamp Swing Worker Thread" [_thread_blocked, id=10408, stack(0x00000066b8300000,0x00000066b8800000)]
  0x0000023791abc000 JavaThread "Timer-3" [_thread_blocked, id=14656, stack(0x00000066b7400000,0x00000066b7900000)]
  0x0000023791ac3000 JavaThread "Monitor File Timestamp Swing Worker Thread" [_thread_blocked, id=3192, stack(0x00000066b7900000,0x00000066b7e00000)]
  0x0000023791abe800 JavaThread "Timer-4" [_thread_blocked, id=12352, stack(0x00000066b9200000,0x00000066b9700000)]
  0x0000023791ac9800 JavaThread "Monitor File Timestamp Swing Worker Thread" [_thread_blocked, id=17952, stack(0x00000066b9700000,0x00000066b9c00000)]
  0x00000237a1ec7000 JavaThread "Timer-5" [_thread_blocked, id=12652, stack(0x00000066b9c00000,0x00000066ba100000)]
  0x00000237a1ec1800 JavaThread "Monitor File Timestamp Swing Worker Thread" [_thread_blocked, id=14952, stack(0x00000066ba100000,0x00000066ba600000)]
  0x00000237ad10c800 JavaThread "ForkJoinPool.commonPool-worker-3" daemon [_thread_blocked, id=18908, stack(0x00000066b6f00000,0x00000066b7400000)]
  0x00000237ad110000 JavaThread "ForkJoinPool.commonPool-worker-5" daemon [_thread_blocked, id=16164, stack(0x00000066ba600000,0x00000066bab00000)]
  0x00000237a1ebd000 JavaThread "ForkJoinPool.commonPool-worker-7" daemon [_thread_blocked, id=15668, stack(0x00000066bab00000,0x00000066bb000000)]
  0x00000237a1ebf800 JavaThread "Timer-7" [_thread_blocked, id=11044, stack(0x00000066b1a00000,0x00000066b1f00000)]
  0x00000237a1ebb800 JavaThread "Monitor File Timestamp Swing Worker Thread" [_thread_blocked, id=8152, stack(0x00000066b6000000,0x00000066b6500000)]
  0x00000237a1eba000 JavaThread "pool-17-thread-1" [_thread_in_Java, id=408, stack(0x00000066b6500000,0x00000066b6a00000)]
  0x00000237a1ec5800 JavaThread "Thread-3392" [_thread_in_Java, id=19148, stack(0x00000066bb000000,0x00000066bb500000)]
  0x00000237ad107000 JavaThread "Thread-3393" [_thread_blocked, id=9908, stack(0x00000066bb500000,0x00000066bba00000)]
=>0x00000237ad10f000 JavaThread "C2 CompilerThread1" daemon [_thread_in_native, id=15560, stack(0x00000066a6700000,0x00000066a6800000)]
  0x00000237c57a1800 JavaThread "Image Fetcher 0" daemon [_thread_blocked, id=8088, stack(0x00000066bba00000,0x00000066bbf00000)]
  0x00000237c57a3000 JavaThread "Thread-3394" [_thread_blocked, id=11832, stack(0x00000066bbf00000,0x00000066bc400000)]
  0x00000237c57a2800 JavaThread "Image Fetcher 1" daemon [_thread_blocked, id=12224, stack(0x00000066bc400000,0x00000066bc900000)]

Other Threads:
  0x00000237e7d44800 VMThread "VM Thread" [stack: 0x00000066a8500000,0x00000066a8600000] [id=16964]
  0x00000237e8529800 WatcherThread [stack: 0x00000066aad00000,0x00000066aae00000] [id=18680]
  0x00000237e475e000 GCTaskThread "GC Thread#0" [stack: 0x00000066a8000000,0x00000066a8100000] [id=3580]
  0x00000237fc3c2800 GCTaskThread "GC Thread#1" [stack: 0x00000066ab300000,0x00000066ab400000] [id=16652]
  0x00000237f98c8000 GCTaskThread "GC Thread#2" [stack: 0x00000066ab400000,0x00000066ab500000] [id=16284]
  0x00000237fc41c800 GCTaskThread "GC Thread#3" [stack: 0x00000066ab500000,0x00000066ab600000] [id=1468]
  0x00000237fcbfb800 GCTaskThread "GC Thread#4" [stack: 0x00000066ab600000,0x00000066ab700000] [id=18200]
  0x00000237fc590800 GCTaskThread "GC Thread#5" [stack: 0x00000066ab700000,0x00000066ab800000] [id=16716]
  0x00000237fa441800 GCTaskThread "GC Thread#6" [stack: 0x00000066ad800000,0x00000066ad900000] [id=492]
  0x00000237fc953800 GCTaskThread "GC Thread#7" [stack: 0x00000066ad900000,0x00000066ada00000] [id=16460]
  0x00000237e67ed800 ConcurrentGCThread "G1 Main Marker" [stack: 0x00000066a8100000,0x00000066a8200000] [id=1532]
  0x00000237e67ee000 ConcurrentGCThread "G1 Conc#0" [stack: 0x00000066a8200000,0x00000066a8300000] [id=5104]
  0x00000237fcfd4000 ConcurrentGCThread "G1 Conc#1" [stack: 0x00000066adf00000,0x00000066ae000000] [id=12488]
  0x00000237faeb5000 ConcurrentGCThread "G1 Refine#0" [stack: 0x00000066a8300000,0x00000066a8400000] [id=3552]
  0x00000237fc72d800 ConcurrentGCThread "G1 Refine#1" [stack: 0x00000066abd00000,0x00000066abe00000] [id=9864]
  0x00000237fcddd000 ConcurrentGCThread "G1 Refine#2" [stack: 0x00000066abe00000,0x00000066abf00000] [id=7648]
  0x000002378fe88000 ConcurrentGCThread "G1 Refine#3" [stack: 0x00000066ae000000,0x00000066ae100000] [id=14136]
  0x00000237e677b800 ConcurrentGCThread "G1 Young RemSet Sampling" [stack: 0x00000066a8400000,0x00000066a8500000] [id=7460]

Threads with active compile tasks:
C2 CompilerThread029719   !   4       com.jidesoft.editor.CodeEditor::getIntegerOffsetToX (1606 bytes)
C2 CompilerThread129703   !   4       com.jidesoft.editor.LazyLoadDocument::a (1008 bytes)

VM state:not at safepoint (normal execution)

VM Mutex/Monitor currently owned by a thread: None

Heap address: 0x0000000740000000, size: 3072 MB, Compressed Oops mode: Zero based, Oop shift amount: 3
Narrow klass base: 0x0000000800000000, Narrow klass shift: 0
Compressed class space size: 1073741824 Address: 0x0000000800000000

Heap:
 garbage-first heap   total 288768K, used 216578K [0x0000000740000000, 0x0000000800000000)
  region size 1024K, 18 young (18432K), 2 survivors (2048K)
 Metaspace       used 122129K, capacity 124444K, committed 126288K, reserved 1157120K
  class space    used 16389K, capacity 17386K, committed 17996K, reserved 1048576K
Heap Regions: E=young(eden), S=young(survivor), O=old, HS=humongous(starts), HC=humongous(continues), CS=collection set, F=free, A=archive, TAMS=top-at-mark-start (previous, next)
|   0|0x0000000740000000, 0x0000000740100000, 0x0000000740100000|100%|HS|  |TAMS 0x0000000740100000, 0x0000000740100000| Complete 
|   1|0x0000000740100000, 0x0000000740200000, 0x0000000740200000|100%|HC|  |TAMS 0x0000000740200000, 0x0000000740200000| Complete 
|   2|0x0000000740200000, 0x0000000740300000, 0x0000000740300000|100%|HS|  |TAMS 0x0000000740300000, 0x0000000740300000| Complete 
|   3|0x0000000740300000, 0x00000007403fc418, 0x0000000740400000| 98%| O|  |TAMS 0x00000007403fc418, 0x00000007403fc418| Untracked 
|   4|0x0000000740400000, 0x00000007404fe868, 0x0000000740500000| 99%| O|  |TAMS 0x00000007404fe868, 0x00000007404fe868| Untracked 
|   5|0x0000000740500000, 0x00000007405fff98, 0x0000000740600000| 99%| O|  |TAMS 0x00000007405fff98, 0x00000007405fff98| Untracked 
|   6|0x0000000740600000, 0x00000007406fffe8, 0x0000000740700000| 99%| O|  |TAMS 0x00000007406fffe8, 0x00000007406fffe8| Untracked 
|   7|0x0000000740700000, 0x0000000740800000, 0x0000000740800000|100%| O|  |TAMS 0x0000000740800000, 0x0000000740800000| Untracked 
|   8|0x0000000740800000, 0x00000007408fffe0, 0x0000000740900000| 99%| O|  |TAMS 0x00000007408fffe0, 0x00000007408fffe0| Untracked 
|   9|0x0000000740900000, 0x00000007409ffd70, 0x0000000740a00000| 99%| O|  |TAMS 0x00000007409ffd70, 0x00000007409ffd70| Untracked 
|  10|0x0000000740a00000, 0x0000000740afffe0, 0x0000000740b00000| 99%| O|  |TAMS 0x0000000740afffe0, 0x0000000740afffe0| Untracked 
|  11|0x0000000740b00000, 0x0000000740bffff8, 0x0000000740c00000| 99%| O|  |TAMS 0x0000000740bffff8, 0x0000000740bffff8| Untracked 
|  12|0x0000000740c00000, 0x0000000740cff048, 0x0000000740d00000| 99%| O|  |TAMS 0x0000000740cff048, 0x0000000740cff048| Untracked 
|  13|0x0000000740d00000, 0x0000000740dfffc8, 0x0000000740e00000| 99%| O|  |TAMS 0x0000000740dfffc8, 0x0000000740dfffc8| Untracked 
|  14|0x0000000740e00000, 0x0000000740effff8, 0x0000000740f00000| 99%| O|  |TAMS 0x0000000740effff8, 0x0000000740effff8| Untracked 
|  15|0x0000000740f00000, 0x0000000740fffff8, 0x0000000741000000| 99%| O|  |TAMS 0x0000000740fffff8, 0x0000000740fffff8| Untracked 
|  16|0x0000000741000000, 0x0000000741100000, 0x0000000741100000|100%| O|  |TAMS 0x0000000741100000, 0x0000000741100000| Untracked 
|  17|0x0000000741100000, 0x0000000741200000, 0x0000000741200000|100%| O|  |TAMS 0x0000000741200000, 0x0000000741200000| Untracked 
|  18|0x0000000741200000, 0x00000007412fffd0, 0x0000000741300000| 99%| O|  |TAMS 0x00000007412fffd0, 0x00000007412fffd0| Untracked 
|  19|0x0000000741300000, 0x00000007413ffff0, 0x0000000741400000| 99%| O|  |TAMS 0x00000007413ffff0, 0x00000007413ffff0| Untracked 
|  20|0x0000000741400000, 0x0000000741500000, 0x0000000741500000|100%| O|  |TAMS 0x0000000741500000, 0x0000000741500000| Untracked 
|  21|0x0000000741500000, 0x0000000741600000, 0x0000000741600000|100%| O|  |TAMS 0x0000000741600000, 0x0000000741600000| Untracked 
|  22|0x0000000741600000, 0x00000007416ffff0, 0x0000000741700000| 99%| O|  |TAMS 0x00000007416ffff0, 0x00000007416ffff0| Untracked 
|  23|0x0000000741700000, 0x00000007417ffff0, 0x0000000741800000| 99%| O|  |TAMS 0x00000007417ffff0, 0x00000007417ffff0| Untracked 
|  24|0x0000000741800000, 0x0000000741900000, 0x0000000741900000|100%| O|  |TAMS 0x0000000741900000, 0x0000000741900000| Untracked 
|  25|0x0000000741900000, 0x00000007419fe318, 0x0000000741a00000| 99%| O|  |TAMS 0x00000007419fe318, 0x00000007419fe318| Untracked 
|  26|0x0000000741a00000, 0x0000000741afffe0, 0x0000000741b00000| 99%| O|  |TAMS 0x0000000741afffe0, 0x0000000741afffe0| Untracked 
|  27|0x0000000741b00000, 0x0000000741c00000, 0x0000000741c00000|100%|HS|  |TAMS 0x0000000741c00000, 0x0000000741c00000| Complete 
|  28|0x0000000741c00000, 0x0000000741d00000, 0x0000000741d00000|100%| O|  |TAMS 0x0000000741d00000, 0x0000000741d00000| Untracked 
|  29|0x0000000741d00000, 0x0000000741e00000, 0x0000000741e00000|100%| O|  |TAMS 0x0000000741e00000, 0x0000000741e00000| Untracked 
|  30|0x0000000741e00000, 0x0000000741efffc8, 0x0000000741f00000| 99%| O|  |TAMS 0x0000000741efffc8, 0x0000000741efffc8| Untracked 
|  31|0x0000000741f00000, 0x0000000741fffff8, 0x0000000742000000| 99%| O|  |TAMS 0x0000000741fffff8, 0x0000000741fffff8| Untracked 
|  32|0x0000000742000000, 0x0000000742100000, 0x0000000742100000|100%| O|  |TAMS 0x0000000742100000, 0x0000000742100000| Untracked 
|  33|0x0000000742100000, 0x00000007421fffc0, 0x0000000742200000| 99%| O|  |TAMS 0x00000007421fffc0, 0x00000007421fffc0| Untracked 
|  34|0x0000000742200000, 0x0000000742300000, 0x0000000742300000|100%| O|  |TAMS 0x0000000742300000, 0x0000000742300000| Untracked 
|  35|0x0000000742300000, 0x0000000742400000, 0x0000000742400000|100%| O|  |TAMS 0x0000000742400000, 0x0000000742400000| Untracked 
|  36|0x0000000742400000, 0x0000000742500000, 0x0000000742500000|100%| O|  |TAMS 0x0000000742500000, 0x0000000742500000| Untracked 
|  37|0x0000000742500000, 0x00000007425fffe8, 0x0000000742600000| 99%| O|  |TAMS 0x00000007425fffe8, 0x00000007425fffe8| Untracked 
|  38|0x0000000742600000, 0x00000007426ffff8, 0x0000000742700000| 99%| O|  |TAMS 0x00000007426ffff8, 0x00000007426ffff8| Untracked 
|  39|0x0000000742700000, 0x00000007427ffff8, 0x0000000742800000| 99%| O|  |TAMS 0x00000007427ffff8, 0x00000007427ffff8| Untracked 
|  40|0x0000000742800000, 0x00000007428ffff8, 0x0000000742900000| 99%| O|  |TAMS 0x00000007428ffff8, 0x00000007428ffff8| Untracked 
|  41|0x0000000742900000, 0x0000000742a00000, 0x0000000742a00000|100%| O|  |TAMS 0x0000000742a00000, 0x0000000742a00000| Untracked 
|  42|0x0000000742a00000, 0x0000000742b00000, 0x0000000742b00000|100%| O|  |TAMS 0x0000000742b00000, 0x0000000742b00000| Untracked 
|  43|0x0000000742b00000, 0x0000000742c00000, 0x0000000742c00000|100%|HS|  |TAMS 0x0000000742c00000, 0x0000000742c00000| Complete 
|  44|0x0000000742c00000, 0x0000000742d00000, 0x0000000742d00000|100%|HC|  |TAMS 0x0000000742d00000, 0x0000000742d00000| Complete 
|  45|0x0000000742d00000, 0x0000000742e00000, 0x0000000742e00000|100%|HC|  |TAMS 0x0000000742e00000, 0x0000000742e00000| Complete 
|  46|0x0000000742e00000, 0x0000000742f00000, 0x0000000742f00000|100%|HC|  |TAMS 0x0000000742f00000, 0x0000000742f00000| Complete 
|  47|0x0000000742f00000, 0x0000000743000000, 0x0000000743000000|100%|HC|  |TAMS 0x0000000743000000, 0x0000000743000000| Complete 
|  48|0x0000000743000000, 0x0000000743100000, 0x0000000743100000|100%|HC|  |TAMS 0x0000000743100000, 0x0000000743100000| Complete 
|  49|0x0000000743100000, 0x0000000743200000, 0x0000000743200000|100%|HC|  |TAMS 0x0000000743200000, 0x0000000743200000| Complete 
|  50|0x0000000743200000, 0x0000000743300000, 0x0000000743300000|100%|HC|  |TAMS 0x0000000743300000, 0x0000000743300000| Complete 
|  51|0x0000000743300000, 0x00000007433ff5d8, 0x0000000743400000| 99%| O|  |TAMS 0x00000007433ff5d8, 0x00000007433ff5d8| Untracked 
|  52|0x0000000743400000, 0x00000007434ffff0, 0x0000000743500000| 99%| O|  |TAMS 0x00000007434ffff0, 0x00000007434ffff0| Untracked 
|  53|0x0000000743500000, 0x00000007435fffe8, 0x0000000743600000| 99%| O|  |TAMS 0x00000007435fffe8, 0x00000007435fffe8| Untracked 
|  54|0x0000000743600000, 0x00000007436ffff8, 0x0000000743700000| 99%| O|  |TAMS 0x00000007436ffff8, 0x00000007436ffff8| Untracked 
|  55|0x0000000743700000, 0x00000007437ffef0, 0x0000000743800000| 99%| O|  |TAMS 0x00000007437ffef0, 0x00000007437ffef0| Untracked 
|  56|0x0000000743800000, 0x00000007438fffc0, 0x0000000743900000| 99%| O|  |TAMS 0x00000007438fffc0, 0x00000007438fffc0| Untracked 
|  57|0x0000000743900000, 0x00000007439fffe8, 0x0000000743a00000| 99%| O|  |TAMS 0x00000007439fffe8, 0x00000007439fffe8| Untracked 
|  58|0x0000000743a00000, 0x0000000743afffb8, 0x0000000743b00000| 99%| O|  |TAMS 0x0000000743afffb8, 0x0000000743afffb8| Untracked 
|  59|0x0000000743b00000, 0x0000000743c00000, 0x0000000743c00000|100%| O|  |TAMS 0x0000000743c00000, 0x0000000743c00000| Untracked 
|  60|0x0000000743c00000, 0x0000000743cfffe8, 0x0000000743d00000| 99%| O|  |TAMS 0x0000000743cfffe8, 0x0000000743cfffe8| Untracked 
|  61|0x0000000743d00000, 0x0000000743dfffe0, 0x0000000743e00000| 99%| O|  |TAMS 0x0000000743dfffe0, 0x0000000743dfffe0| Untracked 
|  62|0x0000000743e00000, 0x0000000743efffe0, 0x0000000743f00000| 99%| O|  |TAMS 0x0000000743efffe0, 0x0000000743efffe0| Untracked 
|  63|0x0000000743f00000, 0x0000000743fffff0, 0x0000000744000000| 99%| O|  |TAMS 0x0000000743fffff0, 0x0000000743fffff0| Untracked 
|  64|0x0000000744000000, 0x00000007440ffff0, 0x0000000744100000| 99%| O|  |TAMS 0x00000007440ffff0, 0x00000007440ffff0| Untracked 
|  65|0x0000000744100000, 0x00000007441ffff0, 0x0000000744200000| 99%| O|  |TAMS 0x00000007441ffff0, 0x00000007441ffff0| Untracked 
|  66|0x0000000744200000, 0x0000000744300000, 0x0000000744300000|100%| O|  |TAMS 0x0000000744300000, 0x0000000744300000| Untracked 
|  67|0x0000000744300000, 0x00000007443fff90, 0x0000000744400000| 99%| O|  |TAMS 0x00000007443fff90, 0x00000007443fff90| Untracked 
|  68|0x0000000744400000, 0x00000007444fffb8, 0x0000000744500000| 99%| O|  |TAMS 0x00000007444fffb8, 0x00000007444fffb8| Untracked 
|  69|0x0000000744500000, 0x00000007445ffff8, 0x0000000744600000| 99%| O|  |TAMS 0x00000007445ffff8, 0x00000007445ffff8| Untracked 
|  70|0x0000000744600000, 0x00000007446ffff0, 0x0000000744700000| 99%| O|  |TAMS 0x00000007446ffff0, 0x00000007446ffff0| Untracked 
|  71|0x0000000744700000, 0x00000007447fffb8, 0x0000000744800000| 99%| O|  |TAMS 0x00000007447fffb8, 0x00000007447fffb8| Untracked 
|  72|0x0000000744800000, 0x00000007448ffff8, 0x0000000744900000| 99%| O|  |TAMS 0x00000007448ffff8, 0x00000007448ffff8| Untracked 
|  73|0x0000000744900000, 0x00000007449ffff8, 0x0000000744a00000| 99%| O|  |TAMS 0x00000007449ffff8, 0x00000007449ffff8| Untracked 
|  74|0x0000000744a00000, 0x0000000744afffd8, 0x0000000744b00000| 99%| O|  |TAMS 0x0000000744afffd8, 0x0000000744afffd8| Untracked 
|  75|0x0000000744b00000, 0x0000000744bffc40, 0x0000000744c00000| 99%| O|  |TAMS 0x0000000744bffc40, 0x0000000744bffc40| Untracked 
|  76|0x0000000744c00000, 0x0000000744cffff0, 0x0000000744d00000| 99%| O|  |TAMS 0x0000000744cffff0, 0x0000000744cffff0| Untracked 
|  77|0x0000000744d00000, 0x0000000744e00000, 0x0000000744e00000|100%| O|  |TAMS 0x0000000744e00000, 0x0000000744e00000| Untracked 
|  78|0x0000000744e00000, 0x0000000744effff0, 0x0000000744f00000| 99%| O|  |TAMS 0x0000000744effff0, 0x0000000744effff0| Untracked 
|  79|0x0000000744f00000, 0x0000000744fffff8, 0x0000000745000000| 99%| O|  |TAMS 0x0000000744fffff8, 0x0000000744fffff8| Untracked 
|  80|0x0000000745000000, 0x00000007450ffea0, 0x0000000745100000| 99%| O|  |TAMS 0x00000007450ffea0, 0x00000007450ffea0| Untracked 
|  81|0x0000000745100000, 0x0000000745200000, 0x0000000745200000|100%| O|  |TAMS 0x0000000745200000, 0x0000000745200000| Untracked 
|  82|0x0000000745200000, 0x00000007452fff88, 0x0000000745300000| 99%| O|  |TAMS 0x00000007452fff88, 0x00000007452fff88| Untracked 
|  83|0x0000000745300000, 0x0000000745400000, 0x0000000745400000|100%| O|  |TAMS 0x0000000745400000, 0x0000000745400000| Untracked 
|  84|0x0000000745400000, 0x00000007454fed28, 0x0000000745500000| 99%| O|  |TAMS 0x00000007454fed28, 0x00000007454fed28| Untracked 
|  85|0x0000000745500000, 0x0000000745600000, 0x0000000745600000|100%| O|  |TAMS 0x0000000745600000, 0x0000000745600000| Untracked 
|  86|0x0000000745600000, 0x00000007456fffe8, 0x0000000745700000| 99%| O|  |TAMS 0x00000007456fffe8, 0x00000007456fffe8| Untracked 
|  87|0x0000000745700000, 0x00000007457ffff0, 0x0000000745800000| 99%| O|  |TAMS 0x00000007457ffff0, 0x00000007457ffff0| Untracked 
|  88|0x0000000745800000, 0x00000007458fffd0, 0x0000000745900000| 99%| O|  |TAMS 0x00000007458fffd0, 0x00000007458fffd0| Untracked 
|  89|0x0000000745900000, 0x0000000745a00000, 0x0000000745a00000|100%| O|  |TAMS 0x0000000745a00000, 0x0000000745a00000| Untracked 
|  90|0x0000000745a00000, 0x0000000745affeb0, 0x0000000745b00000| 99%| O|  |TAMS 0x0000000745affeb0, 0x0000000745affeb0| Untracked 
|  91|0x0000000745b00000, 0x0000000745bffff0, 0x0000000745c00000| 99%| O|  |TAMS 0x0000000745bffff0, 0x0000000745bffff0| Untracked 
|  92|0x0000000745c00000, 0x0000000745cffff0, 0x0000000745d00000| 99%| O|  |TAMS 0x0000000745cffff0, 0x0000000745cffff0| Untracked 
|  93|0x0000000745d00000, 0x0000000745e00000, 0x0000000745e00000|100%| O|  |TAMS 0x0000000745e00000, 0x0000000745e00000| Untracked 
|  94|0x0000000745e00000, 0x0000000745effff0, 0x0000000745f00000| 99%| O|  |TAMS 0x0000000745effff0, 0x0000000745effff0| Untracked 
|  95|0x0000000745f00000, 0x0000000745ffffe8, 0x0000000746000000| 99%| O|  |TAMS 0x0000000745ffffe8, 0x0000000745ffffe8| Untracked 
|  96|0x0000000746000000, 0x00000007460ffff8, 0x0000000746100000| 99%| O|  |TAMS 0x00000007460ffff8, 0x00000007460ffff8| Untracked 
|  97|0x0000000746100000, 0x00000007461fffb0, 0x0000000746200000| 99%| O|  |TAMS 0x00000007461fffb0, 0x00000007461fffb0| Untracked 
|  98|0x0000000746200000, 0x00000007462ffff0, 0x0000000746300000| 99%| O|  |TAMS 0x00000007462ffff0, 0x00000007462ffff0| Untracked 
|  99|0x0000000746300000, 0x0000000746400000, 0x0000000746400000|100%| O|  |TAMS 0x0000000746400000, 0x0000000746400000| Untracked 
| 100|0x0000000746400000, 0x0000000746500000, 0x0000000746500000|100%| O|  |TAMS 0x0000000746500000, 0x0000000746500000| Untracked 
| 101|0x0000000746500000, 0x0000000746600000, 0x0000000746600000|100%| O|  |TAMS 0x0000000746600000, 0x0000000746600000| Untracked 
| 102|0x0000000746600000, 0x0000000746700000, 0x0000000746700000|100%| O|  |TAMS 0x0000000746700000, 0x0000000746700000| Untracked 
| 103|0x0000000746700000, 0x00000007467ffff8, 0x0000000746800000| 99%| O|  |TAMS 0x00000007467ffff8, 0x00000007467ffff8| Untracked 
| 104|0x0000000746800000, 0x00000007468ffff8, 0x0000000746900000| 99%| O|  |TAMS 0x00000007468ffff8, 0x00000007468ffff8| Untracked 
| 105|0x0000000746900000, 0x00000007469ffff0, 0x0000000746a00000| 99%| O|  |TAMS 0x00000007469ffff0, 0x00000007469ffff0| Untracked 
| 106|0x0000000746a00000, 0x0000000746affff8, 0x0000000746b00000| 99%| O|  |TAMS 0x0000000746affff8, 0x0000000746affff8| Untracked 
| 107|0x0000000746b00000, 0x0000000746bffff8, 0x0000000746c00000| 99%| O|  |TAMS 0x0000000746bffff8, 0x0000000746bffff8| Untracked 
| 108|0x0000000746c00000, 0x0000000746cfff88, 0x0000000746d00000| 99%| O|  |TAMS 0x0000000746cfff88, 0x0000000746cfff88| Untracked 
| 109|0x0000000746d00000, 0x0000000746dffff8, 0x0000000746e00000| 99%| O|  |TAMS 0x0000000746dffff8, 0x0000000746dffff8| Untracked 
| 110|0x0000000746e00000, 0x0000000746efffe0, 0x0000000746f00000| 99%| O|  |TAMS 0x0000000746efffe0, 0x0000000746efffe0| Untracked 
| 111|0x0000000746f00000, 0x0000000746fffd60, 0x0000000747000000| 99%| O|  |TAMS 0x0000000746fffd60, 0x0000000746fffd60| Untracked 
| 112|0x0000000747000000, 0x0000000747100000, 0x0000000747100000|100%|HS|  |TAMS 0x0000000747100000, 0x0000000747100000| Complete 
| 113|0x0000000747100000, 0x00000007471ffff8, 0x0000000747200000| 99%| O|  |TAMS 0x00000007471ffff8, 0x00000007471ffff8| Untracked 
| 114|0x0000000747200000, 0x00000007472ffc78, 0x0000000747300000| 99%| O|  |TAMS 0x00000007472ffc78, 0x00000007472ffc78| Untracked 
| 115|0x0000000747300000, 0x00000007473fffe0, 0x0000000747400000| 99%| O|  |TAMS 0x00000007473fffe0, 0x00000007473fffe0| Untracked 
| 116|0x0000000747400000, 0x00000007474fffe8, 0x0000000747500000| 99%| O|  |TAMS 0x00000007474fffe8, 0x00000007474fffe8| Untracked 
| 117|0x0000000747500000, 0x0000000747600000, 0x0000000747600000|100%| O|  |TAMS 0x0000000747600000, 0x0000000747600000| Untracked 
| 118|0x0000000747600000, 0x00000007476ffff8, 0x0000000747700000| 99%| O|  |TAMS 0x00000007476ffff8, 0x00000007476ffff8| Untracked 
| 119|0x0000000747700000, 0x00000007477fff40, 0x0000000747800000| 99%| O|  |TAMS 0x00000007477fff40, 0x00000007477fff40| Untracked 
| 120|0x0000000747800000, 0x00000007478fffe8, 0x0000000747900000| 99%| O|  |TAMS 0x00000007478fffe8, 0x00000007478fffe8| Untracked 
| 121|0x0000000747900000, 0x00000007479fffe8, 0x0000000747a00000| 99%| O|  |TAMS 0x00000007479fffe8, 0x00000007479fffe8| Untracked 
| 122|0x0000000747a00000, 0x0000000747b00000, 0x0000000747b00000|100%| O|  |TAMS 0x0000000747b00000, 0x0000000747b00000| Untracked 
| 123|0x0000000747b00000, 0x0000000747bfffd8, 0x0000000747c00000| 99%| O|  |TAMS 0x0000000747bfffd8, 0x0000000747bfffd8| Untracked 
| 124|0x0000000747c00000, 0x0000000747d00000, 0x0000000747d00000|100%| O|  |TAMS 0x0000000747d00000, 0x0000000747d00000| Untracked 
| 125|0x0000000747d00000, 0x0000000747dffff0, 0x0000000747e00000| 99%| O|  |TAMS 0x0000000747dffff0, 0x0000000747dffff0| Untracked 
| 126|0x0000000747e00000, 0x0000000747efffe8, 0x0000000747f00000| 99%| O|  |TAMS 0x0000000747efffe8, 0x0000000747efffe8| Untracked 
| 127|0x0000000747f00000, 0x0000000747ffffe8, 0x0000000748000000| 99%| O|  |TAMS 0x0000000747ffffe8, 0x0000000747ffffe8| Untracked 
| 128|0x0000000748000000, 0x00000007480fec88, 0x0000000748100000| 99%| O|  |TAMS 0x00000007480fec88, 0x00000007480fec88| Untracked 
| 129|0x0000000748100000, 0x00000007481ffe18, 0x0000000748200000| 99%| O|  |TAMS 0x00000007481ffe18, 0x00000007481ffe18| Untracked 
| 130|0x0000000748200000, 0x00000007482fffa0, 0x0000000748300000| 99%| O|  |TAMS 0x00000007482fffa0, 0x00000007482fffa0| Untracked 
| 131|0x0000000748300000, 0x00000007483ffff8, 0x0000000748400000| 99%| O|  |TAMS 0x00000007483ffff8, 0x00000007483ffff8| Untracked 
| 132|0x0000000748400000, 0x00000007484ffee8, 0x0000000748500000| 99%| O|  |TAMS 0x00000007484ffee8, 0x00000007484ffee8| Untracked 
| 133|0x0000000748500000, 0x00000007485ff218, 0x0000000748600000| 99%| O|  |TAMS 0x00000007485ff218, 0x00000007485ff218| Untracked 
| 134|0x0000000748600000, 0x00000007486ffff0, 0x0000000748700000| 99%| O|  |TAMS 0x00000007486ffff0, 0x00000007486ffff0| Untracked 
| 135|0x0000000748700000, 0x00000007487fffe8, 0x0000000748800000| 99%| O|  |TAMS 0x00000007487fffe8, 0x00000007487fffe8| Untracked 
| 136|0x0000000748800000, 0x0000000748900000, 0x0000000748900000|100%| O|  |TAMS 0x0000000748900000, 0x0000000748900000| Untracked 
| 137|0x0000000748900000, 0x00000007489fffe8, 0x0000000748a00000| 99%| O|  |TAMS 0x00000007489fffe8, 0x00000007489fffe8| Untracked 
| 138|0x0000000748a00000, 0x0000000748affff0, 0x0000000748b00000| 99%| O|  |TAMS 0x0000000748affff0, 0x0000000748affff0| Untracked 
| 139|0x0000000748b00000, 0x0000000748bfffb8, 0x0000000748c00000| 99%| O|  |TAMS 0x0000000748bfffb8, 0x0000000748bfffb8| Untracked 
| 140|0x0000000748c00000, 0x0000000748cffff0, 0x0000000748d00000| 99%| O|  |TAMS 0x0000000748cffff0, 0x0000000748cffff0| Untracked 
| 141|0x0000000748d00000, 0x0000000748dfe920, 0x0000000748e00000| 99%| O|  |TAMS 0x0000000748dfe920, 0x0000000748dfe920| Untracked 
| 142|0x0000000748e00000, 0x0000000748efd468, 0x0000000748f00000| 98%| O|  |TAMS 0x0000000748efd468, 0x0000000748efd468| Untracked 
| 143|0x0000000748f00000, 0x0000000749000000, 0x0000000749000000|100%| O|  |TAMS 0x0000000749000000, 0x0000000749000000| Untracked 
| 144|0x0000000749000000, 0x0000000749100000, 0x0000000749100000|100%| O|  |TAMS 0x0000000749100000, 0x0000000749100000| Untracked 
| 145|0x0000000749100000, 0x0000000749200000, 0x0000000749200000|100%|HS|  |TAMS 0x0000000749200000, 0x0000000749200000| Untracked 
| 146|0x0000000749200000, 0x00000007492ffff0, 0x0000000749300000| 99%| O|  |TAMS 0x00000007492ffff0, 0x00000007492ffff0| Untracked 
| 147|0x0000000749300000, 0x00000007493fffe8, 0x0000000749400000| 99%| O|  |TAMS 0x00000007493fffe8, 0x00000007493fffe8| Untracked 
| 148|0x0000000749400000, 0x00000007494fffe0, 0x0000000749500000| 99%| O|  |TAMS 0x00000007494fffe0, 0x00000007494fffe0| Untracked 
| 149|0x0000000749500000, 0x00000007495fe120, 0x0000000749600000| 99%| O|  |TAMS 0x00000007495fe120, 0x00000007495fe120| Untracked 
| 150|0x0000000749600000, 0x00000007496ffff0, 0x0000000749700000| 99%| O|  |TAMS 0x00000007496ffff0, 0x00000007496ffff0| Untracked 
| 151|0x0000000749700000, 0x00000007497ffff0, 0x0000000749800000| 99%| O|  |TAMS 0x00000007497ffff0, 0x00000007497ffff0| Untracked 
| 152|0x0000000749800000, 0x00000007498fff98, 0x0000000749900000| 99%| O|  |TAMS 0x00000007498fff98, 0x00000007498fff98| Untracked 
| 153|0x0000000749900000, 0x00000007499fff98, 0x0000000749a00000| 99%| O|  |TAMS 0x00000007499fff98, 0x00000007499fff98| Untracked 
| 154|0x0000000749a00000, 0x0000000749affff0, 0x0000000749b00000| 99%| O|  |TAMS 0x0000000749affff0, 0x0000000749affff0| Untracked 
| 155|0x0000000749b00000, 0x0000000749be9578, 0x0000000749c00000| 91%| O|  |TAMS 0x0000000749be9578, 0x0000000749be9578| Untracked 
| 156|0x0000000749c00000, 0x0000000749cf6448, 0x0000000749d00000| 96%| O|  |TAMS 0x0000000749cf6448, 0x0000000749cf6448| Untracked 
| 157|0x0000000749d00000, 0x0000000749dd70b8, 0x0000000749e00000| 84%| O|  |TAMS 0x0000000749dd70b8, 0x0000000749dd70b8| Untracked 
| 158|0x0000000749e00000, 0x0000000749ee18a0, 0x0000000749f00000| 88%| O|  |TAMS 0x0000000749ee18a0, 0x0000000749ee18a0| Untracked 
| 159|0x0000000749f00000, 0x0000000749f571a0, 0x000000074a000000| 34%| O|  |TAMS 0x0000000749f571a0, 0x0000000749f571a0| Untracked 
| 160|0x000000074a000000, 0x000000074a100000, 0x000000074a100000|100%| O|  |TAMS 0x000000074a000000, 0x000000074a100000| Untracked 
| 161|0x000000074a100000, 0x000000074a1dc140, 0x000000074a200000| 85%| O|  |TAMS 0x000000074a1dc140, 0x000000074a1dc140| Untracked 
| 162|0x000000074a200000, 0x000000074a300000, 0x000000074a300000|100%|HS|  |TAMS 0x000000074a200000, 0x000000074a300000| Complete 
| 163|0x000000074a300000, 0x000000074a400000, 0x000000074a400000|100%| O|  |TAMS 0x000000074a300000, 0x000000074a400000| Untracked 
| 164|0x000000074a400000, 0x000000074a500000, 0x000000074a500000|100%|HS|  |TAMS 0x000000074a400000, 0x000000074a500000| Complete 
| 165|0x000000074a500000, 0x000000074a600000, 0x000000074a600000|100%|HS|  |TAMS 0x000000074a600000, 0x000000074a600000| Complete 
| 166|0x000000074a600000, 0x000000074a700000, 0x000000074a700000|100%|HS|  |TAMS 0x000000074a700000, 0x000000074a700000| Complete 
| 167|0x000000074a700000, 0x000000074a800000, 0x000000074a800000|100%|HC|  |TAMS 0x000000074a800000, 0x000000074a800000| Complete 
| 168|0x000000074a800000, 0x000000074a900000, 0x000000074a900000|100%|HS|  |TAMS 0x000000074a900000, 0x000000074a900000| Complete 
| 169|0x000000074a900000, 0x000000074aa00000, 0x000000074aa00000|100%|HC|  |TAMS 0x000000074aa00000, 0x000000074aa00000| Complete 
| 170|0x000000074aa00000, 0x000000074ab00000, 0x000000074ab00000|100%|HS|  |TAMS 0x000000074ab00000, 0x000000074ab00000| Untracked 
| 171|0x000000074ab00000, 0x000000074ac00000, 0x000000074ac00000|100%|HS|  |TAMS 0x000000074ab00000, 0x000000074ac00000| Complete 
| 172|0x000000074ac00000, 0x000000074ad00000, 0x000000074ad00000|100%|HC|  |TAMS 0x000000074ac00000, 0x000000074ad00000| Complete 
| 173|0x000000074ad00000, 0x000000074ae00000, 0x000000074ae00000|100%|HS|  |TAMS 0x000000074ad00000, 0x000000074ae00000| Complete 
| 174|0x000000074ae00000, 0x000000074af00000, 0x000000074af00000|100%| O|  |TAMS 0x000000074ae00000, 0x000000074af00000| Untracked 
| 175|0x000000074af00000, 0x000000074b000000, 0x000000074b000000|100%| O|  |TAMS 0x000000074af00000, 0x000000074b000000| Untracked 
| 176|0x000000074b000000, 0x000000074b100000, 0x000000074b100000|100%|HS|  |TAMS 0x000000074b000000, 0x000000074b100000| Complete 
| 177|0x000000074b100000, 0x000000074b200000, 0x000000074b200000|100%|HC|  |TAMS 0x000000074b100000, 0x000000074b200000| Complete 
| 178|0x000000074b200000, 0x000000074b300000, 0x000000074b300000|100%| O|  |TAMS 0x000000074b200000, 0x000000074b300000| Untracked 
| 179|0x000000074b300000, 0x000000074b400000, 0x000000074b400000|100%| O|  |TAMS 0x000000074b300000, 0x000000074b400000| Untracked 
| 180|0x000000074b400000, 0x000000074b500000, 0x000000074b500000|100%| O|  |TAMS 0x000000074b400000, 0x000000074b500000| Untracked 
| 181|0x000000074b500000, 0x000000074b600000, 0x000000074b600000|100%|HS|  |TAMS 0x000000074b500000, 0x000000074b600000| Complete 
| 182|0x000000074b600000, 0x000000074b700000, 0x000000074b700000|100%|HC|  |TAMS 0x000000074b600000, 0x000000074b700000| Complete 
| 183|0x000000074b700000, 0x000000074b7a4600, 0x000000074b800000| 64%| O|  |TAMS 0x000000074b700000, 0x000000074b7a4600| Untracked 
| 184|0x000000074b800000, 0x000000074b900000, 0x000000074b900000|100%|HS|  |TAMS 0x000000074b800000, 0x000000074b800000| Complete 
| 185|0x000000074b900000, 0x000000074ba00000, 0x000000074ba00000|100%|HS|  |TAMS 0x000000074b900000, 0x000000074b900000| Complete 
| 186|0x000000074ba00000, 0x000000074bb00000, 0x000000074bb00000|100%|HS|  |TAMS 0x000000074ba00000, 0x000000074bb00000| Complete 
| 187|0x000000074bb00000, 0x000000074bc00000, 0x000000074bc00000|100%|HC|  |TAMS 0x000000074bb00000, 0x000000074bc00000| Complete 
| 188|0x000000074bc00000, 0x000000074bd00000, 0x000000074bd00000|100%|HS|  |TAMS 0x000000074bc00000, 0x000000074bc00000| Complete 
| 189|0x000000074bd00000, 0x000000074be00000, 0x000000074be00000|100%| O|  |TAMS 0x000000074bd00000, 0x000000074be00000| Untracked 
| 190|0x000000074be00000, 0x000000074bf00000, 0x000000074bf00000|100%| O|  |TAMS 0x000000074be00000, 0x000000074bf00000| Untracked 
| 191|0x000000074bf00000, 0x000000074c000000, 0x000000074c000000|100%|HS|  |TAMS 0x000000074bf00000, 0x000000074bf00000| Complete 
| 192|0x000000074c000000, 0x000000074c100000, 0x000000074c100000|100%|HC|  |TAMS 0x000000074c000000, 0x000000074c000000| Complete 
| 193|0x000000074c100000, 0x000000074c200000, 0x000000074c200000|100%|HS|  |TAMS 0x000000074c100000, 0x000000074c100000| Complete 
| 194|0x000000074c200000, 0x000000074c300000, 0x000000074c300000|100%|HS|  |TAMS 0x000000074c200000, 0x000000074c200000| Complete 
| 195|0x000000074c300000, 0x000000074c400000, 0x000000074c400000|100%|HS|  |TAMS 0x000000074c300000, 0x000000074c300000| Complete 
| 196|0x000000074c400000, 0x000000074c500000, 0x000000074c500000|100%|HC|  |TAMS 0x000000074c400000, 0x000000074c400000| Complete 
| 197|0x000000074c500000, 0x000000074c600000, 0x000000074c600000|100%|HS|  |TAMS 0x000000074c500000, 0x000000074c500000| Complete 
| 198|0x000000074c600000, 0x000000074c600000, 0x000000074c700000|  0%| F|  |TAMS 0x000000074c600000, 0x000000074c600000| Untracked 
| 199|0x000000074c700000, 0x000000074c700000, 0x000000074c800000|  0%| F|  |TAMS 0x000000074c700000, 0x000000074c700000| Untracked 
| 200|0x000000074c800000, 0x000000074c800000, 0x000000074c900000|  0%| F|  |TAMS 0x000000074c800000, 0x000000074c800000| Untracked 
| 201|0x000000074c900000, 0x000000074c900000, 0x000000074ca00000|  0%| F|  |TAMS 0x000000074c900000, 0x000000074c900000| Untracked 
| 202|0x000000074ca00000, 0x000000074ca00000, 0x000000074cb00000|  0%| F|  |TAMS 0x000000074ca00000, 0x000000074ca00000| Untracked 
| 203|0x000000074cb00000, 0x000000074cb00000, 0x000000074cc00000|  0%| F|  |TAMS 0x000000074cb00000, 0x000000074cb00000| Untracked 
| 204|0x000000074cc00000, 0x000000074cc00000, 0x000000074cd00000|  0%| F|  |TAMS 0x000000074cc00000, 0x000000074cc00000| Untracked 
| 205|0x000000074cd00000, 0x000000074cd00000, 0x000000074ce00000|  0%| F|  |TAMS 0x000000074cd00000, 0x000000074cd00000| Untracked 
| 206|0x000000074ce00000, 0x000000074ce00000, 0x000000074cf00000|  0%| F|  |TAMS 0x000000074ce00000, 0x000000074ce00000| Untracked 
| 207|0x000000074cf00000, 0x000000074cf00000, 0x000000074d000000|  0%| F|  |TAMS 0x000000074cf00000, 0x000000074cf00000| Untracked 
| 208|0x000000074d000000, 0x000000074d000000, 0x000000074d100000|  0%| F|  |TAMS 0x000000074d000000, 0x000000074d000000| Untracked 
| 209|0x000000074d100000, 0x000000074d100000, 0x000000074d200000|  0%| F|  |TAMS 0x000000074d100000, 0x000000074d100000| Untracked 
| 210|0x000000074d200000, 0x000000074d200000, 0x000000074d300000|  0%| F|  |TAMS 0x000000074d200000, 0x000000074d200000| Untracked 
| 211|0x000000074d300000, 0x000000074d300000, 0x000000074d400000|  0%| F|  |TAMS 0x000000074d300000, 0x000000074d300000| Untracked 
| 212|0x000000074d400000, 0x000000074d400000, 0x000000074d500000|  0%| F|  |TAMS 0x000000074d400000, 0x000000074d400000| Untracked 
| 213|0x000000074d500000, 0x000000074d500000, 0x000000074d600000|  0%| F|  |TAMS 0x000000074d500000, 0x000000074d500000| Untracked 
| 214|0x000000074d600000, 0x000000074d600000, 0x000000074d700000|  0%| F|  |TAMS 0x000000074d600000, 0x000000074d600000| Untracked 
| 215|0x000000074d700000, 0x000000074d700000, 0x000000074d800000|  0%| F|  |TAMS 0x000000074d700000, 0x000000074d700000| Untracked 
| 216|0x000000074d800000, 0x000000074d800000, 0x000000074d900000|  0%| F|  |TAMS 0x000000074d800000, 0x000000074d800000| Untracked 
| 217|0x000000074d900000, 0x000000074d900000, 0x000000074da00000|  0%| F|  |TAMS 0x000000074d900000, 0x000000074d900000| Untracked 
| 218|0x000000074da00000, 0x000000074da00000, 0x000000074db00000|  0%| F|  |TAMS 0x000000074da00000, 0x000000074da00000| Untracked 
| 219|0x000000074db00000, 0x000000074db00000, 0x000000074dc00000|  0%| F|  |TAMS 0x000000074db00000, 0x000000074db00000| Untracked 
| 220|0x000000074dc00000, 0x000000074dc00000, 0x000000074dd00000|  0%| F|  |TAMS 0x000000074dc00000, 0x000000074dc00000| Untracked 
| 221|0x000000074dd00000, 0x000000074dd00000, 0x000000074de00000|  0%| F|  |TAMS 0x000000074dd00000, 0x000000074dd00000| Untracked 
| 222|0x000000074de00000, 0x000000074de00000, 0x000000074df00000|  0%| F|  |TAMS 0x000000074de00000, 0x000000074de00000| Untracked 
| 223|0x000000074df00000, 0x000000074df00000, 0x000000074e000000|  0%| F|  |TAMS 0x000000074df00000, 0x000000074df00000| Untracked 
| 224|0x000000074e000000, 0x000000074e000000, 0x000000074e100000|  0%| F|  |TAMS 0x000000074e000000, 0x000000074e000000| Untracked 
| 225|0x000000074e100000, 0x000000074e100000, 0x000000074e200000|  0%| F|  |TAMS 0x000000074e100000, 0x000000074e100000| Untracked 
| 226|0x000000074e200000, 0x000000074e200000, 0x000000074e300000|  0%| F|  |TAMS 0x000000074e200000, 0x000000074e200000| Untracked 
| 227|0x000000074e300000, 0x000000074e300000, 0x000000074e400000|  0%| F|  |TAMS 0x000000074e300000, 0x000000074e300000| Untracked 
| 228|0x000000074e400000, 0x000000074e400000, 0x000000074e500000|  0%| F|  |TAMS 0x000000074e400000, 0x000000074e400000| Untracked 
| 229|0x000000074e500000, 0x000000074e500000, 0x000000074e600000|  0%| F|  |TAMS 0x000000074e500000, 0x000000074e500000| Untracked 
| 230|0x000000074e600000, 0x000000074e600000, 0x000000074e700000|  0%| F|  |TAMS 0x000000074e600000, 0x000000074e600000| Untracked 
| 231|0x000000074e700000, 0x000000074e700000, 0x000000074e800000|  0%| F|  |TAMS 0x000000074e700000, 0x000000074e700000| Untracked 
| 232|0x000000074e800000, 0x000000074e800000, 0x000000074e900000|  0%| F|  |TAMS 0x000000074e800000, 0x000000074e800000| Untracked 
| 233|0x000000074e900000, 0x000000074e900000, 0x000000074ea00000|  0%| F|  |TAMS 0x000000074e900000, 0x000000074e900000| Untracked 
| 234|0x000000074ea00000, 0x000000074ea00000, 0x000000074eb00000|  0%| F|  |TAMS 0x000000074ea00000, 0x000000074ea00000| Untracked 
| 235|0x000000074eb00000, 0x000000074eb00000, 0x000000074ec00000|  0%| F|  |TAMS 0x000000074eb00000, 0x000000074eb00000| Untracked 
| 236|0x000000074ec00000, 0x000000074ec00000, 0x000000074ed00000|  0%| F|  |TAMS 0x000000074ec00000, 0x000000074ec00000| Untracked 
| 237|0x000000074ed00000, 0x000000074ed00000, 0x000000074ee00000|  0%| F|  |TAMS 0x000000074ed00000, 0x000000074ed00000| Untracked 
| 238|0x000000074ee00000, 0x000000074ee00000, 0x000000074ef00000|  0%| F|  |TAMS 0x000000074ee00000, 0x000000074ee00000| Untracked 
| 239|0x000000074ef00000, 0x000000074ef00000, 0x000000074f000000|  0%| F|  |TAMS 0x000000074ef00000, 0x000000074ef00000| Untracked 
| 240|0x000000074f000000, 0x000000074f000000, 0x000000074f100000|  0%| F|  |TAMS 0x000000074f000000, 0x000000074f000000| Untracked 
| 241|0x000000074f100000, 0x000000074f100000, 0x000000074f200000|  0%| F|  |TAMS 0x000000074f100000, 0x000000074f100000| Untracked 
| 242|0x000000074f200000, 0x000000074f200000, 0x000000074f300000|  0%| F|  |TAMS 0x000000074f200000, 0x000000074f200000| Untracked 
| 243|0x000000074f300000, 0x000000074f300000, 0x000000074f400000|  0%| F|  |TAMS 0x000000074f300000, 0x000000074f300000| Untracked 
| 244|0x000000074f400000, 0x000000074f400000, 0x000000074f500000|  0%| F|  |TAMS 0x000000074f400000, 0x000000074f400000| Untracked 
| 245|0x000000074f500000, 0x000000074f500000, 0x000000074f600000|  0%| F|  |TAMS 0x000000074f500000, 0x000000074f500000| Untracked 
| 246|0x000000074f600000, 0x000000074f600000, 0x000000074f700000|  0%| F|  |TAMS 0x000000074f600000, 0x000000074f600000| Untracked 
| 247|0x000000074f700000, 0x000000074f700000, 0x000000074f800000|  0%| F|  |TAMS 0x000000074f700000, 0x000000074f700000| Untracked 
| 248|0x000000074f800000, 0x000000074f800000, 0x000000074f900000|  0%| F|  |TAMS 0x000000074f800000, 0x000000074f800000| Untracked 
| 249|0x000000074f900000, 0x000000074f900000, 0x000000074fa00000|  0%| F|  |TAMS 0x000000074f900000, 0x000000074f900000| Untracked 
| 250|0x000000074fa00000, 0x000000074fa00000, 0x000000074fb00000|  0%| F|  |TAMS 0x000000074fa00000, 0x000000074fa00000| Untracked 
| 251|0x000000074fb00000, 0x000000074fb00000, 0x000000074fc00000|  0%| F|  |TAMS 0x000000074fb00000, 0x000000074fb00000| Untracked 
| 252|0x000000074fc00000, 0x000000074fc00000, 0x000000074fd00000|  0%| F|  |TAMS 0x000000074fc00000, 0x000000074fc00000| Untracked 
| 253|0x000000074fd00000, 0x000000074fd00000, 0x000000074fe00000|  0%| F|  |TAMS 0x000000074fd00000, 0x000000074fd00000| Untracked 
| 254|0x000000074fe00000, 0x000000074fe00000, 0x000000074ff00000|  0%| F|  |TAMS 0x000000074fe00000, 0x000000074fe00000| Untracked 
| 255|0x000000074ff00000, 0x000000074ff00000, 0x0000000750000000|  0%| F|  |TAMS 0x000000074ff00000, 0x000000074ff00000| Untracked 
| 256|0x0000000750000000, 0x0000000750000000, 0x0000000750100000|  0%| F|  |TAMS 0x0000000750000000, 0x0000000750000000| Untracked 
| 257|0x0000000750100000, 0x0000000750100000, 0x0000000750200000|  0%| F|  |TAMS 0x0000000750100000, 0x0000000750100000| Untracked 
| 258|0x0000000750200000, 0x0000000750200000, 0x0000000750300000|  0%| F|  |TAMS 0x0000000750200000, 0x0000000750200000| Untracked 
| 259|0x0000000750300000, 0x0000000750300000, 0x0000000750400000|  0%| F|  |TAMS 0x0000000750300000, 0x0000000750300000| Untracked 
| 260|0x0000000750400000, 0x0000000750400000, 0x0000000750500000|  0%| F|  |TAMS 0x0000000750400000, 0x0000000750400000| Untracked 
| 261|0x0000000750500000, 0x0000000750500000, 0x0000000750600000|  0%| F|  |TAMS 0x0000000750500000, 0x0000000750500000| Untracked 
| 262|0x0000000750600000, 0x0000000750658a08, 0x0000000750700000| 34%| E|  |TAMS 0x0000000750600000, 0x0000000750600000| Complete 
| 263|0x0000000750700000, 0x0000000750800000, 0x0000000750800000|100%| E|CS|TAMS 0x0000000750700000, 0x0000000750700000| Complete 
| 264|0x0000000750800000, 0x0000000750900000, 0x0000000750900000|100%| E|CS|TAMS 0x0000000750800000, 0x0000000750800000| Complete 
| 265|0x0000000750900000, 0x0000000750a00000, 0x0000000750a00000|100%| E|  |TAMS 0x0000000750900000, 0x0000000750900000| Complete 
| 266|0x0000000750a00000, 0x0000000750b00000, 0x0000000750b00000|100%| E|CS|TAMS 0x0000000750a00000, 0x0000000750a00000| Complete 
| 267|0x0000000750b00000, 0x0000000750c00000, 0x0000000750c00000|100%| E|CS|TAMS 0x0000000750b00000, 0x0000000750b00000| Complete 
| 268|0x0000000750c00000, 0x0000000750d00000, 0x0000000750d00000|100%| E|CS|TAMS 0x0000000750c00000, 0x0000000750c00000| Complete 
| 269|0x0000000750d00000, 0x0000000750e00000, 0x0000000750e00000|100%| E|CS|TAMS 0x0000000750d00000, 0x0000000750d00000| Complete 
| 270|0x0000000750e00000, 0x0000000750f00000, 0x0000000750f00000|100%| E|CS|TAMS 0x0000000750e00000, 0x0000000750e00000| Complete 
| 271|0x0000000750f00000, 0x0000000751000000, 0x0000000751000000|100%| E|CS|TAMS 0x0000000750f00000, 0x0000000750f00000| Complete 
| 272|0x0000000751000000, 0x0000000751100000, 0x0000000751100000|100%| E|CS|TAMS 0x0000000751000000, 0x0000000751000000| Complete 
| 273|0x0000000751100000, 0x0000000751200000, 0x0000000751200000|100%| E|CS|TAMS 0x0000000751100000, 0x0000000751100000| Complete 
| 274|0x0000000751200000, 0x0000000751224bf0, 0x0000000751300000| 14%| S|CS|TAMS 0x0000000751200000, 0x0000000751200000| Complete 
| 275|0x0000000751300000, 0x0000000751400000, 0x0000000751400000|100%| S|CS|TAMS 0x0000000751300000, 0x0000000751300000| Complete 
| 276|0x0000000751400000, 0x0000000751500000, 0x0000000751500000|100%| E|CS|TAMS 0x0000000751400000, 0x0000000751400000| Complete 
| 277|0x0000000751500000, 0x0000000751600000, 0x0000000751600000|100%| E|CS|TAMS 0x0000000751500000, 0x0000000751500000| Complete 
| 278|0x0000000751600000, 0x0000000751700000, 0x0000000751700000|100%| E|CS|TAMS 0x0000000751600000, 0x0000000751600000| Complete 
| 279|0x0000000751700000, 0x0000000751800000, 0x0000000751800000|100%| E|CS|TAMS 0x0000000751700000, 0x0000000751700000| Complete 
| 280|0x0000000751800000, 0x0000000751900000, 0x0000000751900000|100%| E|CS|TAMS 0x0000000751800000, 0x0000000751800000| Complete 
| 281|0x0000000751900000, 0x0000000751a00000, 0x0000000751a00000|100%| E|CS|TAMS 0x0000000751900000, 0x0000000751900000| Complete 

Card table byte_map: [0x00000237e49f0000,0x00000237e4ff0000] _byte_map_base: 0x00000237e0ff0000

Marking Bits (Prev, Next): (CMBitMap*) 0x00000237e5a1c078, (CMBitMap*) 0x00000237e5a1c0b0
 Prev Bits: [0x00000237f09d0000, 0x00000237f39d0000)
 Next Bits: [0x00000237f39d0000, 0x00000237f69d0000)

Polling page: 0x00000237d7b90000

Metaspace:

Usage:
  Non-class:    104.55 MB capacity,   103.26 MB ( 99%) used,   983.35 KB ( <1%) free+waste,   334.50 KB ( <1%) overhead. 
      Class:     16.98 MB capacity,    16.00 MB ( 94%) used,   843.70 KB (  5%) free+waste,   153.19 KB ( <1%) overhead. 
       Both:    121.53 MB capacity,   119.27 MB ( 98%) used,     1.78 MB (  1%) free+waste,   487.69 KB ( <1%) overhead. 

Virtual space:
  Non-class space:      106.00 MB reserved,     105.75 MB (>99%) committed 
      Class space:        1.00 GB reserved,      17.57 MB (  2%) committed 
             Both:        1.10 GB reserved,     123.33 MB ( 11%) committed 

Chunk freelists:
   Non-Class:  146.25 KB
       Class:  74.75 KB
        Both:  221.00 KB

CodeHeap 'non-profiled nmethods': size=120000Kb used=28182Kb max_used=29243Kb free=91817Kb
 bounds [0x0000023787ad0000, 0x0000023789770000, 0x000002378f000000]
CodeHeap 'profiled nmethods': size=120000Kb used=55149Kb max_used=55499Kb free=64850Kb
 bounds [0x00000237805a0000, 0x0000023783c40000, 0x0000023787ad0000]
CodeHeap 'non-nmethods': size=5760Kb used=1754Kb max_used=1816Kb free=4005Kb
 bounds [0x0000023780000000, 0x0000023780270000, 0x00000237805a0000]
 total_blobs=43533 nmethods=22513 adapters=1242
 compilation: enabled
              stopped_count=0, restarted_count=0
 full_count=0

Compilation events (10 events):
Event: 3007.216 Thread 0x00000237de85e800 29704 % !   4       ui.j.c.f::d @ 52 (203 bytes)
Event: 3007.235 Thread 0x00000237de85e800 nmethod 29704% 0x00000237886fbe10 code [0x00000237886fc080, 0x00000237886fce10]
Event: 3007.235 Thread 0x00000237de85e800 29705       4       java.lang.String::valueOf (39 bytes)
Event: 3007.237 Thread 0x00000237de85e800 nmethod 29705 0x00000237886be990 code [0x00000237886beb40, 0x00000237886bed38]
Event: 3007.252 Thread 0x00000237de85e800 29706   !   4       sun.nio.cs.StreamDecoder::readBytes (289 bytes)
Event: 3007.257 Thread 0x00000237de85e800 nmethod 29706 0x00000237886d3b90 code [0x00000237886d3d60, 0x00000237886d4298]
Event: 3007.259 Thread 0x00000237de864000 29707       3       com.jidesoft.editor.LazyLoadDocument::getLineStartOffset (183 bytes)
Event: 3007.260 Thread 0x00000237de864000 nmethod 29707 0x000002378297b490 code [0x000002378297b780, 0x000002378297c8b0]
Event: 3007.261 Thread 0x00000237de85e800 29708   !   4       ui.j.c.f::d (203 bytes)
Event: 3007.279 Thread 0x00000237de85e800 nmethod 29708 0x000002378873ef90 code [0x000002378873f220, 0x00000237887401f0]

GC Heap History (10 events):
Event: 2950.828 GC heap before
{Heap before GC invocations=497 (full 51):
 garbage-first heap   total 286720K, used 216375K [0x0000000740000000, 0x0000000800000000)
  region size 1024K, 50 young (51200K), 3 survivors (3072K)
 Metaspace       used 122369K, capacity 124869K, committed 126288K, reserved 1157120K
  class space    used 16463K, capacity 17541K, committed 17996K, reserved 1048576K
}
Event: 2950.836 GC heap after
{Heap after GC invocations=498 (full 51):
 garbage-first heap   total 286720K, used 169686K [0x0000000740000000, 0x0000000800000000)
  region size 1024K, 4 young (4096K), 4 survivors (4096K)
 Metaspace       used 122369K, capacity 124869K, committed 126288K, reserved 1157120K
  class space    used 16463K, capacity 17541K, committed 17996K, reserved 1048576K
}
Event: 2951.928 GC heap before
{Heap before GC invocations=499 (full 51):
 garbage-first heap   total 286720K, used 188118K [0x0000000740000000, 0x0000000800000000)
  region size 1024K, 20 young (20480K), 4 survivors (4096K)
 Metaspace       used 122370K, capacity 124869K, committed 126288K, reserved 1157120K
  class space    used 16463K, capacity 17541K, committed 17996K, reserved 1048576K
}
Event: 2952.051 GC heap after
{Heap after GC invocations=500 (full 52):
 garbage-first heap   total 288768K, used 170042K [0x0000000740000000, 0x0000000800000000)
  region size 1024K, 0 young (0K), 0 survivors (0K)
 Metaspace       used 122370K, capacity 124869K, committed 126288K, reserved 1157120K
  class space    used 16463K, capacity 17541K, committed 17996K, reserved 1048576K
}
Event: 2973.738 GC heap before
{Heap before GC invocations=500 (full 52):
 garbage-first heap   total 288768K, used 192570K [0x0000000740000000, 0x0000000800000000)
  region size 1024K, 23 young (23552K), 0 survivors (0K)
 Metaspace       used 122374K, capacity 124869K, committed 126288K, reserved 1157120K
  class space    used 16463K, capacity 17541K, committed 17996K, reserved 1048576K
}
Event: 2973.879 GC heap after
{Heap after GC invocations=501 (full 53):
 garbage-first heap   total 288768K, used 169676K [0x0000000740000000, 0x0000000800000000)
  region size 1024K, 0 young (0K), 0 survivors (0K)
 Metaspace       used 122374K, capacity 124869K, committed 126288K, reserved 1157120K
  class space    used 16463K, capacity 17541K, committed 17996K, reserved 1048576K
}
Event: 3003.797 GC heap before
{Heap before GC invocations=501 (full 53):
 garbage-first heap   total 288768K, used 199372K [0x0000000740000000, 0x0000000800000000)
  region size 1024K, 31 young (31744K), 0 survivors (0K)
 Metaspace       used 122374K, capacity 124869K, committed 126288K, reserved 1157120K
  class space    used 16463K, capacity 17541K, committed 17996K, reserved 1048576K
}
Event: 3003.931 GC heap after
{Heap after GC invocations=502 (full 54):
 garbage-first heap   total 288768K, used 169693K [0x0000000740000000, 0x0000000800000000)
  region size 1024K, 0 young (0K), 0 survivors (0K)
 Metaspace       used 122374K, capacity 124869K, committed 126288K, reserved 1157120K
  class space    used 16463K, capacity 17541K, committed 17996K, reserved 1048576K
}
Event: 3007.162 GC heap before
{Heap before GC invocations=502 (full 54):
 garbage-first heap   total 288768K, used 186077K [0x0000000740000000, 0x0000000800000000)
  region size 1024K, 18 young (18432K), 0 survivors (0K)
 Metaspace       used 122461K, capacity 124999K, committed 126288K, reserved 1157120K
  class space    used 16476K, capacity 17563K, committed 17996K, reserved 1048576K
}
Event: 3007.167 GC heap after
{Heap after GC invocations=503 (full 54):
 garbage-first heap   total 288768K, used 173752K [0x0000000740000000, 0x0000000800000000)
  region size 1024K, 4 young (4096K), 4 survivors (4096K)
 Metaspace       used 122461K, capacity 124999K, committed 126288K, reserved 1157120K
  class space    used 16476K, capacity 17563K, committed 17996K, reserved 1048576K
}

Deoptimization events (10 events):
Event: 3005.645 Thread 0x00000237fcdd3800 Uncommon trap: reason=unstable_if action=reinterpret pc=0x00000237890fc994 method=com.jidesoft.editor.folding.DefaultFoldingModel$b_.getOutermostSpanAtOffset(I)Lcom/jidesoft/editor/folding/FoldingSpan; @ 14 c2
Event: 3005.646 Thread 0x00000237fcdd3800 Uncommon trap: reason=unstable_if action=reinterpret pc=0x00000237880726fc method=com.jidesoft.editor.folding.DefaultFoldingModel$b_.getOutermostSpanAtOffset(I)Lcom/jidesoft/editor/folding/FoldingSpan; @ 14 c2
Event: 3005.646 Thread 0x00000237fcdd3800 Uncommon trap: reason=unstable_if action=reinterpret pc=0x0000023788b6d408 method=com.jidesoft.editor.CodeEditor.getStyles()Lcom/jidesoft/editor/SyntaxStyleSchema; @ 13 c2
Event: 3006.532 Thread 0x00000237fcdd3800 Uncommon trap: reason=class_check action=maybe_recompile pc=0x0000023788ee7138 method=ui.views.R.p.propertyChange(Ljava/beans/PropertyChangeEvent;)V @ 41 c2
Event: 3006.539 Thread 0x00000237a1eba000 Uncommon trap: reason=bimorphic_or_optimized_type_check action=maybe_recompile pc=0x00000237893a1850 method=java.util.concurrent.Executors$RunnableAdapter.call()Ljava/lang/Object; @ 4 c2
Event: 3007.139 Thread 0x00000237fcdd3800 Uncommon trap: reason=bimorphic_or_optimized_type_check action=maybe_recompile pc=0x0000023788702a10 method=javax.swing.text.AbstractDocument.fireChangedUpdate(Ljavax/swing/event/DocumentEvent;)V @ 39 c2
Event: 3007.140 Thread 0x00000237a1eba000 Uncommon trap: reason=bimorphic_or_optimized_type_check action=maybe_recompile pc=0x00000237893a1850 method=java.util.concurrent.Executors$RunnableAdapter.call()Ljava/lang/Object; @ 4 c2
Event: 3007.175 Thread 0x00000237fcdd3800 Uncommon trap: reason=unstable_if action=reinterpret pc=0x0000023788b7df94 method=com.jidesoft.editor.CodeEditor$r_.a()V @ 35 c2
Event: 3007.194 Thread 0x00000237a1ec5800 Uncommon trap: reason=unstable_if action=reinterpret pc=0x0000023788b4f904 method=com.jidesoft.editor.LazyLoadDocument.a(Ljava/lang/String;Z)V @ 466 c2
Event: 3007.250 Thread 0x00000237a1eba000 Uncommon trap: reason=unstable_if action=reinterpret pc=0x00000237886bf2a8 method=com.jidesoft.editor.LazyLoadDocument.isLineLoaded(I)Z @ 21 c2

Classes redefined (0 events):
No events

Internal exceptions (10 events):
Event: 2956.536 Thread 0x00000237fcdd3800 Exception <a 'java/io/FileNotFoundException'{0x0000000751580c48}> (0x0000000751580c48) thrown at [t:/workspace/open/src/hotspot/share/prims/jni.cpp, line 615]
Event: 2961.537 Thread 0x00000237fcdd3800 Exception <a 'java/io/FileNotFoundException'{0x0000000751091ed0}> (0x0000000751091ed0) thrown at [t:/workspace/open/src/hotspot/share/prims/jni.cpp, line 615]
Event: 2966.537 Thread 0x00000237fcdd3800 Exception <a 'java/io/FileNotFoundException'{0x0000000750b9a580}> (0x0000000750b9a580) thrown at [t:/workspace/open/src/hotspot/share/prims/jni.cpp, line 615]
Event: 2971.539 Thread 0x00000237fcdd3800 Exception <a 'java/io/FileNotFoundException'{0x00000007507f0430}> (0x00000007507f0430) thrown at [t:/workspace/open/src/hotspot/share/prims/jni.cpp, line 615]
Event: 2976.539 Thread 0x00000237fcdd3800 Exception <a 'java/io/FileNotFoundException'{0x000000075177ce88}> (0x000000075177ce88) thrown at [t:/workspace/open/src/hotspot/share/prims/jni.cpp, line 615]
Event: 2981.540 Thread 0x00000237fcdd3800 Exception <a 'java/io/FileNotFoundException'{0x00000007513dd180}> (0x00000007513dd180) thrown at [t:/workspace/open/src/hotspot/share/prims/jni.cpp, line 615]
Event: 2986.542 Thread 0x00000237fcdd3800 Exception <a 'java/io/FileNotFoundException'{0x0000000750ed6f88}> (0x0000000750ed6f88) thrown at [t:/workspace/open/src/hotspot/share/prims/jni.cpp, line 615]
Event: 2991.542 Thread 0x00000237fcdd3800 Exception <a 'java/io/FileNotFoundException'{0x00000007509dde50}> (0x00000007509dde50) thrown at [t:/workspace/open/src/hotspot/share/prims/jni.cpp, line 615]
Event: 2996.542 Thread 0x00000237fcdd3800 Exception <a 'java/io/FileNotFoundException'{0x00000007504e0cc8}> (0x00000007504e0cc8) thrown at [t:/workspace/open/src/hotspot/share/prims/jni.cpp, line 615]
Event: 3001.542 Thread 0x00000237fcdd3800 Exception <a 'java/io/FileNotFoundException'{0x000000074fffe7b8}> (0x000000074fffe7b8) thrown at [t:/workspace/open/src/hotspot/share/prims/jni.cpp, line 615]

Events (10 events):
Event: 3007.192 Thread 0x00000237a1ec5800 DEOPT UNPACKING pc=0x000002378002a75e sp=0x00000066bb4fe4a0 mode 0
Event: 3007.192 Thread 0x00000237ad10f000 Thread added: 0x00000237ad10f000
Event: 3007.194 Thread 0x00000237a1ec5800 Uncommon trap: trap_request=0xffffff4d fr.pc=0x0000023788b4f904 relative=0x0000000000000304
Event: 3007.194 Thread 0x00000237a1ec5800 DEOPT PACKING pc=0x0000023788b4f904 sp=0x00000066bb4fefd0
Event: 3007.194 Thread 0x00000237a1ec5800 DEOPT UNPACKING pc=0x000002378000802f sp=0x00000066bb4fefb0 mode 2
Event: 3007.250 Thread 0x00000237a1eba000 Uncommon trap: trap_request=0xffffff4d fr.pc=0x00000237886bf2a8 relative=0x0000000000000228
Event: 3007.250 Thread 0x00000237a1eba000 DEOPT PACKING pc=0x00000237886bf2a8 sp=0x00000066b69feaf0
Event: 3007.250 Thread 0x00000237a1eba000 DEOPT UNPACKING pc=0x000002378000802f sp=0x00000066b69fe9f8 mode 2
Event: 3007.261 Thread 0x00000237a1eba000 DEOPT PACKING pc=0x00000237836bbcd1 sp=0x00000066b69feb30
Event: 3007.261 Thread 0x00000237a1eba000 DEOPT UNPACKING pc=0x000002378002a75e sp=0x00000066b69fe030 mode 0


Dynamic libraries:
0x00007ff7720f0000 - 0x00007ff772121000 	D:\Xilinx\Vivado\2021.1\bin\unwrapped\win64.o\vivado.exe
0x00007ff90a170000 - 0x00007ff90a368000 	C:\windows\SYSTEM32\ntdll.dll
0x00007ff908320000 - 0x00007ff9083dd000 	C:\windows\System32\KERNEL32.DLL
0x00007ff907b90000 - 0x00007ff907e5e000 	C:\windows\System32\KERNELBASE.dll
0x00007ff9080d0000 - 0x00007ff9081d0000 	C:\windows\System32\ucrtbase.dll
0x00007ff8a5c10000 - 0x00007ff8a5c9e000 	C:\windows\SYSTEM32\MSVCP140.dll
0x00007ff8ea500000 - 0x00007ff8ea51b000 	C:\windows\SYSTEM32\VCRUNTIME140.dll
0x00007ff8b6ed0000 - 0x00007ff8b6edc000 	C:\windows\SYSTEM32\VCRUNTIME140_1.dll
0x00007ff8de790000 - 0x00007ff8de7a8000 	D:\Xilinx\Vivado\2021.1\lib\win64.o\librdi_commonmain.dll
0x00007ff8de760000 - 0x00007ff8de781000 	D:\Xilinx\Vivado\2021.1\lib\win64.o\libboost_filesystem.dll
0x00007ff908660000 - 0x00007ff90870e000 	C:\windows\System32\ADVAPI32.dll
0x00007ff9085c0000 - 0x00007ff90865e000 	C:\windows\System32\msvcrt.dll
0x00007ff908fe0000 - 0x00007ff90907c000 	C:\windows\System32\sechost.dll
0x00007ff908a50000 - 0x00007ff908b75000 	C:\windows\System32\RPCRT4.dll
0x00007ff8de750000 - 0x00007ff8de759000 	D:\Xilinx\Vivado\2021.1\lib\win64.o\librdi_commonversion.dll
0x00007ff8de5b0000 - 0x00007ff8de74c000 	D:\Xilinx\Vivado\2021.1\lib\win64.o\librdi_commonxillic.dll
0x00007ff908710000 - 0x00007ff9088b0000 	C:\windows\System32\USER32.dll
0x00007ff907940000 - 0x00007ff907962000 	C:\windows\System32\win32u.dll
0x00007ff9083e0000 - 0x00007ff90840a000 	C:\windows\System32\GDI32.dll
0x00007ff907fc0000 - 0x00007ff9080cb000 	C:\windows\System32\gdi32full.dll
0x00007ff907e60000 - 0x00007ff907efd000 	C:\windows\System32\msvcp_win.dll
0x00007ff908ca0000 - 0x00007ff908d0b000 	C:\windows\System32\WS2_32.dll
0x00007ff907f00000 - 0x00007ff907f27000 	C:\windows\System32\bcrypt.dll
0x0000000066560000 - 0x000000006668b000 	D:\Xilinx\Vivado\2021.1\lib\win64.o\tcl85t.dll
0x00007ff8c0c20000 - 0x00007ff8c1eca000 	D:\Xilinx\Vivado\2021.1\lib\win64.o\librdi_common.dll
0x00007ff9099e0000 - 0x00007ff90a123000 	C:\windows\System32\SHELL32.dll
0x00007ff8c0900000 - 0x00007ff8c0c16000 	D:\Xilinx\Vivado\2021.1\lib\win64.o\libXil_lmgr11.dll
0x00007ff908dd0000 - 0x00007ff908eaa000 	C:\windows\System32\COMDLG32.dll
0x00007ff909670000 - 0x00007ff9099c4000 	C:\windows\System32\combase.dll
0x00007ff908910000 - 0x00007ff9089bd000 	C:\windows\System32\shcore.dll
0x00007ff9088b0000 - 0x00007ff908905000 	C:\windows\System32\SHLWAPI.dll
0x00007ff9081d0000 - 0x00007ff90829d000 	C:\windows\System32\OLEAUT32.dll
0x00007ff908eb0000 - 0x00007ff908fda000 	C:\windows\System32\ole32.dll
0x00007ff9079c0000 - 0x00007ff907a29000 	C:\windows\System32\WINTRUST.dll
0x00007ff907a30000 - 0x00007ff907b86000 	C:\windows\System32\CRYPT32.dll
0x00007ff8de490000 - 0x00007ff8de5a4000 	D:\Xilinx\Vivado\2021.1\lib\win64.o\libboost_regex.dll
0x00007ff8de470000 - 0x00007ff8de481000 	D:\Xilinx\Vivado\2021.1\lib\win64.o\libboost_date_time.dll
0x00007ff8bc810000 - 0x00007ff8bcb7e000 	D:\Xilinx\Vivado\2021.1\lib\win64.o\libCOIN-all.dll
0x00007ff8de450000 - 0x00007ff8de46c000 	D:\Xilinx\Vivado\2021.1\lib\win64.o\libboost_thread.dll
0x00007ff8de3d0000 - 0x00007ff8de449000 	D:\Xilinx\Vivado\2021.1\lib\win64.o\libboost_program_options.dll
0x00007ff8de3c0000 - 0x00007ff8de3cc000 	D:\Xilinx\Vivado\2021.1\lib\win64.o\libboost_xilinx.dll
0x00007ff8de330000 - 0x00007ff8de3b2000 	D:\Xilinx\Vivado\2021.1\lib\win64.o\libhdlpsolve.dll
0x00007ff8c2850000 - 0x00007ff8c28f5000 	D:\Xilinx\Vivado\2021.1\lib\win64.o\libhdxml.dll
0x00007ff8c2be0000 - 0x00007ff8c2c0a000 	D:\Xilinx\Vivado\2021.1\lib\win64.o\libisl_sysinfo.dll
0x00007ff8c27e0000 - 0x00007ff8c2845000 	D:\Xilinx\Vivado\2021.1\lib\win64.o\liblmx6.0.dll
0x00007ff8de310000 - 0x00007ff8de32a000 	D:\Xilinx\Vivado\2021.1\lib\win64.o\pthreadVC2.dll
0x00007ff8c2bc0000 - 0x00007ff8c2bdc000 	D:\Xilinx\Vivado\2021.1\lib\win64.o\librdiconfig.dll
0x00007ff8c2b90000 - 0x00007ff8c2bb1000 	D:\Xilinx\Vivado\2021.1\lib\win64.o\librdizlib.dll
0x0000000012000000 - 0x0000000012270000 	D:\Xilinx\Vivado\2021.1\lib\win64.o\xerces-c_3_1.dll
0x00007ff8ec9c0000 - 0x00007ff8ec9d9000 	C:\windows\SYSTEM32\NETAPI32.dll
0x00007ff8ea620000 - 0x00007ff8eaaf6000 	C:\windows\SYSTEM32\WININET.dll
0x00007ff902350000 - 0x00007ff90245a000 	C:\windows\SYSTEM32\WINHTTP.dll
0x00007ff8eceb0000 - 0x00007ff8ed09c000 	C:\windows\SYSTEM32\urlmon.dll
0x00007ff883000000 - 0x00007ff883fa1200 	D:\Xilinx\Vivado\2021.1\lib\win64.o\libisl_iostreams.dll
0x00007ff8feab0000 - 0x00007ff8feab9000 	C:\windows\SYSTEM32\WSOCK32.dll
0x00007ff8c27a0000 - 0x00007ff8c27d1000 	C:\windows\SYSTEM32\VCOMP140.DLL
0x00007ff8ec490000 - 0x00007ff8ec540000 	C:\windows\WinSxS\amd64_microsoft.windows.common-controls_6595b64144ccf1df_5.82.19041.1110_none_792d1c772443f647\COMCTL32.dll
0x00007ff907750000 - 0x00007ff90777e000 	C:\windows\SYSTEM32\USERENV.dll
0x00007ff900750000 - 0x00007ff90076d000 	C:\windows\SYSTEM32\dhcpcsvc.DLL
0x00007ff8f6700000 - 0x00007ff8f69b1000 	C:\windows\SYSTEM32\iertutil.dll
0x00007ff8ecd80000 - 0x00007ff8ecda8000 	C:\windows\SYSTEM32\srvcli.dll
0x00007ff906e00000 - 0x00007ff906e0c000 	C:\windows\SYSTEM32\netutils.dll
0x00007ff8c2780000 - 0x00007ff8c2798000 	D:\Xilinx\Vivado\2021.1\lib\win64.o\libboost_iostreams.dll
0x00007ff8c2750000 - 0x00007ff8c2774000 	D:\Xilinx\Vivado\2021.1\lib\win64.o\libisl_iosutils.dll
0x00007ff8810e0000 - 0x00007ff882ff7000 	D:\Xilinx\Vivado\2021.1\lib\win64.o\gurobi90.dll
0x00007ff909580000 - 0x00007ff9095d6000 	C:\windows\System32\WLDAP32.dll
0x00007ff909570000 - 0x00007ff909578000 	C:\windows\System32\Normaliz.dll
0x00007ff907050000 - 0x00007ff9070ba000 	C:\windows\SYSTEM32\MSWSOCK.DLL
0x00007ff909640000 - 0x00007ff909670000 	C:\windows\System32\IMM32.DLL
0x00007ff907480000 - 0x00007ff907492000 	C:\windows\SYSTEM32\MSASN1.dll
0x00007ff906380000 - 0x00007ff906392000 	C:\windows\SYSTEM32\kernel.appcore.dll
0x00007ff8ba080000 - 0x00007ff8ba5b3000 	D:\Xilinx\Vivado\2021.1\lib\win64.o\librdi_commontasks.dll
0x00007ff8ffd10000 - 0x00007ff8ffd1a000 	C:\windows\SYSTEM32\VERSION.dll
0x00007ff88b470000 - 0x00007ff88bf93000 	D:\Xilinx\Vivado\2021.1\tps\win64\jre11.0.2\bin\server\jvm.dll
0x00007ff908d10000 - 0x00007ff908d18000 	C:\windows\System32\PSAPI.DLL
0x00007ff8ed840000 - 0x00007ff8ed867000 	C:\windows\SYSTEM32\WINMM.dll
0x00007ff8ba8c0000 - 0x00007ff8babe0000 	D:\Xilinx\Vivado\2021.1\lib\win64.o\librdi_sio.dll
0x00007ff906cf0000 - 0x00007ff906d2b000 	C:\windows\SYSTEM32\IPHLPAPI.DLL
0x00007ff905960000 - 0x00007ff9060f5000 	C:\windows\SYSTEM32\windows.storage.dll
0x00007ff9072f0000 - 0x00007ff907320000 	C:\windows\SYSTEM32\Wldp.dll
0x00007ff87daa0000 - 0x00007ff880630000 	D:\Xilinx\Vivado\2021.1\lib\win64.o\librdi_tcltasks.dll
0x00007ff8c26d0000 - 0x00007ff8c274e000 	D:\Xilinx\Vivado\2021.1\lib\win64.o\librdi_boarddep.dll
0x00007ff8b9110000 - 0x00007ff8b92c8000 	D:\Xilinx\Vivado\2021.1\lib\win64.o\librdi_board.dll
0x00007ff8ba7c0000 - 0x00007ff8ba8b7000 	D:\Xilinx\Vivado\2021.1\lib\win64.o\librdi_chipscope.dll
0x00007ff8b89c0000 - 0x00007ff8b8e90000 	D:\Xilinx\Vivado\2021.1\lib\win64.o\librdi_bitstream.dll
0x00007ff8b87c0000 - 0x00007ff8b89b6000 	D:\Xilinx\Vivado\2021.1\lib\win64.o\librdi_chipscopeimpl.dll
0x00007ff8b8fb0000 - 0x00007ff8b910f000 	D:\Xilinx\Vivado\2021.1\lib\win64.o\librdi_containers.dll
0x00007ff86be50000 - 0x00007ff86dc6c000 	D:\Xilinx\Vivado\2021.1\lib\win64.o\librdi_designutils.dll
0x00007ff869fa0000 - 0x00007ff86be44000 	D:\Xilinx\Vivado\2021.1\lib\win64.o\librdi_constraints.dll
0x00007ff8a1860000 - 0x00007ff8a1bc1000 	D:\Xilinx\Vivado\2021.1\lib\win64.o\librdi_dlyest.dll
0x00007ff88a3a0000 - 0x00007ff88aac0000 	D:\Xilinx\Vivado\2021.1\lib\win64.o\librdi_coregenipxact.dll
0x00007ff8b8700000 - 0x00007ff8b87b5000 	D:\Xilinx\Vivado\2021.1\lib\win64.o\librdi_dsp.dll
0x00007ff889d10000 - 0x00007ff88a395000 	D:\Xilinx\Vivado\2021.1\lib\win64.o\librdi_drc.dll
0x00007ff867a90000 - 0x00007ff869f99000 	D:\Xilinx\Vivado\2021.1\lib\win64.o\librdi_coregen.dll
0x00007ff8d5eb0000 - 0x00007ff8d61d7000 	D:\Xilinx\Vivado\2021.1\lib\win64.o\librdi_guitools.dll
0x00007ff8d6580000 - 0x00007ff8d65e9000 	D:\Xilinx\Vivado\2021.1\lib\win64.o\librdi_hdf.dll
0x00007ff88cd40000 - 0x00007ff88cfc7000 	D:\Xilinx\Vivado\2021.1\lib\win64.o\librdi_hip_devdesign.dll
0x00007ff87d010000 - 0x00007ff87d68b000 	D:\Xilinx\Vivado\2021.1\lib\win64.o\librdi_filemgmt.dll
0x00007ff8d6430000 - 0x00007ff8d6577000 	D:\Xilinx\Vivado\2021.1\lib\win64.o\librdi_hip_perf_analysis.dll
0x00007ff8d6320000 - 0x00007ff8d642b000 	D:\Xilinx\Vivado\2021.1\lib\win64.o\librdi_ipconfig_readwrite.dll
0x00007ff84bcd0000 - 0x00007ff867a90000 	D:\Xilinx\Vivado\2021.1\lib\win64.o\librdi_device.dll
0x00007ff84a640000 - 0x00007ff84bcca000 	D:\Xilinx\Vivado\2021.1\lib\win64.o\librdi_implflow.dll
0x00007ff8d5e30000 - 0x00007ff8d5ea3000 	D:\Xilinx\Vivado\2021.1\lib\win64.o\librdi_memoryarray.dll
0x00007ff888950000 - 0x00007ff888f9e000 	D:\Xilinx\Vivado\2021.1\lib\win64.o\librdi_memdata.dll
0x00007ff8d5dd0000 - 0x00007ff8d5e26000 	D:\Xilinx\Vivado\2021.1\lib\win64.o\librdi_pfi.dll
0x00007ff8d5c70000 - 0x00007ff8d5ce0000 	D:\Xilinx\Vivado\2021.1\lib\win64.o\librdi_noc_frameworks.dll
0x00007ff87c8d0000 - 0x00007ff87d008000 	D:\Xilinx\Vivado\2021.1\lib\win64.o\librdi_netlist.dll
0x00007ff848140000 - 0x00007ff84a63b000 	D:\Xilinx\Vivado\2021.1\lib\win64.o\librdi_mig.dll
0x00007ff88adc0000 - 0x00007ff88b171000 	D:\Xilinx\Vivado\2021.1\lib\win64.o\librdi_platform.dll
0x00007ff847a70000 - 0x00007ff848140000 	D:\Xilinx\Vivado\2021.1\lib\win64.o\librdi_project.dll
0x00007ff8471d0000 - 0x00007ff847a6c000 	D:\Xilinx\Vivado\2021.1\lib\win64.o\librdi_power.dll
0x00007ff843f60000 - 0x00007ff8471c5000 	D:\Xilinx\Vivado\2021.1\lib\win64.o\librdi_place.dll
0x00007ff843830000 - 0x00007ff843f59000 	D:\Xilinx\Vivado\2021.1\lib\win64.o\librdi_psta.dll
0x00007ff880ba0000 - 0x00007ff8810d1000 	D:\Xilinx\Vivado\2021.1\lib\win64.o\librdi_runs.dll
0x00007ff88c160000 - 0x00007ff88c275000 	D:\Xilinx\Vivado\2021.1\lib\win64.o\librdi_runsbase.dll
0x00007ff88b1f0000 - 0x00007ff88b468000 	D:\Xilinx\Vivado\2021.1\lib\win64.o\librdi_simdata.dll
0x00007ff8405e0000 - 0x00007ff840e75000 	D:\Xilinx\Vivado\2021.1\lib\win64.o\librdi_rsb.dll
0x00007ff889820000 - 0x00007ff889934000 	D:\Xilinx\Vivado\2021.1\lib\win64.o\librdi_xhub.dll
0x00007ff8b6c00000 - 0x00007ff8b6ca7000 	D:\Xilinx\Vivado\2021.1\lib\win64.o\librdi_xhubtasks.dll
0x00007ff889630000 - 0x00007ff889815000 	D:\Xilinx\Vivado\2021.1\lib\win64.o\librdi_advchipscopeimpl.dll
0x00007ff83f530000 - 0x00007ff8405dc000 	D:\Xilinx\Vivado\2021.1\lib\win64.o\librdi_timing.dll
0x00007ff83ea00000 - 0x00007ff83f526000 	D:\Xilinx\Vivado\2021.1\lib\win64.o\librdi_cdoutil.dll
0x00007ff8b8f60000 - 0x00007ff8b8fa4000 	D:\Xilinx\Vivado\2021.1\lib\win64.o\libboost_serialization.dll
0x00007ff87c380000 - 0x00007ff87c8c2000 	D:\Xilinx\Vivado\2021.1\lib\win64.o\librdi_xdm.dll
0x00007ff87d760000 - 0x00007ff87da93000 	D:\Xilinx\Vivado\2021.1\lib\win64.o\librdi_hip_config.dll
0x00007ff8b6f20000 - 0x00007ff8b6fad000 	D:\Xilinx\Vivado\2021.1\lib\win64.o\treelite_runtime.dll
0x00007ff8a6020000 - 0x00007ff8a6068000 	D:\Xilinx\Vivado\2021.1\lib\win64.o\librdi_wavedata_SimpleApi.dll
0x00007ff8a5d80000 - 0x00007ff8a5dca000 	D:\Xilinx\Vivado\2021.1\lib\win64.o\libboost_graph.dll

dbghelp: loaded successfully - version: 4.0.5 - missing functions: none
symbol engine: initialized successfully - sym options: 0x614 - pdb path: .;D:\Xilinx\Vivado\2021.1\bin\unwrapped\win64.o;C:\windows\SYSTEM32;D:\Xilinx\Vivado\2021.1\lib\win64.o;C:\windows\WinSxS\amd64_microsoft.windows.common-controls_6595b64144ccf1df_5.82.19041.1110_none_792d1c772443f647;D:\Xilinx\Vivado\2021.1\tps\win64\jre11.0.2\bin\server;D:\Xilinx\Vivado\2021.1\tps\win64\python-3.8.3;D:\Xilinx\Vivado\2021.1\tps\win64\jre11.0.2\bin;C:\windows\WinSxS\amd64_microsoft.windows.common-controls_6595b64144ccf1df_6.0.19041.1110_none_60b5254171f9507e;C:\ProgramData\Microsoft\Windows Defender\Platform\4.18.2207.7-0

VM Arguments:
jvm_args: -Dsun.java2d.pmoffscreen=false -Dhttps.protocols=TLSv1,TLSv1.1,TLSv1.2 -Dsun.java2d.xrender=false -Dsun.java2d.d3d=false -Dsun.awt.nopixfmt=true -Dsun.java2d.dpiaware=true -Dsun.java2d.uiScale.enabled=false -Xverify:none -Dswing.aatext=true -XX:-UsePerfData -Djdk.map.althashing.threshold=512 -XX:StringTableSize=4072 --add-opens=java.base/java.nio=ALL-UNNAMED --add-opens=java.desktop/sun.swing=ALL-UNNAMED --add-opens=java.desktop/javax.swing=ALL-UNNAMED --add-opens=java.desktop/javax.swing.tree=ALL-UNNAMED --add-opens=java.desktop/javax.swing.plaf.basic=ALL-UNNAMED --add-opens=java.desktop/javax.swing.plaf.synth=ALL-UNNAMED --add-opens=java.desktop/com.sun.awt=ALL-UNNAMED -XX:NewSize=60m -XX:MaxNewSize=60m -Xms256m -Xmx3072m -Xss5m 
java_command: <unknown>
java_class_path (initial): D:/Xilinx/Vivado/2021.1\lib\classes\alloy.jar;D:/Xilinx/Vivado/2021.1\lib\classes\autoesl-models.jar;D:/Xilinx/Vivado/2021.1\lib\classes\autopilot.scelaborator.jar;D:/Xilinx/Vivado/2021.1\lib\classes\autopilot.sourceprocessor.jar;D:/Xilinx/Vivado/2021.1\lib\classes\autopilot.tbprocessor.jar;D:/Xilinx/Vivado/2021.1\lib\classes\batik-anim.jar;D:/Xilinx/Vivado/2021.1\lib\classes\batik-awt-util.jar;D:/Xilinx/Vivado/2021.1\lib\classes\batik-bridge.jar;D:/Xilinx/Vivado/2021.1\lib\classes\batik-codec.jar;D:/Xilinx/Vivado/2021.1\lib\classes\batik-css.jar;D:/Xilinx/Vivado/2021.1\lib\classes\batik-dom.jar;D:/Xilinx/Vivado/2021.1\lib\classes\batik-ext.jar;D:/Xilinx/Vivado/2021.1\lib\classes\batik-gui-util.jar;D:/Xilinx/Vivado/2021.1\lib\classes\batik-gvt.jar;D:/Xilinx/Vivado/2021.1\lib\classes\batik-parser.jar;D:/Xilinx/Vivado/2021.1\lib\classes\batik-script.jar;D:/Xilinx/Vivado/2021.1\lib\classes\batik-svg-dom.jar;D:/Xilinx/Vivado/2021.1\lib\classes\batik-svggen.jar;D:/Xilinx/Vivado/2021.1\lib\classes\batik-swing.jar;D:/Xilinx/Vivado/2021.1\lib\classes\batik-transcoder.jar;D:/Xilinx/Vivado/2021.1\lib\classes\batik-util.jar;D:/Xilinx/Vivado/2021.1\lib\classes\batik-xml.jar;D:/Xilinx/Vivado/2021.1\lib\classes\com.google.gson_2.8.2.v20180104-1110.jar;D:/Xilinx/Vivado/2021.1\lib\classes\com.google.guava_27.1.0.v20190517-1946.jar;D:/Xilinx/Vivado/2021.1\lib\classes\com.ibm.icu_4.4.2.v20110208.jar;D:/Xilinx/Vivado/2021.1\lib\classes\com.sigasi.hdt.connection_4.11.0.202105170810.jar;D:/Xilinx/Vivado/2021.1\lib\classes\com.sigasi.hdt.epl_4.11.0.202105170810.jar;D:/Xilinx/Vivado/2021.1\lib\classes\com.sigasi.hdt.project_4.11.0.202105170810.jar;D:/Xilinx/Vivado/2021.1\lib\classes\com.sigasi.hdt.readonlyfilesystem_4.11.0.202105170810.jar;D:/Xilinx/Vivado/2021.1\lib\classes\com.sigasi.hdt.shared_4.11.0.202105170810.jar;D:/Xilinx/Vivado/2021.1\lib\classes\com.sigasi.lcm_4.11.0.202105170810.jar;D:/Xilinx/Vivado/2021.1\lib\classes\com.sigasi.sdk.client_4.11.0.20
Launcher Type: generic

[Global flags]
     bool BytecodeVerificationLocal                = false                                     {product} {command line}
     bool BytecodeVerificationRemote               = false                                     {product} {command line}
     intx CICompilerCount                          = 4                                         {product} {ergonomic}
     uint ConcGCThreads                            = 2                                         {product} {ergonomic}
     uint G1ConcRefinementThreads                  = 8                                         {product} {ergonomic}
   size_t G1HeapRegionSize                         = 1048576                                   {product} {ergonomic}
    uintx GCDrainStackTargetSize                   = 64                                        {product} {ergonomic}
   size_t InitialHeapSize                          = 268435456                                 {product} {command line}
   size_t MarkStackSize                            = 4194304                                   {product} {ergonomic}
   size_t MaxHeapSize                              = 3221225472                                {product} {command line}
   size_t MaxNewSize                               = 62914560                                  {product} {command line}
   size_t MinHeapDeltaBytes                        = 1048576                                   {product} {ergonomic}
   size_t NewSize                                  = 62914560                                  {product} {command line}
    uintx NonNMethodCodeHeapSize                   = 5835340                                {pd product} {ergonomic}
    uintx NonProfiledCodeHeapSize                  = 122911450                              {pd product} {ergonomic}
    uintx ProfiledCodeHeapSize                     = 122911450                              {pd product} {ergonomic}
    uintx ReservedCodeCacheSize                    = 251658240                              {pd product} {ergonomic}
     bool SegmentedCodeCache                       = true                                      {product} {ergonomic}
    uintx StringTableSize                          = 4072                                      {product} {command line}
     intx ThreadStackSize                          = 5120                                   {pd product} {command line}
     bool UseCompressedClassPointers               = true                                 {lp64_product} {ergonomic}
     bool UseCompressedOops                        = true                                 {lp64_product} {ergonomic}
     bool UseG1GC                                  = true                                      {product} {ergonomic}
     bool UseLargePagesIndividualAllocation        = false                                  {pd product} {ergonomic}
     bool UsePerfData                              = false                                     {product} {command line}

Logging:
Log output configuration:
 #0: stdout all=warning uptime,level,tags
 #1: stderr all=off uptime,level,tags

Environment Variables:
PATH=D:/Xilinx/Vivado/2021.1\gnuwin\bin;D:/Xilinx/Vivado/2021.1\gnu\microblaze\nt\bin;D:/Xilinx/Vivado/2021.1/bin;D:/Xilinx/Vivado/2021.1/tps/win64/javafx-sdk-11.0.2/lib;D:/Xilinx/Vivado/2021.1/tps/win64/javafx-sdk-11.0.2/bin;D:/Xilinx/Vivado/2021.1/lib/win64.o;D:/Xilinx/Vivado/2021.1/tps/win64/jre11.0.2/bin/server;D:/Xilinx/Vivado/2021.1/tps/win64/jre11.0.2/bin;D:/Xilinx/Vitis/2021.1/bin;D:/Xilinx/Vivado/2021.1/ids_lite/ISE/bin/nt64;D:/Xilinx/Vivado/2021.1/ids_lite/ISE/lib/nt64;D:/Xilinx/Vitis_HLS/2021.1/bin;C:\Program Files (x86)\VMware\VMware Player\bin\;C:\windows\system32;C:\windows;C:\windows\System32\Wbem;C:\windows\System32\WindowsPowerShell\v1.0\;C:\windows\System32\OpenSSH\;C:\Program Files (x86)\NVIDIA Corporation\PhysX\Common;C:\Program Files\NVIDIA Corporation\NVIDIA NvDLISR;C:\Program Files\PuTTY\;C:\Program Files\Git\cmd;D:\Vivado\2022.1\bin\;D:\Vitis\2022.1\bin\;D:\Vitis_HLS\2022.1\bin\;C:\Users\tangi\AppData\Local\Microsoft\WindowsApps;;D:/Xilinx/Vivado/2021.1\tps\mingw\6.2.0\win64.o\nt\bin;D:/Xilinx/Vivado/2021.1\tps\mingw\6.2.0\win64.o\nt\libexec\gcc\x86_64-w64-mingw32\6.2.0;D:/Xilinx/Vivado/2021.1\tps\win64\python-3.8.3;D:/Xilinx/Vivado/2021.1\tps\win64\python-3.8.3\bin;D:/Xilinx/Vivado/2021.1\tps\win64\python-3.8.3\lib;D:/Xilinx/Vivado/2021.1\tps\win64\python-3.8.3\lib\site-packages
USERNAME=tangi
OS=Windows_NT
PROCESSOR_IDENTIFIER=Intel64 Family 6 Model 140 Stepping 1, GenuineIntel



---------------  S Y S T E M  ---------------

OS: Windows 10 , 64 bit Build 19041 (10.0.19041.1889)

CPU:total 8 (initial active 8) (4 cores per cpu, 2 threads per core) family 6 model 140 stepping 1, cmov, cx8, fxsr, mmx, sse, sse2, sse3, ssse3, sse4.1, sse4.2, popcnt, avx, avx2, aes, clmul, erms, 3dnowpref, lzcnt, ht, tsc, tscinvbit, bmi1, bmi2, adx, evex, sha, fma

Memory: 4k page, system-wide physical 16129M (514M free)
TotalPageFile size 46550M (AvailPageFile size 13M)
current process WorkingSet (physical memory assigned to process): 1867M, peak: 2341M
current process commit charge ("private bytes"): 2387M, peak: 2424M

vm_info: OpenJDK 64-Bit Server VM (11.0.2+9) for windows-amd64 JRE (11.0.2+9), built on Jan 18 2019 05:23:22 by "mach5one" with MS VC++ 15.5 (VS2017)

END.
