#
# A fatal error has been detected by the Java Runtime Environment:
#
#  EXCEPTION_UNCAUGHT_CXX_EXCEPTION (0xe06d7363) at pc=0x00007ff8b2014fd9, pid=2280, tid=17128
#
# JRE version: OpenJDK Runtime Environment (11.0.2+9) (build 11.0.2+9)
# Java VM: OpenJDK 64-Bit Server VM (11.0.2+9, mixed mode, tiered, compressed oops, g1 gc, windows-amd64)
# Problematic frame:
# C  [KERNELBASE.dll+0x34fd9]
#
# No core dump will be written. Minidumps are not enabled by default on client versions of Windows
#
# If you would like to submit a bug report, please visit:
#   http://bugreport.java.com/bugreport/crash.jsp
#

---------------  S U M M A R Y ------------

Command Line: -Dsun.java2d.pmoffscreen=false -Dhttps.protocols=TLSv1,TLSv1.1,TLSv1.2 -Dsun.java2d.xrender=false -Dsun.java2d.d3d=false -Dsun.awt.nopixfmt=true -Dsun.java2d.dpiaware=true -Dsun.java2d.uiScale.enabled=false -Xverify:none -Dswing.aatext=true -XX:-UsePerfData -Djdk.map.althashing.threshold=512 -XX:StringTableSize=4072 --add-opens=java.base/java.nio=ALL-UNNAMED --add-opens=java.desktop/sun.swing=ALL-UNNAMED --add-opens=java.desktop/javax.swing=ALL-UNNAMED --add-opens=java.desktop/javax.swing.tree=ALL-UNNAMED --add-opens=java.desktop/javax.swing.plaf.basic=ALL-UNNAMED --add-opens=java.desktop/javax.swing.plaf.synth=ALL-UNNAMED --add-opens=java.desktop/com.sun.awt=ALL-UNNAMED -XX:NewSize=60m -XX:MaxNewSize=60m -Xms256m -Xmx3072m -Xss5m 

Host: 11th Gen Intel(R) Core(TM) i5-11300H @ 3.10GHz, 8 cores, 15G,  Windows 10 , 64 bit Build 19041 (10.0.19041.1889)
Time: Thu Sep 22 04:06:46 2022 Eastern Daylight Time elapsed time: 183 seconds (0d 0h 3m 3s)

---------------  T H R E A D  ---------------

Current thread (0x000001bad98f8800):  JavaThread "C2 CompilerThread1" daemon [_thread_in_native, id=17128, stack(0x0000002c15300000,0x0000002c15400000)]


Current CompileTask:
C2: 183458 19177       4       javax.swing.text.html.CSSParser::getNextStatement (121 bytes)

Stack: [0x0000002c15300000,0x0000002c15400000],  sp=0x0000002c153fb410,  free space=1005k
Native frames: (J=compiled Java code, j=interpreted, Vv=VM code, C=native code)
C  [KERNELBASE.dll+0x34fd9]
C  [VCRUNTIME140.dll+0x64c0]
C  [librdi_common.dll+0x6d93b6]
C  [MSVCP140.dll+0x128d1]
C  [ucrtbase.dll+0x6c87c]
C  [ucrtbase.dll+0x51e19]
V  [jvm.dll+0x6279ab]
V  [jvm.dll+0xc215f]
V  [jvm.dll+0xc271c]
V  [jvm.dll+0x36cc02]
V  [jvm.dll+0x339b13]
V  [jvm.dll+0x338eea]
V  [jvm.dll+0x2189c5]
V  [jvm.dll+0x217b6a]
V  [jvm.dll+0x194370]
V  [jvm.dll+0x226b3f]
V  [jvm.dll+0x225148]
V  [jvm.dll+0x73774d]
V  [jvm.dll+0x633942]
C  [ucrtbase.dll+0x21bb2]
C  [KERNEL32.DLL+0x17034]
C  [ntdll.dll+0x526a1]


siginfo: EXCEPTION_UNCAUGHT_CXX_EXCEPTION (0xe06d7363), ExceptionInformation=0x0000000019930520 0x0000002c153fb570 0x00007ff86fb14898 0x00007ff86ecc0000 


Register to memory mapping:

RIP=0x00007ff8b2014fd9 KERNELBASE.dll
RAX=0x0000002c153fc0d0 is pointing into the stack for thread: 0x000001bad98f8800
RBX=0x00007ff86fb14898 librdi_common.dll
RCX=0x000001bae1280150 points into unknown readable memory: 50 78 08 e0 ba 01 00 00
RDX=0x00007ff86e6e0e6e jvm.dll
RSP=0x0000002c153fb410 is pointing into the stack for thread: 0x000001bad98f8800
RBP=0x0000002c153fb6a0 is pointing into the stack for thread: 0x000001bad98f8800
RSI=0x0000002c153fb570 is pointing into the stack for thread: 0x000001bad98f8800
RDI=0x0000000019930520 is an unknown value
R8 =0x0000002c153fc0d0 is pointing into the stack for thread: 0x000001bad98f8800
R9 =0x000001bb13bddbe0 points into unknown readable memory: a0 58 87 e0 ba 01 00 00
R10=0x0000000000000001 is an unknown value
R11=0x000001bb14627770 points into unknown readable memory: 80 76 62 14 bb 01 00 00
R12=0x0000000000002ae8 is an unknown value
R13=0x000001ba958d4000 points into unknown readable memory: 50 9b a5 6e f8 7f 00 00
R14=0x000000000000000c is an unknown value
R15=0x0000000000002ae8 is an unknown value


Registers:
RAX=0x0000002c153fc0d0, RBX=0x00007ff86fb14898, RCX=0x000001bae1280150, RDX=0x00007ff86e6e0e6e
RSP=0x0000002c153fb410, RBP=0x0000002c153fb6a0, RSI=0x0000002c153fb570, RDI=0x0000000019930520
R8 =0x0000002c153fc0d0, R9 =0x000001bb13bddbe0, R10=0x0000000000000001, R11=0x000001bb14627770
R12=0x0000000000002ae8, R13=0x000001ba958d4000, R14=0x000000000000000c, R15=0x0000000000002ae8
RIP=0x00007ff8b2014fd9, EFLAGS=0x0000000000000206

Top of Stack: (sp=0x0000002c153fb410)
0x0000002c153fb410:   0000000000000000 00007ff86fb14898
0x0000002c153fb420:   0000002c153fb570 000001bae1280000
0x0000002c153fb430:   00000001e06d7363 0000000000000000
0x0000002c153fb440:   00007ff8b2014fd9 000001ba00000004
0x0000002c153fb450:   0000000019930520 0000002c153fb570
0x0000002c153fb460:   00007ff86fb14898 00007ff86ecc0000
0x0000002c153fb470:   000001ba958d4000 0000000000002ae8
0x0000002c153fb480:   0000002c153fb570 0000002c153fb6a0
0x0000002c153fb490:   0000002c153fb510 00007ff8b46c4a5f
0x0000002c153fb4a0:   0000000019930520 0000000000000000
0x0000002c153fb4b0:   0000000000002ae8 000000000000000c
0x0000002c153fb4c0:   00007ff86feb8000 00007ff86ecc0000
0x0000002c153fb4d0:   00006a33fe34d3ec 00007ff8b46b47b1
0x0000002c153fb4e0:   00007ff86fb14898 00007ff8944264c0
0x0000002c153fb4f0:   0000002c153fb6a0 0000000000000000
0x0000002c153fb500:   0000000000000000 00000000001ad158 

Instructions: (pc=0x00007ff8b2014fd9)
0x00007ff8b2014fb9:   8b d1 44 0f 47 c0 44 89 44 24 38 49 c1 e0 03 e8
0x00007ff8b2014fc9:   0a 1e 06 00 48 8d 4c 24 20 48 ff 15 d7 e6 18 00
0x00007ff8b2014fd9:   0f 1f 44 00 00 48 8b 8c 24 c0 00 00 00 48 33 cc
0x00007ff8b2014fe9:   e8 52 96 05 00 48 81 c4 d8 00 00 00 c3 cc 83 64 


Stack slot to memory mapping:
stack at sp + 0 slots: 0x0 is NULL
stack at sp + 1 slots: 0x00007ff86fb14898 librdi_common.dll
stack at sp + 2 slots: 0x0000002c153fb570 is pointing into the stack for thread: 0x000001bad98f8800
stack at sp + 3 slots: 0x000001bae1280000 points into unknown readable memory: 00 00 00 00 00 00 00 00
stack at sp + 4 slots: 0x00000001e06d7363 is an unknown value
stack at sp + 5 slots: 0x0 is NULL
stack at sp + 6 slots: 0x00007ff8b2014fd9 KERNELBASE.dll
stack at sp + 7 slots: 0x000001ba00000004 is an unknown value


---------------  P R O C E S S  ---------------

Threads class SMR info:
_java_thread_list=0x000001baa16dcce0, length=48, elements={
0x000001baf0d5c800, 0x000001baf0f50000, 0x000001baf0f5a000, 0x000001baf0f5c800,
0x000001baf0f5d800, 0x000001baf0f5e800, 0x000001baf0f64000, 0x000001baf0f65800,
0x000001baf106f000, 0x000001baea03f800, 0x000001ba9545c000, 0x000001ba955f2800,
0x000001ba97154000, 0x000001ba975f8800, 0x000001ba975f9000, 0x000001ba975f3800,
0x000001ba972b6000, 0x000001ba9564e800, 0x000001ba9583f000, 0x000001ba95840000,
0x000001ba9583e000, 0x000001ba95843000, 0x000001ba9bf3c000, 0x000001ba9bf42800,
0x000001ba9bf43800, 0x000001ba9bf3f800, 0x000001ba9bf41000, 0x000001ba9bf42000,
0x000001ba9bf47800, 0x000001ba9bf45000, 0x000001ba9bf48800, 0x000001ba9bf46000,
0x000001ba95844800, 0x000001ba95842000, 0x000001baac5a6800, 0x000001baac5a8000,
0x000001baac5a6000, 0x000001baac5a4000, 0x000001baac5a2800, 0x000001baac5a3800,
0x000001baac5aa800, 0x000001baac5ae800, 0x000001ba9bf44800, 0x000001ba9bf3e800,
0x000001ba9bf47000, 0x000001bad98f6000, 0x000001bad98f8800, 0x000001bad98f5000
}

Java Threads: ( => current thread )
  0x000001baf0d5c800 JavaThread "main" [_thread_blocked, id=14776, stack(0x0000002c0e800000,0x0000002c0e900000)]
  0x000001baf0f50000 JavaThread "Reference Handler" daemon [_thread_blocked, id=10352, stack(0x0000002c0ef00000,0x0000002c0f400000)]
  0x000001baf0f5a000 JavaThread "Finalizer" daemon [_thread_blocked, id=9048, stack(0x0000002c0f400000,0x0000002c0f900000)]
  0x000001baf0f5c800 JavaThread "Signal Dispatcher" daemon [_thread_blocked, id=17856, stack(0x0000002c0f900000,0x0000002c0fe00000)]
  0x000001baf0f5d800 JavaThread "Attach Listener" daemon [_thread_blocked, id=2284, stack(0x0000002c0fe00000,0x0000002c10300000)]
  0x000001baf0f5e800 JavaThread "C2 CompilerThread0" daemon [_thread_in_native, id=2252, stack(0x0000002c10300000,0x0000002c10400000)]
  0x000001baf0f64000 JavaThread "C1 CompilerThread0" daemon [_thread_blocked, id=8100, stack(0x0000002c10400000,0x0000002c10500000)]
  0x000001baf0f65800 JavaThread "Sweeper thread" daemon [_thread_blocked, id=1544, stack(0x0000002c10500000,0x0000002c10a00000)]
  0x000001baf106f000 JavaThread "Common-Cleaner" daemon [_thread_blocked, id=10252, stack(0x0000002c10a00000,0x0000002c10f00000)]
  0x000001baea03f800 JavaThread "Service Thread" daemon [_thread_blocked, id=11532, stack(0x0000002c10f00000,0x0000002c11400000)]
  0x000001ba9545c000 JavaThread "Java2D Disposer" daemon [_thread_blocked, id=10428, stack(0x0000002c11500000,0x0000002c11a00000)]
  0x000001ba955f2800 JavaThread "AWT-Windows" daemon [_thread_in_native, id=11268, stack(0x0000002c11f00000,0x0000002c12400000)]
  0x000001ba97154000 JavaThread "TimerQueue" daemon [_thread_blocked, id=11956, stack(0x0000002c11a00000,0x0000002c11f00000)]
  0x000001ba975f8800 JavaThread "AWT-Shutdown" [_thread_blocked, id=11868, stack(0x0000002c13200000,0x0000002c13700000)]
  0x000001ba975f9000 JavaThread "AWT-EventQueue-0" [_thread_in_native, id=1396, stack(0x0000002c13700000,0x0000002c13c00000)]
  0x000001ba975f3800 JavaThread "Thread-1" [_thread_in_native, id=8012, stack(0x0000002c0d200000,0x0000002c0e600000)]
  0x000001ba972b6000 JavaThread "Process Messages Thread" [_thread_blocked, id=12480, stack(0x0000002c14400000,0x0000002c14900000)]
  0x000001ba9564e800 JavaThread "Batik CleanerThread" daemon [_thread_blocked, id=4000, stack(0x0000002c13c00000,0x0000002c14100000)]
  0x000001ba9583f000 JavaThread "SyntheticaCleanerThread" daemon [_thread_blocked, id=2644, stack(0x0000002c14e00000,0x0000002c15300000)]
  0x000001ba95840000 JavaThread "Monitor HEventQueue Thread" [_thread_blocked, id=16588, stack(0x0000002c15600000,0x0000002c15b00000)]
  0x000001ba9583e000 JavaThread "SyntheticaAnimation 50" daemon [_thread_blocked, id=3284, stack(0x0000002c15b00000,0x0000002c16000000)]
  0x000001ba95843000 JavaThread "SyntheticaAnimation 25" daemon [_thread_blocked, id=8432, stack(0x0000002c16100000,0x0000002c16600000)]
  0x000001ba9bf3c000 JavaThread "Swing-Shell" daemon [_thread_blocked, id=14848, stack(0x0000002c16600000,0x0000002c16b00000)]
  0x000001ba9bf42800 JavaThread "SyntheticaAnimation 70" daemon [_thread_blocked, id=10928, stack(0x0000002c17500000,0x0000002c17a00000)]
  0x000001ba9bf43800 JavaThread "Refresh Filesets Swing Worker Thread" [_thread_blocked, id=3668, stack(0x0000002c12d00000,0x0000002c13200000)]
  0x000001ba9bf3f800 JavaThread "Thread-18" [_thread_blocked, id=3752, stack(0x0000002c14900000,0x0000002c14e00000)]
  0x000001ba9bf41000 JavaThread "OutputGobbler" daemon [_thread_in_native, id=11288, stack(0x0000002c16b00000,0x0000002c17000000)]
  0x000001ba9bf42000 JavaThread "ErrorGobbler" daemon [_thread_in_native, id=1504, stack(0x0000002c17a00000,0x0000002c17f00000)]
  0x000001ba9bf47800 JavaThread "hw_ila_monitor" [_thread_blocked, id=3300, stack(0x0000002c18900000,0x0000002c18e00000)]
  0x000001ba9bf45000 JavaThread "pool-3-thread-1" [_thread_blocked, id=11340, stack(0x0000002c19800000,0x0000002c19d00000)]
  0x000001ba9bf48800 JavaThread "pool-4-thread-1" [_thread_blocked, id=9424, stack(0x0000002c19d00000,0x0000002c1a200000)]
  0x000001ba9bf46000 JavaThread "pool-5-thread-1" [_thread_blocked, id=13768, stack(0x0000002c1a200000,0x0000002c1a700000)]
  0x000001ba95844800 JavaThread "pool-6-thread-1" [_thread_blocked, id=7428, stack(0x0000002c1a700000,0x0000002c1ac00000)]
  0x000001ba95842000 JavaThread "Update Runs Swing Worker Thread" [_thread_blocked, id=11332, stack(0x0000002c1b100000,0x0000002c1b600000)]
  0x000001baac5a6800 JavaThread "Watchdog Thread for com.sigasi.lsp.server.BootstrappedLspServer" daemon [_thread_blocked, id=12840, stack(0x0000002c1ac00000,0x0000002c1b100000)]
  0x000001baac5a8000 JavaThread "Life support thread" daemon [_thread_blocked, id=16540, stack(0x0000002c18400000,0x0000002c18900000)]
  0x000001baac5a6000 JavaThread "Protocol translation thread 0" [_thread_in_native, id=8592, stack(0x0000002c1b600000,0x0000002c1bb00000)]
  0x000001baac5a4000 JavaThread "pool-8-thread-1" [_thread_blocked, id=14748, stack(0x0000002c1bb00000,0x0000002c1c000000)]
  0x000001baac5a2800 JavaThread "EMF Reference Cleaner" daemon [_thread_blocked, id=3576, stack(0x0000002c17000000,0x0000002c17500000)]
  0x000001baac5a3800 JavaThread "ForkJoinPool.commonPool-worker-5" daemon [_thread_blocked, id=16340, stack(0x0000002c1c000000,0x0000002c1c500000)]
  0x000001baac5aa800 JavaThread "SyntheticaAnimation 50" daemon [_thread_blocked, id=15824, stack(0x0000002c1d500000,0x0000002c1da00000)]
  0x000001baac5ae800 JavaThread "Run Simulation Thread" [_thread_blocked, id=7904, stack(0x0000002c1da00000,0x0000002c1df00000)]
  0x000001ba9bf44800 JavaThread "Timer-0" [_thread_blocked, id=12904, stack(0x0000002c18f00000,0x0000002c19400000)]
  0x000001ba9bf3e800 JavaThread "Monitor File Timestamp Swing Worker Thread" [_thread_blocked, id=8648, stack(0x0000002c1c500000,0x0000002c1ca00000)]
  0x000001ba9bf47000 JavaThread "pool-10-thread-1" [_thread_in_vm, id=12316, stack(0x0000002c1ca00000,0x0000002c1cf00000)]
  0x000001bad98f6000 JavaThread "Thread-207" [_thread_in_Java, id=7252, stack(0x0000002c1df00000,0x0000002c1e400000)]
=>0x000001bad98f8800 JavaThread "C2 CompilerThread1" daemon [_thread_in_native, id=17128, stack(0x0000002c15300000,0x0000002c15400000)]
  0x000001bad98f5000 JavaThread "C2 CompilerThread2" daemon [_thread_in_native, id=4324, stack(0x0000002c15400000,0x0000002c15500000)]

Other Threads:
  0x000001baf0f4d800 VMThread "VM Thread" [stack: 0x0000002c0ee00000,0x0000002c0ef00000] [id=8184]
  0x000001baea041000 WatcherThread [stack: 0x0000002c11400000,0x0000002c11500000] [id=8520]
  0x000001baf3932800 GCTaskThread "GC Thread#0" [stack: 0x0000002c0e900000,0x0000002c0ea00000] [id=11056]
  0x000001ba97760000 GCTaskThread "GC Thread#1" [stack: 0x0000002c12600000,0x0000002c12700000] [id=11164]
  0x000001ba95bfc000 GCTaskThread "GC Thread#2" [stack: 0x0000002c12700000,0x0000002c12800000] [id=11304]
  0x000001ba9743b800 GCTaskThread "GC Thread#3" [stack: 0x0000002c12800000,0x0000002c12900000] [id=15376]
  0x000001ba97322800 GCTaskThread "GC Thread#4" [stack: 0x0000002c12900000,0x0000002c12a00000] [id=12632]
  0x000001ba976e9000 GCTaskThread "GC Thread#5" [stack: 0x0000002c12a00000,0x0000002c12b00000] [id=12808]
  0x000001ba95728000 GCTaskThread "GC Thread#6" [stack: 0x0000002c14100000,0x0000002c14200000] [id=14144]
  0x000001ba952ac800 GCTaskThread "GC Thread#7" [stack: 0x0000002c14200000,0x0000002c14300000] [id=13756]
  0x000001bae9ab4800 ConcurrentGCThread "G1 Main Marker" [stack: 0x0000002c0ea00000,0x0000002c0eb00000] [id=14664]
  0x000001bae9798800 ConcurrentGCThread "G1 Conc#0" [stack: 0x0000002c0eb00000,0x0000002c0ec00000] [id=17600]
  0x000001ba975f6800 ConcurrentGCThread "G1 Conc#1" [stack: 0x0000002c14300000,0x0000002c14400000] [id=13708]
  0x000001baf0e15000 ConcurrentGCThread "G1 Refine#0" [stack: 0x0000002c0ec00000,0x0000002c0ed00000] [id=11344]
  0x000001ba95ee2800 ConcurrentGCThread "G1 Refine#1" [stack: 0x0000002c12b00000,0x0000002c12c00000] [id=8372]
  0x000001ba974c4800 ConcurrentGCThread "G1 Refine#2" [stack: 0x0000002c12c00000,0x0000002c12d00000] [id=1548]
  0x000001ba9cafd000 ConcurrentGCThread "G1 Refine#3" [stack: 0x0000002c16000000,0x0000002c16100000] [id=10136]
  0x000001baf0e16000 ConcurrentGCThread "G1 Young RemSet Sampling" [stack: 0x0000002c0ed00000,0x0000002c0ee00000] [id=8280]

Threads with active compile tasks:
C2 CompilerThread019217   !   4       com.jidesoft.editor.tokenmarker.TokenMarker::addToken (277 bytes)
C2 CompilerThread119177       4       javax.swing.text.html.CSSParser::getNextStatement (121 bytes)
C2 CompilerThread219210       4       ui.views.U.a.bM::markTokensImpl (1208 bytes)

VM state:not at safepoint (normal execution)

VM Mutex/Monitor currently owned by a thread: None

Heap address: 0x0000000740000000, size: 3072 MB, Compressed Oops mode: Zero based, Oop shift amount: 3
Narrow klass base: 0x0000000800000000, Narrow klass shift: 0
Compressed class space size: 1073741824 Address: 0x0000000800000000

Heap:
 garbage-first heap   total 262144K, used 154988K [0x0000000740000000, 0x0000000800000000)
  region size 1024K, 9 young (9216K), 8 survivors (8192K)
 Metaspace       used 113152K, capacity 115526K, committed 115692K, reserved 1148928K
  class space    used 15899K, capacity 16950K, committed 16972K, reserved 1048576K
Heap Regions: E=young(eden), S=young(survivor), O=old, HS=humongous(starts), HC=humongous(continues), CS=collection set, F=free, A=archive, TAMS=top-at-mark-start (previous, next)
|   0|0x0000000740000000, 0x0000000740100000, 0x0000000740100000|100%|HS|  |TAMS 0x0000000740100000, 0x0000000740000000| Updating 
|   1|0x0000000740100000, 0x0000000740200000, 0x0000000740200000|100%|HC|  |TAMS 0x0000000740200000, 0x0000000740100000| Updating 
|   2|0x0000000740200000, 0x0000000740300000, 0x0000000740300000|100%|HS|  |TAMS 0x0000000740300000, 0x0000000740200000| Updating 
|   3|0x0000000740300000, 0x0000000740400000, 0x0000000740400000|100%|HS|  |TAMS 0x0000000740400000, 0x0000000740300000| Updating 
|   4|0x0000000740400000, 0x0000000740500000, 0x0000000740500000|100%| O|  |TAMS 0x0000000740500000, 0x0000000740400000| Updating 
|   5|0x0000000740500000, 0x00000007405ffff8, 0x0000000740600000| 99%| O|  |TAMS 0x00000007405ffff8, 0x0000000740500000| Updating 
|   6|0x0000000740600000, 0x0000000740700000, 0x0000000740700000|100%| O|  |TAMS 0x0000000740700000, 0x0000000740600000| Updating 
|   7|0x0000000740700000, 0x00000007407ffff8, 0x0000000740800000| 99%| O|  |TAMS 0x00000007407ffff8, 0x0000000740700000| Updating 
|   8|0x0000000740800000, 0x00000007408ffff0, 0x0000000740900000| 99%| O|  |TAMS 0x00000007408ffff0, 0x0000000740800000| Updating 
|   9|0x0000000740900000, 0x00000007409fffd8, 0x0000000740a00000| 99%| O|  |TAMS 0x00000007409fffd8, 0x0000000740900000| Updating 
|  10|0x0000000740a00000, 0x0000000740afffb8, 0x0000000740b00000| 99%| O|  |TAMS 0x0000000740afffb8, 0x0000000740a00000| Updating 
|  11|0x0000000740b00000, 0x0000000740bfffb0, 0x0000000740c00000| 99%| O|  |TAMS 0x0000000740bfffb0, 0x0000000740b00000| Updating 
|  12|0x0000000740c00000, 0x0000000740cfffe8, 0x0000000740d00000| 99%| O|  |TAMS 0x0000000740cfffe8, 0x0000000740c00000| Updating 
|  13|0x0000000740d00000, 0x0000000740dfecd0, 0x0000000740e00000| 99%| O|  |TAMS 0x0000000740dfecd0, 0x0000000740d00000| Updating 
|  14|0x0000000740e00000, 0x0000000740efee58, 0x0000000740f00000| 99%| O|  |TAMS 0x0000000740efee58, 0x0000000740e00000| Updating 
|  15|0x0000000740f00000, 0x0000000740ffffe0, 0x0000000741000000| 99%| O|  |TAMS 0x0000000740ffffe0, 0x0000000740f00000| Updating 
|  16|0x0000000741000000, 0x00000007410fffc8, 0x0000000741100000| 99%| O|  |TAMS 0x00000007410fffc8, 0x0000000741000000| Updating 
|  17|0x0000000741100000, 0x00000007411ffff8, 0x0000000741200000| 99%| O|  |TAMS 0x00000007411ffff8, 0x0000000741100000| Updating 
|  18|0x0000000741200000, 0x0000000741300000, 0x0000000741300000|100%| O|  |TAMS 0x0000000741300000, 0x0000000741200000| Updating 
|  19|0x0000000741300000, 0x0000000741400000, 0x0000000741400000|100%| O|  |TAMS 0x0000000741400000, 0x0000000741300000| Updating 
|  20|0x0000000741400000, 0x00000007414ffff0, 0x0000000741500000| 99%| O|  |TAMS 0x00000007414ffff0, 0x0000000741400000| Updating 
|  21|0x0000000741500000, 0x00000007415fffd0, 0x0000000741600000| 99%| O|  |TAMS 0x00000007415fffd0, 0x0000000741500000| Updating 
|  22|0x0000000741600000, 0x0000000741700000, 0x0000000741700000|100%| O|  |TAMS 0x0000000741700000, 0x0000000741600000| Updating 
|  23|0x0000000741700000, 0x0000000741800000, 0x0000000741800000|100%| O|  |TAMS 0x0000000741800000, 0x0000000741700000| Updating 
|  24|0x0000000741800000, 0x0000000741900000, 0x0000000741900000|100%| O|  |TAMS 0x0000000741900000, 0x0000000741800000| Updating 
|  25|0x0000000741900000, 0x0000000741a00000, 0x0000000741a00000|100%| O|  |TAMS 0x0000000741a00000, 0x0000000741900000| Updating 
|  26|0x0000000741a00000, 0x0000000741afffc0, 0x0000000741b00000| 99%| O|  |TAMS 0x0000000741afffc0, 0x0000000741a00000| Updating 
|  27|0x0000000741b00000, 0x0000000741c00000, 0x0000000741c00000|100%| O|  |TAMS 0x0000000741c00000, 0x0000000741b00000| Updating 
|  28|0x0000000741c00000, 0x0000000741cffff0, 0x0000000741d00000| 99%| O|  |TAMS 0x0000000741cffff0, 0x0000000741c00000| Updating 
|  29|0x0000000741d00000, 0x0000000741dfffe8, 0x0000000741e00000| 99%| O|  |TAMS 0x0000000741dfffe8, 0x0000000741d00000| Updating 
|  30|0x0000000741e00000, 0x0000000741f00000, 0x0000000741f00000|100%| O|  |TAMS 0x0000000741f00000, 0x0000000741e00000| Updating 
|  31|0x0000000741f00000, 0x0000000741fffff0, 0x0000000742000000| 99%| O|  |TAMS 0x0000000741fffff0, 0x0000000741f00000| Updating 
|  32|0x0000000742000000, 0x00000007420ffff0, 0x0000000742100000| 99%| O|  |TAMS 0x00000007420ffff0, 0x0000000742000000| Updating 
|  33|0x0000000742100000, 0x0000000742200000, 0x0000000742200000|100%| O|  |TAMS 0x0000000742200000, 0x0000000742100000| Updating 
|  34|0x0000000742200000, 0x00000007422fffe0, 0x0000000742300000| 99%| O|  |TAMS 0x00000007422fffe0, 0x0000000742200000| Updating 
|  35|0x0000000742300000, 0x00000007423fffe0, 0x0000000742400000| 99%| O|  |TAMS 0x00000007423fffe0, 0x0000000742300000| Updating 
|  36|0x0000000742400000, 0x00000007424ffff0, 0x0000000742500000| 99%| O|  |TAMS 0x00000007424ffff0, 0x0000000742400000| Updating 
|  37|0x0000000742500000, 0x00000007425ffff0, 0x0000000742600000| 99%| O|  |TAMS 0x00000007425ffff0, 0x0000000742500000| Updating 
|  38|0x0000000742600000, 0x00000007426fffe8, 0x0000000742700000| 99%| O|  |TAMS 0x00000007426fffe8, 0x0000000742600000| Updating 
|  39|0x0000000742700000, 0x0000000742800000, 0x0000000742800000|100%| O|  |TAMS 0x0000000742800000, 0x0000000742700000| Updating 
|  40|0x0000000742800000, 0x00000007428fffd8, 0x0000000742900000| 99%| O|  |TAMS 0x00000007428fffd8, 0x0000000742800000| Updating 
|  41|0x0000000742900000, 0x00000007429fffe0, 0x0000000742a00000| 99%| O|  |TAMS 0x00000007429fffe0, 0x0000000742900000| Updating 
|  42|0x0000000742a00000, 0x0000000742affff0, 0x0000000742b00000| 99%| O|  |TAMS 0x0000000742affff0, 0x0000000742a00000| Updating 
|  43|0x0000000742b00000, 0x0000000742bffff8, 0x0000000742c00000| 99%| O|  |TAMS 0x0000000742bffff8, 0x0000000742b00000| Updating 
|  44|0x0000000742c00000, 0x0000000742d00000, 0x0000000742d00000|100%|HS|  |TAMS 0x0000000742d00000, 0x0000000742c00000| Updating 
|  45|0x0000000742d00000, 0x0000000742e00000, 0x0000000742e00000|100%|HC|  |TAMS 0x0000000742e00000, 0x0000000742d00000| Updating 
|  46|0x0000000742e00000, 0x0000000742f00000, 0x0000000742f00000|100%|HC|  |TAMS 0x0000000742f00000, 0x0000000742e00000| Updating 
|  47|0x0000000742f00000, 0x0000000743000000, 0x0000000743000000|100%|HC|  |TAMS 0x0000000743000000, 0x0000000742f00000| Updating 
|  48|0x0000000743000000, 0x0000000743100000, 0x0000000743100000|100%|HC|  |TAMS 0x0000000743100000, 0x0000000743000000| Updating 
|  49|0x0000000743100000, 0x0000000743200000, 0x0000000743200000|100%|HC|  |TAMS 0x0000000743200000, 0x0000000743100000| Updating 
|  50|0x0000000743200000, 0x0000000743300000, 0x0000000743300000|100%|HC|  |TAMS 0x0000000743300000, 0x0000000743200000| Updating 
|  51|0x0000000743300000, 0x0000000743400000, 0x0000000743400000|100%|HC|  |TAMS 0x0000000743400000, 0x0000000743300000| Updating 
|  52|0x0000000743400000, 0x00000007434fffe8, 0x0000000743500000| 99%| O|  |TAMS 0x00000007434fffe8, 0x0000000743400000| Updating 
|  53|0x0000000743500000, 0x00000007435ffff8, 0x0000000743600000| 99%| O|  |TAMS 0x00000007435ffff8, 0x0000000743500000| Updating 
|  54|0x0000000743600000, 0x00000007436ffff8, 0x0000000743700000| 99%| O|  |TAMS 0x00000007436ffff8, 0x0000000743600000| Updating 
|  55|0x0000000743700000, 0x00000007437fff50, 0x0000000743800000| 99%| O|  |TAMS 0x00000007437fff50, 0x0000000743700000| Updating 
|  56|0x0000000743800000, 0x00000007438fffb8, 0x0000000743900000| 99%| O|  |TAMS 0x00000007438fffb8, 0x0000000743800000| Updating 
|  57|0x0000000743900000, 0x00000007439ffff8, 0x0000000743a00000| 99%| O|  |TAMS 0x00000007439ffff8, 0x0000000743900000| Updating 
|  58|0x0000000743a00000, 0x0000000743afff98, 0x0000000743b00000| 99%| O|  |TAMS 0x0000000743afff98, 0x0000000743a00000| Updating 
|  59|0x0000000743b00000, 0x0000000743bffff0, 0x0000000743c00000| 99%| O|  |TAMS 0x0000000743bffff0, 0x0000000743b00000| Updating 
|  60|0x0000000743c00000, 0x0000000743cfff70, 0x0000000743d00000| 99%| O|  |TAMS 0x0000000743cfff70, 0x0000000743c00000| Updating 
|  61|0x0000000743d00000, 0x0000000743dffff8, 0x0000000743e00000| 99%| O|  |TAMS 0x0000000743dffff8, 0x0000000743d00000| Updating 
|  62|0x0000000743e00000, 0x0000000743efffc0, 0x0000000743f00000| 99%| O|  |TAMS 0x0000000743efffc0, 0x0000000743e00000| Updating 
|  63|0x0000000743f00000, 0x0000000744000000, 0x0000000744000000|100%| O|  |TAMS 0x0000000744000000, 0x0000000743f00000| Updating 
|  64|0x0000000744000000, 0x00000007440ffff8, 0x0000000744100000| 99%| O|  |TAMS 0x00000007440ffff8, 0x0000000744000000| Updating 
|  65|0x0000000744100000, 0x00000007441fff90, 0x0000000744200000| 99%| O|  |TAMS 0x00000007441fff90, 0x0000000744100000| Updating 
|  66|0x0000000744200000, 0x00000007442fffc0, 0x0000000744300000| 99%| O|  |TAMS 0x00000007442fffc0, 0x0000000744200000| Updating 
|  67|0x0000000744300000, 0x0000000744400000, 0x0000000744400000|100%| O|  |TAMS 0x0000000744400000, 0x0000000744300000| Updating 
|  68|0x0000000744400000, 0x00000007444ffb50, 0x0000000744500000| 99%| O|  |TAMS 0x00000007444ffb50, 0x0000000744400000| Updating 
|  69|0x0000000744500000, 0x00000007445ffff8, 0x0000000744600000| 99%| O|  |TAMS 0x00000007445ffff8, 0x0000000744500000| Updating 
|  70|0x0000000744600000, 0x00000007446ffff0, 0x0000000744700000| 99%| O|  |TAMS 0x00000007446ffff0, 0x0000000744600000| Updating 
|  71|0x0000000744700000, 0x00000007447ffff0, 0x0000000744800000| 99%| O|  |TAMS 0x00000007447ffff0, 0x0000000744700000| Updating 
|  72|0x0000000744800000, 0x0000000744900000, 0x0000000744900000|100%| O|  |TAMS 0x0000000744900000, 0x0000000744800000| Updating 
|  73|0x0000000744900000, 0x00000007449ffff8, 0x0000000744a00000| 99%| O|  |TAMS 0x00000007449ffff8, 0x0000000744900000| Updating 
|  74|0x0000000744a00000, 0x0000000744b00000, 0x0000000744b00000|100%| O|  |TAMS 0x0000000744b00000, 0x0000000744a00000| Updating 
|  75|0x0000000744b00000, 0x0000000744c00000, 0x0000000744c00000|100%| O|  |TAMS 0x0000000744c00000, 0x0000000744b00000| Updating 
|  76|0x0000000744c00000, 0x0000000744d00000, 0x0000000744d00000|100%| O|  |TAMS 0x0000000744d00000, 0x0000000744c00000| Updating 
|  77|0x0000000744d00000, 0x0000000744e00000, 0x0000000744e00000|100%| O|  |TAMS 0x0000000744e00000, 0x0000000744d00000| Updating 
|  78|0x0000000744e00000, 0x0000000744efffe8, 0x0000000744f00000| 99%| O|  |TAMS 0x0000000744efffe8, 0x0000000744e00000| Updating 
|  79|0x0000000744f00000, 0x0000000745000000, 0x0000000745000000|100%| O|  |TAMS 0x0000000745000000, 0x0000000744f00000| Updating 
|  80|0x0000000745000000, 0x00000007450ffff0, 0x0000000745100000| 99%| O|  |TAMS 0x00000007450ffff0, 0x0000000745000000| Updating 
|  81|0x0000000745100000, 0x00000007451fffc0, 0x0000000745200000| 99%| O|  |TAMS 0x00000007451fffc0, 0x0000000745100000| Updating 
|  82|0x0000000745200000, 0x00000007452fffe8, 0x0000000745300000| 99%| O|  |TAMS 0x00000007452fffe8, 0x0000000745200000| Updating 
|  83|0x0000000745300000, 0x00000007453ffdb8, 0x0000000745400000| 99%| O|  |TAMS 0x00000007453ffdb8, 0x0000000745300000| Updating 
|  84|0x0000000745400000, 0x00000007454ffff0, 0x0000000745500000| 99%| O|  |TAMS 0x00000007454ffff0, 0x0000000745400000| Updating 
|  85|0x0000000745500000, 0x00000007455fffc8, 0x0000000745600000| 99%| O|  |TAMS 0x00000007455fffc8, 0x0000000745500000| Updating 
|  86|0x0000000745600000, 0x00000007456ffff0, 0x0000000745700000| 99%| O|  |TAMS 0x00000007456ffff0, 0x0000000745600000| Updating 
|  87|0x0000000745700000, 0x00000007457fffc8, 0x0000000745800000| 99%| O|  |TAMS 0x00000007457fffc8, 0x0000000745700000| Updating 
|  88|0x0000000745800000, 0x00000007458fffc0, 0x0000000745900000| 99%| O|  |TAMS 0x00000007458fffc0, 0x0000000745800000| Updating 
|  89|0x0000000745900000, 0x00000007459fffe0, 0x0000000745a00000| 99%| O|  |TAMS 0x00000007459fffe0, 0x0000000745900000| Updating 
|  90|0x0000000745a00000, 0x0000000745affff8, 0x0000000745b00000| 99%| O|  |TAMS 0x0000000745affff8, 0x0000000745a00000| Updating 
|  91|0x0000000745b00000, 0x0000000745bffff0, 0x0000000745c00000| 99%| O|  |TAMS 0x0000000745bffff0, 0x0000000745b00000| Updating 
|  92|0x0000000745c00000, 0x0000000745cffb08, 0x0000000745d00000| 99%| O|  |TAMS 0x0000000745cffb08, 0x0000000745c00000| Updating 
|  93|0x0000000745d00000, 0x0000000745dffff0, 0x0000000745e00000| 99%| O|  |TAMS 0x0000000745dffff0, 0x0000000745d00000| Updating 
|  94|0x0000000745e00000, 0x0000000745effff8, 0x0000000745f00000| 99%| O|  |TAMS 0x0000000745effff8, 0x0000000745e00000| Updating 
|  95|0x0000000745f00000, 0x0000000745ffffe8, 0x0000000746000000| 99%| O|  |TAMS 0x0000000745ffffe8, 0x0000000745f00000| Updating 
|  96|0x0000000746000000, 0x00000007460fffe0, 0x0000000746100000| 99%| O|  |TAMS 0x00000007460fffe0, 0x0000000746000000| Updating 
|  97|0x0000000746100000, 0x00000007461ffff8, 0x0000000746200000| 99%| O|  |TAMS 0x00000007461ffff8, 0x0000000746100000| Updating 
|  98|0x0000000746200000, 0x0000000746300000, 0x0000000746300000|100%| O|  |TAMS 0x0000000746300000, 0x0000000746200000| Updating 
|  99|0x0000000746300000, 0x00000007463fffd0, 0x0000000746400000| 99%| O|  |TAMS 0x00000007463fffd0, 0x0000000746300000| Updating 
| 100|0x0000000746400000, 0x00000007464fff50, 0x0000000746500000| 99%| O|  |TAMS 0x00000007464fff50, 0x0000000746400000| Updating 
| 101|0x0000000746500000, 0x0000000746600000, 0x0000000746600000|100%|HS|  |TAMS 0x0000000746600000, 0x0000000746500000| Updating 
| 102|0x0000000746600000, 0x00000007466ffff8, 0x0000000746700000| 99%| O|  |TAMS 0x00000007466ffff8, 0x0000000746600000| Updating 
| 103|0x0000000746700000, 0x00000007467ffff0, 0x0000000746800000| 99%| O|  |TAMS 0x00000007467ffff0, 0x0000000746700000| Updating 
| 104|0x0000000746800000, 0x00000007468fffe8, 0x0000000746900000| 99%| O|  |TAMS 0x00000007468fffe8, 0x0000000746800000| Updating 
| 105|0x0000000746900000, 0x00000007469fffe0, 0x0000000746a00000| 99%| O|  |TAMS 0x00000007469fffe0, 0x0000000746900000| Updating 
| 106|0x0000000746a00000, 0x0000000746affff8, 0x0000000746b00000| 99%| O|  |TAMS 0x0000000746affff8, 0x0000000746a00000| Updating 
| 107|0x0000000746b00000, 0x0000000746c00000, 0x0000000746c00000|100%| O|  |TAMS 0x0000000746c00000, 0x0000000746b00000| Updating 
| 108|0x0000000746c00000, 0x0000000746cfffc0, 0x0000000746d00000| 99%| O|  |TAMS 0x0000000746cfffc0, 0x0000000746c00000| Updating 
| 109|0x0000000746d00000, 0x0000000746dfffe0, 0x0000000746e00000| 99%| O|  |TAMS 0x0000000746dfffe0, 0x0000000746d00000| Updating 
| 110|0x0000000746e00000, 0x0000000746efffd0, 0x0000000746f00000| 99%| O|  |TAMS 0x0000000746efffd0, 0x0000000746e00000| Updating 
| 111|0x0000000746f00000, 0x0000000746fffff0, 0x0000000747000000| 99%| O|  |TAMS 0x0000000746fffff0, 0x0000000746f00000| Updating 
| 112|0x0000000747000000, 0x00000007470ffff8, 0x0000000747100000| 99%| O|  |TAMS 0x00000007470ffff8, 0x0000000747000000| Updating 
| 113|0x0000000747100000, 0x0000000747200000, 0x0000000747200000|100%| O|  |TAMS 0x0000000747200000, 0x0000000747100000| Updating 
| 114|0x0000000747200000, 0x0000000747300000, 0x0000000747300000|100%| O|  |TAMS 0x0000000747300000, 0x0000000747200000| Updating 
| 115|0x0000000747300000, 0x00000007473ffd58, 0x0000000747400000| 99%| O|  |TAMS 0x00000007473ffd58, 0x0000000747300000| Updating 
| 116|0x0000000747400000, 0x00000007474fffc8, 0x0000000747500000| 99%| O|  |TAMS 0x00000007474fffc8, 0x0000000747400000| Updating 
| 117|0x0000000747500000, 0x00000007475fff90, 0x0000000747600000| 99%| O|  |TAMS 0x00000007475fff90, 0x0000000747500000| Updating 
| 118|0x0000000747600000, 0x00000007476fff88, 0x0000000747700000| 99%| O|  |TAMS 0x00000007476fff88, 0x0000000747600000| Updating 
| 119|0x0000000747700000, 0x0000000747800000, 0x0000000747800000|100%| O|  |TAMS 0x0000000747800000, 0x0000000747700000| Updating 
| 120|0x0000000747800000, 0x00000007478f3638, 0x0000000747900000| 95%| O|  |TAMS 0x00000007478f3638, 0x0000000747800000| Updating 
| 121|0x0000000747900000, 0x00000007479fffc0, 0x0000000747a00000| 99%| O|  |TAMS 0x00000007479fffc0, 0x0000000747900000| Updating 
| 122|0x0000000747a00000, 0x0000000747a84098, 0x0000000747b00000| 51%| O|  |TAMS 0x0000000747a84098, 0x0000000747a00000| Updating 
| 123|0x0000000747b00000, 0x0000000747b95460, 0x0000000747c00000| 58%| O|  |TAMS 0x0000000747b95460, 0x0000000747b00000| Updating 
| 124|0x0000000747c00000, 0x0000000747d00000, 0x0000000747d00000|100%|HS|  |TAMS 0x0000000747d00000, 0x0000000747c00000| Updating 
| 125|0x0000000747d00000, 0x0000000747e00000, 0x0000000747e00000|100%|HC|  |TAMS 0x0000000747e00000, 0x0000000747d00000| Updating 
| 126|0x0000000747e00000, 0x0000000747ed4650, 0x0000000747f00000| 82%| O|  |TAMS 0x0000000747ed4650, 0x0000000747e00000| Updating 
| 127|0x0000000747f00000, 0x0000000748000000, 0x0000000748000000|100%|HS|  |TAMS 0x0000000748000000, 0x0000000747f00000| Updating 
| 128|0x0000000748000000, 0x0000000748100000, 0x0000000748100000|100%|HC|  |TAMS 0x0000000748100000, 0x0000000748000000| Updating 
| 129|0x0000000748100000, 0x0000000748200000, 0x0000000748200000|100%|HS|  |TAMS 0x0000000748100000, 0x0000000748100000| Complete 
| 130|0x0000000748200000, 0x0000000748200000, 0x0000000748300000|  0%| F|  |TAMS 0x0000000748200000, 0x0000000748200000| Untracked 
| 131|0x0000000748300000, 0x0000000748300000, 0x0000000748400000|  0%| F|  |TAMS 0x0000000748300000, 0x0000000748300000| Untracked 
| 132|0x0000000748400000, 0x0000000748500000, 0x0000000748500000|100%|HS|  |TAMS 0x0000000748400000, 0x0000000748400000| Complete 
| 133|0x0000000748500000, 0x0000000748600000, 0x0000000748600000|100%|HS|  |TAMS 0x0000000748500000, 0x0000000748500000| Complete 
| 134|0x0000000748600000, 0x0000000748700000, 0x0000000748700000|100%|HC|  |TAMS 0x0000000748600000, 0x0000000748600000| Complete 
| 135|0x0000000748700000, 0x0000000748700000, 0x0000000748800000|  0%| F|  |TAMS 0x0000000748700000, 0x0000000748700000| Untracked 
| 136|0x0000000748800000, 0x0000000748800000, 0x0000000748900000|  0%| F|  |TAMS 0x0000000748800000, 0x0000000748800000| Untracked 
| 137|0x0000000748900000, 0x0000000748934c30, 0x0000000748a00000| 20%| O|  |TAMS 0x0000000748934c30, 0x0000000748900000| Updating 
| 138|0x0000000748a00000, 0x0000000748a00000, 0x0000000748b00000|  0%| F|  |TAMS 0x0000000748a00000, 0x0000000748a00000| Untracked 
| 139|0x0000000748b00000, 0x0000000748c00000, 0x0000000748c00000|100%|HS|  |TAMS 0x0000000748b00000, 0x0000000748b00000| Complete 
| 140|0x0000000748c00000, 0x0000000748d00000, 0x0000000748d00000|100%|HC|  |TAMS 0x0000000748c00000, 0x0000000748c00000| Complete 
| 141|0x0000000748d00000, 0x0000000748d00000, 0x0000000748e00000|  0%| F|  |TAMS 0x0000000748d00000, 0x0000000748d00000| Untracked 
| 142|0x0000000748e00000, 0x0000000748ee6340, 0x0000000748f00000| 89%| O|  |TAMS 0x0000000748ee6340, 0x0000000748e00000| Updating 
| 143|0x0000000748f00000, 0x0000000748f00000, 0x0000000749000000|  0%| F|  |TAMS 0x0000000748f00000, 0x0000000748f00000| Untracked 
| 144|0x0000000749000000, 0x0000000749000000, 0x0000000749100000|  0%| F|  |TAMS 0x0000000749000000, 0x0000000749000000| Untracked 
| 145|0x0000000749100000, 0x0000000749200000, 0x0000000749200000|100%|HS|  |TAMS 0x0000000749100000, 0x0000000749100000| Complete 
| 146|0x0000000749200000, 0x0000000749300000, 0x0000000749300000|100%|HC|  |TAMS 0x0000000749200000, 0x0000000749200000| Complete 
| 147|0x0000000749300000, 0x0000000749300000, 0x0000000749400000|  0%| F|  |TAMS 0x0000000749300000, 0x0000000749300000| Untracked 
| 148|0x0000000749400000, 0x0000000749400000, 0x0000000749500000|  0%| F|  |TAMS 0x0000000749400000, 0x0000000749400000| Untracked 
| 149|0x0000000749500000, 0x0000000749500000, 0x0000000749600000|  0%| F|  |TAMS 0x0000000749500000, 0x0000000749500000| Untracked 
| 150|0x0000000749600000, 0x0000000749700000, 0x0000000749700000|100%|HS|  |TAMS 0x0000000749600000, 0x0000000749600000| Complete 
| 151|0x0000000749700000, 0x0000000749800000, 0x0000000749800000|100%|HC|  |TAMS 0x0000000749700000, 0x0000000749700000| Complete 
| 152|0x0000000749800000, 0x0000000749800000, 0x0000000749900000|  0%| F|  |TAMS 0x0000000749800000, 0x0000000749800000| Untracked 
| 153|0x0000000749900000, 0x0000000749900000, 0x0000000749a00000|  0%| F|  |TAMS 0x0000000749900000, 0x0000000749900000| Untracked 
| 154|0x0000000749a00000, 0x0000000749a00000, 0x0000000749b00000|  0%| F|  |TAMS 0x0000000749a00000, 0x0000000749a00000| Untracked 
| 155|0x0000000749b00000, 0x0000000749c00000, 0x0000000749c00000|100%|HS|  |TAMS 0x0000000749b00000, 0x0000000749b00000| Complete 
| 156|0x0000000749c00000, 0x0000000749d00000, 0x0000000749d00000|100%|HC|  |TAMS 0x0000000749c00000, 0x0000000749c00000| Complete 
| 157|0x0000000749d00000, 0x0000000749d00000, 0x0000000749e00000|  0%| F|  |TAMS 0x0000000749d00000, 0x0000000749d00000| Untracked 
| 158|0x0000000749e00000, 0x0000000749f00000, 0x0000000749f00000|100%| O|  |TAMS 0x0000000749e00000, 0x0000000749e00000| Untracked 
| 159|0x0000000749f00000, 0x0000000749fa3600, 0x000000074a000000| 63%| O|  |TAMS 0x0000000749f00000, 0x0000000749f00000| Untracked 
| 160|0x000000074a000000, 0x000000074a000000, 0x000000074a100000|  0%| F|  |TAMS 0x000000074a000000, 0x000000074a000000| Untracked 
| 161|0x000000074a100000, 0x000000074a100000, 0x000000074a200000|  0%| F|  |TAMS 0x000000074a100000, 0x000000074a100000| Untracked 
| 162|0x000000074a200000, 0x000000074a200000, 0x000000074a300000|  0%| F|  |TAMS 0x000000074a200000, 0x000000074a200000| Untracked 
| 163|0x000000074a300000, 0x000000074a300000, 0x000000074a400000|  0%| F|  |TAMS 0x000000074a300000, 0x000000074a300000| Untracked 
| 164|0x000000074a400000, 0x000000074a400000, 0x000000074a500000|  0%| F|  |TAMS 0x000000074a400000, 0x000000074a400000| Untracked 
| 165|0x000000074a500000, 0x000000074a500000, 0x000000074a600000|  0%| F|  |TAMS 0x000000074a500000, 0x000000074a500000| Untracked 
| 166|0x000000074a600000, 0x000000074a600000, 0x000000074a700000|  0%| F|  |TAMS 0x000000074a600000, 0x000000074a600000| Untracked 
| 167|0x000000074a700000, 0x000000074a700000, 0x000000074a800000|  0%| F|  |TAMS 0x000000074a700000, 0x000000074a700000| Untracked 
| 168|0x000000074a800000, 0x000000074a800000, 0x000000074a900000|  0%| F|  |TAMS 0x000000074a800000, 0x000000074a800000| Untracked 
| 169|0x000000074a900000, 0x000000074a900000, 0x000000074aa00000|  0%| F|  |TAMS 0x000000074a900000, 0x000000074a900000| Untracked 
| 170|0x000000074aa00000, 0x000000074aa00000, 0x000000074ab00000|  0%| F|  |TAMS 0x000000074aa00000, 0x000000074aa00000| Untracked 
| 171|0x000000074ab00000, 0x000000074ab00000, 0x000000074ac00000|  0%| F|  |TAMS 0x000000074ab00000, 0x000000074ab00000| Untracked 
| 172|0x000000074ac00000, 0x000000074ac00000, 0x000000074ad00000|  0%| F|  |TAMS 0x000000074ac00000, 0x000000074ac00000| Untracked 
| 173|0x000000074ad00000, 0x000000074ad00000, 0x000000074ae00000|  0%| F|  |TAMS 0x000000074ad00000, 0x000000074ad00000| Untracked 
| 174|0x000000074ae00000, 0x000000074ae00000, 0x000000074af00000|  0%| F|  |TAMS 0x000000074ae00000, 0x000000074ae00000| Untracked 
| 175|0x000000074af00000, 0x000000074af00000, 0x000000074b000000|  0%| F|  |TAMS 0x000000074af00000, 0x000000074af00000| Untracked 
| 176|0x000000074b000000, 0x000000074b000000, 0x000000074b100000|  0%| F|  |TAMS 0x000000074b000000, 0x000000074b000000| Untracked 
| 177|0x000000074b100000, 0x000000074b100000, 0x000000074b200000|  0%| F|  |TAMS 0x000000074b100000, 0x000000074b100000| Untracked 
| 178|0x000000074b200000, 0x000000074b200000, 0x000000074b300000|  0%| F|  |TAMS 0x000000074b200000, 0x000000074b200000| Untracked 
| 179|0x000000074b300000, 0x000000074b300000, 0x000000074b400000|  0%| F|  |TAMS 0x000000074b300000, 0x000000074b300000| Untracked 
| 180|0x000000074b400000, 0x000000074b400000, 0x000000074b500000|  0%| F|  |TAMS 0x000000074b400000, 0x000000074b400000| Untracked 
| 181|0x000000074b500000, 0x000000074b500000, 0x000000074b600000|  0%| F|  |TAMS 0x000000074b500000, 0x000000074b500000| Untracked 
| 182|0x000000074b600000, 0x000000074b600000, 0x000000074b700000|  0%| F|  |TAMS 0x000000074b600000, 0x000000074b600000| Untracked 
| 183|0x000000074b700000, 0x000000074b7bf908, 0x000000074b800000| 74%| O|  |TAMS 0x000000074b7bf908, 0x000000074b700000| Updating 
| 184|0x000000074b800000, 0x000000074b800000, 0x000000074b900000|  0%| F|  |TAMS 0x000000074b800000, 0x000000074b800000| Untracked 
| 185|0x000000074b900000, 0x000000074b900000, 0x000000074ba00000|  0%| F|  |TAMS 0x000000074b900000, 0x000000074b900000| Untracked 
| 186|0x000000074ba00000, 0x000000074ba00000, 0x000000074bb00000|  0%| F|  |TAMS 0x000000074ba00000, 0x000000074ba00000| Untracked 
| 187|0x000000074bb00000, 0x000000074bc00000, 0x000000074bc00000|100%| S|CS|TAMS 0x000000074bb00000, 0x000000074bb00000| Complete 
| 188|0x000000074bc00000, 0x000000074bd00000, 0x000000074bd00000|100%| S|CS|TAMS 0x000000074bc00000, 0x000000074bc00000| Complete 
| 189|0x000000074bd00000, 0x000000074be00000, 0x000000074be00000|100%| S|CS|TAMS 0x000000074bd00000, 0x000000074bd00000| Complete 
| 190|0x000000074be00000, 0x000000074bf00000, 0x000000074bf00000|100%| S|CS|TAMS 0x000000074be00000, 0x000000074be00000| Complete 
| 191|0x000000074bf00000, 0x000000074c000000, 0x000000074c000000|100%| S|CS|TAMS 0x000000074bf00000, 0x000000074bf00000| Complete 
| 192|0x000000074c000000, 0x000000074c100000, 0x000000074c100000|100%| S|CS|TAMS 0x000000074c000000, 0x000000074c000000| Complete 
| 193|0x000000074c100000, 0x000000074c200000, 0x000000074c200000|100%| S|CS|TAMS 0x000000074c100000, 0x000000074c100000| Complete 
| 194|0x000000074c200000, 0x000000074c300000, 0x000000074c300000|100%| S|CS|TAMS 0x000000074c200000, 0x000000074c200000| Complete 
| 195|0x000000074c300000, 0x000000074c300000, 0x000000074c400000|  0%| F|  |TAMS 0x000000074c300000, 0x000000074c300000| Untracked 
| 196|0x000000074c400000, 0x000000074c400000, 0x000000074c500000|  0%| F|  |TAMS 0x000000074c400000, 0x000000074c400000| Untracked 
| 197|0x000000074c500000, 0x000000074c500000, 0x000000074c600000|  0%| F|  |TAMS 0x000000074c500000, 0x000000074c500000| Untracked 
| 198|0x000000074c600000, 0x000000074c600000, 0x000000074c700000|  0%| F|  |TAMS 0x000000074c600000, 0x000000074c600000| Untracked 
| 199|0x000000074c700000, 0x000000074c700000, 0x000000074c800000|  0%| F|  |TAMS 0x000000074c700000, 0x000000074c700000| Untracked 
| 200|0x000000074c800000, 0x000000074c800000, 0x000000074c900000|  0%| F|  |TAMS 0x000000074c800000, 0x000000074c800000| Untracked 
| 201|0x000000074c900000, 0x000000074c900000, 0x000000074ca00000|  0%| F|  |TAMS 0x000000074c900000, 0x000000074c900000| Untracked 
| 202|0x000000074ca00000, 0x000000074ca00000, 0x000000074cb00000|  0%| F|  |TAMS 0x000000074ca00000, 0x000000074ca00000| Untracked 
| 203|0x000000074cb00000, 0x000000074cb00000, 0x000000074cc00000|  0%| F|  |TAMS 0x000000074cb00000, 0x000000074cb00000| Untracked 
| 204|0x000000074cc00000, 0x000000074cc00000, 0x000000074cd00000|  0%| F|  |TAMS 0x000000074cc00000, 0x000000074cc00000| Untracked 
| 205|0x000000074cd00000, 0x000000074cd00000, 0x000000074ce00000|  0%| F|  |TAMS 0x000000074cd00000, 0x000000074cd00000| Untracked 
| 206|0x000000074ce00000, 0x000000074ce00000, 0x000000074cf00000|  0%| F|  |TAMS 0x000000074ce00000, 0x000000074ce00000| Untracked 
| 207|0x000000074cf00000, 0x000000074cf00000, 0x000000074d000000|  0%| F|  |TAMS 0x000000074cf00000, 0x000000074cf00000| Untracked 
| 208|0x000000074d000000, 0x000000074d000000, 0x000000074d100000|  0%| F|  |TAMS 0x000000074d000000, 0x000000074d000000| Untracked 
| 209|0x000000074d100000, 0x000000074d100000, 0x000000074d200000|  0%| F|  |TAMS 0x000000074d100000, 0x000000074d100000| Untracked 
| 210|0x000000074d200000, 0x000000074d200000, 0x000000074d300000|  0%| F|  |TAMS 0x000000074d200000, 0x000000074d200000| Untracked 
| 211|0x000000074d300000, 0x000000074d300000, 0x000000074d400000|  0%| F|  |TAMS 0x000000074d300000, 0x000000074d300000| Untracked 
| 212|0x000000074d400000, 0x000000074d400000, 0x000000074d500000|  0%| F|  |TAMS 0x000000074d400000, 0x000000074d400000| Untracked 
| 213|0x000000074d500000, 0x000000074d500000, 0x000000074d600000|  0%| F|  |TAMS 0x000000074d500000, 0x000000074d500000| Untracked 
| 214|0x000000074d600000, 0x000000074d600000, 0x000000074d700000|  0%| F|  |TAMS 0x000000074d600000, 0x000000074d600000| Untracked 
| 215|0x000000074d700000, 0x000000074d700000, 0x000000074d800000|  0%| F|  |TAMS 0x000000074d700000, 0x000000074d700000| Untracked 
| 216|0x000000074d800000, 0x000000074d800000, 0x000000074d900000|  0%| F|  |TAMS 0x000000074d800000, 0x000000074d800000| Untracked 
| 217|0x000000074d900000, 0x000000074d900000, 0x000000074da00000|  0%| F|  |TAMS 0x000000074d900000, 0x000000074d900000| Untracked 
| 218|0x000000074da00000, 0x000000074da00000, 0x000000074db00000|  0%| F|  |TAMS 0x000000074da00000, 0x000000074da00000| Untracked 
| 219|0x000000074db00000, 0x000000074db00000, 0x000000074dc00000|  0%| F|  |TAMS 0x000000074db00000, 0x000000074db00000| Untracked 
| 220|0x000000074dc00000, 0x000000074dc00000, 0x000000074dd00000|  0%| F|  |TAMS 0x000000074dc00000, 0x000000074dc00000| Untracked 
| 221|0x000000074dd00000, 0x000000074dd00000, 0x000000074de00000|  0%| F|  |TAMS 0x000000074dd00000, 0x000000074dd00000| Untracked 
| 222|0x000000074de00000, 0x000000074de00000, 0x000000074df00000|  0%| F|  |TAMS 0x000000074de00000, 0x000000074de00000| Untracked 
| 223|0x000000074df00000, 0x000000074df00000, 0x000000074e000000|  0%| F|  |TAMS 0x000000074df00000, 0x000000074df00000| Untracked 
| 224|0x000000074e000000, 0x000000074e000000, 0x000000074e100000|  0%| F|  |TAMS 0x000000074e000000, 0x000000074e000000| Untracked 
| 225|0x000000074e100000, 0x000000074e100000, 0x000000074e200000|  0%| F|  |TAMS 0x000000074e100000, 0x000000074e100000| Untracked 
| 226|0x000000074e200000, 0x000000074e200000, 0x000000074e300000|  0%| F|  |TAMS 0x000000074e200000, 0x000000074e200000| Untracked 
| 227|0x000000074e300000, 0x000000074e300000, 0x000000074e400000|  0%| F|  |TAMS 0x000000074e300000, 0x000000074e300000| Untracked 
| 228|0x000000074e400000, 0x000000074e400000, 0x000000074e500000|  0%| F|  |TAMS 0x000000074e400000, 0x000000074e400000| Untracked 
| 229|0x000000074e500000, 0x000000074e500000, 0x000000074e600000|  0%| F|  |TAMS 0x000000074e500000, 0x000000074e500000| Untracked 
| 230|0x000000074e600000, 0x000000074e600000, 0x000000074e700000|  0%| F|  |TAMS 0x000000074e600000, 0x000000074e600000| Untracked 
| 231|0x000000074e700000, 0x000000074e700000, 0x000000074e800000|  0%| F|  |TAMS 0x000000074e700000, 0x000000074e700000| Untracked 
| 232|0x000000074e800000, 0x000000074e800000, 0x000000074e900000|  0%| F|  |TAMS 0x000000074e800000, 0x000000074e800000| Untracked 
| 233|0x000000074e900000, 0x000000074e900000, 0x000000074ea00000|  0%| F|  |TAMS 0x000000074e900000, 0x000000074e900000| Untracked 
| 234|0x000000074ea00000, 0x000000074ea00000, 0x000000074eb00000|  0%| F|  |TAMS 0x000000074ea00000, 0x000000074ea00000| Untracked 
| 235|0x000000074eb00000, 0x000000074eb00000, 0x000000074ec00000|  0%| F|  |TAMS 0x000000074eb00000, 0x000000074eb00000| Untracked 
| 236|0x000000074ec00000, 0x000000074ec00000, 0x000000074ed00000|  0%| F|  |TAMS 0x000000074ec00000, 0x000000074ec00000| Untracked 
| 237|0x000000074ed00000, 0x000000074ed00000, 0x000000074ee00000|  0%| F|  |TAMS 0x000000074ed00000, 0x000000074ed00000| Untracked 
| 238|0x000000074ee00000, 0x000000074ee00000, 0x000000074ef00000|  0%| F|  |TAMS 0x000000074ee00000, 0x000000074ee00000| Untracked 
| 239|0x000000074ef00000, 0x000000074ef00000, 0x000000074f000000|  0%| F|  |TAMS 0x000000074ef00000, 0x000000074ef00000| Untracked 
| 240|0x000000074f000000, 0x000000074f000000, 0x000000074f100000|  0%| F|  |TAMS 0x000000074f000000, 0x000000074f000000| Untracked 
| 241|0x000000074f100000, 0x000000074f100000, 0x000000074f200000|  0%| F|  |TAMS 0x000000074f100000, 0x000000074f100000| Untracked 
| 242|0x000000074f200000, 0x000000074f200000, 0x000000074f300000|  0%| F|  |TAMS 0x000000074f200000, 0x000000074f200000| Untracked 
| 243|0x000000074f300000, 0x000000074f300000, 0x000000074f400000|  0%| F|  |TAMS 0x000000074f300000, 0x000000074f300000| Untracked 
| 244|0x000000074f400000, 0x000000074f400000, 0x000000074f500000|  0%| F|  |TAMS 0x000000074f400000, 0x000000074f400000| Untracked 
| 245|0x000000074f500000, 0x000000074f500000, 0x000000074f600000|  0%| F|  |TAMS 0x000000074f500000, 0x000000074f500000| Untracked 
| 246|0x000000074f600000, 0x000000074f600000, 0x000000074f700000|  0%| F|  |TAMS 0x000000074f600000, 0x000000074f600000| Untracked 
| 247|0x000000074f700000, 0x000000074f700000, 0x000000074f800000|  0%| F|  |TAMS 0x000000074f700000, 0x000000074f700000| Untracked 
| 248|0x000000074f800000, 0x000000074f800000, 0x000000074f900000|  0%| F|  |TAMS 0x000000074f800000, 0x000000074f800000| Untracked 
| 249|0x000000074f900000, 0x000000074f900000, 0x000000074fa00000|  0%| F|  |TAMS 0x000000074f900000, 0x000000074f900000| Untracked 
| 250|0x000000074fa00000, 0x000000074fa00000, 0x000000074fb00000|  0%| F|  |TAMS 0x000000074fa00000, 0x000000074fa00000| Untracked 
| 251|0x000000074fb00000, 0x000000074fb00000, 0x000000074fc00000|  0%| F|  |TAMS 0x000000074fb00000, 0x000000074fb00000| Untracked 
| 252|0x000000074fc00000, 0x000000074fc00000, 0x000000074fd00000|  0%| F|  |TAMS 0x000000074fc00000, 0x000000074fc00000| Untracked 
| 253|0x000000074fd00000, 0x000000074fd00000, 0x000000074fe00000|  0%| F|  |TAMS 0x000000074fd00000, 0x000000074fd00000| Untracked 
| 254|0x000000074fe00000, 0x000000074fe55e50, 0x000000074ff00000| 33%| E|  |TAMS 0x000000074fe00000, 0x000000074fe00000| Complete 
| 255|0x000000074ff00000, 0x0000000750000000, 0x0000000750000000|100%| E|CS|TAMS 0x000000074ff00000, 0x000000074ff00000| Complete 

Card table byte_map: [0x000001bafc730000,0x000001bafcd30000] _byte_map_base: 0x000001baf8d30000

Marking Bits (Prev, Next): (CMBitMap*) 0x000001baf3cd52e0, (CMBitMap*) 0x000001baf3cd52a8
 Prev Bits: [0x000001ba92000000, 0x000001ba95000000)
 Next Bits: [0x000001ba8f000000, 0x000001ba92000000)

Polling page: 0x000001bae2ce0000

Metaspace:

Usage:
  Non-class:     96.27 MB capacity,    94.97 MB ( 99%) used,   993.27 KB (  1%) free+waste,   329.75 KB ( <1%) overhead. 
      Class:     16.55 MB capacity,    15.53 MB ( 94%) used,   893.09 KB (  5%) free+waste,   156.94 KB ( <1%) overhead. 
       Both:    112.82 MB capacity,   110.50 MB ( 98%) used,     1.84 MB (  2%) free+waste,   486.69 KB ( <1%) overhead. 

Virtual space:
  Non-class space:       98.00 MB reserved,      96.41 MB ( 98%) committed 
      Class space:        1.00 GB reserved,      16.57 MB (  2%) committed 
             Both:        1.10 GB reserved,     112.98 MB ( 10%) committed 

Chunk freelists:
   Non-Class:  2.00 KB
       Class:  1.25 KB
        Both:  3.25 KB

CodeHeap 'non-profiled nmethods': size=120000Kb used=16751Kb max_used=16751Kb free=103248Kb
 bounds [0x000001ba87ad0000, 0x000001ba88b30000, 0x000001ba8f000000]
CodeHeap 'profiled nmethods': size=120000Kb used=42775Kb max_used=42775Kb free=77224Kb
 bounds [0x000001ba805a0000, 0x000001ba82fd0000, 0x000001ba87ad0000]
CodeHeap 'non-nmethods': size=5760Kb used=1696Kb max_used=1749Kb free=4063Kb
 bounds [0x000001ba80000000, 0x000001ba80270000, 0x000001ba805a0000]
 total_blobs=27094 nmethods=16357 adapters=1162
 compilation: enabled
              stopped_count=0, restarted_count=0
 full_count=0

Compilation events (10 events):
Event: 183.324 Thread 0x000001baf0f5e800 nmethod 19187 0x000001ba88b1b490 code [0x000001ba88b1b620, 0x000001ba88b1b698]
Event: 183.326 Thread 0x000001baf0f64000 nmethod 19185 0x000001ba81d9a190 code [0x000001ba81d9a500, 0x000001ba81d9c090]
Event: 183.326 Thread 0x000001baf0f64000 19186       3       ui.views.F.k::gEu (48 bytes)
Event: 183.327 Thread 0x000001baf0f64000 nmethod 19186 0x000001ba81ca5290 code [0x000001ba81ca54c0, 0x000001ba81ca5b30]
Event: 183.337 Thread 0x000001bad98f5000 nmethod 19162 0x000001ba88b1b710 code [0x000001ba88b1bb80, 0x000001ba88b20828]
Event: 183.348 Thread 0x000001baf0f5e800 19188       4       javax.swing.text.BoxView::baselineRequirements (471 bytes)
Event: 183.349 Thread 0x000001bad98f5000 19189       4       javax.swing.text.ParagraphView$Row::calculateMinorAxisRequirements (7 bytes)
Event: 183.349 Thread 0x000001bad98f5000 nmethod 19189 0x000001ba88b23c90 code [0x000001ba88b23e20, 0x000001ba88b23ea8]
Event: 183.349 Thread 0x000001bad98f5000 19190       4       javax.swing.text.ParagraphView$Row::layoutMajorAxis (481 bytes)
Event: 183.351 Thread 0x000001bad98f5000 nmethod 19190 0x000001ba88b23f90 code [0x000001ba88b24140, 0x000001ba88b24288]

GC Heap History (10 events):
Event: 134.499 GC heap before
{Heap before GC invocations=53 (full 5):
 garbage-first heap   total 262144K, used 154035K [0x0000000740000000, 0x0000000800000000)
  region size 1024K, 27 young (27648K), 4 survivors (4096K)
 Metaspace       used 110035K, capacity 112171K, committed 112236K, reserved 1144832K
  class space    used 15379K, capacity 16313K, committed 16332K, reserved 1048576K
}
Event: 134.572 GC heap after
{Heap after GC invocations=54 (full 6):
 garbage-first heap   total 262144K, used 130167K [0x0000000740000000, 0x0000000800000000)
  region size 1024K, 0 young (0K), 0 survivors (0K)
 Metaspace       used 110035K, capacity 112171K, committed 112236K, reserved 1144832K
  class space    used 15379K, capacity 16313K, committed 16332K, reserved 1048576K
}
Event: 135.203 GC heap before
{Heap before GC invocations=54 (full 6):
 garbage-first heap   total 262144K, used 191607K [0x0000000740000000, 0x0000000800000000)
  region size 1024K, 60 young (61440K), 0 survivors (0K)
 Metaspace       used 111959K, capacity 114159K, committed 114412K, reserved 1146880K
  class space    used 15710K, capacity 16668K, committed 16716K, reserved 1048576K
}
Event: 135.208 GC heap after
{Heap after GC invocations=55 (full 6):
 garbage-first heap   total 262144K, used 133416K [0x0000000740000000, 0x0000000800000000)
  region size 1024K, 4 young (4096K), 4 survivors (4096K)
 Metaspace       used 111959K, capacity 114159K, committed 114412K, reserved 1146880K
  class space    used 15710K, capacity 16668K, committed 16716K, reserved 1048576K
}
Event: 135.483 GC heap before
{Heap before GC invocations=56 (full 6):
 garbage-first heap   total 262144K, used 160038K [0x0000000740000000, 0x0000000800000000)
  region size 1024K, 31 young (31744K), 4 survivors (4096K)
 Metaspace       used 112593K, capacity 114998K, committed 115180K, reserved 1146880K
  class space    used 15833K, capacity 16886K, committed 16972K, reserved 1048576K
}
Event: 135.486 GC heap after
{Heap after GC invocations=57 (full 6):
 garbage-first heap   total 262144K, used 132292K [0x0000000740000000, 0x0000000800000000)
  region size 1024K, 3 young (3072K), 3 survivors (3072K)
 Metaspace       used 112593K, capacity 114998K, committed 115180K, reserved 1146880K
  class space    used 15833K, capacity 16886K, committed 16972K, reserved 1048576K
}
Event: 136.557 GC heap before
{Heap before GC invocations=58 (full 6):
 garbage-first heap   total 262144K, used 140484K [0x0000000740000000, 0x0000000800000000)
  region size 1024K, 10 young (10240K), 3 survivors (3072K)
 Metaspace       used 112655K, capacity 115006K, committed 115180K, reserved 1146880K
  class space    used 15836K, capacity 16886K, committed 16972K, reserved 1048576K
}
Event: 136.635 GC heap after
{Heap after GC invocations=59 (full 7):
 garbage-first heap   total 262144K, used 132830K [0x0000000740000000, 0x0000000800000000)
  region size 1024K, 0 young (0K), 0 survivors (0K)
 Metaspace       used 112655K, capacity 115006K, committed 115180K, reserved 1146880K
  class space    used 15836K, capacity 16886K, committed 16972K, reserved 1048576K
}
Event: 183.092 GC heap before
{Heap before GC invocations=59 (full 7):
 garbage-first heap   total 262144K, used 183006K [0x0000000740000000, 0x0000000800000000)
  region size 1024K, 51 young (52224K), 0 survivors (0K)
 Metaspace       used 113080K, capacity 115520K, committed 115692K, reserved 1148928K
  class space    used 15894K, capacity 16948K, committed 16972K, reserved 1048576K
}
Event: 183.134 GC heap after
{Heap after GC invocations=60 (full 7):
 garbage-first heap   total 262144K, used 136605K [0x0000000740000000, 0x0000000800000000)
  region size 1024K, 4 young (4096K), 4 survivors (4096K)
 Metaspace       used 113080K, capacity 115520K, committed 115692K, reserved 1148928K
  class space    used 15894K, capacity 16948K, committed 16972K, reserved 1048576K
}

Deoptimization events (10 events):
Event: 181.550 Thread 0x000001ba975f9000 Uncommon trap: reason=unstable_if action=reinterpret pc=0x000001ba882bf4e0 method=com.jidesoft.grid.JideTable.isRowSelected(I)Z @ 12 c2
Event: 181.947 Thread 0x000001ba975f9000 Uncommon trap: reason=unstable_if action=reinterpret pc=0x000001ba884758b0 method=javax.swing.DebugGraphics.shouldComponentDebug(Ljavax/swing/JComponent;)I @ 15 c2
Event: 182.007 Thread 0x000001ba975f9000 Uncommon trap: reason=unstable_if action=reinterpret pc=0x000001ba889c76c4 method=com.jidesoft.editor.CodeEditor.getIntegerOffsetToX(I)I @ 125 c2
Event: 182.134 Thread 0x000001ba975f9000 Uncommon trap: reason=unstable_if action=reinterpret pc=0x000001ba8802d498 method=javax.swing.text.html.parser.Parser.parseAttributeValue(Z)Ljava/lang/String; @ 51 c2
Event: 183.069 Thread 0x000001ba975f9000 Uncommon trap: reason=bimorphic_or_optimized_type_check action=maybe_recompile pc=0x000001ba8807bdb4 method=javax.swing.text.AbstractDocument.fireChangedUpdate(Ljavax/swing/event/DocumentEvent;)V @ 39 c2
Event: 183.152 Thread 0x000001ba975f9000 Uncommon trap: reason=unstable_if action=reinterpret pc=0x000001ba889ebd90 method=com.jidesoft.editor.CodeEditor$r_.a()V @ 35 c2
Event: 183.154 Thread 0x000001ba9bf4a000 Uncommon trap: reason=unstable_if action=reinterpret pc=0x000001ba88b0b76c method=com.jidesoft.editor.LazyLoadDocument.a(Ljava/lang/String;Z)V @ 466 c2
Event: 183.154 Thread 0x000001ba975f9000 Uncommon trap: reason=unstable_if action=reinterpret pc=0x000001ba88b0e578 method=com.jidesoft.editor.tokenmarker.TokenMarker.insertLines(II)V @ 69 c2
Event: 183.293 Thread 0x000001ba9bf4a000 Uncommon trap: reason=unstable_if action=reinterpret pc=0x000001ba88b157f8 method=com.jidesoft.editor.LazyLoadDocument.a(Ljava/lang/String;Z)V @ 531 c2
Event: 183.293 Thread 0x000001ba9bf4a000 Uncommon trap: reason=bimorphic_or_optimized_type_check action=maybe_recompile pc=0x000001ba8807bdb4 method=javax.swing.text.AbstractDocument.fireChangedUpdate(Ljavax/swing/event/DocumentEvent;)V @ 39 c2

Classes redefined (0 events):
No events

Internal exceptions (10 events):
Event: 138.235 Thread 0x000001ba975f9000 Exception <a 'java/io/FileNotFoundException'{0x000000074fe2cfd8}> (0x000000074fe2cfd8) thrown at [t:/workspace/open/src/hotspot/share/prims/jni.cpp, line 615]
Event: 143.235 Thread 0x000001ba975f9000 Exception <a 'java/io/FileNotFoundException'{0x000000074fb65408}> (0x000000074fb65408) thrown at [t:/workspace/open/src/hotspot/share/prims/jni.cpp, line 615]
Event: 148.237 Thread 0x000001ba975f9000 Exception <a 'java/io/FileNotFoundException'{0x000000074f8f56b0}> (0x000000074f8f56b0) thrown at [t:/workspace/open/src/hotspot/share/prims/jni.cpp, line 615]
Event: 153.237 Thread 0x000001ba975f9000 Exception <a 'java/io/FileNotFoundException'{0x000000074f432968}> (0x000000074f432968) thrown at [t:/workspace/open/src/hotspot/share/prims/jni.cpp, line 615]
Event: 158.264 Thread 0x000001ba975f9000 Exception <a 'java/io/FileNotFoundException'{0x000000074f16adb0}> (0x000000074f16adb0) thrown at [t:/workspace/open/src/hotspot/share/prims/jni.cpp, line 615]
Event: 163.238 Thread 0x000001ba975f9000 Exception <a 'java/io/FileNotFoundException'{0x000000074eeeb260}> (0x000000074eeeb260) thrown at [t:/workspace/open/src/hotspot/share/prims/jni.cpp, line 615]
Event: 168.240 Thread 0x000001ba975f9000 Exception <a 'java/io/FileNotFoundException'{0x000000074ea3b750}> (0x000000074ea3b750) thrown at [t:/workspace/open/src/hotspot/share/prims/jni.cpp, line 615]
Event: 173.242 Thread 0x000001ba975f9000 Exception <a 'java/io/FileNotFoundException'{0x000000074e7755a8}> (0x000000074e7755a8) thrown at [t:/workspace/open/src/hotspot/share/prims/jni.cpp, line 615]
Event: 178.242 Thread 0x000001ba975f9000 Exception <a 'java/io/FileNotFoundException'{0x000000074e4e6df0}> (0x000000074e4e6df0) thrown at [t:/workspace/open/src/hotspot/share/prims/jni.cpp, line 615]
Event: 181.973 Thread 0x000001ba975f9000 Exception <a 'java/lang/IncompatibleClassChangeError'{0x000000074d376d60}: Found class java.lang.Object, but interface was expected> (0x000000074d376d60) thrown at [t:/workspace/open/src/hotspot/share/interpreter/linkResolver.cpp, line 838]

Events (10 events):
Event: 183.266 loading class ui/j/c/L done
Event: 183.293 Thread 0x000001ba9bf4a000 Uncommon trap: trap_request=0xffffff4d fr.pc=0x000001ba88b157f8 relative=0x0000000000000c58
Event: 183.293 Thread 0x000001ba9bf4a000 DEOPT PACKING pc=0x000001ba88b157f8 sp=0x0000002c1d3fef30
Event: 183.293 Thread 0x000001ba9bf4a000 DEOPT UNPACKING pc=0x000001ba8000802f sp=0x0000002c1d3feeb8 mode 2
Event: 183.293 Thread 0x000001ba9bf4a000 Uncommon trap: trap_request=0xffffffc6 fr.pc=0x000001ba8807bdb4 relative=0x0000000000001974
Event: 183.293 Thread 0x000001ba9bf4a000 DEOPT PACKING pc=0x000001ba8807bdb4 sp=0x0000002c1d3fed90
Event: 183.293 Thread 0x000001ba9bf4a000 DEOPT UNPACKING pc=0x000001ba8000802f sp=0x0000002c1d3fedb0 mode 2
Event: 183.293 Executing VM operation: RevokeBias
Event: 183.308 Executing VM operation: RevokeBias done
Event: 183.309 Thread 0x000001ba9bf4a000 Thread exited: 0x000001ba9bf4a000


Dynamic libraries:
0x00007ff67a9c0000 - 0x00007ff67a9f1000 	D:\Xilinx\Vivado\2021.1\bin\unwrapped\win64.o\vivado.exe
0x00007ff8b4690000 - 0x00007ff8b4888000 	C:\windows\SYSTEM32\ntdll.dll
0x00007ff8b3330000 - 0x00007ff8b33ed000 	C:\windows\System32\KERNEL32.DLL
0x00007ff8b1fe0000 - 0x00007ff8b22ae000 	C:\windows\System32\KERNELBASE.dll
0x00007ff8b2330000 - 0x00007ff8b2430000 	C:\windows\System32\ucrtbase.dll
0x00007ff86ecc0000 - 0x00007ff86ff6a000 	D:\Xilinx\Vivado\2021.1\lib\win64.o\librdi_common.dll
0x00007ff84c4c0000 - 0x00007ff84c54e000 	C:\windows\SYSTEM32\MSVCP140.dll
0x00007ff894420000 - 0x00007ff89443b000 	C:\windows\SYSTEM32\VCRUNTIME140.dll
0x00007ff8ac2f0000 - 0x00007ff8ac308000 	D:\Xilinx\Vivado\2021.1\lib\win64.o\librdi_commonmain.dll
0x00007ff8b3130000 - 0x00007ff8b32d0000 	C:\windows\System32\USER32.dll
0x00007ff8b22b0000 - 0x00007ff8b22d2000 	C:\windows\System32\win32u.dll
0x00007ff8b3700000 - 0x00007ff8b372a000 	C:\windows\System32\GDI32.dll
0x00007ff87c230000 - 0x00007ff87c59e000 	D:\Xilinx\Vivado\2021.1\lib\win64.o\libCOIN-all.dll
0x00007ff8aaf50000 - 0x00007ff8aaf61000 	D:\Xilinx\Vivado\2021.1\lib\win64.o\libboost_date_time.dll
0x00007ff8b2530000 - 0x00007ff8b263b000 	C:\windows\System32\gdi32full.dll
0x00007ff8aa600000 - 0x00007ff8aa621000 	D:\Xilinx\Vivado\2021.1\lib\win64.o\libboost_filesystem.dll
0x00007ff8b1f10000 - 0x00007ff8b1fad000 	C:\windows\System32\msvcp_win.dll
0x00007ff8b2870000 - 0x00007ff8b291e000 	C:\windows\System32\ADVAPI32.dll
0x00007ff84fce0000 - 0x00007ff84fcec000 	C:\windows\SYSTEM32\VCRUNTIME140_1.dll
0x00007ff8b4110000 - 0x00007ff8b41ae000 	C:\windows\System32\msvcrt.dll
0x00007ff8b2940000 - 0x00007ff8b3083000 	C:\windows\System32\SHELL32.dll
0x00007ff8b3090000 - 0x00007ff8b312c000 	C:\windows\System32\sechost.dll
0x00007ff88d150000 - 0x00007ff88d1c9000 	D:\Xilinx\Vivado\2021.1\lib\win64.o\libboost_program_options.dll
0x00007ff8b3730000 - 0x00007ff8b3855000 	C:\windows\System32\RPCRT4.dll
0x00007ff8b3e00000 - 0x00007ff8b3e6b000 	C:\windows\System32\WS2_32.dll
0x00007ff88a290000 - 0x00007ff88a3a4000 	D:\Xilinx\Vivado\2021.1\lib\win64.o\libboost_regex.dll
0x00007ff8b1fb0000 - 0x00007ff8b1fd7000 	C:\windows\System32\bcrypt.dll
0x00007ff8901a0000 - 0x00007ff8901bc000 	D:\Xilinx\Vivado\2021.1\lib\win64.o\libboost_thread.dll
0x00007ff88cee0000 - 0x00007ff88cf62000 	D:\Xilinx\Vivado\2021.1\lib\win64.o\libhdlpsolve.dll
0x00007ff8ac730000 - 0x00007ff8ac73c000 	D:\Xilinx\Vivado\2021.1\lib\win64.o\libboost_xilinx.dll
0x00007ff886b50000 - 0x00007ff886bf5000 	D:\Xilinx\Vivado\2021.1\lib\win64.o\libhdxml.dll
0x00007ff8ace70000 - 0x00007ff8ace79000 	D:\Xilinx\Vivado\2021.1\lib\win64.o\librdi_commonversion.dll
0x00007ff88cf70000 - 0x00007ff88cf9a000 	D:\Xilinx\Vivado\2021.1\lib\win64.o\libisl_sysinfo.dll
0x00007ff86ff70000 - 0x00007ff870f11200 	D:\Xilinx\Vivado\2021.1\lib\win64.o\libisl_iostreams.dll
0x00007ff891660000 - 0x00007ff8917fc000 	D:\Xilinx\Vivado\2021.1\lib\win64.o\librdi_commonxillic.dll
0x000000006f0d0000 - 0x000000006f1fb000 	D:\Xilinx\Vivado\2021.1\lib\win64.o\tcl85t.dll
0x00007ff888ed0000 - 0x00007ff888f35000 	D:\Xilinx\Vivado\2021.1\lib\win64.o\liblmx6.0.dll
0x00007ff896b90000 - 0x00007ff896baa000 	D:\Xilinx\Vivado\2021.1\lib\win64.o\pthreadVC2.dll
0x00007ff88cdd0000 - 0x00007ff88cdec000 	D:\Xilinx\Vivado\2021.1\lib\win64.o\librdiconfig.dll
0x00007ff8b3400000 - 0x00007ff8b3455000 	C:\windows\System32\SHLWAPI.dll
0x00007ff891c70000 - 0x00007ff891c91000 	D:\Xilinx\Vivado\2021.1\lib\win64.o\librdizlib.dll
0x00007ff895c20000 - 0x00007ff895c39000 	C:\windows\SYSTEM32\NETAPI32.dll
0x00007ff894a80000 - 0x00007ff894f56000 	C:\windows\SYSTEM32\WININET.dll
0x00007ff8ac600000 - 0x00007ff8ac70a000 	C:\windows\SYSTEM32\WINHTTP.dll
0x0000000012000000 - 0x0000000012270000 	D:\Xilinx\Vivado\2021.1\lib\win64.o\xerces-c_3_1.dll
0x00007ff8972e0000 - 0x00007ff8974cc000 	C:\windows\SYSTEM32\urlmon.dll
0x00007ff890a20000 - 0x00007ff890a29000 	C:\windows\SYSTEM32\WSOCK32.dll
0x00007ff8695b0000 - 0x00007ff86b4c7000 	D:\Xilinx\Vivado\2021.1\lib\win64.o\gurobi90.dll
0x00007ff8b1db0000 - 0x00007ff8b1f06000 	C:\windows\System32\CRYPT32.dll
0x00007ff88a250000 - 0x00007ff88a281000 	C:\windows\SYSTEM32\VCOMP140.DLL
0x00007ff8b41b0000 - 0x00007ff8b4206000 	C:\windows\System32\WLDAP32.dll
0x00007ff8b33f0000 - 0x00007ff8b33f8000 	C:\windows\System32\Normaliz.dll
0x00007ff88d1d0000 - 0x00007ff88d1f4000 	D:\Xilinx\Vivado\2021.1\lib\win64.o\libisl_iosutils.dll
0x00007ff8aa5d0000 - 0x00007ff8aa5e8000 	D:\Xilinx\Vivado\2021.1\lib\win64.o\libboost_iostreams.dll
0x00007ff88a3b0000 - 0x00007ff88a6c6000 	D:\Xilinx\Vivado\2021.1\lib\win64.o\libXil_lmgr11.dll
0x00007ff8b2700000 - 0x00007ff8b27da000 	C:\windows\System32\COMDLG32.dll
0x00007ff8b42c0000 - 0x00007ff8b4614000 	C:\windows\System32\combase.dll
0x00007ff8b4210000 - 0x00007ff8b42bd000 	C:\windows\System32\shcore.dll
0x00007ff89cc10000 - 0x00007ff89cec1000 	C:\windows\SYSTEM32\iertutil.dll
0x00007ff8972b0000 - 0x00007ff8972d8000 	C:\windows\SYSTEM32\srvcli.dll
0x00007ff8b1370000 - 0x00007ff8b137c000 	C:\windows\SYSTEM32\netutils.dll
0x00007ff8b3460000 - 0x00007ff8b352d000 	C:\windows\System32\OLEAUT32.dll
0x00007ff8b3cd0000 - 0x00007ff8b3dfa000 	C:\windows\System32\ole32.dll
0x00007ff8b24c0000 - 0x00007ff8b2529000 	C:\windows\System32\WINTRUST.dll
0x00007ff895d00000 - 0x00007ff895db0000 	C:\windows\WinSxS\amd64_microsoft.windows.common-controls_6595b64144ccf1df_5.82.19041.1110_none_792d1c772443f647\COMCTL32.dll
0x00007ff8aaaa0000 - 0x00007ff8aaabd000 	C:\windows\SYSTEM32\dhcpcsvc.DLL
0x00007ff8b1570000 - 0x00007ff8b15da000 	C:\windows\SYSTEM32\MSWSOCK.DLL
0x00007ff8b1c70000 - 0x00007ff8b1c9e000 	C:\windows\SYSTEM32\USERENV.dll
0x00007ff8b4620000 - 0x00007ff8b4650000 	C:\windows\System32\IMM32.DLL
0x00007ff8b19a0000 - 0x00007ff8b19b2000 	C:\windows\SYSTEM32\MSASN1.dll
0x00007ff8b0630000 - 0x00007ff8b0642000 	C:\windows\SYSTEM32\kernel.appcore.dll
0x00007ff879ff0000 - 0x00007ff87a523000 	D:\Xilinx\Vivado\2021.1\lib\win64.o\librdi_commontasks.dll
0x00007ff8aaa10000 - 0x00007ff8aaa1a000 	C:\windows\SYSTEM32\VERSION.dll
0x00007ff86de70000 - 0x00007ff86e190000 	D:\Xilinx\Vivado\2021.1\lib\win64.o\librdi_sio.dll
0x00007ff86e190000 - 0x00007ff86ecb3000 	D:\Xilinx\Vivado\2021.1\tps\win64\jre11.0.2\bin\server\jvm.dll
0x00007ff8b1210000 - 0x00007ff8b124b000 	C:\windows\SYSTEM32\IPHLPAPI.DLL
0x00007ff8b40a0000 - 0x00007ff8b40a8000 	C:\windows\System32\PSAPI.DLL
0x00007ff89d400000 - 0x00007ff89d427000 	C:\windows\SYSTEM32\WINMM.dll
0x00007ff8afe80000 - 0x00007ff8b0615000 	C:\windows\SYSTEM32\windows.storage.dll
0x00007ff8b1810000 - 0x00007ff8b1840000 	C:\windows\SYSTEM32\Wldp.dll
0x00007ff866a20000 - 0x00007ff8695b0000 	D:\Xilinx\Vivado\2021.1\lib\win64.o\librdi_tcltasks.dll
0x00007ff87c070000 - 0x00007ff87c228000 	D:\Xilinx\Vivado\2021.1\lib\win64.o\librdi_board.dll
0x00007ff866550000 - 0x00007ff866a20000 	D:\Xilinx\Vivado\2021.1\lib\win64.o\librdi_bitstream.dll
0x00007ff886ad0000 - 0x00007ff886b4e000 	D:\Xilinx\Vivado\2021.1\lib\win64.o\librdi_boarddep.dll
0x00007ff8869d0000 - 0x00007ff886ac7000 	D:\Xilinx\Vivado\2021.1\lib\win64.o\librdi_chipscope.dll
0x00007ff821300000 - 0x00007ff8231a4000 	D:\Xilinx\Vivado\2021.1\lib\win64.o\librdi_constraints.dll
0x00007ff86dc70000 - 0x00007ff86de66000 	D:\Xilinx\Vivado\2021.1\lib\win64.o\librdi_chipscopeimpl.dll
0x00007ff818cf0000 - 0x00007ff81b1f9000 	D:\Xilinx\Vivado\2021.1\lib\win64.o\librdi_coregen.dll
0x00007ff873030000 - 0x00007ff87318f000 	D:\Xilinx\Vivado\2021.1\lib\win64.o\librdi_containers.dll
0x00007ff864970000 - 0x00007ff865090000 	D:\Xilinx\Vivado\2021.1\lib\win64.o\librdi_coregenipxact.dll
0x00007ff823840000 - 0x00007ff82565c000 	D:\Xilinx\Vivado\2021.1\lib\win64.o\librdi_designutils.dll
0x00007fffe4230000 - 0x00007fffffff0000 	D:\Xilinx\Vivado\2021.1\lib\win64.o\librdi_device.dll
0x00007ff85a640000 - 0x00007ff85a9a1000 	D:\Xilinx\Vivado\2021.1\lib\win64.o\librdi_dlyest.dll
0x00007ff8231b0000 - 0x00007ff823835000 	D:\Xilinx\Vivado\2021.1\lib\win64.o\librdi_drc.dll
0x00007ff882e80000 - 0x00007ff882f35000 	D:\Xilinx\Vivado\2021.1\lib\win64.o\librdi_dsp.dll
0x00007ff820780000 - 0x00007ff820aa7000 	D:\Xilinx\Vivado\2021.1\lib\win64.o\librdi_guitools.dll
0x00007ff87d870000 - 0x00007ff87d8d9000 	D:\Xilinx\Vivado\2021.1\lib\win64.o\librdi_hdf.dll
0x00007ff820c80000 - 0x00007ff8212fb000 	D:\Xilinx\Vivado\2021.1\lib\win64.o\librdi_filemgmt.dll
0x00007ff85a3b0000 - 0x00007ff85a637000 	D:\Xilinx\Vivado\2021.1\lib\win64.o\librdi_hip_devdesign.dll
0x00007ff86db20000 - 0x00007ff86dc67000 	D:\Xilinx\Vivado\2021.1\lib\win64.o\librdi_hip_perf_analysis.dll
0x00007ff81f0f0000 - 0x00007ff82077a000 	D:\Xilinx\Vivado\2021.1\lib\win64.o\librdi_implflow.dll
0x00007ff879ee0000 - 0x00007ff879feb000 	D:\Xilinx\Vivado\2021.1\lib\win64.o\librdi_ipconfig_readwrite.dll
0x00007ff81eaa0000 - 0x00007ff81f0ee000 	D:\Xilinx\Vivado\2021.1\lib\win64.o\librdi_memdata.dll
0x00007ff87d7f0000 - 0x00007ff87d863000 	D:\Xilinx\Vivado\2021.1\lib\win64.o\librdi_memoryarray.dll
0x00007ff81e360000 - 0x00007ff81ea98000 	D:\Xilinx\Vivado\2021.1\lib\win64.o\librdi_netlist.dll
0x00007ff81be60000 - 0x00007ff81e35b000 	D:\Xilinx\Vivado\2021.1\lib\win64.o\librdi_mig.dll
0x00007ff87c000000 - 0x00007ff87c070000 	D:\Xilinx\Vivado\2021.1\lib\win64.o\librdi_noc_frameworks.dll
0x00007ff8837d0000 - 0x00007ff883826000 	D:\Xilinx\Vivado\2021.1\lib\win64.o\librdi_pfi.dll
0x00007ff81b200000 - 0x00007ff81b5b1000 	D:\Xilinx\Vivado\2021.1\lib\win64.o\librdi_platform.dll
0x00007ff8143e0000 - 0x00007ff817645000 	D:\Xilinx\Vivado\2021.1\lib\win64.o\librdi_place.dll
0x00007ff81b5c0000 - 0x00007ff81be5c000 	D:\Xilinx\Vivado\2021.1\lib\win64.o\librdi_power.dll
0x00007ff818620000 - 0x00007ff818cf0000 	D:\Xilinx\Vivado\2021.1\lib\win64.o\librdi_project.dll
0x00007ff817ef0000 - 0x00007ff818619000 	D:\Xilinx\Vivado\2021.1\lib\win64.o\librdi_psta.dll
0x00007ff817650000 - 0x00007ff817ee5000 	D:\Xilinx\Vivado\2021.1\lib\win64.o\librdi_rsb.dll
0x00007ff813ea0000 - 0x00007ff8143d1000 	D:\Xilinx\Vivado\2021.1\lib\win64.o\librdi_runs.dll
0x00007ff878ba0000 - 0x00007ff878cb5000 	D:\Xilinx\Vivado\2021.1\lib\win64.o\librdi_runsbase.dll
0x00007ff8122c0000 - 0x00007ff81336c000 	D:\Xilinx\Vivado\2021.1\lib\win64.o\librdi_timing.dll
0x00007ff844a80000 - 0x00007ff844cf8000 	D:\Xilinx\Vivado\2021.1\lib\win64.o\librdi_simdata.dll
0x00007ff86cc10000 - 0x00007ff86cd24000 	D:\Xilinx\Vivado\2021.1\lib\win64.o\librdi_xhub.dll
0x00007ff879d90000 - 0x00007ff879e37000 	D:\Xilinx\Vivado\2021.1\lib\win64.o\librdi_xhubtasks.dll
0x00007ff813370000 - 0x00007ff813e96000 	D:\Xilinx\Vivado\2021.1\lib\win64.o\librdi_cdoutil.dll
0x00007ff8120d0000 - 0x00007ff8122b5000 	D:\Xilinx\Vivado\2021.1\lib\win64.o\librdi_advchipscopeimpl.dll
0x00007ff889700000 - 0x00007ff889744000 	D:\Xilinx\Vivado\2021.1\lib\win64.o\libboost_serialization.dll
0x00007ff879d40000 - 0x00007ff879d8a000 	D:\Xilinx\Vivado\2021.1\lib\win64.o\libboost_graph.dll
0x00007ff866410000 - 0x00007ff86654f000 	D:\Xilinx\Vivado\2021.1\lib\win64.o\librdi_bda.dll
0x00007ff80ca80000 - 0x00007ff80d29a000 	D:\Xilinx\Vivado\2021.1\lib\win64.o\librdi_ippcw.dll
0x00007ff80bf20000 - 0x00007ff80ca76000 	D:\Xilinx\Vivado\2021.1\lib\win64.o\libverific.dll
0x00007ff811840000 - 0x00007ff811b73000 	D:\Xilinx\Vivado\2021.1\lib\win64.o\librdi_hip_config.dll

dbghelp: loaded successfully - version: 4.0.5 - missing functions: none
symbol engine: initialized successfully - sym options: 0x614 - pdb path: .;D:\Xilinx\Vivado\2021.1\bin\unwrapped\win64.o;C:\windows\SYSTEM32;D:\Xilinx\Vivado\2021.1\lib\win64.o;C:\windows\WinSxS\amd64_microsoft.windows.common-controls_6595b64144ccf1df_5.82.19041.1110_none_792d1c772443f647;D:\Xilinx\Vivado\2021.1\tps\win64\jre11.0.2\bin\server;D:\Xilinx\Vivado\2021.1\tps\win64\python-3.8.3;D:\Xilinx\Vivado\2021.1\tps\win64\jre11.0.2\bin;C:\windows\WinSxS\amd64_microsoft.windows.common-controls_6595b64144ccf1df_6.0.19041.1110_none_60b5254171f9507e

VM Arguments:
jvm_args: -Dsun.java2d.pmoffscreen=false -Dhttps.protocols=TLSv1,TLSv1.1,TLSv1.2 -Dsun.java2d.xrender=false -Dsun.java2d.d3d=false -Dsun.awt.nopixfmt=true -Dsun.java2d.dpiaware=true -Dsun.java2d.uiScale.enabled=false -Xverify:none -Dswing.aatext=true -XX:-UsePerfData -Djdk.map.althashing.threshold=512 -XX:StringTableSize=4072 --add-opens=java.base/java.nio=ALL-UNNAMED --add-opens=java.desktop/sun.swing=ALL-UNNAMED --add-opens=java.desktop/javax.swing=ALL-UNNAMED --add-opens=java.desktop/javax.swing.tree=ALL-UNNAMED --add-opens=java.desktop/javax.swing.plaf.basic=ALL-UNNAMED --add-opens=java.desktop/javax.swing.plaf.synth=ALL-UNNAMED --add-opens=java.desktop/com.sun.awt=ALL-UNNAMED -XX:NewSize=60m -XX:MaxNewSize=60m -Xms256m -Xmx3072m -Xss5m 
java_command: <unknown>
java_class_path (initial): D:/Xilinx/Vivado/2021.1\lib\classes\alloy.jar;D:/Xilinx/Vivado/2021.1\lib\classes\autoesl-models.jar;D:/Xilinx/Vivado/2021.1\lib\classes\autopilot.scelaborator.jar;D:/Xilinx/Vivado/2021.1\lib\classes\autopilot.sourceprocessor.jar;D:/Xilinx/Vivado/2021.1\lib\classes\autopilot.tbprocessor.jar;D:/Xilinx/Vivado/2021.1\lib\classes\batik-anim.jar;D:/Xilinx/Vivado/2021.1\lib\classes\batik-awt-util.jar;D:/Xilinx/Vivado/2021.1\lib\classes\batik-bridge.jar;D:/Xilinx/Vivado/2021.1\lib\classes\batik-codec.jar;D:/Xilinx/Vivado/2021.1\lib\classes\batik-css.jar;D:/Xilinx/Vivado/2021.1\lib\classes\batik-dom.jar;D:/Xilinx/Vivado/2021.1\lib\classes\batik-ext.jar;D:/Xilinx/Vivado/2021.1\lib\classes\batik-gui-util.jar;D:/Xilinx/Vivado/2021.1\lib\classes\batik-gvt.jar;D:/Xilinx/Vivado/2021.1\lib\classes\batik-parser.jar;D:/Xilinx/Vivado/2021.1\lib\classes\batik-script.jar;D:/Xilinx/Vivado/2021.1\lib\classes\batik-svg-dom.jar;D:/Xilinx/Vivado/2021.1\lib\classes\batik-svggen.jar;D:/Xilinx/Vivado/2021.1\lib\classes\batik-swing.jar;D:/Xilinx/Vivado/2021.1\lib\classes\batik-transcoder.jar;D:/Xilinx/Vivado/2021.1\lib\classes\batik-util.jar;D:/Xilinx/Vivado/2021.1\lib\classes\batik-xml.jar;D:/Xilinx/Vivado/2021.1\lib\classes\com.google.gson_2.8.2.v20180104-1110.jar;D:/Xilinx/Vivado/2021.1\lib\classes\com.google.guava_27.1.0.v20190517-1946.jar;D:/Xilinx/Vivado/2021.1\lib\classes\com.ibm.icu_4.4.2.v20110208.jar;D:/Xilinx/Vivado/2021.1\lib\classes\com.sigasi.hdt.connection_4.11.0.202105170810.jar;D:/Xilinx/Vivado/2021.1\lib\classes\com.sigasi.hdt.epl_4.11.0.202105170810.jar;D:/Xilinx/Vivado/2021.1\lib\classes\com.sigasi.hdt.project_4.11.0.202105170810.jar;D:/Xilinx/Vivado/2021.1\lib\classes\com.sigasi.hdt.readonlyfilesystem_4.11.0.202105170810.jar;D:/Xilinx/Vivado/2021.1\lib\classes\com.sigasi.hdt.shared_4.11.0.202105170810.jar;D:/Xilinx/Vivado/2021.1\lib\classes\com.sigasi.lcm_4.11.0.202105170810.jar;D:/Xilinx/Vivado/2021.1\lib\classes\com.sigasi.sdk.client_4.11.0.20
Launcher Type: generic

[Global flags]
     bool BytecodeVerificationLocal                = false                                     {product} {command line}
     bool BytecodeVerificationRemote               = false                                     {product} {command line}
     intx CICompilerCount                          = 4                                         {product} {ergonomic}
     uint ConcGCThreads                            = 2                                         {product} {ergonomic}
     uint G1ConcRefinementThreads                  = 8                                         {product} {ergonomic}
   size_t G1HeapRegionSize                         = 1048576                                   {product} {ergonomic}
    uintx GCDrainStackTargetSize                   = 64                                        {product} {ergonomic}
   size_t InitialHeapSize                          = 268435456                                 {product} {command line}
   size_t MarkStackSize                            = 4194304                                   {product} {ergonomic}
   size_t MaxHeapSize                              = 3221225472                                {product} {command line}
   size_t MaxNewSize                               = 62914560                                  {product} {command line}
   size_t MinHeapDeltaBytes                        = 1048576                                   {product} {ergonomic}
   size_t NewSize                                  = 62914560                                  {product} {command line}
    uintx NonNMethodCodeHeapSize                   = 5835340                                {pd product} {ergonomic}
    uintx NonProfiledCodeHeapSize                  = 122911450                              {pd product} {ergonomic}
    uintx ProfiledCodeHeapSize                     = 122911450                              {pd product} {ergonomic}
    uintx ReservedCodeCacheSize                    = 251658240                              {pd product} {ergonomic}
     bool SegmentedCodeCache                       = true                                      {product} {ergonomic}
    uintx StringTableSize                          = 4072                                      {product} {command line}
     intx ThreadStackSize                          = 5120                                   {pd product} {command line}
     bool UseCompressedClassPointers               = true                                 {lp64_product} {ergonomic}
     bool UseCompressedOops                        = true                                 {lp64_product} {ergonomic}
     bool UseG1GC                                  = true                                      {product} {ergonomic}
     bool UseLargePagesIndividualAllocation        = false                                  {pd product} {ergonomic}
     bool UsePerfData                              = false                                     {product} {command line}

Logging:
Log output configuration:
 #0: stdout all=warning uptime,level,tags
 #1: stderr all=off uptime,level,tags

Environment Variables:
PATH=D:/Xilinx/Vivado/2021.1\gnuwin\bin;D:/Xilinx/Vivado/2021.1\gnu\microblaze\nt\bin;D:/Xilinx/Vivado/2021.1/bin;D:/Xilinx/Vivado/2021.1/tps/win64/javafx-sdk-11.0.2/lib;D:/Xilinx/Vivado/2021.1/tps/win64/javafx-sdk-11.0.2/bin;D:/Xilinx/Vivado/2021.1/lib/win64.o;D:/Xilinx/Vivado/2021.1/tps/win64/jre11.0.2/bin/server;D:/Xilinx/Vivado/2021.1/tps/win64/jre11.0.2/bin;D:/Xilinx/Vitis/2021.1/bin;D:/Xilinx/Vivado/2021.1/ids_lite/ISE/bin/nt64;D:/Xilinx/Vivado/2021.1/ids_lite/ISE/lib/nt64;D:/Xilinx/Vitis_HLS/2021.1/bin;C:\Program Files (x86)\VMware\VMware Player\bin\;C:\windows\system32;C:\windows;C:\windows\System32\Wbem;C:\windows\System32\WindowsPowerShell\v1.0\;C:\windows\System32\OpenSSH\;C:\Program Files (x86)\NVIDIA Corporation\PhysX\Common;C:\Program Files\NVIDIA Corporation\NVIDIA NvDLISR;C:\Program Files\PuTTY\;C:\Program Files\Git\cmd;D:\Vivado\2022.1\bin\;D:\Vitis\2022.1\bin\;D:\Vitis_HLS\2022.1\bin\;C:\Users\tangi\AppData\Local\Microsoft\WindowsApps;;D:/Xilinx/Vivado/2021.1\tps\mingw\6.2.0\win64.o\nt\bin;D:/Xilinx/Vivado/2021.1\tps\mingw\6.2.0\win64.o\nt\libexec\gcc\x86_64-w64-mingw32\6.2.0;D:/Xilinx/Vivado/2021.1\tps\win64\python-3.8.3;D:/Xilinx/Vivado/2021.1\tps\win64\python-3.8.3\bin;D:/Xilinx/Vivado/2021.1\tps\win64\python-3.8.3\lib;D:/Xilinx/Vivado/2021.1\tps\win64\python-3.8.3\lib\site-packages
USERNAME=tangi
OS=Windows_NT
PROCESSOR_IDENTIFIER=Intel64 Family 6 Model 140 Stepping 1, GenuineIntel



---------------  S Y S T E M  ---------------

OS: Windows 10 , 64 bit Build 19041 (10.0.19041.1889)

CPU:total 8 (initial active 8) (4 cores per cpu, 2 threads per core) family 6 model 140 stepping 1, cmov, cx8, fxsr, mmx, sse, sse2, sse3, ssse3, sse4.1, sse4.2, popcnt, avx, avx2, aes, clmul, erms, 3dnowpref, lzcnt, ht, tsc, tscinvbit, bmi1, bmi2, adx, evex, sha, fma

Memory: 4k page, system-wide physical 16129M (609M free)
TotalPageFile size 46550M (AvailPageFile size 15M)
current process WorkingSet (physical memory assigned to process): 555M, peak: 2171M
current process commit charge ("private bytes"): 2227M, peak: 2263M

vm_info: OpenJDK 64-Bit Server VM (11.0.2+9) for windows-amd64 JRE (11.0.2+9), built on Jan 18 2019 05:23:22 by "mach5one" with MS VC++ 15.5 (VS2017)

END.
