Copyright 1986-2021 Xilinx, Inc. All Rights Reserved.
-----------------------------------------------------------------------------------------------------------------------------------------------
| Tool Version : Vivado v.2021.1 (win64) Build 3247384 Thu Jun 10 19:36:33 MDT 2021
| Date         : Sat Nov  5 15:44:22 2022
| Host         : LAPTOP-V2QN0M4Q running 64-bit major release  (build 9200)
| Command      : report_methodology -file top_methodology_drc_routed.rpt -pb top_methodology_drc_routed.pb -rpx top_methodology_drc_routed.rpx
| Design       : top
| Device       : xc7a100tftg256-1
| Speed File   : -1
| Design State : Fully Routed
-----------------------------------------------------------------------------------------------------------------------------------------------

Report Methodology

Table of Contents
-----------------
1. REPORT SUMMARY
2. REPORT DETAILS

1. REPORT SUMMARY
-----------------
            Netlist: netlist
          Floorplan: design_1
      Design limits: <entire design considered>
             Max violations: <unlimited>
             Violations found: 287
+-----------+------------------+-------------------------------------------------+------------+
| Rule      | Severity         | Description                                     | Violations |
+-----------+------------------+-------------------------------------------------+------------+
| TIMING-17 | Critical Warning | Non-clocked sequential cell                     | 256        |
| LUTAR-1   | Warning          | LUT drives async reset alert                    | 4          |
| PDRC-190  | Warning          | Suboptimally placed synchronized register chain | 11         |
| TIMING-23 | Warning          | Combinational loop found                        | 16         |
+-----------+------------------+-------------------------------------------------+------------+

2. REPORT DETAILS
-----------------
TIMING-17#1 Critical Warning
Non-clocked sequential cell  
The clock pin final_sensor/ro_sensor_multiple_instances[0].sensor/ro_counter/count_r_reg[0]/C is not reached by a timing clock
Related violations: <none>

TIMING-17#2 Critical Warning
Non-clocked sequential cell  
The clock pin final_sensor/ro_sensor_multiple_instances[0].sensor/ro_counter/count_r_reg[10]/C is not reached by a timing clock
Related violations: <none>

TIMING-17#3 Critical Warning
Non-clocked sequential cell  
The clock pin final_sensor/ro_sensor_multiple_instances[0].sensor/ro_counter/count_r_reg[11]/C is not reached by a timing clock
Related violations: <none>

TIMING-17#4 Critical Warning
Non-clocked sequential cell  
The clock pin final_sensor/ro_sensor_multiple_instances[0].sensor/ro_counter/count_r_reg[12]/C is not reached by a timing clock
Related violations: <none>

TIMING-17#5 Critical Warning
Non-clocked sequential cell  
The clock pin final_sensor/ro_sensor_multiple_instances[0].sensor/ro_counter/count_r_reg[13]/C is not reached by a timing clock
Related violations: <none>

TIMING-17#6 Critical Warning
Non-clocked sequential cell  
The clock pin final_sensor/ro_sensor_multiple_instances[0].sensor/ro_counter/count_r_reg[14]/C is not reached by a timing clock
Related violations: <none>

TIMING-17#7 Critical Warning
Non-clocked sequential cell  
The clock pin final_sensor/ro_sensor_multiple_instances[0].sensor/ro_counter/count_r_reg[15]/C is not reached by a timing clock
Related violations: <none>

TIMING-17#8 Critical Warning
Non-clocked sequential cell  
The clock pin final_sensor/ro_sensor_multiple_instances[0].sensor/ro_counter/count_r_reg[1]/C is not reached by a timing clock
Related violations: <none>

TIMING-17#9 Critical Warning
Non-clocked sequential cell  
The clock pin final_sensor/ro_sensor_multiple_instances[0].sensor/ro_counter/count_r_reg[2]/C is not reached by a timing clock
Related violations: <none>

TIMING-17#10 Critical Warning
Non-clocked sequential cell  
The clock pin final_sensor/ro_sensor_multiple_instances[0].sensor/ro_counter/count_r_reg[3]/C is not reached by a timing clock
Related violations: <none>

TIMING-17#11 Critical Warning
Non-clocked sequential cell  
The clock pin final_sensor/ro_sensor_multiple_instances[0].sensor/ro_counter/count_r_reg[4]/C is not reached by a timing clock
Related violations: <none>

TIMING-17#12 Critical Warning
Non-clocked sequential cell  
The clock pin final_sensor/ro_sensor_multiple_instances[0].sensor/ro_counter/count_r_reg[5]/C is not reached by a timing clock
Related violations: <none>

TIMING-17#13 Critical Warning
Non-clocked sequential cell  
The clock pin final_sensor/ro_sensor_multiple_instances[0].sensor/ro_counter/count_r_reg[6]/C is not reached by a timing clock
Related violations: <none>

TIMING-17#14 Critical Warning
Non-clocked sequential cell  
The clock pin final_sensor/ro_sensor_multiple_instances[0].sensor/ro_counter/count_r_reg[7]/C is not reached by a timing clock
Related violations: <none>

TIMING-17#15 Critical Warning
Non-clocked sequential cell  
The clock pin final_sensor/ro_sensor_multiple_instances[0].sensor/ro_counter/count_r_reg[8]/C is not reached by a timing clock
Related violations: <none>

TIMING-17#16 Critical Warning
Non-clocked sequential cell  
The clock pin final_sensor/ro_sensor_multiple_instances[0].sensor/ro_counter/count_r_reg[9]/C is not reached by a timing clock
Related violations: <none>

TIMING-17#17 Critical Warning
Non-clocked sequential cell  
The clock pin final_sensor/ro_sensor_multiple_instances[10].sensor/ro_counter/count_r_reg[0]/C is not reached by a timing clock
Related violations: <none>

TIMING-17#18 Critical Warning
Non-clocked sequential cell  
The clock pin final_sensor/ro_sensor_multiple_instances[10].sensor/ro_counter/count_r_reg[10]/C is not reached by a timing clock
Related violations: <none>

TIMING-17#19 Critical Warning
Non-clocked sequential cell  
The clock pin final_sensor/ro_sensor_multiple_instances[10].sensor/ro_counter/count_r_reg[11]/C is not reached by a timing clock
Related violations: <none>

TIMING-17#20 Critical Warning
Non-clocked sequential cell  
The clock pin final_sensor/ro_sensor_multiple_instances[10].sensor/ro_counter/count_r_reg[12]/C is not reached by a timing clock
Related violations: <none>

TIMING-17#21 Critical Warning
Non-clocked sequential cell  
The clock pin final_sensor/ro_sensor_multiple_instances[10].sensor/ro_counter/count_r_reg[13]/C is not reached by a timing clock
Related violations: <none>

TIMING-17#22 Critical Warning
Non-clocked sequential cell  
The clock pin final_sensor/ro_sensor_multiple_instances[10].sensor/ro_counter/count_r_reg[14]/C is not reached by a timing clock
Related violations: <none>

TIMING-17#23 Critical Warning
Non-clocked sequential cell  
The clock pin final_sensor/ro_sensor_multiple_instances[10].sensor/ro_counter/count_r_reg[15]/C is not reached by a timing clock
Related violations: <none>

TIMING-17#24 Critical Warning
Non-clocked sequential cell  
The clock pin final_sensor/ro_sensor_multiple_instances[10].sensor/ro_counter/count_r_reg[1]/C is not reached by a timing clock
Related violations: <none>

TIMING-17#25 Critical Warning
Non-clocked sequential cell  
The clock pin final_sensor/ro_sensor_multiple_instances[10].sensor/ro_counter/count_r_reg[2]/C is not reached by a timing clock
Related violations: <none>

TIMING-17#26 Critical Warning
Non-clocked sequential cell  
The clock pin final_sensor/ro_sensor_multiple_instances[10].sensor/ro_counter/count_r_reg[3]/C is not reached by a timing clock
Related violations: <none>

TIMING-17#27 Critical Warning
Non-clocked sequential cell  
The clock pin final_sensor/ro_sensor_multiple_instances[10].sensor/ro_counter/count_r_reg[4]/C is not reached by a timing clock
Related violations: <none>

TIMING-17#28 Critical Warning
Non-clocked sequential cell  
The clock pin final_sensor/ro_sensor_multiple_instances[10].sensor/ro_counter/count_r_reg[5]/C is not reached by a timing clock
Related violations: <none>

TIMING-17#29 Critical Warning
Non-clocked sequential cell  
The clock pin final_sensor/ro_sensor_multiple_instances[10].sensor/ro_counter/count_r_reg[6]/C is not reached by a timing clock
Related violations: <none>

TIMING-17#30 Critical Warning
Non-clocked sequential cell  
The clock pin final_sensor/ro_sensor_multiple_instances[10].sensor/ro_counter/count_r_reg[7]/C is not reached by a timing clock
Related violations: <none>

TIMING-17#31 Critical Warning
Non-clocked sequential cell  
The clock pin final_sensor/ro_sensor_multiple_instances[10].sensor/ro_counter/count_r_reg[8]/C is not reached by a timing clock
Related violations: <none>

TIMING-17#32 Critical Warning
Non-clocked sequential cell  
The clock pin final_sensor/ro_sensor_multiple_instances[10].sensor/ro_counter/count_r_reg[9]/C is not reached by a timing clock
Related violations: <none>

TIMING-17#33 Critical Warning
Non-clocked sequential cell  
The clock pin final_sensor/ro_sensor_multiple_instances[11].sensor/ro_counter/count_r_reg[0]/C is not reached by a timing clock
Related violations: <none>

TIMING-17#34 Critical Warning
Non-clocked sequential cell  
The clock pin final_sensor/ro_sensor_multiple_instances[11].sensor/ro_counter/count_r_reg[10]/C is not reached by a timing clock
Related violations: <none>

TIMING-17#35 Critical Warning
Non-clocked sequential cell  
The clock pin final_sensor/ro_sensor_multiple_instances[11].sensor/ro_counter/count_r_reg[11]/C is not reached by a timing clock
Related violations: <none>

TIMING-17#36 Critical Warning
Non-clocked sequential cell  
The clock pin final_sensor/ro_sensor_multiple_instances[11].sensor/ro_counter/count_r_reg[12]/C is not reached by a timing clock
Related violations: <none>

TIMING-17#37 Critical Warning
Non-clocked sequential cell  
The clock pin final_sensor/ro_sensor_multiple_instances[11].sensor/ro_counter/count_r_reg[13]/C is not reached by a timing clock
Related violations: <none>

TIMING-17#38 Critical Warning
Non-clocked sequential cell  
The clock pin final_sensor/ro_sensor_multiple_instances[11].sensor/ro_counter/count_r_reg[14]/C is not reached by a timing clock
Related violations: <none>

TIMING-17#39 Critical Warning
Non-clocked sequential cell  
The clock pin final_sensor/ro_sensor_multiple_instances[11].sensor/ro_counter/count_r_reg[15]/C is not reached by a timing clock
Related violations: <none>

TIMING-17#40 Critical Warning
Non-clocked sequential cell  
The clock pin final_sensor/ro_sensor_multiple_instances[11].sensor/ro_counter/count_r_reg[1]/C is not reached by a timing clock
Related violations: <none>

TIMING-17#41 Critical Warning
Non-clocked sequential cell  
The clock pin final_sensor/ro_sensor_multiple_instances[11].sensor/ro_counter/count_r_reg[2]/C is not reached by a timing clock
Related violations: <none>

TIMING-17#42 Critical Warning
Non-clocked sequential cell  
The clock pin final_sensor/ro_sensor_multiple_instances[11].sensor/ro_counter/count_r_reg[3]/C is not reached by a timing clock
Related violations: <none>

TIMING-17#43 Critical Warning
Non-clocked sequential cell  
The clock pin final_sensor/ro_sensor_multiple_instances[11].sensor/ro_counter/count_r_reg[4]/C is not reached by a timing clock
Related violations: <none>

TIMING-17#44 Critical Warning
Non-clocked sequential cell  
The clock pin final_sensor/ro_sensor_multiple_instances[11].sensor/ro_counter/count_r_reg[5]/C is not reached by a timing clock
Related violations: <none>

TIMING-17#45 Critical Warning
Non-clocked sequential cell  
The clock pin final_sensor/ro_sensor_multiple_instances[11].sensor/ro_counter/count_r_reg[6]/C is not reached by a timing clock
Related violations: <none>

TIMING-17#46 Critical Warning
Non-clocked sequential cell  
The clock pin final_sensor/ro_sensor_multiple_instances[11].sensor/ro_counter/count_r_reg[7]/C is not reached by a timing clock
Related violations: <none>

TIMING-17#47 Critical Warning
Non-clocked sequential cell  
The clock pin final_sensor/ro_sensor_multiple_instances[11].sensor/ro_counter/count_r_reg[8]/C is not reached by a timing clock
Related violations: <none>

TIMING-17#48 Critical Warning
Non-clocked sequential cell  
The clock pin final_sensor/ro_sensor_multiple_instances[11].sensor/ro_counter/count_r_reg[9]/C is not reached by a timing clock
Related violations: <none>

TIMING-17#49 Critical Warning
Non-clocked sequential cell  
The clock pin final_sensor/ro_sensor_multiple_instances[12].sensor/ro_counter/count_r_reg[0]/C is not reached by a timing clock
Related violations: <none>

TIMING-17#50 Critical Warning
Non-clocked sequential cell  
The clock pin final_sensor/ro_sensor_multiple_instances[12].sensor/ro_counter/count_r_reg[10]/C is not reached by a timing clock
Related violations: <none>

TIMING-17#51 Critical Warning
Non-clocked sequential cell  
The clock pin final_sensor/ro_sensor_multiple_instances[12].sensor/ro_counter/count_r_reg[11]/C is not reached by a timing clock
Related violations: <none>

TIMING-17#52 Critical Warning
Non-clocked sequential cell  
The clock pin final_sensor/ro_sensor_multiple_instances[12].sensor/ro_counter/count_r_reg[12]/C is not reached by a timing clock
Related violations: <none>

TIMING-17#53 Critical Warning
Non-clocked sequential cell  
The clock pin final_sensor/ro_sensor_multiple_instances[12].sensor/ro_counter/count_r_reg[13]/C is not reached by a timing clock
Related violations: <none>

TIMING-17#54 Critical Warning
Non-clocked sequential cell  
The clock pin final_sensor/ro_sensor_multiple_instances[12].sensor/ro_counter/count_r_reg[14]/C is not reached by a timing clock
Related violations: <none>

TIMING-17#55 Critical Warning
Non-clocked sequential cell  
The clock pin final_sensor/ro_sensor_multiple_instances[12].sensor/ro_counter/count_r_reg[15]/C is not reached by a timing clock
Related violations: <none>

TIMING-17#56 Critical Warning
Non-clocked sequential cell  
The clock pin final_sensor/ro_sensor_multiple_instances[12].sensor/ro_counter/count_r_reg[1]/C is not reached by a timing clock
Related violations: <none>

TIMING-17#57 Critical Warning
Non-clocked sequential cell  
The clock pin final_sensor/ro_sensor_multiple_instances[12].sensor/ro_counter/count_r_reg[2]/C is not reached by a timing clock
Related violations: <none>

TIMING-17#58 Critical Warning
Non-clocked sequential cell  
The clock pin final_sensor/ro_sensor_multiple_instances[12].sensor/ro_counter/count_r_reg[3]/C is not reached by a timing clock
Related violations: <none>

TIMING-17#59 Critical Warning
Non-clocked sequential cell  
The clock pin final_sensor/ro_sensor_multiple_instances[12].sensor/ro_counter/count_r_reg[4]/C is not reached by a timing clock
Related violations: <none>

TIMING-17#60 Critical Warning
Non-clocked sequential cell  
The clock pin final_sensor/ro_sensor_multiple_instances[12].sensor/ro_counter/count_r_reg[5]/C is not reached by a timing clock
Related violations: <none>

TIMING-17#61 Critical Warning
Non-clocked sequential cell  
The clock pin final_sensor/ro_sensor_multiple_instances[12].sensor/ro_counter/count_r_reg[6]/C is not reached by a timing clock
Related violations: <none>

TIMING-17#62 Critical Warning
Non-clocked sequential cell  
The clock pin final_sensor/ro_sensor_multiple_instances[12].sensor/ro_counter/count_r_reg[7]/C is not reached by a timing clock
Related violations: <none>

TIMING-17#63 Critical Warning
Non-clocked sequential cell  
The clock pin final_sensor/ro_sensor_multiple_instances[12].sensor/ro_counter/count_r_reg[8]/C is not reached by a timing clock
Related violations: <none>

TIMING-17#64 Critical Warning
Non-clocked sequential cell  
The clock pin final_sensor/ro_sensor_multiple_instances[12].sensor/ro_counter/count_r_reg[9]/C is not reached by a timing clock
Related violations: <none>

TIMING-17#65 Critical Warning
Non-clocked sequential cell  
The clock pin final_sensor/ro_sensor_multiple_instances[13].sensor/ro_counter/count_r_reg[0]/C is not reached by a timing clock
Related violations: <none>

TIMING-17#66 Critical Warning
Non-clocked sequential cell  
The clock pin final_sensor/ro_sensor_multiple_instances[13].sensor/ro_counter/count_r_reg[10]/C is not reached by a timing clock
Related violations: <none>

TIMING-17#67 Critical Warning
Non-clocked sequential cell  
The clock pin final_sensor/ro_sensor_multiple_instances[13].sensor/ro_counter/count_r_reg[11]/C is not reached by a timing clock
Related violations: <none>

TIMING-17#68 Critical Warning
Non-clocked sequential cell  
The clock pin final_sensor/ro_sensor_multiple_instances[13].sensor/ro_counter/count_r_reg[12]/C is not reached by a timing clock
Related violations: <none>

TIMING-17#69 Critical Warning
Non-clocked sequential cell  
The clock pin final_sensor/ro_sensor_multiple_instances[13].sensor/ro_counter/count_r_reg[13]/C is not reached by a timing clock
Related violations: <none>

TIMING-17#70 Critical Warning
Non-clocked sequential cell  
The clock pin final_sensor/ro_sensor_multiple_instances[13].sensor/ro_counter/count_r_reg[14]/C is not reached by a timing clock
Related violations: <none>

TIMING-17#71 Critical Warning
Non-clocked sequential cell  
The clock pin final_sensor/ro_sensor_multiple_instances[13].sensor/ro_counter/count_r_reg[15]/C is not reached by a timing clock
Related violations: <none>

TIMING-17#72 Critical Warning
Non-clocked sequential cell  
The clock pin final_sensor/ro_sensor_multiple_instances[13].sensor/ro_counter/count_r_reg[1]/C is not reached by a timing clock
Related violations: <none>

TIMING-17#73 Critical Warning
Non-clocked sequential cell  
The clock pin final_sensor/ro_sensor_multiple_instances[13].sensor/ro_counter/count_r_reg[2]/C is not reached by a timing clock
Related violations: <none>

TIMING-17#74 Critical Warning
Non-clocked sequential cell  
The clock pin final_sensor/ro_sensor_multiple_instances[13].sensor/ro_counter/count_r_reg[3]/C is not reached by a timing clock
Related violations: <none>

TIMING-17#75 Critical Warning
Non-clocked sequential cell  
The clock pin final_sensor/ro_sensor_multiple_instances[13].sensor/ro_counter/count_r_reg[4]/C is not reached by a timing clock
Related violations: <none>

TIMING-17#76 Critical Warning
Non-clocked sequential cell  
The clock pin final_sensor/ro_sensor_multiple_instances[13].sensor/ro_counter/count_r_reg[5]/C is not reached by a timing clock
Related violations: <none>

TIMING-17#77 Critical Warning
Non-clocked sequential cell  
The clock pin final_sensor/ro_sensor_multiple_instances[13].sensor/ro_counter/count_r_reg[6]/C is not reached by a timing clock
Related violations: <none>

TIMING-17#78 Critical Warning
Non-clocked sequential cell  
The clock pin final_sensor/ro_sensor_multiple_instances[13].sensor/ro_counter/count_r_reg[7]/C is not reached by a timing clock
Related violations: <none>

TIMING-17#79 Critical Warning
Non-clocked sequential cell  
The clock pin final_sensor/ro_sensor_multiple_instances[13].sensor/ro_counter/count_r_reg[8]/C is not reached by a timing clock
Related violations: <none>

TIMING-17#80 Critical Warning
Non-clocked sequential cell  
The clock pin final_sensor/ro_sensor_multiple_instances[13].sensor/ro_counter/count_r_reg[9]/C is not reached by a timing clock
Related violations: <none>

TIMING-17#81 Critical Warning
Non-clocked sequential cell  
The clock pin final_sensor/ro_sensor_multiple_instances[14].sensor/ro_counter/count_r_reg[0]/C is not reached by a timing clock
Related violations: <none>

TIMING-17#82 Critical Warning
Non-clocked sequential cell  
The clock pin final_sensor/ro_sensor_multiple_instances[14].sensor/ro_counter/count_r_reg[10]/C is not reached by a timing clock
Related violations: <none>

TIMING-17#83 Critical Warning
Non-clocked sequential cell  
The clock pin final_sensor/ro_sensor_multiple_instances[14].sensor/ro_counter/count_r_reg[11]/C is not reached by a timing clock
Related violations: <none>

TIMING-17#84 Critical Warning
Non-clocked sequential cell  
The clock pin final_sensor/ro_sensor_multiple_instances[14].sensor/ro_counter/count_r_reg[12]/C is not reached by a timing clock
Related violations: <none>

TIMING-17#85 Critical Warning
Non-clocked sequential cell  
The clock pin final_sensor/ro_sensor_multiple_instances[14].sensor/ro_counter/count_r_reg[13]/C is not reached by a timing clock
Related violations: <none>

TIMING-17#86 Critical Warning
Non-clocked sequential cell  
The clock pin final_sensor/ro_sensor_multiple_instances[14].sensor/ro_counter/count_r_reg[14]/C is not reached by a timing clock
Related violations: <none>

TIMING-17#87 Critical Warning
Non-clocked sequential cell  
The clock pin final_sensor/ro_sensor_multiple_instances[14].sensor/ro_counter/count_r_reg[15]/C is not reached by a timing clock
Related violations: <none>

TIMING-17#88 Critical Warning
Non-clocked sequential cell  
The clock pin final_sensor/ro_sensor_multiple_instances[14].sensor/ro_counter/count_r_reg[1]/C is not reached by a timing clock
Related violations: <none>

TIMING-17#89 Critical Warning
Non-clocked sequential cell  
The clock pin final_sensor/ro_sensor_multiple_instances[14].sensor/ro_counter/count_r_reg[2]/C is not reached by a timing clock
Related violations: <none>

TIMING-17#90 Critical Warning
Non-clocked sequential cell  
The clock pin final_sensor/ro_sensor_multiple_instances[14].sensor/ro_counter/count_r_reg[3]/C is not reached by a timing clock
Related violations: <none>

TIMING-17#91 Critical Warning
Non-clocked sequential cell  
The clock pin final_sensor/ro_sensor_multiple_instances[14].sensor/ro_counter/count_r_reg[4]/C is not reached by a timing clock
Related violations: <none>

TIMING-17#92 Critical Warning
Non-clocked sequential cell  
The clock pin final_sensor/ro_sensor_multiple_instances[14].sensor/ro_counter/count_r_reg[5]/C is not reached by a timing clock
Related violations: <none>

TIMING-17#93 Critical Warning
Non-clocked sequential cell  
The clock pin final_sensor/ro_sensor_multiple_instances[14].sensor/ro_counter/count_r_reg[6]/C is not reached by a timing clock
Related violations: <none>

TIMING-17#94 Critical Warning
Non-clocked sequential cell  
The clock pin final_sensor/ro_sensor_multiple_instances[14].sensor/ro_counter/count_r_reg[7]/C is not reached by a timing clock
Related violations: <none>

TIMING-17#95 Critical Warning
Non-clocked sequential cell  
The clock pin final_sensor/ro_sensor_multiple_instances[14].sensor/ro_counter/count_r_reg[8]/C is not reached by a timing clock
Related violations: <none>

TIMING-17#96 Critical Warning
Non-clocked sequential cell  
The clock pin final_sensor/ro_sensor_multiple_instances[14].sensor/ro_counter/count_r_reg[9]/C is not reached by a timing clock
Related violations: <none>

TIMING-17#97 Critical Warning
Non-clocked sequential cell  
The clock pin final_sensor/ro_sensor_multiple_instances[15].sensor/ro_counter/count_r_reg[0]/C is not reached by a timing clock
Related violations: <none>

TIMING-17#98 Critical Warning
Non-clocked sequential cell  
The clock pin final_sensor/ro_sensor_multiple_instances[15].sensor/ro_counter/count_r_reg[10]/C is not reached by a timing clock
Related violations: <none>

TIMING-17#99 Critical Warning
Non-clocked sequential cell  
The clock pin final_sensor/ro_sensor_multiple_instances[15].sensor/ro_counter/count_r_reg[11]/C is not reached by a timing clock
Related violations: <none>

TIMING-17#100 Critical Warning
Non-clocked sequential cell  
The clock pin final_sensor/ro_sensor_multiple_instances[15].sensor/ro_counter/count_r_reg[12]/C is not reached by a timing clock
Related violations: <none>

TIMING-17#101 Critical Warning
Non-clocked sequential cell  
The clock pin final_sensor/ro_sensor_multiple_instances[15].sensor/ro_counter/count_r_reg[13]/C is not reached by a timing clock
Related violations: <none>

TIMING-17#102 Critical Warning
Non-clocked sequential cell  
The clock pin final_sensor/ro_sensor_multiple_instances[15].sensor/ro_counter/count_r_reg[14]/C is not reached by a timing clock
Related violations: <none>

TIMING-17#103 Critical Warning
Non-clocked sequential cell  
The clock pin final_sensor/ro_sensor_multiple_instances[15].sensor/ro_counter/count_r_reg[15]/C is not reached by a timing clock
Related violations: <none>

TIMING-17#104 Critical Warning
Non-clocked sequential cell  
The clock pin final_sensor/ro_sensor_multiple_instances[15].sensor/ro_counter/count_r_reg[1]/C is not reached by a timing clock
Related violations: <none>

TIMING-17#105 Critical Warning
Non-clocked sequential cell  
The clock pin final_sensor/ro_sensor_multiple_instances[15].sensor/ro_counter/count_r_reg[2]/C is not reached by a timing clock
Related violations: <none>

TIMING-17#106 Critical Warning
Non-clocked sequential cell  
The clock pin final_sensor/ro_sensor_multiple_instances[15].sensor/ro_counter/count_r_reg[3]/C is not reached by a timing clock
Related violations: <none>

TIMING-17#107 Critical Warning
Non-clocked sequential cell  
The clock pin final_sensor/ro_sensor_multiple_instances[15].sensor/ro_counter/count_r_reg[4]/C is not reached by a timing clock
Related violations: <none>

TIMING-17#108 Critical Warning
Non-clocked sequential cell  
The clock pin final_sensor/ro_sensor_multiple_instances[15].sensor/ro_counter/count_r_reg[5]/C is not reached by a timing clock
Related violations: <none>

TIMING-17#109 Critical Warning
Non-clocked sequential cell  
The clock pin final_sensor/ro_sensor_multiple_instances[15].sensor/ro_counter/count_r_reg[6]/C is not reached by a timing clock
Related violations: <none>

TIMING-17#110 Critical Warning
Non-clocked sequential cell  
The clock pin final_sensor/ro_sensor_multiple_instances[15].sensor/ro_counter/count_r_reg[7]/C is not reached by a timing clock
Related violations: <none>

TIMING-17#111 Critical Warning
Non-clocked sequential cell  
The clock pin final_sensor/ro_sensor_multiple_instances[15].sensor/ro_counter/count_r_reg[8]/C is not reached by a timing clock
Related violations: <none>

TIMING-17#112 Critical Warning
Non-clocked sequential cell  
The clock pin final_sensor/ro_sensor_multiple_instances[15].sensor/ro_counter/count_r_reg[9]/C is not reached by a timing clock
Related violations: <none>

TIMING-17#113 Critical Warning
Non-clocked sequential cell  
The clock pin final_sensor/ro_sensor_multiple_instances[1].sensor/ro_counter/count_r_reg[0]/C is not reached by a timing clock
Related violations: <none>

TIMING-17#114 Critical Warning
Non-clocked sequential cell  
The clock pin final_sensor/ro_sensor_multiple_instances[1].sensor/ro_counter/count_r_reg[10]/C is not reached by a timing clock
Related violations: <none>

TIMING-17#115 Critical Warning
Non-clocked sequential cell  
The clock pin final_sensor/ro_sensor_multiple_instances[1].sensor/ro_counter/count_r_reg[11]/C is not reached by a timing clock
Related violations: <none>

TIMING-17#116 Critical Warning
Non-clocked sequential cell  
The clock pin final_sensor/ro_sensor_multiple_instances[1].sensor/ro_counter/count_r_reg[12]/C is not reached by a timing clock
Related violations: <none>

TIMING-17#117 Critical Warning
Non-clocked sequential cell  
The clock pin final_sensor/ro_sensor_multiple_instances[1].sensor/ro_counter/count_r_reg[13]/C is not reached by a timing clock
Related violations: <none>

TIMING-17#118 Critical Warning
Non-clocked sequential cell  
The clock pin final_sensor/ro_sensor_multiple_instances[1].sensor/ro_counter/count_r_reg[14]/C is not reached by a timing clock
Related violations: <none>

TIMING-17#119 Critical Warning
Non-clocked sequential cell  
The clock pin final_sensor/ro_sensor_multiple_instances[1].sensor/ro_counter/count_r_reg[15]/C is not reached by a timing clock
Related violations: <none>

TIMING-17#120 Critical Warning
Non-clocked sequential cell  
The clock pin final_sensor/ro_sensor_multiple_instances[1].sensor/ro_counter/count_r_reg[1]/C is not reached by a timing clock
Related violations: <none>

TIMING-17#121 Critical Warning
Non-clocked sequential cell  
The clock pin final_sensor/ro_sensor_multiple_instances[1].sensor/ro_counter/count_r_reg[2]/C is not reached by a timing clock
Related violations: <none>

TIMING-17#122 Critical Warning
Non-clocked sequential cell  
The clock pin final_sensor/ro_sensor_multiple_instances[1].sensor/ro_counter/count_r_reg[3]/C is not reached by a timing clock
Related violations: <none>

TIMING-17#123 Critical Warning
Non-clocked sequential cell  
The clock pin final_sensor/ro_sensor_multiple_instances[1].sensor/ro_counter/count_r_reg[4]/C is not reached by a timing clock
Related violations: <none>

TIMING-17#124 Critical Warning
Non-clocked sequential cell  
The clock pin final_sensor/ro_sensor_multiple_instances[1].sensor/ro_counter/count_r_reg[5]/C is not reached by a timing clock
Related violations: <none>

TIMING-17#125 Critical Warning
Non-clocked sequential cell  
The clock pin final_sensor/ro_sensor_multiple_instances[1].sensor/ro_counter/count_r_reg[6]/C is not reached by a timing clock
Related violations: <none>

TIMING-17#126 Critical Warning
Non-clocked sequential cell  
The clock pin final_sensor/ro_sensor_multiple_instances[1].sensor/ro_counter/count_r_reg[7]/C is not reached by a timing clock
Related violations: <none>

TIMING-17#127 Critical Warning
Non-clocked sequential cell  
The clock pin final_sensor/ro_sensor_multiple_instances[1].sensor/ro_counter/count_r_reg[8]/C is not reached by a timing clock
Related violations: <none>

TIMING-17#128 Critical Warning
Non-clocked sequential cell  
The clock pin final_sensor/ro_sensor_multiple_instances[1].sensor/ro_counter/count_r_reg[9]/C is not reached by a timing clock
Related violations: <none>

TIMING-17#129 Critical Warning
Non-clocked sequential cell  
The clock pin final_sensor/ro_sensor_multiple_instances[2].sensor/ro_counter/count_r_reg[0]/C is not reached by a timing clock
Related violations: <none>

TIMING-17#130 Critical Warning
Non-clocked sequential cell  
The clock pin final_sensor/ro_sensor_multiple_instances[2].sensor/ro_counter/count_r_reg[10]/C is not reached by a timing clock
Related violations: <none>

TIMING-17#131 Critical Warning
Non-clocked sequential cell  
The clock pin final_sensor/ro_sensor_multiple_instances[2].sensor/ro_counter/count_r_reg[11]/C is not reached by a timing clock
Related violations: <none>

TIMING-17#132 Critical Warning
Non-clocked sequential cell  
The clock pin final_sensor/ro_sensor_multiple_instances[2].sensor/ro_counter/count_r_reg[12]/C is not reached by a timing clock
Related violations: <none>

TIMING-17#133 Critical Warning
Non-clocked sequential cell  
The clock pin final_sensor/ro_sensor_multiple_instances[2].sensor/ro_counter/count_r_reg[13]/C is not reached by a timing clock
Related violations: <none>

TIMING-17#134 Critical Warning
Non-clocked sequential cell  
The clock pin final_sensor/ro_sensor_multiple_instances[2].sensor/ro_counter/count_r_reg[14]/C is not reached by a timing clock
Related violations: <none>

TIMING-17#135 Critical Warning
Non-clocked sequential cell  
The clock pin final_sensor/ro_sensor_multiple_instances[2].sensor/ro_counter/count_r_reg[15]/C is not reached by a timing clock
Related violations: <none>

TIMING-17#136 Critical Warning
Non-clocked sequential cell  
The clock pin final_sensor/ro_sensor_multiple_instances[2].sensor/ro_counter/count_r_reg[1]/C is not reached by a timing clock
Related violations: <none>

TIMING-17#137 Critical Warning
Non-clocked sequential cell  
The clock pin final_sensor/ro_sensor_multiple_instances[2].sensor/ro_counter/count_r_reg[2]/C is not reached by a timing clock
Related violations: <none>

TIMING-17#138 Critical Warning
Non-clocked sequential cell  
The clock pin final_sensor/ro_sensor_multiple_instances[2].sensor/ro_counter/count_r_reg[3]/C is not reached by a timing clock
Related violations: <none>

TIMING-17#139 Critical Warning
Non-clocked sequential cell  
The clock pin final_sensor/ro_sensor_multiple_instances[2].sensor/ro_counter/count_r_reg[4]/C is not reached by a timing clock
Related violations: <none>

TIMING-17#140 Critical Warning
Non-clocked sequential cell  
The clock pin final_sensor/ro_sensor_multiple_instances[2].sensor/ro_counter/count_r_reg[5]/C is not reached by a timing clock
Related violations: <none>

TIMING-17#141 Critical Warning
Non-clocked sequential cell  
The clock pin final_sensor/ro_sensor_multiple_instances[2].sensor/ro_counter/count_r_reg[6]/C is not reached by a timing clock
Related violations: <none>

TIMING-17#142 Critical Warning
Non-clocked sequential cell  
The clock pin final_sensor/ro_sensor_multiple_instances[2].sensor/ro_counter/count_r_reg[7]/C is not reached by a timing clock
Related violations: <none>

TIMING-17#143 Critical Warning
Non-clocked sequential cell  
The clock pin final_sensor/ro_sensor_multiple_instances[2].sensor/ro_counter/count_r_reg[8]/C is not reached by a timing clock
Related violations: <none>

TIMING-17#144 Critical Warning
Non-clocked sequential cell  
The clock pin final_sensor/ro_sensor_multiple_instances[2].sensor/ro_counter/count_r_reg[9]/C is not reached by a timing clock
Related violations: <none>

TIMING-17#145 Critical Warning
Non-clocked sequential cell  
The clock pin final_sensor/ro_sensor_multiple_instances[3].sensor/ro_counter/count_r_reg[0]/C is not reached by a timing clock
Related violations: <none>

TIMING-17#146 Critical Warning
Non-clocked sequential cell  
The clock pin final_sensor/ro_sensor_multiple_instances[3].sensor/ro_counter/count_r_reg[10]/C is not reached by a timing clock
Related violations: <none>

TIMING-17#147 Critical Warning
Non-clocked sequential cell  
The clock pin final_sensor/ro_sensor_multiple_instances[3].sensor/ro_counter/count_r_reg[11]/C is not reached by a timing clock
Related violations: <none>

TIMING-17#148 Critical Warning
Non-clocked sequential cell  
The clock pin final_sensor/ro_sensor_multiple_instances[3].sensor/ro_counter/count_r_reg[12]/C is not reached by a timing clock
Related violations: <none>

TIMING-17#149 Critical Warning
Non-clocked sequential cell  
The clock pin final_sensor/ro_sensor_multiple_instances[3].sensor/ro_counter/count_r_reg[13]/C is not reached by a timing clock
Related violations: <none>

TIMING-17#150 Critical Warning
Non-clocked sequential cell  
The clock pin final_sensor/ro_sensor_multiple_instances[3].sensor/ro_counter/count_r_reg[14]/C is not reached by a timing clock
Related violations: <none>

TIMING-17#151 Critical Warning
Non-clocked sequential cell  
The clock pin final_sensor/ro_sensor_multiple_instances[3].sensor/ro_counter/count_r_reg[15]/C is not reached by a timing clock
Related violations: <none>

TIMING-17#152 Critical Warning
Non-clocked sequential cell  
The clock pin final_sensor/ro_sensor_multiple_instances[3].sensor/ro_counter/count_r_reg[1]/C is not reached by a timing clock
Related violations: <none>

TIMING-17#153 Critical Warning
Non-clocked sequential cell  
The clock pin final_sensor/ro_sensor_multiple_instances[3].sensor/ro_counter/count_r_reg[2]/C is not reached by a timing clock
Related violations: <none>

TIMING-17#154 Critical Warning
Non-clocked sequential cell  
The clock pin final_sensor/ro_sensor_multiple_instances[3].sensor/ro_counter/count_r_reg[3]/C is not reached by a timing clock
Related violations: <none>

TIMING-17#155 Critical Warning
Non-clocked sequential cell  
The clock pin final_sensor/ro_sensor_multiple_instances[3].sensor/ro_counter/count_r_reg[4]/C is not reached by a timing clock
Related violations: <none>

TIMING-17#156 Critical Warning
Non-clocked sequential cell  
The clock pin final_sensor/ro_sensor_multiple_instances[3].sensor/ro_counter/count_r_reg[5]/C is not reached by a timing clock
Related violations: <none>

TIMING-17#157 Critical Warning
Non-clocked sequential cell  
The clock pin final_sensor/ro_sensor_multiple_instances[3].sensor/ro_counter/count_r_reg[6]/C is not reached by a timing clock
Related violations: <none>

TIMING-17#158 Critical Warning
Non-clocked sequential cell  
The clock pin final_sensor/ro_sensor_multiple_instances[3].sensor/ro_counter/count_r_reg[7]/C is not reached by a timing clock
Related violations: <none>

TIMING-17#159 Critical Warning
Non-clocked sequential cell  
The clock pin final_sensor/ro_sensor_multiple_instances[3].sensor/ro_counter/count_r_reg[8]/C is not reached by a timing clock
Related violations: <none>

TIMING-17#160 Critical Warning
Non-clocked sequential cell  
The clock pin final_sensor/ro_sensor_multiple_instances[3].sensor/ro_counter/count_r_reg[9]/C is not reached by a timing clock
Related violations: <none>

TIMING-17#161 Critical Warning
Non-clocked sequential cell  
The clock pin final_sensor/ro_sensor_multiple_instances[4].sensor/ro_counter/count_r_reg[0]/C is not reached by a timing clock
Related violations: <none>

TIMING-17#162 Critical Warning
Non-clocked sequential cell  
The clock pin final_sensor/ro_sensor_multiple_instances[4].sensor/ro_counter/count_r_reg[10]/C is not reached by a timing clock
Related violations: <none>

TIMING-17#163 Critical Warning
Non-clocked sequential cell  
The clock pin final_sensor/ro_sensor_multiple_instances[4].sensor/ro_counter/count_r_reg[11]/C is not reached by a timing clock
Related violations: <none>

TIMING-17#164 Critical Warning
Non-clocked sequential cell  
The clock pin final_sensor/ro_sensor_multiple_instances[4].sensor/ro_counter/count_r_reg[12]/C is not reached by a timing clock
Related violations: <none>

TIMING-17#165 Critical Warning
Non-clocked sequential cell  
The clock pin final_sensor/ro_sensor_multiple_instances[4].sensor/ro_counter/count_r_reg[13]/C is not reached by a timing clock
Related violations: <none>

TIMING-17#166 Critical Warning
Non-clocked sequential cell  
The clock pin final_sensor/ro_sensor_multiple_instances[4].sensor/ro_counter/count_r_reg[14]/C is not reached by a timing clock
Related violations: <none>

TIMING-17#167 Critical Warning
Non-clocked sequential cell  
The clock pin final_sensor/ro_sensor_multiple_instances[4].sensor/ro_counter/count_r_reg[15]/C is not reached by a timing clock
Related violations: <none>

TIMING-17#168 Critical Warning
Non-clocked sequential cell  
The clock pin final_sensor/ro_sensor_multiple_instances[4].sensor/ro_counter/count_r_reg[1]/C is not reached by a timing clock
Related violations: <none>

TIMING-17#169 Critical Warning
Non-clocked sequential cell  
The clock pin final_sensor/ro_sensor_multiple_instances[4].sensor/ro_counter/count_r_reg[2]/C is not reached by a timing clock
Related violations: <none>

TIMING-17#170 Critical Warning
Non-clocked sequential cell  
The clock pin final_sensor/ro_sensor_multiple_instances[4].sensor/ro_counter/count_r_reg[3]/C is not reached by a timing clock
Related violations: <none>

TIMING-17#171 Critical Warning
Non-clocked sequential cell  
The clock pin final_sensor/ro_sensor_multiple_instances[4].sensor/ro_counter/count_r_reg[4]/C is not reached by a timing clock
Related violations: <none>

TIMING-17#172 Critical Warning
Non-clocked sequential cell  
The clock pin final_sensor/ro_sensor_multiple_instances[4].sensor/ro_counter/count_r_reg[5]/C is not reached by a timing clock
Related violations: <none>

TIMING-17#173 Critical Warning
Non-clocked sequential cell  
The clock pin final_sensor/ro_sensor_multiple_instances[4].sensor/ro_counter/count_r_reg[6]/C is not reached by a timing clock
Related violations: <none>

TIMING-17#174 Critical Warning
Non-clocked sequential cell  
The clock pin final_sensor/ro_sensor_multiple_instances[4].sensor/ro_counter/count_r_reg[7]/C is not reached by a timing clock
Related violations: <none>

TIMING-17#175 Critical Warning
Non-clocked sequential cell  
The clock pin final_sensor/ro_sensor_multiple_instances[4].sensor/ro_counter/count_r_reg[8]/C is not reached by a timing clock
Related violations: <none>

TIMING-17#176 Critical Warning
Non-clocked sequential cell  
The clock pin final_sensor/ro_sensor_multiple_instances[4].sensor/ro_counter/count_r_reg[9]/C is not reached by a timing clock
Related violations: <none>

TIMING-17#177 Critical Warning
Non-clocked sequential cell  
The clock pin final_sensor/ro_sensor_multiple_instances[5].sensor/ro_counter/count_r_reg[0]/C is not reached by a timing clock
Related violations: <none>

TIMING-17#178 Critical Warning
Non-clocked sequential cell  
The clock pin final_sensor/ro_sensor_multiple_instances[5].sensor/ro_counter/count_r_reg[10]/C is not reached by a timing clock
Related violations: <none>

TIMING-17#179 Critical Warning
Non-clocked sequential cell  
The clock pin final_sensor/ro_sensor_multiple_instances[5].sensor/ro_counter/count_r_reg[11]/C is not reached by a timing clock
Related violations: <none>

TIMING-17#180 Critical Warning
Non-clocked sequential cell  
The clock pin final_sensor/ro_sensor_multiple_instances[5].sensor/ro_counter/count_r_reg[12]/C is not reached by a timing clock
Related violations: <none>

TIMING-17#181 Critical Warning
Non-clocked sequential cell  
The clock pin final_sensor/ro_sensor_multiple_instances[5].sensor/ro_counter/count_r_reg[13]/C is not reached by a timing clock
Related violations: <none>

TIMING-17#182 Critical Warning
Non-clocked sequential cell  
The clock pin final_sensor/ro_sensor_multiple_instances[5].sensor/ro_counter/count_r_reg[14]/C is not reached by a timing clock
Related violations: <none>

TIMING-17#183 Critical Warning
Non-clocked sequential cell  
The clock pin final_sensor/ro_sensor_multiple_instances[5].sensor/ro_counter/count_r_reg[15]/C is not reached by a timing clock
Related violations: <none>

TIMING-17#184 Critical Warning
Non-clocked sequential cell  
The clock pin final_sensor/ro_sensor_multiple_instances[5].sensor/ro_counter/count_r_reg[1]/C is not reached by a timing clock
Related violations: <none>

TIMING-17#185 Critical Warning
Non-clocked sequential cell  
The clock pin final_sensor/ro_sensor_multiple_instances[5].sensor/ro_counter/count_r_reg[2]/C is not reached by a timing clock
Related violations: <none>

TIMING-17#186 Critical Warning
Non-clocked sequential cell  
The clock pin final_sensor/ro_sensor_multiple_instances[5].sensor/ro_counter/count_r_reg[3]/C is not reached by a timing clock
Related violations: <none>

TIMING-17#187 Critical Warning
Non-clocked sequential cell  
The clock pin final_sensor/ro_sensor_multiple_instances[5].sensor/ro_counter/count_r_reg[4]/C is not reached by a timing clock
Related violations: <none>

TIMING-17#188 Critical Warning
Non-clocked sequential cell  
The clock pin final_sensor/ro_sensor_multiple_instances[5].sensor/ro_counter/count_r_reg[5]/C is not reached by a timing clock
Related violations: <none>

TIMING-17#189 Critical Warning
Non-clocked sequential cell  
The clock pin final_sensor/ro_sensor_multiple_instances[5].sensor/ro_counter/count_r_reg[6]/C is not reached by a timing clock
Related violations: <none>

TIMING-17#190 Critical Warning
Non-clocked sequential cell  
The clock pin final_sensor/ro_sensor_multiple_instances[5].sensor/ro_counter/count_r_reg[7]/C is not reached by a timing clock
Related violations: <none>

TIMING-17#191 Critical Warning
Non-clocked sequential cell  
The clock pin final_sensor/ro_sensor_multiple_instances[5].sensor/ro_counter/count_r_reg[8]/C is not reached by a timing clock
Related violations: <none>

TIMING-17#192 Critical Warning
Non-clocked sequential cell  
The clock pin final_sensor/ro_sensor_multiple_instances[5].sensor/ro_counter/count_r_reg[9]/C is not reached by a timing clock
Related violations: <none>

TIMING-17#193 Critical Warning
Non-clocked sequential cell  
The clock pin final_sensor/ro_sensor_multiple_instances[6].sensor/ro_counter/count_r_reg[0]/C is not reached by a timing clock
Related violations: <none>

TIMING-17#194 Critical Warning
Non-clocked sequential cell  
The clock pin final_sensor/ro_sensor_multiple_instances[6].sensor/ro_counter/count_r_reg[10]/C is not reached by a timing clock
Related violations: <none>

TIMING-17#195 Critical Warning
Non-clocked sequential cell  
The clock pin final_sensor/ro_sensor_multiple_instances[6].sensor/ro_counter/count_r_reg[11]/C is not reached by a timing clock
Related violations: <none>

TIMING-17#196 Critical Warning
Non-clocked sequential cell  
The clock pin final_sensor/ro_sensor_multiple_instances[6].sensor/ro_counter/count_r_reg[12]/C is not reached by a timing clock
Related violations: <none>

TIMING-17#197 Critical Warning
Non-clocked sequential cell  
The clock pin final_sensor/ro_sensor_multiple_instances[6].sensor/ro_counter/count_r_reg[13]/C is not reached by a timing clock
Related violations: <none>

TIMING-17#198 Critical Warning
Non-clocked sequential cell  
The clock pin final_sensor/ro_sensor_multiple_instances[6].sensor/ro_counter/count_r_reg[14]/C is not reached by a timing clock
Related violations: <none>

TIMING-17#199 Critical Warning
Non-clocked sequential cell  
The clock pin final_sensor/ro_sensor_multiple_instances[6].sensor/ro_counter/count_r_reg[15]/C is not reached by a timing clock
Related violations: <none>

TIMING-17#200 Critical Warning
Non-clocked sequential cell  
The clock pin final_sensor/ro_sensor_multiple_instances[6].sensor/ro_counter/count_r_reg[1]/C is not reached by a timing clock
Related violations: <none>

TIMING-17#201 Critical Warning
Non-clocked sequential cell  
The clock pin final_sensor/ro_sensor_multiple_instances[6].sensor/ro_counter/count_r_reg[2]/C is not reached by a timing clock
Related violations: <none>

TIMING-17#202 Critical Warning
Non-clocked sequential cell  
The clock pin final_sensor/ro_sensor_multiple_instances[6].sensor/ro_counter/count_r_reg[3]/C is not reached by a timing clock
Related violations: <none>

TIMING-17#203 Critical Warning
Non-clocked sequential cell  
The clock pin final_sensor/ro_sensor_multiple_instances[6].sensor/ro_counter/count_r_reg[4]/C is not reached by a timing clock
Related violations: <none>

TIMING-17#204 Critical Warning
Non-clocked sequential cell  
The clock pin final_sensor/ro_sensor_multiple_instances[6].sensor/ro_counter/count_r_reg[5]/C is not reached by a timing clock
Related violations: <none>

TIMING-17#205 Critical Warning
Non-clocked sequential cell  
The clock pin final_sensor/ro_sensor_multiple_instances[6].sensor/ro_counter/count_r_reg[6]/C is not reached by a timing clock
Related violations: <none>

TIMING-17#206 Critical Warning
Non-clocked sequential cell  
The clock pin final_sensor/ro_sensor_multiple_instances[6].sensor/ro_counter/count_r_reg[7]/C is not reached by a timing clock
Related violations: <none>

TIMING-17#207 Critical Warning
Non-clocked sequential cell  
The clock pin final_sensor/ro_sensor_multiple_instances[6].sensor/ro_counter/count_r_reg[8]/C is not reached by a timing clock
Related violations: <none>

TIMING-17#208 Critical Warning
Non-clocked sequential cell  
The clock pin final_sensor/ro_sensor_multiple_instances[6].sensor/ro_counter/count_r_reg[9]/C is not reached by a timing clock
Related violations: <none>

TIMING-17#209 Critical Warning
Non-clocked sequential cell  
The clock pin final_sensor/ro_sensor_multiple_instances[7].sensor/ro_counter/count_r_reg[0]/C is not reached by a timing clock
Related violations: <none>

TIMING-17#210 Critical Warning
Non-clocked sequential cell  
The clock pin final_sensor/ro_sensor_multiple_instances[7].sensor/ro_counter/count_r_reg[10]/C is not reached by a timing clock
Related violations: <none>

TIMING-17#211 Critical Warning
Non-clocked sequential cell  
The clock pin final_sensor/ro_sensor_multiple_instances[7].sensor/ro_counter/count_r_reg[11]/C is not reached by a timing clock
Related violations: <none>

TIMING-17#212 Critical Warning
Non-clocked sequential cell  
The clock pin final_sensor/ro_sensor_multiple_instances[7].sensor/ro_counter/count_r_reg[12]/C is not reached by a timing clock
Related violations: <none>

TIMING-17#213 Critical Warning
Non-clocked sequential cell  
The clock pin final_sensor/ro_sensor_multiple_instances[7].sensor/ro_counter/count_r_reg[13]/C is not reached by a timing clock
Related violations: <none>

TIMING-17#214 Critical Warning
Non-clocked sequential cell  
The clock pin final_sensor/ro_sensor_multiple_instances[7].sensor/ro_counter/count_r_reg[14]/C is not reached by a timing clock
Related violations: <none>

TIMING-17#215 Critical Warning
Non-clocked sequential cell  
The clock pin final_sensor/ro_sensor_multiple_instances[7].sensor/ro_counter/count_r_reg[15]/C is not reached by a timing clock
Related violations: <none>

TIMING-17#216 Critical Warning
Non-clocked sequential cell  
The clock pin final_sensor/ro_sensor_multiple_instances[7].sensor/ro_counter/count_r_reg[1]/C is not reached by a timing clock
Related violations: <none>

TIMING-17#217 Critical Warning
Non-clocked sequential cell  
The clock pin final_sensor/ro_sensor_multiple_instances[7].sensor/ro_counter/count_r_reg[2]/C is not reached by a timing clock
Related violations: <none>

TIMING-17#218 Critical Warning
Non-clocked sequential cell  
The clock pin final_sensor/ro_sensor_multiple_instances[7].sensor/ro_counter/count_r_reg[3]/C is not reached by a timing clock
Related violations: <none>

TIMING-17#219 Critical Warning
Non-clocked sequential cell  
The clock pin final_sensor/ro_sensor_multiple_instances[7].sensor/ro_counter/count_r_reg[4]/C is not reached by a timing clock
Related violations: <none>

TIMING-17#220 Critical Warning
Non-clocked sequential cell  
The clock pin final_sensor/ro_sensor_multiple_instances[7].sensor/ro_counter/count_r_reg[5]/C is not reached by a timing clock
Related violations: <none>

TIMING-17#221 Critical Warning
Non-clocked sequential cell  
The clock pin final_sensor/ro_sensor_multiple_instances[7].sensor/ro_counter/count_r_reg[6]/C is not reached by a timing clock
Related violations: <none>

TIMING-17#222 Critical Warning
Non-clocked sequential cell  
The clock pin final_sensor/ro_sensor_multiple_instances[7].sensor/ro_counter/count_r_reg[7]/C is not reached by a timing clock
Related violations: <none>

TIMING-17#223 Critical Warning
Non-clocked sequential cell  
The clock pin final_sensor/ro_sensor_multiple_instances[7].sensor/ro_counter/count_r_reg[8]/C is not reached by a timing clock
Related violations: <none>

TIMING-17#224 Critical Warning
Non-clocked sequential cell  
The clock pin final_sensor/ro_sensor_multiple_instances[7].sensor/ro_counter/count_r_reg[9]/C is not reached by a timing clock
Related violations: <none>

TIMING-17#225 Critical Warning
Non-clocked sequential cell  
The clock pin final_sensor/ro_sensor_multiple_instances[8].sensor/ro_counter/count_r_reg[0]/C is not reached by a timing clock
Related violations: <none>

TIMING-17#226 Critical Warning
Non-clocked sequential cell  
The clock pin final_sensor/ro_sensor_multiple_instances[8].sensor/ro_counter/count_r_reg[10]/C is not reached by a timing clock
Related violations: <none>

TIMING-17#227 Critical Warning
Non-clocked sequential cell  
The clock pin final_sensor/ro_sensor_multiple_instances[8].sensor/ro_counter/count_r_reg[11]/C is not reached by a timing clock
Related violations: <none>

TIMING-17#228 Critical Warning
Non-clocked sequential cell  
The clock pin final_sensor/ro_sensor_multiple_instances[8].sensor/ro_counter/count_r_reg[12]/C is not reached by a timing clock
Related violations: <none>

TIMING-17#229 Critical Warning
Non-clocked sequential cell  
The clock pin final_sensor/ro_sensor_multiple_instances[8].sensor/ro_counter/count_r_reg[13]/C is not reached by a timing clock
Related violations: <none>

TIMING-17#230 Critical Warning
Non-clocked sequential cell  
The clock pin final_sensor/ro_sensor_multiple_instances[8].sensor/ro_counter/count_r_reg[14]/C is not reached by a timing clock
Related violations: <none>

TIMING-17#231 Critical Warning
Non-clocked sequential cell  
The clock pin final_sensor/ro_sensor_multiple_instances[8].sensor/ro_counter/count_r_reg[15]/C is not reached by a timing clock
Related violations: <none>

TIMING-17#232 Critical Warning
Non-clocked sequential cell  
The clock pin final_sensor/ro_sensor_multiple_instances[8].sensor/ro_counter/count_r_reg[1]/C is not reached by a timing clock
Related violations: <none>

TIMING-17#233 Critical Warning
Non-clocked sequential cell  
The clock pin final_sensor/ro_sensor_multiple_instances[8].sensor/ro_counter/count_r_reg[2]/C is not reached by a timing clock
Related violations: <none>

TIMING-17#234 Critical Warning
Non-clocked sequential cell  
The clock pin final_sensor/ro_sensor_multiple_instances[8].sensor/ro_counter/count_r_reg[3]/C is not reached by a timing clock
Related violations: <none>

TIMING-17#235 Critical Warning
Non-clocked sequential cell  
The clock pin final_sensor/ro_sensor_multiple_instances[8].sensor/ro_counter/count_r_reg[4]/C is not reached by a timing clock
Related violations: <none>

TIMING-17#236 Critical Warning
Non-clocked sequential cell  
The clock pin final_sensor/ro_sensor_multiple_instances[8].sensor/ro_counter/count_r_reg[5]/C is not reached by a timing clock
Related violations: <none>

TIMING-17#237 Critical Warning
Non-clocked sequential cell  
The clock pin final_sensor/ro_sensor_multiple_instances[8].sensor/ro_counter/count_r_reg[6]/C is not reached by a timing clock
Related violations: <none>

TIMING-17#238 Critical Warning
Non-clocked sequential cell  
The clock pin final_sensor/ro_sensor_multiple_instances[8].sensor/ro_counter/count_r_reg[7]/C is not reached by a timing clock
Related violations: <none>

TIMING-17#239 Critical Warning
Non-clocked sequential cell  
The clock pin final_sensor/ro_sensor_multiple_instances[8].sensor/ro_counter/count_r_reg[8]/C is not reached by a timing clock
Related violations: <none>

TIMING-17#240 Critical Warning
Non-clocked sequential cell  
The clock pin final_sensor/ro_sensor_multiple_instances[8].sensor/ro_counter/count_r_reg[9]/C is not reached by a timing clock
Related violations: <none>

TIMING-17#241 Critical Warning
Non-clocked sequential cell  
The clock pin final_sensor/ro_sensor_multiple_instances[9].sensor/ro_counter/count_r_reg[0]/C is not reached by a timing clock
Related violations: <none>

TIMING-17#242 Critical Warning
Non-clocked sequential cell  
The clock pin final_sensor/ro_sensor_multiple_instances[9].sensor/ro_counter/count_r_reg[10]/C is not reached by a timing clock
Related violations: <none>

TIMING-17#243 Critical Warning
Non-clocked sequential cell  
The clock pin final_sensor/ro_sensor_multiple_instances[9].sensor/ro_counter/count_r_reg[11]/C is not reached by a timing clock
Related violations: <none>

TIMING-17#244 Critical Warning
Non-clocked sequential cell  
The clock pin final_sensor/ro_sensor_multiple_instances[9].sensor/ro_counter/count_r_reg[12]/C is not reached by a timing clock
Related violations: <none>

TIMING-17#245 Critical Warning
Non-clocked sequential cell  
The clock pin final_sensor/ro_sensor_multiple_instances[9].sensor/ro_counter/count_r_reg[13]/C is not reached by a timing clock
Related violations: <none>

TIMING-17#246 Critical Warning
Non-clocked sequential cell  
The clock pin final_sensor/ro_sensor_multiple_instances[9].sensor/ro_counter/count_r_reg[14]/C is not reached by a timing clock
Related violations: <none>

TIMING-17#247 Critical Warning
Non-clocked sequential cell  
The clock pin final_sensor/ro_sensor_multiple_instances[9].sensor/ro_counter/count_r_reg[15]/C is not reached by a timing clock
Related violations: <none>

TIMING-17#248 Critical Warning
Non-clocked sequential cell  
The clock pin final_sensor/ro_sensor_multiple_instances[9].sensor/ro_counter/count_r_reg[1]/C is not reached by a timing clock
Related violations: <none>

TIMING-17#249 Critical Warning
Non-clocked sequential cell  
The clock pin final_sensor/ro_sensor_multiple_instances[9].sensor/ro_counter/count_r_reg[2]/C is not reached by a timing clock
Related violations: <none>

TIMING-17#250 Critical Warning
Non-clocked sequential cell  
The clock pin final_sensor/ro_sensor_multiple_instances[9].sensor/ro_counter/count_r_reg[3]/C is not reached by a timing clock
Related violations: <none>

TIMING-17#251 Critical Warning
Non-clocked sequential cell  
The clock pin final_sensor/ro_sensor_multiple_instances[9].sensor/ro_counter/count_r_reg[4]/C is not reached by a timing clock
Related violations: <none>

TIMING-17#252 Critical Warning
Non-clocked sequential cell  
The clock pin final_sensor/ro_sensor_multiple_instances[9].sensor/ro_counter/count_r_reg[5]/C is not reached by a timing clock
Related violations: <none>

TIMING-17#253 Critical Warning
Non-clocked sequential cell  
The clock pin final_sensor/ro_sensor_multiple_instances[9].sensor/ro_counter/count_r_reg[6]/C is not reached by a timing clock
Related violations: <none>

TIMING-17#254 Critical Warning
Non-clocked sequential cell  
The clock pin final_sensor/ro_sensor_multiple_instances[9].sensor/ro_counter/count_r_reg[7]/C is not reached by a timing clock
Related violations: <none>

TIMING-17#255 Critical Warning
Non-clocked sequential cell  
The clock pin final_sensor/ro_sensor_multiple_instances[9].sensor/ro_counter/count_r_reg[8]/C is not reached by a timing clock
Related violations: <none>

TIMING-17#256 Critical Warning
Non-clocked sequential cell  
The clock pin final_sensor/ro_sensor_multiple_instances[9].sensor/ro_counter/count_r_reg[9]/C is not reached by a timing clock
Related violations: <none>

LUTAR-1#1 Warning
LUT drives async reset alert  
LUT cell dbg_hub/inst/BSCANID.u_xsdbm_id/CORE_XSDB.UUT_MASTER/U_ICON_INTERFACE/U_CMD6_RD/U_RD_FIFO/SUBCORE_FIFO.xsdbm_v3_0_0_rdfifo_inst/inst_fifo_gen/gconvfifo.rf/grf.rf/rstblk/ngwrdrst.grst.g7serrst.gwrrd_rst_sync_stage[2].rrst_inst/ngwrdrst.grst.g7serrst.rd_rst_reg[2]_i_1, with 2 or more inputs, drives asynchronous preset/clear pin(s) dbg_hub/inst/BSCANID.u_xsdbm_id/CORE_XSDB.UUT_MASTER/U_ICON_INTERFACE/U_CMD6_RD/U_RD_FIFO/SUBCORE_FIFO.xsdbm_v3_0_0_rdfifo_inst/inst_fifo_gen/gconvfifo.rf/grf.rf/rstblk/ngwrdrst.grst.g7serrst.rd_rst_reg_reg[0]/PRE,
dbg_hub/inst/BSCANID.u_xsdbm_id/CORE_XSDB.UUT_MASTER/U_ICON_INTERFACE/U_CMD6_RD/U_RD_FIFO/SUBCORE_FIFO.xsdbm_v3_0_0_rdfifo_inst/inst_fifo_gen/gconvfifo.rf/grf.rf/rstblk/ngwrdrst.grst.g7serrst.rd_rst_reg_reg[1]/PRE
dbg_hub/inst/BSCANID.u_xsdbm_id/CORE_XSDB.UUT_MASTER/U_ICON_INTERFACE/U_CMD6_RD/U_RD_FIFO/SUBCORE_FIFO.xsdbm_v3_0_0_rdfifo_inst/inst_fifo_gen/gconvfifo.rf/grf.rf/rstblk/ngwrdrst.grst.g7serrst.rd_rst_reg_reg[2]/PRE. The LUT may glitch and trigger an unexpected reset, even if it is a properly timed path.
Related violations: <none>

LUTAR-1#2 Warning
LUT drives async reset alert  
LUT cell dbg_hub/inst/BSCANID.u_xsdbm_id/CORE_XSDB.UUT_MASTER/U_ICON_INTERFACE/U_CMD6_RD/U_RD_FIFO/SUBCORE_FIFO.xsdbm_v3_0_0_rdfifo_inst/inst_fifo_gen/gconvfifo.rf/grf.rf/rstblk/ngwrdrst.grst.g7serrst.gwrrd_rst_sync_stage[2].wrst_inst/ngwrdrst.grst.g7serrst.wr_rst_reg[2]_i_1, with 2 or more inputs, drives asynchronous preset/clear pin(s) dbg_hub/inst/BSCANID.u_xsdbm_id/CORE_XSDB.UUT_MASTER/U_ICON_INTERFACE/U_CMD6_RD/U_RD_FIFO/SUBCORE_FIFO.xsdbm_v3_0_0_rdfifo_inst/inst_fifo_gen/gconvfifo.rf/grf.rf/rstblk/ngwrdrst.grst.g7serrst.wr_rst_reg_reg[0]/PRE,
dbg_hub/inst/BSCANID.u_xsdbm_id/CORE_XSDB.UUT_MASTER/U_ICON_INTERFACE/U_CMD6_RD/U_RD_FIFO/SUBCORE_FIFO.xsdbm_v3_0_0_rdfifo_inst/inst_fifo_gen/gconvfifo.rf/grf.rf/rstblk/ngwrdrst.grst.g7serrst.wr_rst_reg_reg[1]/PRE
dbg_hub/inst/BSCANID.u_xsdbm_id/CORE_XSDB.UUT_MASTER/U_ICON_INTERFACE/U_CMD6_RD/U_RD_FIFO/SUBCORE_FIFO.xsdbm_v3_0_0_rdfifo_inst/inst_fifo_gen/gconvfifo.rf/grf.rf/rstblk/ngwrdrst.grst.g7serrst.wr_rst_reg_reg[2]/PRE. The LUT may glitch and trigger an unexpected reset, even if it is a properly timed path.
Related violations: <none>

LUTAR-1#3 Warning
LUT drives async reset alert  
LUT cell dbg_hub/inst/BSCANID.u_xsdbm_id/CORE_XSDB.UUT_MASTER/U_ICON_INTERFACE/U_CMD6_WR/U_WR_FIFO/SUBCORE_FIFO.xsdbm_v3_0_0_wrfifo_inst/inst_fifo_gen/gconvfifo.rf/grf.rf/rstblk/ngwrdrst.grst.g7serrst.gwrrd_rst_sync_stage[2].rrst_inst/ngwrdrst.grst.g7serrst.rd_rst_reg[2]_i_1, with 2 or more inputs, drives asynchronous preset/clear pin(s) dbg_hub/inst/BSCANID.u_xsdbm_id/CORE_XSDB.UUT_MASTER/U_ICON_INTERFACE/U_CMD6_WR/U_WR_FIFO/SUBCORE_FIFO.xsdbm_v3_0_0_wrfifo_inst/inst_fifo_gen/gconvfifo.rf/grf.rf/rstblk/ngwrdrst.grst.g7serrst.rd_rst_reg_reg[0]/PRE,
dbg_hub/inst/BSCANID.u_xsdbm_id/CORE_XSDB.UUT_MASTER/U_ICON_INTERFACE/U_CMD6_WR/U_WR_FIFO/SUBCORE_FIFO.xsdbm_v3_0_0_wrfifo_inst/inst_fifo_gen/gconvfifo.rf/grf.rf/rstblk/ngwrdrst.grst.g7serrst.rd_rst_reg_reg[1]/PRE
dbg_hub/inst/BSCANID.u_xsdbm_id/CORE_XSDB.UUT_MASTER/U_ICON_INTERFACE/U_CMD6_WR/U_WR_FIFO/SUBCORE_FIFO.xsdbm_v3_0_0_wrfifo_inst/inst_fifo_gen/gconvfifo.rf/grf.rf/rstblk/ngwrdrst.grst.g7serrst.rd_rst_reg_reg[2]/PRE. The LUT may glitch and trigger an unexpected reset, even if it is a properly timed path.
Related violations: <none>

LUTAR-1#4 Warning
LUT drives async reset alert  
LUT cell dbg_hub/inst/BSCANID.u_xsdbm_id/CORE_XSDB.UUT_MASTER/U_ICON_INTERFACE/U_CMD6_WR/U_WR_FIFO/SUBCORE_FIFO.xsdbm_v3_0_0_wrfifo_inst/inst_fifo_gen/gconvfifo.rf/grf.rf/rstblk/ngwrdrst.grst.g7serrst.gwrrd_rst_sync_stage[2].wrst_inst/ngwrdrst.grst.g7serrst.wr_rst_reg[2]_i_1, with 2 or more inputs, drives asynchronous preset/clear pin(s) dbg_hub/inst/BSCANID.u_xsdbm_id/CORE_XSDB.UUT_MASTER/U_ICON_INTERFACE/U_CMD6_WR/U_WR_FIFO/SUBCORE_FIFO.xsdbm_v3_0_0_wrfifo_inst/inst_fifo_gen/gconvfifo.rf/grf.rf/rstblk/ngwrdrst.grst.g7serrst.wr_rst_reg_reg[0]/PRE,
dbg_hub/inst/BSCANID.u_xsdbm_id/CORE_XSDB.UUT_MASTER/U_ICON_INTERFACE/U_CMD6_WR/U_WR_FIFO/SUBCORE_FIFO.xsdbm_v3_0_0_wrfifo_inst/inst_fifo_gen/gconvfifo.rf/grf.rf/rstblk/ngwrdrst.grst.g7serrst.wr_rst_reg_reg[1]/PRE
dbg_hub/inst/BSCANID.u_xsdbm_id/CORE_XSDB.UUT_MASTER/U_ICON_INTERFACE/U_CMD6_WR/U_WR_FIFO/SUBCORE_FIFO.xsdbm_v3_0_0_wrfifo_inst/inst_fifo_gen/gconvfifo.rf/grf.rf/rstblk/ngwrdrst.grst.g7serrst.wr_rst_reg_reg[2]/PRE. The LUT may glitch and trigger an unexpected reset, even if it is a properly timed path.
Related violations: <none>

PDRC-190#1 Warning
Suboptimally placed synchronized register chain  
The FDRE cell dbg_hub/inst/BSCANID.u_xsdbm_id/CORE_XSDB.UUT_MASTER/U_ICON_INTERFACE/U_CMD2/stat_reg_reg[0] in site SLICE_X8Y69 is part of a synchronized register chain that is suboptimally placed as the load FDRE cell dbg_hub/inst/BSCANID.u_xsdbm_id/CORE_XSDB.UUT_MASTER/U_ICON_INTERFACE/U_CMD2/stat_reg_1_reg[0] is not placed in the same (SLICE) site.
Related violations: <none>

PDRC-190#2 Warning
Suboptimally placed synchronized register chain  
The FDRE cell dbg_hub/inst/BSCANID.u_xsdbm_id/CORE_XSDB.UUT_MASTER/U_ICON_INTERFACE/U_CMD2/stat_reg_reg[1] in site SLICE_X9Y69 is part of a synchronized register chain that is suboptimally placed as the load FDRE cell dbg_hub/inst/BSCANID.u_xsdbm_id/CORE_XSDB.UUT_MASTER/U_ICON_INTERFACE/U_CMD2/stat_reg_1_reg[1] is not placed in the same (SLICE) site.
Related violations: <none>

PDRC-190#3 Warning
Suboptimally placed synchronized register chain  
The FDRE cell dbg_hub/inst/BSCANID.u_xsdbm_id/CORE_XSDB.UUT_MASTER/U_ICON_INTERFACE/U_CMD2/stat_reg_reg[2] in site SLICE_X10Y68 is part of a synchronized register chain that is suboptimally placed as the load FDRE cell dbg_hub/inst/BSCANID.u_xsdbm_id/CORE_XSDB.UUT_MASTER/U_ICON_INTERFACE/U_CMD2/stat_reg_1_reg[2] is not placed in the same (SLICE) site.
Related violations: <none>

PDRC-190#4 Warning
Suboptimally placed synchronized register chain  
The FDRE cell dbg_hub/inst/BSCANID.u_xsdbm_id/CORE_XSDB.UUT_MASTER/U_ICON_INTERFACE/U_CMD2/stat_reg_reg[3] in site SLICE_X11Y68 is part of a synchronized register chain that is suboptimally placed as the load FDRE cell dbg_hub/inst/BSCANID.u_xsdbm_id/CORE_XSDB.UUT_MASTER/U_ICON_INTERFACE/U_CMD2/stat_reg_1_reg[3] is not placed in the same (SLICE) site.
Related violations: <none>

PDRC-190#5 Warning
Suboptimally placed synchronized register chain  
The FDRE cell dbg_hub/inst/BSCANID.u_xsdbm_id/CORE_XSDB.UUT_MASTER/U_ICON_INTERFACE/U_CMD3/stat_reg_reg[0] in site SLICE_X14Y69 is part of a synchronized register chain that is suboptimally placed as the load FDRE cell dbg_hub/inst/BSCANID.u_xsdbm_id/CORE_XSDB.UUT_MASTER/U_ICON_INTERFACE/U_CMD3/stat_reg_1_reg[0] is not placed in the same (SLICE) site.
Related violations: <none>

PDRC-190#6 Warning
Suboptimally placed synchronized register chain  
The FDRE cell dbg_hub/inst/BSCANID.u_xsdbm_id/CORE_XSDB.UUT_MASTER/U_ICON_INTERFACE/U_CMD3/stat_reg_reg[1] in site SLICE_X13Y71 is part of a synchronized register chain that is suboptimally placed as the load FDRE cell dbg_hub/inst/BSCANID.u_xsdbm_id/CORE_XSDB.UUT_MASTER/U_ICON_INTERFACE/U_CMD3/stat_reg_1_reg[1] is not placed in the same (SLICE) site.
Related violations: <none>

PDRC-190#7 Warning
Suboptimally placed synchronized register chain  
The FDRE cell dbg_hub/inst/BSCANID.u_xsdbm_id/CORE_XSDB.UUT_MASTER/U_ICON_INTERFACE/U_CMD3/stat_reg_reg[2] in site SLICE_X12Y72 is part of a synchronized register chain that is suboptimally placed as the load FDRE cell dbg_hub/inst/BSCANID.u_xsdbm_id/CORE_XSDB.UUT_MASTER/U_ICON_INTERFACE/U_CMD3/stat_reg_1_reg[2] is not placed in the same (SLICE) site.
Related violations: <none>

PDRC-190#8 Warning
Suboptimally placed synchronized register chain  
The FDRE cell dbg_hub/inst/BSCANID.u_xsdbm_id/CORE_XSDB.UUT_MASTER/U_ICON_INTERFACE/U_CMD3/stat_reg_reg[3] in site SLICE_X14Y72 is part of a synchronized register chain that is suboptimally placed as the load FDRE cell dbg_hub/inst/BSCANID.u_xsdbm_id/CORE_XSDB.UUT_MASTER/U_ICON_INTERFACE/U_CMD3/stat_reg_1_reg[3] is not placed in the same (SLICE) site.
Related violations: <none>

PDRC-190#9 Warning
Suboptimally placed synchronized register chain  
The FDRE cell dbg_hub/inst/BSCANID.u_xsdbm_id/CORE_XSDB.UUT_MASTER/U_ICON_INTERFACE/U_CMD7_STAT/stat_reg_reg[0] in site SLICE_X29Y68 is part of a synchronized register chain that is suboptimally placed as the load FDRE cell dbg_hub/inst/BSCANID.u_xsdbm_id/CORE_XSDB.UUT_MASTER/U_ICON_INTERFACE/U_CMD7_STAT/stat_reg_1_reg[0] is not placed in the same (SLICE) site.
Related violations: <none>

PDRC-190#10 Warning
Suboptimally placed synchronized register chain  
The FDRE cell dbg_hub/inst/BSCANID.u_xsdbm_id/CORE_XSDB.UUT_MASTER/U_ICON_INTERFACE/U_CMD7_STAT/stat_reg_reg[1] in site SLICE_X30Y66 is part of a synchronized register chain that is suboptimally placed as the load FDRE cell dbg_hub/inst/BSCANID.u_xsdbm_id/CORE_XSDB.UUT_MASTER/U_ICON_INTERFACE/U_CMD7_STAT/stat_reg_1_reg[1] is not placed in the same (SLICE) site.
Related violations: <none>

PDRC-190#11 Warning
Suboptimally placed synchronized register chain  
The FDRE cell dbg_hub/inst/BSCANID.u_xsdbm_id/CORE_XSDB.UUT_MASTER/U_ICON_INTERFACE/U_CMD7_STAT/stat_reg_reg[2] in site SLICE_X28Y66 is part of a synchronized register chain that is suboptimally placed as the load FDRE cell dbg_hub/inst/BSCANID.u_xsdbm_id/CORE_XSDB.UUT_MASTER/U_ICON_INTERFACE/U_CMD7_STAT/stat_reg_1_reg[2] is not placed in the same (SLICE) site.
Related violations: <none>

TIMING-23#1 Warning
Combinational loop found  
A timing loop has been detected on a combinational path. A timing arc has been disabled between final_sensor/ro_sensor_multiple_instances[0].sensor/ro/clk_out_INST_0/I1 and final_sensor/ro_sensor_multiple_instances[0].sensor/ro/clk_out_INST_0/O to disable the timing loop
Related violations: <none>

TIMING-23#2 Warning
Combinational loop found  
A timing loop has been detected on a combinational path. A timing arc has been disabled between final_sensor/ro_sensor_multiple_instances[10].sensor/ro/clk_out_INST_0/I1 and final_sensor/ro_sensor_multiple_instances[10].sensor/ro/clk_out_INST_0/O to disable the timing loop
Related violations: <none>

TIMING-23#3 Warning
Combinational loop found  
A timing loop has been detected on a combinational path. A timing arc has been disabled between final_sensor/ro_sensor_multiple_instances[11].sensor/ro/clk_out_INST_0/I1 and final_sensor/ro_sensor_multiple_instances[11].sensor/ro/clk_out_INST_0/O to disable the timing loop
Related violations: <none>

TIMING-23#4 Warning
Combinational loop found  
A timing loop has been detected on a combinational path. A timing arc has been disabled between final_sensor/ro_sensor_multiple_instances[12].sensor/ro/clk_out_INST_0/I1 and final_sensor/ro_sensor_multiple_instances[12].sensor/ro/clk_out_INST_0/O to disable the timing loop
Related violations: <none>

TIMING-23#5 Warning
Combinational loop found  
A timing loop has been detected on a combinational path. A timing arc has been disabled between final_sensor/ro_sensor_multiple_instances[13].sensor/ro/clk_out_INST_0/I1 and final_sensor/ro_sensor_multiple_instances[13].sensor/ro/clk_out_INST_0/O to disable the timing loop
Related violations: <none>

TIMING-23#6 Warning
Combinational loop found  
A timing loop has been detected on a combinational path. A timing arc has been disabled between final_sensor/ro_sensor_multiple_instances[14].sensor/ro/clk_out_INST_0/I1 and final_sensor/ro_sensor_multiple_instances[14].sensor/ro/clk_out_INST_0/O to disable the timing loop
Related violations: <none>

TIMING-23#7 Warning
Combinational loop found  
A timing loop has been detected on a combinational path. A timing arc has been disabled between final_sensor/ro_sensor_multiple_instances[15].sensor/ro/clk_out_INST_0/I1 and final_sensor/ro_sensor_multiple_instances[15].sensor/ro/clk_out_INST_0/O to disable the timing loop
Related violations: <none>

TIMING-23#8 Warning
Combinational loop found  
A timing loop has been detected on a combinational path. A timing arc has been disabled between final_sensor/ro_sensor_multiple_instances[1].sensor/ro/clk_out_INST_0/I1 and final_sensor/ro_sensor_multiple_instances[1].sensor/ro/clk_out_INST_0/O to disable the timing loop
Related violations: <none>

TIMING-23#9 Warning
Combinational loop found  
A timing loop has been detected on a combinational path. A timing arc has been disabled between final_sensor/ro_sensor_multiple_instances[2].sensor/ro/clk_out_INST_0/I1 and final_sensor/ro_sensor_multiple_instances[2].sensor/ro/clk_out_INST_0/O to disable the timing loop
Related violations: <none>

TIMING-23#10 Warning
Combinational loop found  
A timing loop has been detected on a combinational path. A timing arc has been disabled between final_sensor/ro_sensor_multiple_instances[3].sensor/ro/clk_out_INST_0/I1 and final_sensor/ro_sensor_multiple_instances[3].sensor/ro/clk_out_INST_0/O to disable the timing loop
Related violations: <none>

TIMING-23#11 Warning
Combinational loop found  
A timing loop has been detected on a combinational path. A timing arc has been disabled between final_sensor/ro_sensor_multiple_instances[4].sensor/ro/clk_out_INST_0/I1 and final_sensor/ro_sensor_multiple_instances[4].sensor/ro/clk_out_INST_0/O to disable the timing loop
Related violations: <none>

TIMING-23#12 Warning
Combinational loop found  
A timing loop has been detected on a combinational path. A timing arc has been disabled between final_sensor/ro_sensor_multiple_instances[5].sensor/ro/clk_out_INST_0/I1 and final_sensor/ro_sensor_multiple_instances[5].sensor/ro/clk_out_INST_0/O to disable the timing loop
Related violations: <none>

TIMING-23#13 Warning
Combinational loop found  
A timing loop has been detected on a combinational path. A timing arc has been disabled between final_sensor/ro_sensor_multiple_instances[6].sensor/ro/clk_out_INST_0/I1 and final_sensor/ro_sensor_multiple_instances[6].sensor/ro/clk_out_INST_0/O to disable the timing loop
Related violations: <none>

TIMING-23#14 Warning
Combinational loop found  
A timing loop has been detected on a combinational path. A timing arc has been disabled between final_sensor/ro_sensor_multiple_instances[7].sensor/ro/clk_out_INST_0/I1 and final_sensor/ro_sensor_multiple_instances[7].sensor/ro/clk_out_INST_0/O to disable the timing loop
Related violations: <none>

TIMING-23#15 Warning
Combinational loop found  
A timing loop has been detected on a combinational path. A timing arc has been disabled between final_sensor/ro_sensor_multiple_instances[8].sensor/ro/clk_out_INST_0/I1 and final_sensor/ro_sensor_multiple_instances[8].sensor/ro/clk_out_INST_0/O to disable the timing loop
Related violations: <none>

TIMING-23#16 Warning
Combinational loop found  
A timing loop has been detected on a combinational path. A timing arc has been disabled between final_sensor/ro_sensor_multiple_instances[9].sensor/ro/clk_out_INST_0/I1 and final_sensor/ro_sensor_multiple_instances[9].sensor/ro/clk_out_INST_0/O to disable the timing loop
Related violations: <none>


